<mxfile modified="2019-01-09T03:24:07.717Z" host="www.draw.io" agent="Mozilla/5.0 (Windows NT 10.0; Win64; x64) AppleWebKit/537.36 (KHTML, like Gecko) Chrome/71.0.3578.98 Safari/537.36" version="10.0.25" etag="dJ7zP65I7UbTDOVQH7g_" type="github"><diagram id="4YtLa3FjxnTh3QXPV6rc" name="小程序登录">lZFND8IgDIZ/DUcTBefH0cypF0/GaLwRqBuRrYRhnP56Z2BO4kVPlIe3LW9LWFo2a8tNsUUJmtChbAhbEkpHSTJujxe5ezJLqAe5VTKIerBTDwhwGOhVSagjoUPUTpkYCqwqEC5i3Fq8xbIz6rir4Tl8gZ3g+pselHRFcEGnPd+Ayouu82gy9y8l78TBSV1wibcPxDLCUovofFQ2KejX8Lq5WORCJKZm5jI4Lk46g/1m4Iut/kl5W7BQuV9Lt0H/tfYSLZhlTw==</diagram></mxfile>