<mxfile userAgent="Mozilla/5.0 (Windows NT 10.0; Win64; x64) AppleWebKit/537.36 (KHTML, like Gecko) Chrome/61.0.3163.100 Safari/537.36" version="7.4.7" editor="www.draw.io" type="github"><diagram id="da5ba89c-7447-61ff-c7d7-abc8e196db4a" name="Page-1">7Vpbc6s2EP41ejwZrkY8go3bh3am03Smp4+KrWAajDxA4uT8+u4KyYARzs2mbs/JS8RKSKtv74uJO98+/1Sy3eZXseY5caz1M3EXxHFsz5nBP6S8NJTA8xpCWmZrtagl3GbfuCJaivqYrXnVW1gLkdfZrk9ciaLgq7pHY2Up9v1l9yLvn7pjKR8QblcsH1L/zNb1pqFSJ2jpP/Ms3eiT7VnYzNyx1UNaisdCnUcc917+NdNbpvdSF602bC32HZKbEHdeClE3o+3znOeIrYateW85Mnvgu+RF/ZYXHCWXqn7Rd+drgEI9irLeiFQULE9aaizvx3EHC5429TaHoQ1DOLR8+Yr0G18//qWW/c3r+kVJmj3WAkjt7r8IsVN7NPwgE6NXUqRKPJYrtUpdo2ZlyvWq8IAn6CkXWw7cwJqS56zOnvrbM6Uw6WFdCxoMFG4jGPqXwbCHoAT0rRjeZ3k+F7koJTdaA924qkvxwDszlvyDmTWrNpIbfB2UcodH5FnxcFaJBBNJRJ39xPJHtSlJAhKGJI5J4pN4QUKfJCGJbBIPhdcXzX6T1fx2x+S99uDu+uJSJ/Gy5s+n4RneWzlHX7Gwbz2NYyn/sOl4Gc/6PDL2bACNfQPPJJkROic0bGGBQbggEUC3JDFMUZJQEgckWkowPRLbeipECmAburhPmBDqyQG87iPg8G7oqAGd4RTsT218KwJKrPcB9md5jRq4YwWMUxzjcjiTwrFwJiVRZOJRTtFmsUVogMxGCYktPRVJrmMcIyOgBa4cRCRc4mLqol6o8wHGHguKvM6ejkndZY5GMoQLhkrTFHMxiVzJk41XNlwAmIskbkMkfXkByS5gTq0WLrytR6IFToVzie3grNNX6iP9TjyA3IPkyJDAJOq+tZS8yr6xO7kAjWsnsqKW6uzHxF8ABd1a1Xg4fIHlWVqgK+L3uBXaWQZhOlLkGl0e3mGVFekf0v998T5plR0zdH2DGbpnMEOdH70rZBy55dEI0vPllw27dmDw8nQiL68P77l5B007cm5sbYoLaTkhev/QUj4o8pSVRouhHPIcskz+uufv439I5PAhzVlVqfFKbLOVXjQaf8cidlqydQYS0HOFKPgn9Vu94FClxzoKWYMoZDsG9ffPEYXoCck5Ms6AV5OBgsqY043e4NvjCI9qiVK66Pxg8VI6/xm6Q3Bk36t0Pe916bqXkm5okK4MwiirAHMvDF068h2LqNpn25wVwyT5vyMEBbrtDVE3ZnaHctAEu9r+d6hzWZECSif3D0zbu/3dWV7zsmA1jxHfaiDbw03eJG7fLO2ERDIJgwHmQk1aBgZpfZGeWSdlEyTfI3XgixbI22R0DstwRyzjTVgN86vJsQomxMpzDFj56OWprCkijVUoccNSwsPAkEjv0gwgABhiwOSw2VPqmOcacUNwZCkB2RCq1lIXSBI6rFOSKwBqSgVzx9NHS6WPh4I1wMIrltUlKBQWtRRrUkP0+l4SjOP00Z5NmD+6dIj72cqnUw24CUsrFVa7lZU7Wf9s2CWSiVsgfa8MWDRW7QjspB1877/eUtPpb185PcugnLNLOeCPKOdF28H8Oau/dsbtDh9TTR2au7rZqMwndFO9+ht2hDpuJuhL0rWOJNTwpd5qhfT6Rp7f36i5zGCjqCzZS2eZ6liNM+z2z3Gof5qvo/UutU6v/9Ryz+lxA4Pmfh/O/S1zsiE7nxg+l9JRyJam6m3Ose/S5Lqhfb0ewxTOLuUxfHs0E3FuIJ2bsS1euLirdqOd2xm2SWLdwo0sgxjGerk/Mpjm2Z4wg/ENmeP/LYPR1W43TPgjMjl7CuObyqDmy4y0DTCVpkYc9VVX6pl8QzF5Oc/0ke8UV57LnD9Hscwh/905ynEMcn6kKGdIUUzfGsALyE8L+IHBll+0r9TaZ4YW7+Ws3dSePHSJZMstjDo/Bxh+ah9+bzv8QOBKAfbp5QCGx/aXXI3qtj+Xc5N/AA==</diagram></mxfile>