<mxfile userAgent="Mozilla/5.0 (Windows NT 10.0; Win64; x64) AppleWebKit/537.36 (KHTML, like Gecko) Chrome/61.0.3163.100 Safari/537.36" version="7.4.7" editor="www.draw.io" type="github"><diagram id="da5ba89c-7447-61ff-c7d7-abc8e196db4a" name="Page-1">7VxZk6M2EP41qjztFDfSI/hIHpKqVDZVSR4Zm7HJYnAws57ZXx+1DjBIYO8YM96xp7ZqsdDZX3eru9UC2ZPNy89FtF3/li/jFFnG8gXZU2RZpmN59D8oeeUlPjF4wapIlqJSXfA5+RaLQlntOVnGu0bFMs/TMtk2Cxd5lsWLslEWFUW+b1Z7ytPmqNtoFSsFnxdRqpb+lSzLNS/Fll+X/xInq7Uc2fQIf/MYLb6sivw5E+Mhy35if/z1JpJ9iYXu1tEy3x8U2TNkT4o8L/nT5mUSp0BbSTbebt7xtpp3EWflKQ0sR8yjfJVrj5eUFOJnXpTrfJVnUTqrS0O2vhh6MOivdblJ6aNJH+mgxevfUP7gyp//iGr/xmX5KpCOnsucFtW9/5rnW9EHnw9MonNJomiXPxcLUUsso4yKVSxrkYqelE/jfBPT2dA6RZxGZfK12X0kGGZV1auJRh8E3fQ0xLiXhlmenUi0BskYBZfRbs3aQMUdXV0ZAHfXvbKyeQJzE+2XrRq05OD9qSjsyiL/Ek/yNC/YimyD/Q2Kjz8SPmLsr1H6LDpFMx8RgsIQzVwUThFx0YygwEShq0DZxG2/Tsr48zZi69pT5dfEUowUF2X80k8edd2igS00yavUiIK79rUesgyhPdYHOsgxzqeU6amksry0BE5MvtLHVckWyYt22yirymYeIh4KiaBoQGk8R+EEkaAmLX0g/JUPtCc2azVD2JFdPhaHHQYOCqbQIZkg7NUdisp0NY0paKflIhwgMkczjLANM+tvTIsbK20xA4W1bCJexLvkW/TIKgCDbPMkKxkEbojcKS0BMdtxiYMGUZqsMvqcxk/QFfBKQjeeQBSXIIKwhkWSrf5k8vjJoSVPeVZKjWLK36JXZxjOc50G51muwnimjvHsARgPk7sKPaZCTV+jQ/FIOlQO3lCiFsIuFecH2r/BRHkKMgZSTv8ZTPYwCDHXDcFUxThNqUUXH9erTeQrowl+rNJotxPPi3yTLGSlTvI/USwPyoV9NozyNtva21aFyNIIkTuE9sY9GFkMI4xCqlM9QIRCE/qNjRBTrRzAaHUhgxJUL608hwoA5QT06XVDuSqiZUIxk++EIA+AsOOfgLB9KYSJBmEHhZiB5YMdgyf1NtvGaLdPNmmkUaU/HAptI4moIGiNpMrv0qEgRvuDOpRRtqJEq/uXxtVB/76ue7vZe5SWcZFFZRwCuXcK1NXCTkLf1YM/Q4HPBHTGzC+qaA2EqYAan6RaZu8oe1BVHDJzjGrpALPGVGOravkCJm+HLyZNDZW8WviGkCG7Q4aOkJEqUWbYgp6kmpCJW2gLuQNjVlWJo5PRH5GMjqUhowt7Bd1vgFqSjG3uYyqKP1CaXQPZzDHZz7G1dAPiOIw4NuM65rAADRnpwKGaXQGhxmQwu9viNITFyexLsE4ohUwmih4wFBVUIN5ctwXeipnSNkStUQ1R01QJf+DOxeljvv/OgOIHduwcEXU5dOx8Tw/v8I6dqRGSN2H1wfA4g/ai6e8QCqpF0mp5Dq7RshY5/qLVWZaio4njgXvgs82ZGTuYxz5NFvs8MA2vIwjaIpXjqEFQ07uY9lLXf9dendIiSX6ovYihR3dw7SUHb1tTqqkeQpQZHiYQi+J2PjGvluNdeaA4Bse7ZqepZT1QJeVFG1hw9rjbdsbZPYgmhTLgHug8pq7I+91EE/vDqCaa7qjnbgc0NJutajZsj6XZdH4iP2NjskVFjTvRnbruSjWbZ42p2bxepn5zeoO6n5/KpPFLUlZd0Oe6hzcy6Zn82GGrtgKsto2bXfApKLaq0lHbkPNb/XTYvFQfRK8H1cSpavd8W6pUTLdrVpZ+VjVT8fHfan6bZn9GyN2CbLIwVvUsscbSs7pDM6pk2QEZHJOZEEm6VmWKdWGdyzlG/p2tv4OtiYatO9Adnq11pxxVRJmF5yEzh2XUcEaH4w5f1tEe5/PK5GqFwXdGFAbpn12PZfE2LrU1XOqe676/aQ9vu0O4fw9vVXeJM+ge7veHsL8T35Otwx4+GBDfc50YPSK2HsBzbUaXnBYnHZffPHdgfut3v38YfnM0TrN7bia2HpFPsomExLsMo7RcoSN80tqTvGFdCxkj+tG3HS2bnJvMODq62BrYcZSH6fc82G7W8XXHpWPdJfB1J2syKwFenHTOpmB8IyFvJRxkas71LhbyNvpNumPC9XEESJNI7o+VSO73pfXYnQIkEn26PM9bESDHfFcB6rdR77tTJUgt4RrrJqLffQPAeHCQyJmbQ+IqhHUciPXAxag5JPXDK3YV7laFy3XfUbjkzqiFzmXQsUR/UIcYTvzC6TYqF+ubRcsj74iWHPuuCbs1IdYkBuGx4t+meZ4n9cFQGP6A2GtK3wWTGbEux0tqRu+k7CRRBndmaUdPkSCO999zLm8JB9zSZFdiIOBYvTvIcMKE3Vl22TmIcZDPxDtWbhIfv51sQT+gTE5vM8haKhPbh5MdsKxdREJ2NuRBE2oIiOYT3b2yyy/8Rje1znyJMTY13J0GaDz4iF8mg/NweWMFT39iMY0ZeGU1K7X5hVXCAZypQwcGwhpH/EYAVhy4UQHW5ZTJPE9HAHx6htmtYnhSRtvFMNR9zURi6EoXD7MMXHZyHzh3DI9f4x41+ZZ0WzQWWDSGLlG9J9OT5SrxDy7QmkSTfHYjqJ6URX8xVLu3T6f6REY7y4aBGfDbnj5sjHyHDDSZVjeKoTar53Jp8f2O/Q1mwRMR9G2ksY2VBS8H18iUXV0Cbl9iU7I376IkbIcxLwGTbmPTFielLoDDvxLQzrdl35shLNZJfQtwJhS/9FZRdeQH7d4F1f4LFR8s8Ckva8iLG2df1jBVXcqN8FFCov25Q/f07eOJk+OFr/u/y3qDdoirwmFfKOuH/qy/wMsj1vVnju3Z/w==</diagram><diagram id="e385e576-ca63-0be9-d894-d514f8382326" name="Page-2">7VtJb+M2FP41PCawNko6Sl7aQwsMOgXaHhWZkdWRRVemY2d+ffm4aKVdO5ENT+EgQKgn6pH83k4yyJmuDz9VyWb1K12SAtmT5QE5M2Tblmtj/gco75LihxNJyKp8qTo1hK/5d6KIutsuX5JtpyOjtGD5pktMaVmSlHVoSVXRfbfbKy26o26SjAwIX9OkGFL/yJdsJamB7Tf0n0merfTIFg7lm5ck/ZZVdFeq8ZDtvIof+XqdaF5qodtVsqT7FsmZI2daUcpka32YkgKw1bDJ7xZH3tbzrkjJzvnAVtNg73rpZMmRUI+0Yiua0TIp5g01FssjwGDCn1ZsXfCmxZt8zOr9T6A/e/rxL9Xtb8LYuxJ0smOUkxruv1C6UTzkfGASnRVt6a5KFclVCpFUGVGLDIfrtmo0uZYSuiZ8MrxLRYqE5W9d7olSl6zu10DGGwo1M4JqNm9JsVNM0dxHYYjiGM09FM9Q6KF5iCILxd4A7S6W+1XOyNdNIla656bVxfc1L4opLWglvtWK5cRbVtFvpPVmIn5qNN9IxcjhqIYcQUp94Chs37WFBvJ539iFPVHavGrZhDv5PLbeEFsbF3yAeJm/8WbGxBolabtJypo2xyjEKA6VCCIulAWKpyiMGlnwRihf+SCs0BFfzVHgapYvVZth5KJoBgzDKQpww1B15ovpTME4LQ8FEQoXaB6gwIGZnf6Ykw0rbZPmQtH4lIEjb7cWyk2fE6MFisRa+XhRIGYQiOkPpgIUqa0+CmIUTY8i66NoolCDkV1oxLh5dRkiHFc+LhiNCzO8DJGePXE9Z12jqcg2/568iA5gEhual0zopBcjb8Yp4I620jPBB0mRZyVvF+QVWIHx5DwyRIrMwFXBGtK8zH4XfuvJBeOkJdN+09LPiqs7jil6bscUtXm0LdE1WKI3giWGBi/HxR4IL+eD0gTTxqD6Utnu83WRlMPgUYc/eMiKZLtV7ZSu81R3OurejjnEK7g97h3Ocnt1ZDehrUb7jacsSZlxdBr+WnAt/r6JvdPlnhSMVGXCSAy4bgcirRd2lpR1+tUX8xxFPvgJ3gCXisHGgwXv+CScDDd78Y4rArflOGp5GxccSzC7y7gXmhVAW9dQIEaBj2FdlvUh3D3w7MpxL8Blg0t2lElCRFv8gLj7t8TdNuDuQXQMPAGvxr2v38LdyQYHeXyc7TQ14bzEL9jD4+Bs3VTBHSPQgKYr0HSEXotkBEAXWEPeNv8csmPgdFOF9A04+ZBVgUIKjxDIssJSiVrtcEeoL0YIm343bLrusFqw8JXA0zX4kWKWFC90f2Ed26lim6L2C6lyPj1S1RlKUrEI9h04oaQi0RG0RQ6zVXyWukcKiQ6kN0BUXawLauQTCZEx6RxU0wN5dgtsSwHZrrBxYJb76PW0ZUo1jZFOFh++qHawCpOhdbVaexSffJH1eFqjb2E9eiuog7usokWqASVedFISd+qDsH1LFJ2TPujDG2pDR3SusyCHnNUseLvhcMQ5dDzB5Gzwz3YE6tMvUIc3QusXXI4TdFnIaamv2juaPUb9COT3+EinNuDDfXPy3uqmtgmOz7c7jK2me2xWtnlWjVbJ8T9auJl2yrjxxhg2e3gjsGAf6F4tNJgMi+urWahvDZb/yBI+kiXow5B2luBPzHIfPUuwTYlyXTuIyg22esVWqDQBKJ193UduWsyg7oBNK/470Z3D/1EC4bs3NCw7uLfQd06A06eLLSXWGejoQe/SGGP1YkxwOsb0unuhO26MOV1eXSjfs9OXE3rwQfnqTPf6SY1jFuBncxov7O0Cj5TTfE7fsDeuvjn6iPyH0jfHoG/1rYFr69uT/kSLBF9HUXqp+n/oSS8m4XFTX+d0PnenYcekJt6dhJ3PSDewx5UufmTr42TrniFb947sfI+erWP/IcWrSRHbN5Kid97hBIaTidg13LMx3KoZ3CHp64lEVF/Cs7vqsF0lG+i3PmRwD/H5taD7dMWl+7zeFSx/WtJ0txZ4Gqu1D9xFOHYkysdf5nwk/U6p2hUugbi6VtPnU3hY4+k8s13i4RFKPM+8N69uDYn7IFFk0ImH4EcQPO7l26YD3GsJHp/OxR8O/OyjNdsQhv1bhWH7Yb73Y77h8Gj8auZruH6hhAor7UgO/7Oj+sWTvBYJV0ldd3NoXmpFeH5+bl3MlLzu82bmyMLUp1O945+2MD3DPqszhjADoxWff0D+MOcx0rAJ7miAh92bmbO+kdQ77YsWIHs44bDEbdzBCcdD8FcQvG8w/ZEEzx+b/wSSmyfNv1s5838B</diagram></mxfile>