<mxfile userAgent="Mozilla/5.0 (Windows NT 10.0; Win64; x64) AppleWebKit/537.36 (KHTML, like Gecko) Chrome/61.0.3163.100 Safari/537.36" version="7.4.7" editor="www.draw.io" type="github"><diagram id="da5ba89c-7447-61ff-c7d7-abc8e196db4a" name="Page-1">7VxZk6M2EP41qjztFDfSI/hIHpKqVDZVSR4Zm7HJYnAws57ZXx+1DjBIYO8YM96xp7ZqsdDZX3eru9UC2ZPNy89FtF3/li/jFFnG8gXZU2RZpmN59D8oeeUlPjF4wapIlqJSXfA5+RaLQlntOVnGu0bFMs/TMtk2Cxd5lsWLslEWFUW+b1Z7ytPmqNtoFSsFnxdRqpb+lSzLNS/Fll+X/xInq7Uc2fQIf/MYLb6sivw5E+Mhy35if/z1JpJ9iYXu1tEy3x8U2TNkT4o8L/nT5mUSp0BbSTbebt7xtpp3EWflKQ0sR8yjfJVrj5eUFOJnXpTrfJVnUTqrS0O2vhh6MOivdblJ6aNJH+mgxevfUP7gyp//iGr/xmX5KpCOnsucFtW9/5rnW9EHnw9MonNJomiXPxcLUUsso4yKVSxrkYqelE/jfBPT2dA6RZxGZfK12X0kGGZV1auJRh8E3fQ0xLiXhlmenUi0BskYBZfRbs3aQMUdXV0ZAHfXvbKyeQJzE+2XrRq05OD9qSjsyiL/Ek/yNC/YimyD/Q2Kjz8SPmLsr1H6LDpFMx8RgsIQzVwUThFx0YygwEShq0DZxG2/Tsr48zZi69pT5dfEUowUF2X80k8edd2igS00yavUiIK79rUesgyhPdYHOsgxzqeU6amksry0BE5MvtLHVckWyYt22yirymYeIh4KiaBoQGk8R+EEkaAmLX0g/JUPtCc2azVD2JFdPhaHHQYOCqbQIZkg7NUdisp0NY0paKflIhwgMkczjLANM+tvTIsbK20xA4W1bCJexLvkW/TIKgCDbPMkKxkEbojcKS0BMdtxiYMGUZqsMvqcxk/QFfBKQjeeQBSXIIKwhkWSrf5k8vjJoSVPeVZKjWLK36JXZxjOc50G51muwnimjvHsARgPk7sKPaZCTV+jQ/FIOlQO3lCiFsIuFecH2r/BRHkKMgZSTv8ZTPYwCDHXDcFUxThNqUUXH9erTeQrowl+rNJotxPPi3yTLGSlTvI/USwPyoV9NozyNtva21aFyNIIkTuE9sY9GFkMI4xCqlM9QIRCE/qNjRBTrRzAaHUhgxJUL608hwoA5QT06XVDuSqiZUIxk++EIA+AsOOfgLB9KYSJBmEHhZiB5YMdgyf1NtvGaLdPNmmkUaU/HAptI4moIGiNpMrv0qEgRvuDOpRRtqJEq/uXxtVB/76ue7vZe5SWcZFFZRwCuXcK1NXCTkLf1YM/Q4HPBHTGzC+qaA2EqYAan6RaZu8oe1BVHDJzjGrpALPGVGOravkCJm+HLyZNDZW8WviGkCG7Q4aOkJEqUWbYgp6kmpCJW2gLuQNjVlWJo5PRH5GMjqUhowt7Bd1vgFqSjG3uYyqKP1CaXQPZzDHZz7G1dAPiOIw4NuM65rAADRnpwKGaXQGhxmQwu9viNITFyexLsE4ohUwmih4wFBVUIN5ctwXeipnSNkStUQ1R01QJf+DOxeljvv/OgOIHduwcEXU5dOx8Tw/v8I6dqRGSN2H1wfA4g/ai6e8QCqpF0mp5Dq7RshY5/qLVWZaio4njgXvgs82ZGTuYxz5NFvs8MA2vIwjaIpXjqEFQ07uY9lLXf9dendIiSX6ovYihR3dw7SUHb1tTqqkeQpQZHiYQi+J2PjGvluNdeaA4Bse7ZqepZT1QJeVFG1hw9rjbdsbZPYgmhTLgHug8pq7I+91EE/vDqCaa7qjnbgc0NJutajZsj6XZdH4iP2NjskVFjTvRnbruSjWbZ42p2bxepn5zeoO6n5/KpPFLUlZd0Oe6hzcy6Zn82GGrtgKsto2bXfApKLaq0lHbkPNb/XTYvFQfRK8H1cSpavd8W6pUTLdrVpZ+VjVT8fHfan6bZn9GyN2CbLIwVvUsscbSs7pDM6pk2QEZHJOZEEm6VmWKdWGdyzlG/p2tv4OtiYatO9Adnq11pxxVRJmF5yEzh2XUcEaH4w5f1tEe5/PK5GqFwXdGFAbpn12PZfE2LrU1XOqe676/aQ9vu0O4fw9vVXeJM+ge7veHsL8T35Otwx4+GBDfc50YPSK2HsBzbUaXnBYnHZffPHdgfut3v38YfnM0TrN7bia2HpFPsomExLsMo7RcoSN80tqTvGFdCxkj+tG3HS2bnJvMODq62BrYcZSH6fc82G7W8XXHpWPdJfB1J2syKwFenHTOpmB8IyFvJRxkas71LhbyNvpNumPC9XEESJNI7o+VSO73pfXYnQIkEn26PM9bESDHfFcB6rdR77tTJUgt4RrrJqLffQPAeHCQyJmbQ+IqhHUciPXAxag5JPXDK3YV7laFy3XfUbjkzqiFzmXQsUR/UIcYTvzC6TYqF+ubRcsj74iWHPuuCbs1IdYkBuGx4t+meZ4n9cFQGP6A2GtK3wWTGbEux0tqRu+k7CRRBndmaUdPkSCO999zLm8JB9zSZFdiIOBYvTvIcMKE3Vl22TmIcZDPxDtWbhIfv51sQT+gTE5vM8haKhPbh5MdsKxdREJ2NuRBE2oIiOYT3b2yyy/8Rje1znyJMTY13J0GaDz4iF8mg/NweWMFT39iMY0ZeGU1K7X5hVXCAZypQwcGwhpH/EYAVhy4UQHW5ZTJPE9HAHx6htmtYnhSRtvFMNR9zURi6EoXD7MMXHZyHzh3DI9f4x41+ZZ0WzQWWDSGLlG9J9OT5SrxDy7QmkSTfHYjqJ6URX8xVLu3T6f6REY7y4aBGfDbnj5sjHyHDDSZVjeKoTar53Jp8f2O/Q1mwRMR9G2ksY2VBS8H18iUXV0Cbl9iU7I376IkbIcxLwGTbmPTFielLoDDvxLQzrdl35shLNZJfQtwJhS/9FZRdeQH7d4F1f4LFR8s8Ckva8iLG2df1jBVXcqN8FFCov25Q/f07eOJk+OFr/u/y3qDdoirwmFfKOuH/qy/wMsj1vVnju3Z/w==</diagram><diagram id="e385e576-ca63-0be9-d894-d514f8382326" name="Page-2">7Vtbj6M2FP41fpxRuNjAI+TSPrTSqlup7SNDPIQuwSkhk8z++voYm6tJkxmIslVGK605GF++c7dPkDXfnn7Kw93mV7amKTJn6xOyFsg0Ddsk/D+gvJcUx5uVhDhP1rJTTfiafKeSqLodkjXdtzoWjKVFsmsTI5ZlNCpatDDP2bHd7ZWl7Vl3YUx7hK9RmPapfyTrYlNSXdOp6T/TJN6omQ3ilW9ewuhbnLNDJudDpvUq/srX21CNJTe634RrdmyQrCWy5jljRdnanuY0BWwVbOV3q4G31bpzmhWXfGDKZRTvaut0zZGQjywvNixmWZgua2ogtkdhgBl/2hTblDcN3uRz5u9/Av0Zq8e/ZLe/aVG8S0aHh4JxUj36L4zt5BjlemARrR3t2SGPJMmWAhHmMZWb9Pr7Nio0uZRStqV8MbxLTtOwSN7ao4dSXOKqXw0Zb0jU9AjK1byF6UEOipYO8jwUBGiJUbBAHkZLD/kGCnAP7TaWx01S0K+7UOz0yFWrje9rkqZzlrJcfKsEywr2Rc6+0cabmfir0HyjeUFPgxIygJT8wJLYvisNdcvnY60X5kxK86ahE/bs89jiPrYmSfkEwTp54824EHssSftdmFW0JUEeQYEnWeBzpqxQMEeeX/OCN7zylQPM8izx1RK5thryJW8O6NvIX8CA3hy5pB5QduabaS1BuyyMXB95K7R0kWvBys5/zMmanTZJSyFofMkwIm83NspVnxP9FfLFXvl8vitW4Irl95YClFJaHeQGyJ8PIusgfyZRg5ltaASkfnUdIhxXPi8ojQ0rvA6Rjj5xOS/aSpPTffI9fBEdQCV2LMkKIZM4QHjBKWCO9qVlgg/CNIkz3k7pKwwFypNwz+BLcgGmCvYQJVn8u7BbTzYoJ8sKZTcN9SxHtcdRRWy3VFGpR1MTbY0m4hE00dNYOc52V1g5B4TGndcK1eXK/phs0zDrO4/K/cFDnIb7vWxHbJtEqtOgeRsyiBOYPW4dLjJ7lWfXoS1n+42HLGEWc3Tq8RXjGuM7uuGt9uhhWtA8CwsaAK77HkurjV3EZRV+ddm8RL4DdoI3wKQS0HF3xTs+CSPD1V6844LAdTnwG9bGBsPiLu7S73l6AVDa1WeIluFjaJdhfAh3DJZdGu4VmGwwyZZUSfBoqx8Qd+eWuJsa3DF4RxcLeBXuXfkW5q5scJDHx9mMIh3Oa/JCMBkHZ+OmAm5pgQY0bYGmJeRaBCMAusAa4rbl55AdA6ebCqSjwcmBqAoEUlgEt0wrDBmoVQZ3hPxiBLfptN2mbfezBYNMBJ7KwQeSWZq+sOOVeWwri62T2i80T/jyaF5FKGFe+HDuwAkZE4GOoK0SWK0cZ616RBDoQHgDRNnFuCJHPhMQaYPOXjbd42c7wTYkkM0Mm7h6vo+eTxu6UFPr6crkwxHZDpFu0jMmy7VHsclXaQ9WEn0L7VFHQS3cyyxahBqQ4vlnOXGnNoiYt0TROmuDPnyg1jdElxoLekqKagjerkcYMA4tSzC7GPyLDYH89Avk4TXTugmXZbntIcplya+aJ5qdgboeyOmMUxq13jjcNofvjW7ymGB4ve1pTLncoVWZ+lXVUlXO/9HETXdSxpU3IHDYwxuuAedA96qh7qyfXE+moY7R2/4jSvhIlKAuQ5pRgjPT8330KMHUBcpV7iAyNzjqFUehpQpA6uyoPuWhxQLyDji04v9mqrP3PwogHPuGimW69+b6LnFw6naxIcQqAh3d6V3rY4yOj3HP+5hOd+zZ4/qY8+nVlfy9OHw5Iwcf5K+KdKcPaiw9Az8b02Cvcwo8UkzzOXkjeFx5s9QV+Q8lb5ZG3qqqganl7Ul9olhCphGUTqj+H3LS8Ulk3NDXOh/P3anb0YkJvhO38xnuuua43CWPaH2caB1ronU8cPI9erROnAcXJ+MiMW/ERXzZ5QSBm4nA1tTZaKpqejUkXTkpEVVFeGZbHPabcAf9tqcY6hCfX1N2jDacu8/bQ1okT2sWHbYCT2229oFahKErUT7/OuEzqXdS1CYoArFnpB2lqUvMRo6n4sxmikdGSPGw/mxeVg2JehDf18jEg/EjMB47uMV4Q3M7MBXjyflY/GHAL75aMzVu2LmVGzYf6ns36mvazu3UV1N+IZkKO21xjvxzYOrFU1kWCaWktr071S+VIDw/PzcKM8ux7rMyc2Rmep1STLfPTKw5Z7XGYKar1eLLL8gf6jxBGIaJfTN1VhVJnds+fwW8hxsOQ1Tj9m44HoyfgPGO1S9xmozxOgdO4KbLNWX1fSAq+wNP1ePPhUsnUOsfiCJ7n4gCUXEz7Omq+O/XcMNzg/mr1Xi/csGqGlJxFWsK13TF9efKvQfYyh/rH3iVZ2L1r+is5b8=</diagram></mxfile>