<mxfile userAgent="Mozilla/5.0 (Windows NT 10.0; Win64; x64) AppleWebKit/537.36 (KHTML, like Gecko) Chrome/61.0.3163.100 Safari/537.36" version="7.4.7" editor="www.draw.io" type="github"><diagram id="da5ba89c-7447-61ff-c7d7-abc8e196db4a" name="Page-1">7VxLk6M2EP41qpx2ijfSEfxIDklVKpuqJEfGZmyyGBxg1jP766PWwxgksHeMGe/YU1u1uJEE6q+71d1qgezJ5uXnItquf8uXcYosY/mC7CmyLNOxPPofUF45xXccTlgVyVI0qgmfk2+xIBqC+pws47LRsMrztEq2TeIiz7J4UTVoUVHku2azpzxtPnUbrWKF8HkRpSr1r2RZrTkVW35N/yVOVmv5ZNMj/M5jtPiyKvLnTDwPWfYT++O3N5EcS0y0XEfLfHdAsmfInhR5XvGrzcskToG3km2837zj7v69izirTulgCVzK6lXOPV5SVoifeVGt81WeRemspoZsfjGMYNBf62qT0kuTXtKHFq9/A/3BlT//Ec3+javqVSAdPVc5JdWj/5rnWzEGfx94ic4pCVKZPxcL0UpMo4qKVSxbkT0/qZzG+Samb0PbFHEaVcnX5vCREJjVvl3NNHoh+KbnIca9PMzy7ESmNVjGOLiMyjXrAw1LOrsqAOmuR2W0eQLvJvovWy0o5eD+qSiUVZF/iSd5mhdsRrbB/gbFxx8JH/Hsr1H6LAZFMx8RgsIQzVwUThFx0YygwEShq0DZxG23Tqr48zZi89pR49fEUjwpLqr4pZ896rxFB1tYkldpEYV07Wo7ZBnCeqwPbJBjnM8p01NZZXlpBZKYfKWXq4pNkpPKbZTtaTMPEQ+FRHA0oDyeo3CCSFCzll4QfssH3hOb9Zoh7MghH4vDAQMHBVMYkEwQ9uoBRWM6m8YraF/LRThAZI5mGGEb3qy/MyU3ZtoSBgpr1US8iMvkW/TIGoCAbPMkqxgEbojcKaWAmpVc46BDlCarjF6n8RMMBbKS0IUnEOQKVBDmsEiy1Z9MHz85lPKUZ5W0KKb8LUZ1hpE812lInuUqgmfqBM8eQPAwuZvQYybU9DU2FI9kQ+XDG0bUQtil6vxAxzeYKk9Bx0DL6T+D6R4GJea2IZiqGKcp9eji43a1ifzeaYIfqzQqS3G9yDfJQjbqZP8TxfKALvyzYYy32bbetqpElkaJ3CGsN+7ByGIYYRRSm+oBIhSa0G8shJha5QCeVhMZlGB6aeM5NAAoJ2BPrxvKVREtE4qZvCcUeQCEHf8EhO1LIUw0CDsoxAwsH/wYPKmX2TZG5S7ZpJHGlP5wKLSdJKKCoHWS9nGXDgXxtD9oQBllK8q0enzpXB2M7+uGt5ujR2kVF1lUxSGwu1Sg3k/sJPRdPfgzFPhMQWfM/aKG1kCYKqjxSZpldo+KBzXFIXPHqJUOMOtMLbZqli/g8nbEYtLVUNmrhW8IHbI7dOgIG6kRZY4t2ElqCZm6hbbQO3BmVZM4Ohv9EdnoWBo2urBW0PUGuCXZ2JY+ZqL4BeXZNbDNHFP8HFvLN2COw5hjM6ljAQvwkLEOAqrZFTBqTAGzuz1OQ3iczL8E74RyyGSq6IFAUUUF5s11S+CtuCltR9Qa1RE1TZXxB+FcnD7mu+9MKH7gwM4RWZfDwM739PAOH9iZGiV5E1YfDI8zeC+6/g6poFolrVbk4Botb5HjL3qd5Sk6mjwehAc+W5yZs4N57tNkuc8D1/A6kqAtVjmOmgQ1vYtZL3X+d+vVqS2S5YfWixh6dAe3XvLhbW9KddVDyDLDxQRyUdzPJ+bVSrwrNxTHkHjX7HS1rAdqpLxoAxPOHsttZ57dg2xSKBPugS5i6sq83100sT6M6qLptnrufkDDstmqZcP2WJZNFyfyPTamW1TVeBDdaeuu1LJ51piWzesV6jeXN6jr+alCGr8k1X4Iel2P8EYhPVMeO3zVVoLVtnFzCP4Kiq+qDNR25PzWOB0+L7UH0etBM7Gr2v2+LVMqXrfrrSz9W9VCxZ//VvfbNPsrQu4eZFOEsWpniTWWndVtmlEjyzbIYJvMhEzStRpTrEvrXC4w8u9i/R1iTTRi3YHu8GKt2+XYZ5RZeh4qc1hFDRd02O7wZRvtdj5vTK5WGXxnRGWQ8dn1eBZvk1JbI6XuueH7m9bwdjiE+9fwVnOXOIOu4X5/Cvs78T3ZO+yRgwHxPTeI0SNi6wE812d0yWl50nHlzXMHlrf+8PuHkTdHEzS751Zi6xH5JLtISLzLCEorFDoiJ601yRs2tJA5oh992dGKybnFjKOji62BA0e5mX6vg+0WHV+3XTrWWQJft7MmqxLgxkn7bArGN5LyVtJBpmZf72Ipb6PfpTumXB9HgTSF5P5YheR+X1mP3alAotCnK/K8FQVyzHdVoH4f9b467RWppVxjnUT0u08AGA8OEjVzcyhchbSOA7keOBg1h6J+uMWOwt2qcrnuOyqXXBm10LkMOlboD+YQw45fON1G1WJ9s2h55B3Rks++W8JuS4g1hUF4rPy3aZ4XSX0wFIbfIPaa2nfBYkasq/GSltE7qTpJ0ODMLB3oKRLM8f57zuUp4YB7muxIDCQc9/cOKpwwYWeWXbYPYhzUM/GBlZPEx08nWzAOGJPT+wwyl72L7cPODnjWLiIh2xvyoAt1BET3ie5c2eUnfqOLWme9xBiLGu4uAzQefMQPk8F+uDyxgqc/sZzGDKKyWpTa8sIa4QD21GEAA2FNIH4jACsB3KgA62rKZJ2nIwA+vcLsVjE8qaLtYhjqvmYiMXRliIdZBS7buQ+cO4bHj3GPWnxLuj0aCzwaQ1eo3lPpyWqV+AcXaEuiKT67EVRPqqK/GKrdy6ez/0RGu8qGgRnw054+LIx8hQw0lVY3iqG2qudyZfH9gf0NVsETkfRtlLGNVQUvH67RKXt/CLh9iE2p3ryrkvAdxjwETLqdTVvslLoADv9KQLveln1vhrBcJ40tIJhQ4tJbRdWRH7R7F1T7D1R8sMSnPKwhD26cfVjDVG0pd8JHSYn21w7dy7ePF06Ol77u/y7rDfohrgqHfaGqH/qz/gIvz1jXnzm2Z/8D</diagram></mxfile>