<mxfile userAgent="Mozilla/5.0 (Windows NT 10.0; Win64; x64) AppleWebKit/537.36 (KHTML, like Gecko) Chrome/61.0.3163.100 Safari/537.36" version="7.4.8" editor="www.draw.io" type="github"><diagram id="da5ba89c-7447-61ff-c7d7-abc8e196db4a" name="function">7Vzdc6M2EP9rNH26G76RHsEf14d2ptPrTNtHYhObHgYXyCXpX1+tkIxBgnAJBic4czOHFyGk/e2udlcrkLk4PH3JguP+13QbxsjQtk/IXCLD0C3Dof8B5bmkuJZVEnZZtOWNKsLX6L+QEzVOfYi2YV5rWKRpXETHOnGTJkm4KWq0IMvSx3qz+zSuv/UY7EKJ8HUTxDL1z2hb7EsqNtyK/nMY7fbizbpDyjt3webbLksfEv4+ZJj37K+8fQhEX3yi+T7Ypo9nJHOFzEWWpkV5dXhahDHwVrCtfG7dcvc07ixMij4PGByXvHgWcw+3lBX8Z5oV+3SXJkG8qqg+m18IPWj01744xPRSp5f0pdnzX0D/bIuff/Nm/4RF8cyRDh6KlJKq3n9J0yPvQ54Bn1SePmQbPkY+6iLIdqFoxRGA4Z89x6f9JUwPIR0NbZCFcVBE3+tIB1xgdqd2FdPoBeebmocYd/IwSZOeTKuxjHFwG+R79gw0zOl0Cw+ku+qV0dYRjI0/v220oJSz+31RyIss/RYu0jjN2IxMjf29BR93Knz4YL4H8QPvFK1cRAjyfbSykb9ExEYrgjwd+bYEZR23x31UhF+PAZvoIzV+dSxbmfM9zIrwqXPe/K7J5fhZWEQuXY+VHTI0bj32ZzbI0t7OKd2RWWU4cQGSGH2nl7uCTbIk5ccgOdFWDiIO8gnnqEd5vEb+AhGvYi29IOUtF3hPTPbUCmFLdHmXnXfoWchbQodkgbBTdcgb09nUhqAclo2wh8garTDCJoys+2FKrs20IQwUw6KOeBbm0X/BHWsAAnJMo6RgENg+speUAmqWlxoHDwRxtEvodRzeQ1cgGBFdeDxOLkAFYQ6bKNn9wfTxk0Up92lSCIuii9+8V2sYybOtmuQZtiR4ukrwzAEED5ObCW2YUGEvazYUT2VDxWhqRtRA2Kbq/Jn2rzFVXoKOgZbTfxrTPQxKXNoGbyljHMfUowtftqt15E9OE/zYxUGe8+tNeog2olEr++8plmd07p8NY7z1pvU2ZSUyFEpkD2G9cQdGBsMII5/aVAcQodD4bm0hxNQqe/C2isigBNNLG6+hAUC5AHt63VDusmAbURjFPa7IAyBsuT0QNi+FMFEgbCEfM7Bc8GPwolpmmxjlj9EhDhSm9N2h0HSSiAyC0kk6xV0qFPjbfqcBZZDsKNOq/oVzdda/q+rerPcexEWYJUER+sDuXIL6NLFe6Ntq8FfIc5mCrpj7RQ2thjBVUO2TMMvsHhUPaop95o5RK+1h9jC12LJZfqvLS3rDKVwNmb1K+IbQIbNFh15gIzWizLEFO0ktIVM33+R6B86sbBJHZ6M7IhstQ8FGG9YKut4AtwQbm9LHTFR5QXl2DWzTxxQ/y1TyDZhjMeaYTOpYwAI8ZKyDgGp1BYwaU8DMdo9T4x4n8y/BO6Ec0pkqOiBQVFGBeWvVEjgXN6XpiBqjOqK6LjP+LJwL47v08QcTih8nsLN4kuU8sHM5bYLATlcoyauweu94DMd7/uhvkAqqVNJoRA621vAWS4HgT73JU7QUeTwID1y2ODNnB5e5T53lPs9cw+tIgjZYZVlyElR3Lma95PnfrJfQFsHhc+tFtKmslxhN05uSXXUfssxwsYBcVOnnE/1qJd4WG4pjSLytK7goEkfUSDnBASac3OXH1jy7A9kkXyTcPVXE1JZ5v7lofH0Y1UVTbfXM2g+wTdmyYXMyy6aKE8s9NqZbVNXKILrV1l2pZXOMMS2b0ynUry5vkNfzvkIaPkXFqQt6XfXQT0iHlscWX7WRYDVNXO+iHJPkq0odNR05t9FPi89L7UHwfNaM76q2j7dhSvlw20ZlqEdVCVX5/te637reXREycw8Sy3aWGJPZWdWmGTWybIMMtsl0yCRdqzHFqrTO5QIj9ybW7WJNFGKtTybWql2OU0aZpeehModV1JSCDtsdrmij3M4vG5OrVQbXGlEZRHx2PZ5FLyk1FVJqDx6+v2oNb4ZDuHsNbzS3iTXoGu52p7B/EN/e3mGHHLwe38GDGDUiphrAt/qMNumXJx1X3hx7YHnrDr+vVd4sRdAs1p5Ly9sn8YiAxLmMoDRCoRfkpLEmOcOGFiJH9M6WHaWYDF7MODq62Bg4cBSb6bc62JPouKrt0snOEriqnTVRlQA3eu2zSRjPJOUtpYN0xb7exVLeWrdL95JyvVsFUhSSu5MVkrtdZT1mqwLxQp+2yHMuCmTpkypQt486y9VJkcx0B/d/eytX+wkA7bOFeM3cGgpXIa1jQa4HDkatoagfbrGjcHNVLtueULmE0Cihsxl0rNAfzCGGHT9/eQyKzX62aDlkQrTEu2+W8GQJsaIwCE+W/9b1t0VS7x2Fi28QO3Xtu2AxI1bVeAnL6PSqTuI0ODNLO7oPOLecfx9ScUrYKz1NdiQGEo6ne2cVTpiwM8s22wfRzuqZyo6lk8Qvn042oB8wJv2fGWQuJxfbhZ0d8KxtRHy2N+TAI9QR4I8vVOfKLj/xmS5qrfUSYyxqwlorFc1F5WEy2A8XJ1bw8ieW01hBVFaJUlNeWCPswZ46dKAhrAjEZwKwFMCNCrCqpkzUeVoc4P4VZnPFsFdF28UwVH3NRGBoixAPswpctnPvWTcMXz7GPWrxLWn3aAzwaDRVoXpHpSerVSo/uEBbEkXx2UxQ7VVFfzFU25dP6/SJjGaVDQPTK097urAwliukp6i0mimGyqqey5XFdwf2H78KXlRi1srYJquCF6NR6JR5OgTcPMQmVW/eVIn7DmMeAibtzqbJd0ptAKf8SkCz3pZ9b4awXCeNLSCYkOLSuaJqiQ/aTYJq94GKD5b4FIc1xMGNHz2socu2VPjcU6REu2uH5l2+rSycnDB93f1d1o/vh9gyHOZYVT/0Z/UF3jJjXX3m2Fz9Dw==</diagram><diagram id="e385e576-ca63-0be9-d894-d514f8382326" name="component">7Vzdc5s4EP9r9JiM+RaP+Cv30M50rjdzd4/EKJgWIx/g2Olff5KQzIeEixPZTlo67VQIsYj97a52VysDa7Y5POThdv0ZRygF5iQ6AGsOTNOwTZf8R3teqh7PtquOOE8iPqju+Jr8QLxzwnt3SYSK1sAS47RMtu3OFc4ytCpbfWGe43172BNO22/dhjGSOr6uwlTu/TuJynXVC02v7v8DJfFavNlw/erOY7j6Hud4l/H3AdN6Yn+q25tQ0OIfWqzDCO8bXdYCWLMc47JqbQ4zlFLeCrZVzy177h7nnaOsHPKAyadRvohPRxHhBL/EebnGMc7CdFH3TtnnIUpgQq7W5SYlTYM0yTvzl39o/70jLv/lw76hsnzhQIe7EpOumvonjLechvwB/JsKvMtXfI5cmMowjxEfxflPZ994jH/0A8IbRCZDBuQoDcvkuY1zyMUlPo6rWUYanGtqDnr2SRai9BHvz+Rei3c1K7+gPCHTQzkfU5DvLwMq7aQjwxkSfcuEzpbTicSIVRoWRbKqOvkQ4wxkijLH39EMpzhnn2lN2B9y5wlnJSdg2Py6MW655ONei61n3QpcPpnnMN1xomDhAd8H0ylYOGA6B74DFj4IDDB1JDloQ71fJyX6ug3Zh+6J3WzD/0QQaTCNW41TbO9l5zPKS3Q4ySl+1+Jq8yLML6yu97XRMyfcVK0bBs+evJ23jsxb001L+snbMCPtmLbBwgW+C6Y+53dAEFiC6Qz4Qc140vCrWx5FxrfYUwsAbUHyMW8SDGwQzClBfwagWxPkg8nMW1NQTssBMAD+EiwggBadmfymPnIdMSFYlW1ZyFGR/Agf2QCK9BYnWclY7UyBMyc9VFELrnL0Mk3ijLRT9ERJUQFIyGoW8O6SKjGd/yrJ4r+YRt8JRRWGylAosn4JE45BQ8AM40IC5iuU1wZTyJTXo5oLZ7XodFEp9skmDTPZZB+XbHoRU6PK2yu8oeaV2+ZeY9mj5xfQZt8aps1Hb0TFbf62P4mbFWYx4U5NX4DUoO+pyFtt6mFK1rAsLNGU8rWQID1+2CCUhfR0YV6AwKPKSRrUeBClnwC4JAPvyD9mH9g9IgjEGkyZMSF6HED28BzA+e3NuT9YAIR2yYAoAXc0aJdhvIrvDgiYHaf2cwkg08SpxVWS2u7lB+S7d02+mwq+O3QZgw5jr+B7V76ZuasahMkfks/GVQXcUjC68jjchlwvGdMJi23GYkt0QoYEA4C6LYu3sVsH864qpZ6CeWTN9ZiUMjMBKxfaYC50wwpr8KU1rKVeey21bdkzNtwLMU8kE8aQ8ueeaDN0NDjfmrGjy3G7fuxoqPxP5fI3pYEKbcxoqFOtnb7xkePKjvY4QqKvoT1wTMhoTciYpqxV8GYZGTGbllZVKQLmXRJlqnycXj17pyuMa11xhREhme68r6woQ4UZHZLySIK0awrDTP9Et0DyR7/Q1EsNWjfGtgRqgkQ1Kf5UDYhEqOtfeB06lbZJdIjtCF8aw3hmqH++nfQLn27frEz1rGqpqt7/2lgdjo6NXtPsKEzzzRweVUaXmGYSLZE5kQY0QLB8t/YXGs4VfRR3VAStiuApFMG5mSKogt9jPoClaOjuBdt1qFSD5hI8MabKTs5pLoFmp8nfiRjs/0JBgWfL6enLOTzwvTk8w9waUfzQkGsRV2p2dc71LIyOZwFPexad4Y5va/UszNOexZn4DnZaT8jBq/EVEc6lXdnuzhzU48k6fme7R5Mn+zZ5c11Lq7xZon7ng8mbpZA37zrydice6UCiW1A6AdpP5KSzJrl6Ax7L0Ckm11t2VGKi3Z26OrrQnmhF1z2N7u/oxQ8SL0fhrTs3K+BzvRFFXSi62n2XwdVkcsy1LxJV+RcrAYKTRvWYal+Sb6M7NP4K5OCh4qWoDTbbglCswy0dtznEtDz6/inF+9Wa4Hq/2aVlchfh1W7DWKuM015RbtQXz5H3RwmqA2suZBeo87Lt7oapIroz+NZMM7pzNUR3wng0wP9CxIt8zRQf5kkYZ7hAKllwaJ2P73ChCAKFLHxQ5LsQXzSyd8V2vwB/IpcaGJ5xGfDd067472i/xWaK2Fg5N0pQrc/ao4TB+JqvU27eEyXP5+n7iTLeJq3RLrzCLniKPc6L2QVF/RaHkjKhhZ773w6LG3dVXXVABtj29lDfFNDf3983ZKKi9T5Lu/Uu8a7lttB0DBlNR5G/tXSACSUwF1FSPhDN2KoX9uF1NgqN/5i6fT1vzzI7ouDa1/P2RB1jZ58xWFKo6R6KwQr7pT0UhZgchcJmhSPyrtyIfAd5R2izyJgpylZEJlk78LInwGAOAKwaM7aku/RkDtV9DwQuqyxnO9B0F+2neL8fg332fugZGIpzbQJDhSFXnso5dU5kMIjysvwJx0mmVs/OUbtRPc80zP4VtdOVgE2ILxWhxzDvycP0nRUZUT4PZdOSky0Xg3lMl2otXRF2tnXgmcN7g9Pssp/NF8vA4r4VPSI3+k3nqqwh1r3+g7CiYEn3OVixQT9qrCaNVRRt3E5joRwNrVEYIeWaKx9fG/X2vKXWcq7nUUFzVFytiqsoa4DaDw4MRrc/P9nIM69yFJaolefqJKLPOv0y5rrebAFchbN9sVwXHL1trSYAKk5MeLczAf2/gdPQ8IKwMMnivn0oxTaXVGv+S21h3U71VcnOy6m+IhSTwX5I8WOYfkZFQX/SbriISOdyRhHRIiLQUJQ+WHpEhFzWvwxY1SvWP79oLf4H</diagram><diagram id="2b856191-8888-340e-5a40-8b1c0c8d52f5" name="Page-3">7VxZk6M2EP41qjztFiDOR/CxeUiqUtlUJXlkbMZmFxsHM9f++nTrMAYEw8xgmFk8tVULQjRSf92t7lbLhM52j1+y8LD9PV1HCTG09SOhc2IYumnY8B+2PPEWxzR5wyaL16JT0fA1/hGJRk203sXr6FjqmKdpkseHcuMq3e+jVV5qC7MsfSh3u02T8lcP4SaqNXxdhUm99e94nW95q2s4RfuvUbzZyi/rtsef3ISr75ssvduL7xGD3rI//ngXSlpiosdtuE4fzprogtBZlqY5v9o9zqIEeSvZxt9bNjw9jTuL9nmXFwwxjPxJTj1aAyfEbZrl23ST7sNkUbQGbHoREtDgbpvvErjU4RK+mT39g+2fLXn7r+j2LcrzJwF0eJen0FRQ/y1ND4JGfQJiTsf0LluJMQphysNsE4legv84+rPXxKS/ROkugsFAhyxKwjy+L+McCnHZnPoVLIMLwTU1B2krB/fpviPLSgxj/FuHxy17BzseYbK5j6JdUGVtyxiHJt5fV3pAy9nzrhgc8yz9Hs3SJM3YjKjG/t6AjjMWOmIs92FyJ4iShUM8jwQBWVgkmBPPIguP+DoJrBqSZdgetnEefT2EbJ4PYPjKUDby5j7K8uixdd7iKRVS/CStocvvHwobZGjCcmzP7I+pvZ1TVp1Thp3kKIfxPVxucjZH3nQ8hPtT28Imnk0CTzDUBxYvSTAjnl9wFi48/shB1nuUvbUgrilJ3mTnBH2T+HMk6M2IaxcERWeYTGkIymFZxPWJtyQLl7gUR9b+MjSXZlqRBYAwLwOeRcf4R3jDOqB8HNJ4nzMErIBYc2hBJTtyfcMXwiTe7OE6iW6RFMpFDGuOL5pzVECcwyreb/5i2vjJhJbbdJ9Le6LLe0HV7EfwLLMkeFIYzuROV8kd7UHu7Kv9rNhPp24/3bHsp6OwnwZxLVDlz0BeY2o8R/1CDYd/GtM7FxWY2wV/Xgc4ScCRi543qWXYT74S3myS8HgU16t0F69kp0be3wKQZ+3CLevHbutVw03rCmQoFMjqQYHcFogMBpFLAjCnNgICyAROaQl0wSD7+LGikSGJVhc6L7EDIjlDU/q+kdxk4ToGFOUzocQ9AGw6HQCmFwLYUwBsksBlWDnowLizYoGtQnR8iHdJqLCiHw6Eqnfk1TFQekenYEsFgvjanxBFhvsNMK2gL72qM/qOijwtUw+TPMr2YR4FyO5jDenTxDqBLyPiKvoL4jtMQRfM8wI7qxEXFFT7JK0yewbyAZY4YJ4YGGnfZS+Dwa5b5Tc6u15nOKWTUWevEr4+VEjXX8VFsKHMpUUzCYaQqVtAhd6hG1u3iENz0RmSi4aCixauFLDaILMkF6uyxywUvwCWvQOu6YMKH1WyDXljMt5QJnMsUEEWMs5hILUYn0+DipcqWOeejCacTeZaomcCDNKZHtooTqClyLulav2biotS9UGNIX1QvZ47OY/iouQmfXhhCvHnied0RUBHBTjDR3R6e8DdHaqPDkd/rBev/oH5n0IhjUrMYGkVR5HLg3jrbU6iKkyHyMBhCzPzc1ye79RZvvPMKXwfic8Kq0yznvjU7UvZLvdqu5qVxavbLtMazXapQmGlkx5gZhkvZpiD4h6+p79bgbfk/uEQAm+oQkqZMQIbZYc7nPD+5nhozK3bmEYKZJLdV8VKTdn2q38mlocB/TNDEf9O2wuQDCgZttGcMjmakkrybTWmWqBpPHxuNHXv1LDZxpCGrX0v/tXVDPXlvKuQRo9xfiIB1wWFbquv1rdANriqldQqpW6ZBB9UzVWtEar6cU6FToPLCwYhfDrrJnZSm8dbMaViuE2jMtSjKqSKf/+13rcsMrg6kCo7ayns7GjbmaoqB/Rl2MYYbo/pmEV6r8bUVaV0LmZM+8oT/JRSrUjpmPZoUq0K/0+5ZJaXx1ocVkPD5Ry3ORzZR7mJzzt771YXHHNIXWhPEYzgWHRzH2Tp7JmUyiikZ5fipSt4NRhy21fwSnfLM/tdwb0+8e3sHLbIwavxlZHEpV1GqgbwrR6j5XVLkg4rb7bVr7zJSpGPJm9UIW8DZdM/yVckJPZlBKUSCD0jJ5U1ye43sKB6n2Iy3LKjEpPec8aDo+saPaPbnoKbYuUrVUgOHW23garqNmQ9Aj7otMdWw3gi+e5aLkhX7OldKt9N21Myz+nWh9UfRbKFjnb2hqqSLVJ/aKP+iAqfprhzKvpj6mPqz/VURk23VFU8oyUyafPBDO2zSUSt3BKrVTGnY2KiB89BLbGQHx+xg29T1S3LGlO3mg9soIYgdKy6H62hi7t9wfwQ5qvtZNGyvTHRak8NTdESmoq0k9l72qnzCd/2XMrP6upJEC6+NWyXle+CVYxySkrDaHeqSxJteEIWCN2Gglv2f3epPBPscz+TnYLBZOPp2Vltk+uxE8oW2wPRziqZOOHaueHnzyIbSAftWPd3epnLycF2cFcH/WqLeAHbF7LxFfADxOsz1Vmyy098omtaY6XEEGuaNNZKRXMIPz+GW+HynIo7/4UlNBYYkxWiVJUX1sn1cTsdCWhIY6oA18K3QQFuzlwZIjp4SXHZVDHsVMx2MQybT0MZIkzgB+01sWvvm1cMnz+5PWjZrdmcATPQo9FUJeotRZ6sTIn/xAL09BRVCRNBtVP9/MVQtRtRNU8/ilGtsGFg+vyMp4MLI18hfeeKYVtFz8UwVPB9UvXvsgazFMT3XhvUGY7mnBg9Hf2tHl6r1W1eNYnfK+tEL6ZJqjNZEjpDQAfg8F8GqFbasl+Y8VimE0ILjCVqYelUUTVlXfkYqFpvy6p9sLSnPKYhj2y8sC5KglCypeZYttRqrxqaduG2smSy91M2naEyJu6F6ArN0YfSHLgtfmiX56uLXzOmi/8B</diagram><diagram id="adf3c762-3009-495e-12c1-77959e10490f" name="data-flow">7V1bc6M4Fv41vExVXNwkxCNO7J6H6aqu7a3a3UdiKzYzxHgw6STz6/dISDZIsoNtYTvd9MMMFkKgc/nORUeKE9w/v30p0/XyazGnueO78zcneHB83wt9DP9jLe91SxSGdcOizOai067he/YPFY2uaH3J5nTT6lgVRV5l63bjrFit6KxqtaVlWby2uz0Vefut63RBtYbvszTXW/+Tzatl3Ur8aNf+O80WS/lmD8f1ncd09teiLF5W4n2OHzzxf/Xt51SOJSa6Wabz4rXRFEyc4L4siqq+en67pzmjrSRb/dx0z93td5d0VXV5wBefUb3LqdM5UEL8LMpqWSyKVZpPdq1jPj3KBnDh17J6zuHSg0t4Z/n+X9Y+QvLn/0S3P2lVvQtGpy9VAU270f8oirUYQ5+AmNOmeCln4huFMFVpuaCilxA49vWNx8Skv9DimcLHQIeS5mmV/WjzORXistj225EMLgTVzBQMDlKQ5o/F65HEa5FuR8lvtMzg62gp+mxg+lXChB0aVsWKyrZpxj5WjDOXPWZ5utlks7pRdPGOYMymKou/6H2RFyWfZuDyf3DnqVhVYgAvFL8b/aZT0e9U1gboWrwVH/MjzV/EoM4kcuLYGY+dCXLGD06MnEnsJJ4zRpoctFn9uswq+n2d8om+Amy22f8EHGkQTYDGIbLvJecPWlb07SClxN1AoNa7RF9S/37dYZ7vCqRaNvAudM+nLdJo+9tv8NuZEGc8ZTSeYCcmTjJllCZA7MiZhJzkAWdC4pCQ94FbLrsgD04yYRfACuKxp2LXiYEA9/zB2ImnjTHh4t4hLuuWhOxZ1vLgEL8xOGJ96sFjzEbwcQ4UGD+WcLWoOA/qFiby3BxJNuG/X4q6Q0D8xwDjZpN4Fl4EcgSThSkTkClfjgakqweUHUPWMQlYRxC1hPAnJpwkMNcp+zpGAMIvCJsWEIx9NQwfys+HeUydMUz6vstXP5EZnc32fHXiJP4pXw1fwT+T8Tg8maCgGL7507hiMs4d/2nQQpgkwPSSiMsDv0XuxS2YMwxPAiaBQnhiTeNB7aq2Wpd0k/2TPvIOTGnXRbaquNagsYMeoIVh7kagJ/uZZ4sVXOf0iQ3FdDkDvyQRzRXD4/EGYCRbLf7NwflOYq60OZ4Bk/sACx0rIgNWIAtYgQ04XHOFyyNAAONTzBQ40T2azWv2nKcr3fpunS/2Y8Hso7ieFc/MUgozu9fu7YHsHmgdB92AeetXmqgt3vYvcJjT1QKosxs/1Jlp4qV0duToaQ7uyCqt6JjRdaOxdDuxTlyOzFyeMIVkiDFhiAG6l7gM83z3jpsLjuhwjyluuFNTodMPTJWvbphxZ/6/S+Z247cN5SInkR3MJneAagNEarsQCIWE/4Kx/Xxkjy5I9thAdqAl5qYbMVdmHJukm2NdfQE0/pRk9i4p3tJOtQhdu+y4IdZT4QmOud8HACIaCecEZ8CYO5hnkdsG8S4ppJ5nIB4Y3IhLKUcJUodCHg+FGhhsISayYEijtiENQz3C8XBfxDucXPkVUwN7OdpMAXjCy2jlAAQtL58DkF+jALXB+tWhR8RirDoOA+2A+PMT5wcU7UEyy3kR7QkH7bGZWPOQrlXh9bRKT/808hSIJ0aSg3p2oxYGB5e0MPigjpycvtcVpasw07es2g4B17sROglpZFsexaPfWNplxzM1vg4k0+QQ9TeJp3b80AaKyCiMXESIHyA/DiVmSW8DbjduelH7JbUmai8BXEnfG91Eymj/ZNpz8cVc9n2y0h2+UZG4+v2nBvFykgNsW4JtYoDtqy2IeKZkwTari1nenSXXbxSbibQ6F8FmPT08KMIZiiBzBi1FCK+lCL4pq7DNFfD0TZzIBRci8wyR7OPK5aaAp61jtlQlOsc/UcAQhXreujeF2wrNzThDneTagO8y5LTsBh3rWHiKY0EOOxZKdxSHVh0L/3A25Uj2dvZnD4jByey1br7NDAnM/DveyVUZq6wCWfJjzxM3jAO74na4rudWxc0zWElpq/qWtzv5iMIS24KixG4fyIlikbDdcMc/nKW6VaNjEhPp21/Z6pzDXRK6drmr+2C/ug/fSbxkHqeFQtbFq7NjeDhLNnDxCC4G1m1JZy7q5SGvm8xQQVZXBrHSPhlHGVcsxQI7YtFXQjQJqWkpi7/9tiBsluma9Xt+W7D699FTXrzOlsDX0fNLXmV382L28sxJa4zSTqhC2hfNwfvnGd2F1ULIeij/CkN1KdUQ28kEaDO2wzZiOz3v9A3EC2YzLt4esnSxKjbUJAuI1f/ESNb3JQZZ+KScV1nca1yPZVpXMt/VixC8yOuJ+UMmTWW2XGaRSy7HRglyT03TPltfe+m8g0LPpXVSbtEyz34cp+/7BoLvbI414MIJuBAZVj/7woXAUJzULh/fcU/WirMbd3W5dQIdwnD9pheSj0ajfZXjqlBcueLbronHAW5xE3k6N5EhexvYYKavMXMyz6ovoBlrs2HvXoFj0PjPqduX8/YCXxEFHF7O2wtMJVeYrSySaWNfhraCYhCTrVDwHR9jPRIcOK8u4UjXTmbMDAUtMpNsnfGmDXeYb8fyxa4bZtKxQxKu+5GTYF5yXm9+cjvw+3YA++jV0COAnCh5MZO77hmQ/ND2kc5M1Eu7/igW2cqsnspmykE9jwRmg8PVm3bq27Ay8KXm9DEt9+Rh9m0iGbh8HJe3JvESbB4quKwWrpiyqNc7rWDIpVhlrmF5/3rMDfVEypKmc2pEZ30L1ADKx4FygC5ne8PDxU2D3h5bVmuqJrza2pbch2HIZDUykrOSphVtZUSUlOVROyiGrMjZCIANbllvWZFwOGnI7klDpqOGrFdeduauIfWhQ8AGSJitFvtWLAwLIlpN8k+12HHFuNu0z6s31TfsltOZ/SUvHtP8K91s2Ol23UVE278xiIgVESGGI3K8oC8R0ZMzP17o256aCMTPR+Hb9olrOkWrXj7lbsN4ypLslrg/S8t5bzyfI0rmHVKtmP8zWRpxVpelJGw7kS4LlpvSIJMDTWmI8PnSIFfp7PkK3sjd/q7dBdeWvyB67JwF9xxnYcvCrkIwTzdLPnXDrpmtRHXzKGLdo7haMgBdLWJsEfTavuPR4mBdAkLrInBSXTVSSjXkmTG2aqXRWec18NtwLRfT9omgfrDsIG0taUP+1QDnrGL5QQBsCcBtbB4MFO8nCOzCjZy6ejJVKA4ahXhGnBg7ZYnuXWyj+rHCVV2XxYwyJ/OjfbU2jpDcScmZDqwFN9XHSHFT9agl7qlUQILVp2TiI0EhMkWe9cm5F2Vi6Knrxf7lmGiq1hqYeAoT2x6acX0pNjAxssBEfQdMH8bbQ1HTfENQyYn3y4URinH+0NAjQxFBHVdcPIxQ7LqPPbthhL7Na51Ws2Vj3eoWcMOyBddAwiAR3cEfXQ788VmJps644ZNgwI1TcGNvPuLiuBEpuEH8ppzp/WO1v92N+8gUP9ymj3LTWBNdEGtMS6RWUpyfGzK2OHnnjlyXtPIjo8jbQqkKlHahBhv2FNqBGg0bwlAJWXE/JyuiUFnBsZzDkCT7IHJq7mkY4OkgPGnJDGxYgjX+4Qwb+GQLjn7C9bOPzoU9DW2sI4uvRjduMELtQbqemrXNiyjrLdaPf1XeI/N31kDqrMxAJyO7M6FNKfduzc7ulW09iukq1NYFOJL1Jdu/0tRN6nTb5yv5e9fvpAfHii9WzkyW77Emvqa/KvTpbOwcP2JkkEHxp9CuGwLEegjQm42NbBW2DGh0CTRCigPtKkdQdkWjMFbOoIx6QiMV9SxnHbAp6zCg0TlopBxLZTyooDc06rHm5acFqOuhUaSikQIinX0jr+1y46BbjHA0Gin5hyC26xtF3VZuBzTqjkZYlQzDBiFLaAQ/d38nvuY+K7b+Wswp6/F/</diagram></mxfile>