<mxfile userAgent="Mozilla/5.0 (Windows NT 10.0; Win64; x64) AppleWebKit/537.36 (KHTML, like Gecko) Chrome/61.0.3163.100 Safari/537.36" version="7.4.7" editor="www.draw.io" type="github"><diagram id="da5ba89c-7447-61ff-c7d7-abc8e196db4a" name="Page-1">zVVNk5swDP01vnb4TMKxENoe2lMObY9eUIy7BjHGhKS/vgZEgGV3pzO70ykXpCdZz3oWhvlJef2seV18wxwU85z8yvwj8zw38Hb21SO3EdkHwQgILXNKmoGT/A0EOoS2ModmlWgQlZH1GsywqiAzK4xrjd067YxqzVpzARvglHG1Rb/L3BQjevD2M/4FpCgmZncXjZEHnj0KjW1FfMzzz8Mzhks+1aJGm4Ln2C0gP2V+ohHNaJXXBFSv7STbuO7TC9H7vjVU5m8W0Dk15ja1DrlVglzUpkCBFVfpjMZDe9AXcKxXmFJZ07Wm5dS3Hz3+IZzcn5T2C4y50UHz1qCF5upfEWuqMe6n38SLHRHUYKszyqLpMlwLoKzwrqadUsAS7GZsigbFjbysq3MaF3HPmyWzBqn2vIJEfeGqpaIs3bMoYnHM0pDFRxaFG5HXEnaFNHCq+dBNZ7+otaxEANrA9XVRtu3SAn+aN/oeJ7ebh9tzCCsWgx04bxcofEaggMWHQaB9r84hYWnEoiP76P13SrnuP5Rq4lpq5e2UZYhzebGmMEOXI/SgnyK2/irvLVqepVIJKtTD2ukW8+PGaHyERcQZHhsRmufSyjzFKqz660Io3jTEWYOWVhXQPa+sBMH3W7B3MixlRvY7HOju6eRvz9N9p/O07nxzD7HF79FP/wA=</diagram></mxfile>