<mxfile userAgent="Mozilla/5.0 (Windows NT 10.0; Win64; x64) AppleWebKit/537.36 (KHTML, like Gecko) Chrome/61.0.3163.100 Safari/537.36" version="7.4.7" editor="www.draw.io" type="github"><diagram id="da5ba89c-7447-61ff-c7d7-abc8e196db4a" name="Page-1">7VtZc6NGEP41U3laFzAcwyPoSB6SqlQ2VUkeWQlLZJFQEF7b+fXpbmbENUiyhbA2tl886rn762t6BsYnm6cf82i3/iVbximzjOUT41NmwZ/D4R9SnkuKZ9slYZUny5JkVoTPyb+xJBqS+pAs432jYZFlaZHsmsRFtt3Gi6JBi/I8e2w2u8/S5qy7aBV3CJ8XUdql/pEsi3VJFZZX0X+Kk9VazWy6flnzJVp8XeXZw1bOxyx+T39l9SZSY8mN7tfRMnuskfiM8UmeZUVZ2jxN4hR5q9hW9pv31B7Wncfb4pwOlsRlXzyrvcdLYIX8meXFOltl2yidVdSQ9hfjCAb8WhebFIomFGHS/PlPpN856udfstnfcVE8S6SjhyIDUjX6z1m2k2OU68FF9G5JkvbZQ76QreQ2iihfxaqVf+AnyGmcbWJYDbTJ4zQqkm/N4SMpMKtDu4ppUJB80/NQiKM83GbbM5nWYBlxcBnt19QHG+5hd0WA0l2NSrR5gmuT/ZetFkCp1Z+Lwr7Is6/xJEuznHbEDfobFB9vJHzk3N+i9EEOymYe830WhmzmsHDKfIfNfBaYLHQ6UDZxe1wnRfx5F9G+HsH4NbGUM8V5ET8dZ09339JUOnIJj5XdsQxpLdY1m2Mbl3PGdDusMe/gN5u5TEyY8Cu2QMGfsgBYN2chVAk2Eyz0WDAnZtosNFWVjxTgrc9xHH/GhE0F6O4gw6Gvb8mCcLEKxhcm9gqAEqpxYPluWqAw7qItlFdYxuYwp4BpYU7BgkC3RqoSZWODCQ8XG8xYaKiqgFYdYhkXAlLAqRAwf46NBUe5kPMDGxtLkORl8q1NqjezFCd92KAvJU0uLmQBpzWZuGXNBmBxAfGty0mHNkDLBZ4Lo2IX7tZmwRSr/AnxtjPX8S01Of1CfgC5wZKWIoFKFE1tyeN98m/0hRqgcu2yZFuQODshc6ZAQRO1L60VdojSZLWFchrf41CoZwk47UCSCzRfuIdFsl39Trbskz2QVnaUkjsapeQDKKXwP9zJKXdiehp/IkbyJ2ryhkOx0IgE1p2plH5KOuqjn/ENae0CW9qDYNrFOE0huo1P+5gm8ocAEn+s0mi/l+VFtkkWqlEv++8ByxpdxqqXqYw6BQipDEqFjI4OmZZGh5whHJs4ApFFEIH3AltJ7keQJ6vHBOAxwgBnq4iEJJpUaDwnl+KikQXzeNtIrvJomQBkqk7q8QAA2/ZpgPm1APY1AJNrR6w8jOjQISp/2oZo/5hs0khjSL8fECTTTbvLdW28eDhy6tguh/8NztLRdgVcOjq+pxueN0eP0iLOt1ERh8jffQfbw07OgtvRoz1jAYV2UMAIqwz2QCGNT8oKUx0GljYqNMgDGGWMuGwMZ0TXCl8h2u85hj4rrM6Dbwil4T1Kc4KNDsbtIUWVQBWkXxAul4qG0WnXBI7ORm9ENtqWho0O+gZB55tAsbEtfWSTygLw7BbYZo4pfjbX8g2ZQ8caUE2Uurk6rBHr8Mw0uwFGjSlgvD/ANGSAeTg8e3gIDOmkCwKFB2yB52ONz3svYUk77jTHDDztbkaFwhGPbAPZWhHKoztmnWqe6Y3TTyqoazKP+92Tr+leiXlqjLaB6HqfUOVGJniaKl2Xb94sFx2VaBuDi+LU9s9MFlx+th8iw9BIWbBXJQscdYNUSxYIW4/f4MkCNbn2JAoO0Y02KH7bL/tdbx7OxeNpqBJygS4k68vMffiA5uFnDB/g6OKcMg1M0AGSZRDYa9hu1Yx5I5oxx+1K7xA3k683dPFTUhyGgHI1wivt0oUmSHb9FbPmNdE3WqKv/IEaolyC7FXh0RmoBb5ttcYpzWlnHLDm0XOtmUzq9673k9kK1+R6+5bVbq/WVYlVuYJXpxp0qUNQXUoTYrLQpDuvG1VRzxhTRXX5hMPZjQ7CflC7MOxexnXz5IcrxBtlsGuPyGD1quR2bODrLJ1KPNUjMMfQs/1l5u/F1sZqWUd+wtq02ttiWGvjmUMifLYnOyIJAyLMh3VwLcgudWhO+wXFUA7tQhFz7IFFTJMK+h5FTKUPGyJ26RuvHkjcltE3ryQqvDkPPyUqrfauMbCo8P+Hv9GKyqXPA94GYXdghHX5SZVaxoqzspXvNq3Qzo66muzotdIK3rFbAd4Lnbwn6Aun3wt0XLwldP3PUYw7m8kLnTk9QvTxMSUcj/DR3RxfmGAVPVF9r9A51ltCpzvjKugcgu7w2FRgOi+c7qJisX63aLnuG6KllFyLlntWtl3S7jNyy/eRjCncfx4y9So2KG0rvSHxea2ulrEXPr3adSidYdTy8+XAnZezp1/jWjiO77+kzyB7OTgVDxM06Escejk9o/QNR+Mku090L6+uv/F3qmi9CdpRFK3/Wsu485j8hMCkt+z0xENMf6D4cYZxSCVKbXmhRiLAdCsOYDChSZC8E4DbIcu4AOsusdS9pc2qLxvOu9J6rxiedYV2NQx1Xz4pDB0Vdgq6UaYEfGB/YHj6nfOol8ni+DXox9cgrCf53IPp8F9/eh8AnXXT3cSHX+nrT/hZfT1dJsiqT9T57D8=</diagram></mxfile>