<mxfile userAgent="Mozilla/5.0 (Windows NT 10.0; Win64; x64) AppleWebKit/537.36 (KHTML, like Gecko) Chrome/61.0.3163.100 Safari/537.36" version="7.4.7" editor="www.draw.io" type="github"><diagram id="da5ba89c-7447-61ff-c7d7-abc8e196db4a" name="Page-1">nZTBcoMgEEC/hnsEY/TYWpNeesqhZyJEmKA4iNH064u6Rq3JtFPHGeHtAsuDEZE4bw+GluJDM64Q3rAWkTeEsefjwH06chvIzvcHkBnJIGkCR/nFAW6A1pLxapFotVZWlkuY6qLgqV0waoxulmlnrZarljTjK3BMqVrTT8msGGiIdxN/5zIT48peEA2RE00vmdF1AeshTM79M4RzOs4FG60EZbqZIZIgEhut7dDK25irzu2obRi3fxK91214Yf8yAA8DrlTVsHWU7FD0gkIfJQGKcPcmWxTuUeT1IR9Fe6jd3kZfblJ3NK7z2ghp+bGkaRdp3O1wTNhcuZ7nmuv6oOQrN5a3MwT1HrjOuTU3lwLRENTB1Yqg20zn5I0pYnZGATAKVyO7TzzpcQ0w9NgWWdv6acIInZ/q6ncTZ6lUrJU2/TjCtjxkvuOVNfrCZ5EQn0gQ3N2tRD3Q+dSdh5fyMFnb84MH9rx/6HPd6SL3sdnfgiTf</diagram></mxfile>