<mxfile userAgent="Mozilla/5.0 (Windows NT 10.0; Win64; x64) AppleWebKit/537.36 (KHTML, like Gecko) Chrome/61.0.3163.100 Safari/537.36" version="7.4.7" editor="www.draw.io" type="github"><diagram id="da5ba89c-7447-61ff-c7d7-abc8e196db4a" name="function">7VxZk6M2EP41qjztFDfSI/hIHpKqVDZVSR4Zm7HJYnAws57ZXx+1DjBIYO8YM96xp7ZqsdDZX3eru9UC2ZPNy89FtF3/li/jFFnG8gXZU2RZpmN59D8oeeUlPjF4wapIlqJSXfA5+RaLQlntOVnGu0bFMs/TMtk2Cxd5lsWLslEWFUW+b1Z7ytPmqNtoFSsFnxdRqpb+lSzLNS/Fll+X/xInq7Uc2fQIf/MYLb6sivw5E+Mhy35if/z1JpJ9iYXu1tEy3x8U2TNkT4o8L/nT5mUSp0BbSTbebt7xtpp3EWflKQ0sR8yjfJVrj5eUFOJnXpTrfJVnUTqrS0O2vhh6MOivdblJ6aNJH+mgxevfUP7gyp//iGr/xmX5KpCOnsucFtW9/5rnW9EHnw9MonNJomiXPxcLUUsso4yKVSxrkYqelE/jfBPT2dA6RZxGZfK12X0kGGZV1auJRh8E3fQ0xLiXhlmenUi0BskYBZfRbs3aQMUdXV0ZAHfXvbKyeQJzE+2XrRq05OD9qSjsyiL/Ek/yNC/YimyD/Q2Kjz8SPmLsr1H6LDpFMx8RgsIQzVwUThFx0YygwEShq0DZxG2/Tsr48zZi69pT5dfEUowUF2X80k8edd2igS00yavUiIK79rUesgyhPdYHOsgxzqeU6amksry0BE5MvtLHVckWyYt22yirymYeIh4KiaBoQGk8R+EEkaAmLX0g/JUPtCc2azVD2JFdPhaHHQYOCqbQIZkg7NUdisp0NY0paKflIhwgMkczjLANM+tvTIsbK20xA4W1bCJexLvkW/TIKgCDbPMkKxkEbojcKS0BMdtxiYMGUZqsMvqcxk/QFfBKQjeeQBSXIIKwhkWSrf5k8vjJoSVPeVZKjWLK36JXZxjOc50G51muwnimjvHsARgPk7sKPaZCTV+jQ/FIOlQO3lCiFsIuFecH2r/BRHkKMgZSTv8ZTPYwCDHXDcFUxThNqUUXH9erTeQrowl+rNJotxPPi3yTLGSlTvI/USwPyoV9NozyNtva21aFyNIIkTuE9sY9GFkMI4xCqlM9QIRCE/qNjRBTrRzAaHUhgxJUL608hwoA5QT06XVDuSqiZUIxk++EIA+AsOOfgLB9KYSJBmEHhZiB5YMdgyf1NtvGaLdPNmmkUaU/HAptI4moIGiNpMrv0qEgRvuDOpRRtqJEq/uXxtVB/76ue7vZe5SWcZFFZRwCuXcK1NXCTkLf1YM/Q4HPBHTGzC+qaA2EqYAan6RaZu8oe1BVHDJzjGrpALPGVGOravkCJm+HLyZNDZW8WviGkCG7Q4aOkJEqUWbYgp6kmpCJW2gLuQNjVlWJo5PRH5GMjqUhowt7Bd1vgFqSjG3uYyqKP1CaXQPZzDHZz7G1dAPiOIw4NuM65rAADRnpwKGaXQGhxmQwu9viNITFyexLsE4ohUwmih4wFBVUIN5ctwXeipnSNkStUQ1R01QJf+DOxeljvv/OgOIHduwcEXU5dOx8Tw/v8I6dqRGSN2H1wfA4g/ai6e8QCqpF0mp5Dq7RshY5/qLVWZaio4njgXvgs82ZGTuYxz5NFvs8MA2vIwjaIpXjqEFQ07uY9lLXf9dendIiSX6ovYihR3dw7SUHb1tTqqkeQpQZHiYQi+J2PjGvluNdeaA4Bse7ZqepZT1QJeVFG1hw9rjbdsbZPYgmhTLgHug8pq7I+91EE/vDqCaa7qjnbgc0NJutajZsj6XZdH4iP2NjskVFjTvRnbruSjWbZ42p2bxepn5zeoO6n5/KpPFLUlZd0Oe6hzcy6Zn82GGrtgKsto2bXfApKLaq0lHbkPNb/XTYvFQfRK8H1cSpavd8W6pUTLdrVpZ+VjVT8fHfan6bZn9GyN2CbLIwVvUsscbSs7pDM6pk2QEZHJOZEEm6VmWKdWGdyzlG/p2tv4OtiYatO9Adnq11pxxVRJmF5yEzh2XUcEaH4w5f1tEe5/PK5GqFwXdGFAbpn12PZfE2LrU1XOqe676/aQ9vu0O4fw9vVXeJM+ge7veHsL8T35Otwx4+GBDfc50YPSK2HsBzbUaXnBYnHZffPHdgfut3v38YfnM0TrN7bia2HpFPsomExLsMo7RcoSN80tqTvGFdCxkj+tG3HS2bnJvMODq62BrYcZSH6fc82G7W8XXHpWPdJfB1J2syKwFenHTOpmB8IyFvJRxkas71LhbyNvpNumPC9XEESJNI7o+VSO73pfXYnQIkEn26PM9bESDHfFcB6rdR77tTJUgt4RrrJqLffQPAeHCQyJmbQ+IqhHUciPXAxag5JPXDK3YV7laFy3XfUbjkzqiFzmXQsUR/UIcYTvzC6TYqF+ubRcsj74iWHPuuCbs1IdYkBuGx4t+meZ4n9cFQGP6A2GtK3wWTGbEux0tqRu+k7CRRBndmaUdPkSCO999zLm8JB9zSZFdiIOBYvTvIcMKE3Vl22TmIcZDPxDtWbhIfv51sQT+gTE5vM8haKhPbh5MdsKxdREJ2NuRBE2oIiOYT3b2yyy/8Rje1znyJMTY13J0GaDz4iF8mg/NweWMFT39iMY0ZeGU1K7X5hVXCAZypQwcGwhpH/EYAVhy4UQHW5ZTJPE9HAHx6htmtYnhSRtvFMNR9zURi6EoXD7MMXHZyHzh3DI9f4x41+ZZ0WzQWWDSGLlG9J9OT5SrxDy7QmkSTfHYjqJ6URX8xVLu3T6f6REY7y4aBGfDbnj5sjHyHDDSZVjeKoTar53Jp8f2O/Q1mwRMR9G2ksY2VBS8H18iUXV0Cbl9iU7I376IkbIcxLwGTbmPTFielLoDDvxLQzrdl35shLNZJfQtwJhS/9FZRdeQH7d4F1f4LFR8s8Ckva8iLG2df1jBVXcqN8FFCov25Q/f07eOJk+OFr/u/y3qDdoirwmFfKOuH/qy/wMsj1vVnju3Z/w==</diagram><diagram id="e385e576-ca63-0be9-d894-d514f8382326" name="component">7Vxbc5s4FP41ekzGXATiEd+yD+1MZ7szu/tIjILZYuQFXDv99SsJyVwkHDsBNmnptFMhhBDnO9/ROUeSgbXYnR6yYL/9TEKcAHMWnoC1BKZp2KZD/2M1z2WN683KiiiLQ9Goqvga/8CiUjY7xCHOGw0LQpIi3jcrNyRN8aZo1AVZRo7NZk8kab51H0RYqfi6CRK19s84LLZlLTLdqv43HEdb+WbD8co7j8HmW5SRQyreB0zrif8pb+8C2Zf40HwbhORYq7JWwFpkhBRlaXda4ITJVoqtfG7dcfc87gynxTUPmGIYxbP8dBxSSYhLkhVbEpE0SFZV7Zx/HmYdzOjVttgltGjQIn1n9vwXq7+H8vJv0ewfXBTPAujgUBBaVfX+iZC96KMcDxtE44tycsg2osoWChFkERYf6anfbZylSbUUkx2mg6FNMpwERfy92Xsg1CU6t6tERgtCanoJuvZFEeLkkRxvlF5DdpUov+AspsPDmWiTUwkUPtN2WpGSFMu6dcxGK/oJZYtNEuR5vCkrRRPjBmTyIiPf8IIkJOOfac34H3rniaSF6MCwxXWt3Xot2nVgq6D2ItyuNRK44t3fg+QgOgUrF3gemM/BCoL5EngQrDzgG2AOFT1oQn3cxgX+ug/4dx2p3WzC/0QRqQlNWI1LYhdjw1mBT5cFqkpKPGAJ4jxL84vK62Nl9MyZMFXbmsGzZ2+XLVRlazpJwT55H6S0HLEyWDnAc8DcE/L2KQJrMF8Az68ETwteectlyHgWf2oFkC27fMzqHfo28JesQ28BkFN1KBrTkTeGoB0WBMgH3hqsEEAWG5n6pq7uWmpC4SuaupDhPP4RPPIGDOk9idOCixrOAVzSGkbUXFCOXSZxlNJygp9YV0wnYjqb+aK6YCRm49/EafQHZ/SdJKo0VIaGyP1rmHQMagpmGAMpmKchrw3miJPXZcxFi0p12qjkx3iXBKlqss9TNruImFEV5Q3ZMfMqbHOnsezg+QBs9qzr2Hz2RnTSFm/7nbpZQRpR6VT9S5Bq/bu67q1m70FC57A0KPCcyTVXID1/2FUoS+1pw7wCvsvISQvMeFDSzwBa04Z39B+3D/weVQRqDebcmFAe+4g/vARo+S7NuadXAMkuFRAt4LAHdhnGq+QOgc/tOLOfa4A4E+eWoCSz3esPKHd3TLmbGrlDNo0hyMUr5d7Wb27uygIV8oeUszGqglsaQZceh1PT6zUXOhWxzUVsyUrEkeAAMLdl9TZx9yG8UbXU1QiPzrku11JuJlDpQhvcha5Z4R586R7mUrc5l9q26hkbzkDCk8mEKaRseaK3ho6GEGQ9dnSQHvfeY0dD539qp785C1RYYcFCnXLu9IyPHFe22AOlRo/BHjQlZIZNyJimyio0VkZGvrzBqjJFwL1LSqbSx+nk2TudYRxrxBlGhmR9531VolyrzPgUF+cuaLnqoUNJG3Z+drXwr1ZI8egXlnqpQGvH2JZETXZRDks8VQGidNT2L9xWPyW5lH6o7Qiea81EZqh7vK30ixhu16hM/agqrSrf/9pYHU2OzcCmGWpM81gOjy6jS00zjZboEGgBGcBfv1v7iww4oo/iTEQYlgiuhghwLCLogt9zPoCnaNjqBV91KKnBcgmubFNmJ5csl8Cy0/TvTDb2fqKgwLXV9PRwDg96bw7PNW6N3PpQU2IZVfbu6tzqWRgtzwJd9ixazaFn9+pZmJc9ixvxvdppvaAHr8RXxjfDu7LtlTnUjycLvdZyT0+e7Nv0zXGsXvXNkvt3PpS+WRp9O29pGlrf7uQjLUj6VpRWgPaCnrTmJKffgMcy+lSTsaYdnZrAdzLtvAVdZM96Rde5jO6v6MV3qNcL3jrUeOuwYzWrd2/dcScUB0PRMUdCEaox1zGPddu/+BYgNKvtHtOtS4pldMjiL18NHkpZyr3BZlMR8m2wZ+12p4htj75/Sshxs6W43u8OSRHfhWRz2HFJauO0V2w36orn6PvDGFeBtVCyAfZ52XZ7wVQT3RliaaYe3Tk9RHdQXWr7QtWLDn1OTss4iFKSY50uQLbPx4NCKXxfowsfFPk2xING9o5c7pfgz9StBoZrDAO+c9kV/xXtt1xMkQsrL0YJL62j6+Znd6z52XwduUVNGH+/je8XtvHW+5rswivsgqtZ4xzMLmj2bwkomRAa6Dn/Hoi8cVfuq/ZpA9ven6qbEvr7+/uaTpR9vc+t3f1O8Y7lNNCEhoom1ORvrT7ARAqYqzAuHigz9vqJ/fp9NhrGf0xuj+ftWWZLFRx7PG9P7mNsrTP6awY1W0Mx+MZ+ZQ1FoyZnpbD5xhF1VW5CvoU8lGyWGTPNthWZSe4deNUT4DD7AJWFBZ/SHXYyh3HfBb7Dd5bzFWi2ivYi3u/HYF9eD30bhvJcm8RQY8i1p3IunRO5GkR1Wv5EojjV07N11G6i542G2RuRnY4CbEx9qRA/BllHHqbrrMiE8m0om5aabBkM5ildOuzWFWl4GweeHb0+9H+aXfWzxWTpW8K3YkfkJr/pVsoact7rPgiLoMrYPs7BygX6ibFDMVazj2M0xiI1GtriIMTaOVc9vjbx9rap1oLjeVTInIg7LHE1Ox3QTK8P/RO3Oz9ZyzNvMhwUuJHnaiWibzr9MuW63mwBHI2zPViuC03e9rAmAGlOTLijmYDu38CpMTynIozTqGsdSrPMpew1/6mWsP4/6uuSncNRXxOKqWA/JOQxSD7jPGc/aXe9iijnciYV6UVFkKHZ+mD1oyL0svplwHK/YvXzi9bqPw==</diagram><diagram id="2b856191-8888-340e-5a40-8b1c0c8d52f5" name="Page-3">7VxZc6NGEP41U3naLWA4H0FH8pBUpbKpSvKIJSyRRUJBeG3vr0/3HELAIGObQ17k2qqFYWhm+uvu6e7pEaGz3dPPWXjY/pauo4QY2vqJ0DkxDN00bPgPW555i+NpvGGTxWvRqWj4En+PRKPs9hCvo2OpY56mSR4fyo2rdL+PVnmpLcyy9LHc7T5Nyl89hJuo1vBlFSb11r/idb7lra7hFO2/RPFmK7+s2x5/cheuvm6y9GEvvkcMes/++ONdKGmJiR634Tp9PGuiC0JnWZrm/Gr3NIsS5K1kG39v2fD0NO4s2udtXjDEMPJnOfVoDZwQt2mWb9NNug+TRdEasOlFSECDu22+S+BSh0v4Zvb8N7Z/tuTtP6Lbv1GePwugw4c8haaC+q9pehA0+HhwEKUZHdOHbCWaTCEQYbaJxCS9+rz1EzdBSqN0F8FgoEsWJWEefytTD4W4bE79CpbBheCamoP0Igf36b4ly0oMY/xbh8ctewc7HmG6uY+iXVBlbcsYhybeX1d6QMvZ87YYHPMs/RrN0iTN2Iyoxv7ejI4zHjpiNN/C5EEQJQuHeB4JArKwSDAnnkUWHvF1Elg1JMuwPW7jPPpyCNlMH8HwlaEUX4qyPHoiTdrYMG/xAhVy/CytocvvHwsbZGjCcmzP7I+pvZ9TVp1Thp3kKIfxN7jc5GyOvOl4CPentoVNPJsEnmCoDyxekmBGPL/gLFx4/JGDrPcoe2tBXFOSvMvOCfom8edI0JsR1y4Iis4wmdIQlMOyiOsTb0kWLnEpjuzyy9BcmmlFFgDVvAx4Fh3j7+Ed64DycUjjfc4QsAJizaEFlezI9Q1fCJN4s4frJLpHUigqMaw5vmjOUQFxDqt4v/mTaeMnE1ru030u7Yku7wVVsxvBs8yS4ElhOJM7XSV3tAO5s2/2s2Q/nbr9dMezn47CfhrEtUCVPwN5janxHPULNRz+aUzvXFRgbhf8eR3gJAFHLnrZpJZhP/lKeLNJwuNRXK/SXbySnRp5fw9AnrULt6wbu61XDTetK5ChUCCrAwVyL0BkMIhcEoA5tREQQCZwSkugCwbZx48VjQxJtLrQeYkdEMkZmtLrRnKThesYIJPPhBJ3ALDptACY9gSwpwDYJIHLsHLQgXFnxQJbhej4GO+SUGFFPxwIVe/Iq2Og9I5OwZYKBPG1PyCKDPcbYFpBX3pVZ/QdFXlaph4meZTtwzwKkN3HGtKnibUCX0bEVfQXxHeYgi6Y5wV2ViMuKKj2SVpl9gzkAyxxwDwxMNK+y14Gg123yt07u54aTulk1NmrhK8LFdL1N3ERbChzadFMgiFk6hZQoXfoxtYt4tBcdIbkoqHgooUrBaw2yCzJxarsMQvFL4BlV8A1fVDho0q2IW9MxhvKZI4FKshCxjkMpBbj82lQ8VIF69yT0YSzyVxL9EyAQTrTQxvFCbQUebdUrX9TcVGqPqgxpA+q13Mn51FclNylj69MIf4o8ZyuCOgobY1u5xGdfjngbg/Vx4ajS9aLV3/H/E+hkEYlZrC0iqPIJUK89T4nURWmQ2TgsIWZ+Tkuz3fqLN955hReR+KzwirTrCc+dbsv2+XebFeTsnh122VaI9ouVSisdNIDzCzjxQxzUNzD9/SrFXhL7h8OIfCGKqSUGSOwUXa4wwnv746Hxty6jWmkQCbZfVWs1JRtv/lnYnkY0D8zFPHvlL0AOf2SYRvRKZPjKakk31ZjqgWaxsPnRlN3pYbNNoY0bJf34t9czVBfztsKafQU5ycScF1QaLP6at0LZIOrWkmtUuqWSfBh1VzVGqGqH+dU6DS4vGAQwuezbmIntXm8FVMqhts0KkM9qkKq+Pff6n3LIoObA1m3s5bCzo64namqckBfhm2M4faYjlmkazWmriql05sx7SpP8ANKtSKlY9ojSrUq/D/lklleHmtxWA0Nl3Pc5nBkH+UmPu/sXa0uOOaQunA5RTCCY9HGfZCFs2dSKmOQzl2K167g1WDIvbyCV7pbntntCu51iW9r5/CCHLwRXxlH9O8yUjWA7/UYLa9dknRYebOtbuVNVop8LHmjCnkbLJv+Sb4iIbH7EZRKIPSCnFTWJLvbwILqXYrJUMuOSkx6yBkPjq5rdIzu5RTc9CpfqUJy6Ii7DVRVtyHrEfBBqz22GsYTyXfXckG6Yk+vr3w3vZySeUm3Pqj+KJItdMSzN1SVbJH6Qxv1R1T4NMWdU9EfUx9Tf26nMiq6pariGTGRSZsPZmifTSJq5ZZYrYo5HRMTPXgOaomF/PiIHXybqm5Z1pi61XxgAzUEoWPV/WgNXdztC+aHMF9tJ4uW7Y2J1uXU0PQsoalIO5k9pJ1an/C9nEv5MV09s70SvXdr2C4rX49VjHJSSsNot6pLEm14QhYI3YeCX/Z/D6k8E+xzP5OdgsFk4+nZWW2T67ETyhbbA9HOKpk44dq54ZfPIhtIB+1Y+3c6mcvJwXZwVwf9aot4AdsXsvEV8APE6zPVWbL+Jz7RNa2xUmKINU2aa6WiOYSfH8OtcHlOxZ3/xBIaC4zJClGqygvr5Pq4nY4ENKQxVYBr4dugADdnrgwRHbymuGyqGLYqZusNw+bTUIYIE/hBe03s2vvmDcOXT24PWnZrNmfADPRoNFWJ+oUiT1amxH9iAXp6iqqEiaDaqn6+N1TtRlTN049iVCtsGJg+P+Pp4MLIV0jfuWF4qaKnNwwVfJ9Q/buswSwF8T3UBrWGozknRk9Hf6uH12p1mzdN4vfKOtHeNEl1JktCZwjoABz+ywDVSlv2CzMey3RCaIGxRC0snSqqpqwrHwNV631ZtQ+W9pTHNOSRjVfVRUkISrbUHM+WWperhqZcuK0smezhlE1rqIxJeyG6QnP04TQHbosf2uX56uLXjOnifw==</diagram><diagram id="adf3c762-3009-495e-12c1-77959e10490f" name="data-flow">7Vxbc6M2FP41eulMMgZxEY84sbcP7cxOtzNtH4lRbFqMXMBrp7++R0KyAckOTsBOWvKwi4UQ0vnOXUcg/LDef8mjzepnFtMU2ZN4j/Ajsm3LsT34j7e8VC1+MKkalnkSy07Hhm/JP1Q2qm7bJKZFo2PJWFomm2bjgmUZXZSNtijP2a7Z7ZmlzbduoiXVGr4tolRv/S2Jy1XVSmz/2P4jTZYr9WbLC6o7T9Hir2XOtpl8H7Lxs/irbq8jNZZcaLGKYrarNeEZwg85Y2V1td4/0JTTVpGtem5+4u5h3jnNyi4P2HIa5YtaOo2BEvIny8sVW7IsSmfH1qlYHuUDTODXqlyncGnBJbwzf/mdt9+76ucfstuftCxfJNDRtmTQdBz9J8Y2coxqPnwSjRUVbJsvZJMjGSLKl1Qu0tPXbR2oCVxK2ZrCZKBLTtOoTL43R48kuywP/Y4kgwtJNTMF8VkK0vSJ7S4kXoN0R0p+pXkCs6O57FMAAcqQMzs0ZCyjqm2e8MnKcWLVY5FGRZEsqkbZxboAmKLM2V/0gaUsF8vEE/EHd55ZVsoBLEf+rvWbz2W/t0GL3dthK6fzPUq3clA081EQoOkUzVw0fUSBi2YBCi00dTU+aEK9WyUl/baJxFJ3oDab8D8DIjWiSaVxjuxybjQv6R6dkv4TlJIPYKm1XpT2JdXv3VHn2ROpqVY1fedM3k9bV6et7aUlX/ImyuB6ya9/+AH6oBlB0zmn+8xDAUHhnFOfAAA+mjkCBiyACRFxRB+4NeEX5BGFM34B8BCLPwWGKACiPIgHAxTMa2PCxQMiE94tdPizvOUREbs2uMv7VIMHHh9BThqWW5+3xgwAUtlEPKdF8k/0JDpwPDcsyUpBUHeK3Edo4eJYSMHiP9NkmcF1Sp/5UBz5BExWKJtLLqqceIskW/4q5PZOiaNSR5ZBXIfgI52NfAMb2T2wkWcQUUCWCBH1OSeQBy6igGOoG7til6zTKNMV88Eu8x9Lrjrl9YKtuRKVGvikSjwhzQPQOsDdZPYsteXbfgFfKsqWQJ3j+I4OphFL3Bw9SsFSZVFJp5yuhQbpYWGdUPbNKM9Q6AvlMOOSCCIZThCZQ8c7oTWEYMM94AOQ52nI+YBgFBKpNcjjh9TZnhn/l6bQvIa324NwkTeRHbSnsI1cR88REXI4xVIg4V/QuZ+P7P4VyR4YyA609LjJ49RVZG9zt9B11QXQ+FOS2bomeys71SB05c15NbaeS4dgKsw/KBDZSAQSAoCp8DPeRe4+iHdNJrUsA/HA4PqCS4WWIJWXbAkvuaaDe3CXezCkftOQOo7u/FreUMQ7H3f/H6NG9Hp0aEkfoxEe2p1x7z08VPNpKWqD9ZuK2AEuHnjUUJlOCEM+cejYkh5XJcCuIj3OKD395VwsV5cq55ZSZcgMyGhbOJcgTJWPc1LOPqiF8fA1LYx3VkbenNnVBaUrM9N9Uh6GgOvjCB2Y1O9M+878KB/9ytMuR8za8TVWoKkhqlnJp454aAP55N7xJy4hNnbtwFE6S3kbcLt20/KbL6lkUXsJ6JXopdZNpoxOL6a5Fluu5dSUW91hji2Oq97/1iBeLXJU272obWJQ2zfMlVumZIHHIylCRCrWEjnWD6qbibI6V9HNwSgI/QmCyhg0BMG5nSDYpqzCIVcg0jcB+C9zHgxUosHzDL7qM1G7DlikrQO+YyE7B/+hgMF39Lz1YAJ3YJsP4wx14GuDflcBZ+9u0KWOhdVyLMh5x6LV3Q2cXh0L+3w25UJ4O/uzZ9jgjfAOYL7NgGAzfpc7uW1gW7tAPfmx72M3z8P9stv5ko+PyW6WwUoqSzU8v92pR1qQ9M0ordjtFT5pWSSv33DHPp+l+phGx8QmyrO/udV5D7rEmfSLru6D/d99+A7spfI4DS00AHt1dgzPZ8lGFDujiAewJZ1R1MtDdkWiKrOe8kNRVlUZxCu8VBxl3LGUG+wuj75ConFIRUtVF2w3GaFYRRveb71f8tLo++eU7RYrwPV+vU3L5C5mi+1aUMgYpb2hCulUNAfvjxN6DKslkw1Q/uU47a1UQ2ynEqD12M7rI7bT805fgb1g6lO2f0yiZcYKauIFl9f/BK5kijA08MInRb4N8aBxvafSugr8iV6EYPnWQOCPmbQ22GqbRW25XBYlqMMWdfs8wN5L5+J6PZfWSbhlS5x8v0zeTw0E86yPNeqFN+gF37D7OZRewIbiJAklJ0IDPe/vLVM37qpy6xA6OM5mf7ypoL+/v6/xRDXWx6z47tfEe9hroOlaOpquIXuL+wDT1sCcxUn5BSRjYzbs3StwDBL/OWX7et4etlus4DnX8/awqeTK4zuLpKrItES9v7aDYmCTA1M4oqREjwRH5FvIu0qaVcbMUNCiMsm9A286i+WJUzm2PLnDTbqHSChk30ehJ0rOxf4z30N7Fe+Po7DP74a+D0O7WYjiGxS5ZRk0eR+HdbBe2vUTWyaZWTxb5+xG8bxQMQdXlE79GFYCvlRMn6L8RB7m1CGSEeXLUD6YxGvAPFZw9Vi4Ysqi3vIg+4nTXlMUYula8ZNzo9t0scltek2GA5XE1eW1jzPWeEyP9SivhoqNW8qro+fGVjSKqdHg6qfaRqm9zM5i93rulHO+Xm2U28sqpU0FojfcrlSHawzJyVqSeZHTqKSNJFcrC33RoZgx0fVuDeAZPO3BEl3O+F2hPr8rZPqw0ADFtJ3RNWSzdBVQAAmTbHlqE8qwx6WVmf+n9q9uJ/qmTOdwon/600g1EL+k7ClKf6ZFwb9l151FtCM5I4v0wiLE8NUjCw/FInq+7fuW7k+UubgicBdfYiAT0/exqh1x4TZM53zfpCf0F1EeD4Z57FISd8iee+LPZGmI/YTFnR7YwSPNKF/VoNe5QWV86tzgez1wg+mDMT4KHIG7kHb5pbQ5DwOPkt9GWQK5ydmCcgheO0jUxzezDiC8F94eQHRaZeqB4VDgBOsg2v7FIMLP41c+q/rj46dU8exf</diagram></mxfile>