<mxfile userAgent="Mozilla/5.0 (Windows NT 10.0; Win64; x64) AppleWebKit/537.36 (KHTML, like Gecko) Chrome/61.0.3163.100 Safari/537.36" version="7.4.7" editor="www.draw.io" type="github"><diagram id="da5ba89c-7447-61ff-c7d7-abc8e196db4a" name="Page-1">zVVNk5swDP01vnb4TMKxENoe2lMObY8uKMZdgxhjlqS/vgbkEMruTme6s1NfkJ5kyXqSDQuz+vJR87b6giUoFnjlhYVHFgR+FOzsZ0SuM7KPohkQWpbktAAn+QsI9AjtZQndytEgKiPbNVhg00BhVhjXGoe12xnVOmvLBWyAU8HVFv0qS1PN6CHYL/gnkKJymf1dMlt+8OJBaOwbyseC8Dyt2VxzF4sK7Spe4nAHhTkLM41oZqm+ZKBGbh1t874Pz1hv59bQmL/ZQH3qzNWVDqVlglTUpkKBDVf5gqZTeTAG8KxWmVpZ0beizamv30b8XezU7+T2E4y5UqN5b9BCS/TPiC3FmM8zHuLZigjqsNcFedF0Ga4FkFd8Y9NOKWAN9jDWRYPiRj6uo3MaF3HzWyizArH2NIOU+pGrnoKyfM+ShKUpy2OWHlkSb0heUzhU0sCp5VM1g71Ra1opAWgDl5dJ2ZZLG0I3b3QfnToswx14hFV3gx15/05Q/ARBEUsPE0H7kZ1DxvKEJUf2PvjvmPL9N6TK5XoLrs5SqQwV6mmve6XCtDMaH+DO4k3LWoTmpbQ0OluDzfgcCMW7jnK2oKWtGvSYVzaC4NsrNyoF1rIg+RUatvtzsrf98l+pX1ZdXubJdvf7C/Pf</diagram></mxfile>