<mxfile userAgent="Mozilla/5.0 (Windows NT 10.0; Win64; x64) AppleWebKit/537.36 (KHTML, like Gecko) Chrome/61.0.3163.100 Safari/537.36" version="7.4.7" editor="www.draw.io" type="github"><diagram id="da5ba89c-7447-61ff-c7d7-abc8e196db4a" name="Page-1">7Vtbc6M2FP41mj5tBhAX8Qg2bh/amU63M20fFZvYdDG4mGyS/fU9R0jmJhwnxsRdNy8rHwldvnM/0hI62z7/WPDd5pd8FafEMlbPhM6JBX8OhX+Q8lJRPNuuCOsiWVUksyZ8Tr7FkmhI6mOyivetgWWep2WyaxOXeZbFy7JF40WRP7WHPeRpe9UdX8c9wuclT/vUP5JVuamozPJq+k9xst6olU3Xr3ru+fLLusgfM7keseiD+Ku6t1zNJQ+63/BV/tQg0YjQWZHnZdXaPs/iFLFVsFXfLQZ6D/su4qw85QNL8mVfvqizxyuAQv7Mi3KTr/OMp1FNDcX5YpzBgF+bcptC04QmLFq8/In0O0f9/EsO+zsuyxfJaf5Y5kCqZ/85z3dyjmo/uInBI0nSPn8slnKUPEbJi3WsRvkHPEFO43wbw25gTBGnvEy+tqfnUmDWh3E1aNCQuA1g6FwGwxaCAtBTMXxI0nSWp3khdqMkkIb7ssi/xI0eQ/xBz4rvN2I3+DkI5Q6XSJPsy6gc8SbiiFz7K08f5aQk8ojvkzAkkUPCOfEdEvkkMEnYZ16bNU+bpIw/77g41xOYuza75EpxUcbPx+Hpn1saR0du4am2NJYh7cOmYWVs43xkTLcHjXkHv0nkEjYjzK9hgYY/JwFAtyAhdDESMRJ6JFgIMG0SmqrLRwpg61Ocx48Is0UDPncQcPjWt2SDudgF8zMTvwqAEqp5YPtuWqIE7ngG7TW2cTisyWBZWJORINDtUXSxarBBmIebDSISGqorELsOsY0bASmgohEQf4GDGUW5kOsDjK0tSPIq+dolNYdZCkkfDuhLSZObC0lAxZ5MPLLmALC5QODWR9IRBxDbBcyZUcOFp7VJMMcufyaw7a11/EhtpN+IB5BbkHQUCVSibGtLEe+Tb/xeDEDl2uVJVgpxdkLizIGCZm1fWTj8gKfJOkNTFD/gVKhnCbjpQJJLNHl4hmWSrX8X9u+TPZJW9pSSOhqlpCMopeW+w4F0jPSgP2lZ9ss6YdPT2Hw2kc1Xi7eMvoWKHlh3plLMudAjH32Bb0iLFNhSZ4N5nw9pCjFn/LofaON/COvwxzrl+71sL/NtslSDBr3xkP8+R6xVbM6kwCoxN3pybloaOXfGcD7sCIsswSLwMGDPhItgwts0/TZY9TDA1Wqi4CSaPRi8EGbfRUMIJuy6Obku+CoBlqm+LM/icRhs268zmF6Kwb6GwcL9Iq88jLrQaSmf12XR/inZpjzrh8f/HSZI0E27j7o2pjskgjrY5fS/QYbLszWgdHR+Tzc9bc/O0zIuMl7GIeK77/H2cJKT2O3ouR2RQIRf0MAoqArIQCGNT8oKiz4M/mxUaJAHMMoYFdkYcrC+Fb5ARD6QHL4oXp3GvjGUhg4ozZthdDDaDkUsCONYPx6bHEZvQhhtSwOjg76BiRwkUDD2YQObVDXAbWg8x+SwmVOKn021uCE4IvUA1USpW6iESkCHeU10BUBNKWB0OMA0ZIB5SHA9TNRCkY2CQGESzDCH1fi8WwlLunGnOWXgSVkf99ESrGMFuwmTL+mMm7kXnaze1q8qiXDPE7ZX+DIWyvIFVt4anv+DS3AqaG4LJ/X72b/pXkg41RxdA9z25VVZSNaHZpitVqGBb14tio4qNk6Cojlona07cHEu3+KBs/v9brD65WLCGaoyWGDoQqqBetj/Vr2dzkxh1R2NN/3erLpKDppm3Rngyehm3dGFhlV1W+gGqIo276ht1bVaJm9Ky/Se6u5Frwfj56Q8TAHteoYzQo8z5FF++iteBjRsi9GxLcxpT1FtQX5V86M3UYf5ttWZp9Kt3jxBUfCXxjB5VzG4309mJ8KV+x3aVne82lctVtUO3l2d0VVbQXVFZRXrq6a4yrtSFfWMKVVUV4I5pLuiduAHjXvQ/h1j/2rhcDN6pQC79oQAq+cx12MDR3THhh72t5m/N1sbq2Md6SvWpjPeZuNaG88ck8Mne7IjkjAih+m4Dq7DsnMdmtN9GDKWQztTxBx7ZBF7T7x/hSKmKq4tETv3sdoAS9yO0TcvJCq0vQ59TVQ6411jZFGh34e/0YrKuS8qPobD7sgc1pUcVTUeO04qQPaE5FbqNt2Cp6speF6qbuMdu0ihg6yTVytD4fStsI6yj2Td8Ase484m8g5sId5W+vhGFNIjfEu4wEc52CVe3t4q6xzrI1mny3EV6xzBusMbWoblvHC+4+Vyc7Pcct0P5JZSci233JOuMyTtIRdu+YHLmML95zFXj32DyraKZzc+bfQ1rkSYLx4jO6KcYTQuQKqJew+CX39kbOE8vv+Wb0Y5y8GpeFigQV/iiAfhkSjfUDRO8vOZ7rHa5Q9+o4o2WKCdRNGG7w2NO4/I/xlhiif64lUMm/8g4scI45BalLryIgaxAMutOIFBmKZAciMM7oYsl2Qw/Kz/91yVV9T/RZFG/wI=</diagram></mxfile>