<mxfile userAgent="Mozilla/5.0 (Windows NT 10.0; Win64; x64) AppleWebKit/537.36 (KHTML, like Gecko) Chrome/61.0.3163.100 Safari/537.36" version="7.4.7" editor="www.draw.io" type="github"><diagram id="da5ba89c-7447-61ff-c7d7-abc8e196db4a" name="Page-1">7VlLb9s4EP41PDbQ29RRsuXtoXvKAtseWYuR2dCiIdFx3F+/MxRpW5acejeOgyIbBMhoOBLJ7+O8GBJOV89/NGy9/FOVXJLAK59JOCNB4EdBAn9Qs+s0kyjqFFUjSmt0UNyLn9wqPavdiJK3PUOtlNRi3VcuVF3zhe7pWNOobd/sQcn+rGtW8YHifsHkUPu3KPWy09JgctB/5qJaupn9JO1GvrPFY9WoTW3nI0H4YH664RVz37IbbZesVNsjVViQcNoopTtp9TzlErF1sHXvzc+M7tfd8Fpf8kJgeWn1zu2dlwCFfVSNXqpK1UwWB21u9sfxCx48LfVKguiDCJM2u6+ov4vd4zdr9oNrvbNMs41WoDp8/YtSa/uNbj24iLNbsqpWbZqFtbLb0KypuLNK93jCOeVqxWE1YNNwybR46n+e2QNT7e0OoIFgcTuDYfw2GPYQNIBeiuGDkHKqpGrMatwJDPNWN+qRH4145gdGStYuzWrwdTiUa5xCivrxqoxMbsSInfuJyY39KCkmJE1JnpMiJvmMpDEpUpL5JB+S16dmuxSa36+Z2dcWwl2fLjsTbzR/fhme4b5tcIztEraHSBN4Nj4sj6JM5L0eGT8YgSYieUGyCSkoCnlKioRkHqHz4bmWEkIw/zUsfQz3UQ4fKsna1soLtRILZ3T2cJ47zlXDSgEgu7Fa1fyVlOwzmMXaUeTi9RFHfjDCUXwNjsJxjqg9vnRK8gyFdI6/H5WjIH1PjsZCDCVZgR4E1ICQZv+TtScrcgXgu5AVj5CVkDwhlKJAfZJ9XGoS7z39KBlQ49/BM+ZriHZpiPykBaGRIWpKaIpDNHb5aoLUYXKHAOmTYk7yqWHVJXcQ0hnJAjdkkhtqYuOdlKSBFWjibGDVidRI05rVIFcom6Q4x6TYxeIsG5vfDNHcZdCJCwqeG8qMcY4yTgvFSGiEDKMDGNMQyxM7P6DXW4JVl+LpVHVsFnQAwjYTk8xNwZN1OSQnWWjWBEf+BZSmZgMRyWYmdE0NOMPXB+s+BfDMBkDd28OJ58FZ1icuxlvxk303BuglayVqbY5dnJN4Bhosh9uuMsYXmBRVjSUsf8BPoYMIaO8yq9ZYKiNoC1FXf5m6+VP0Snc6cpcwGnGX8Aru4vrqf9VqnJTzZzuPXg/wtu2abxvpXndAx3G9enfgJu+lg8DElODOd74zwyONfgG/ng0RWWTdKpt92HQxKLtumS3oC8yZAiyHmJWYVGFi83HXB8EYKrFgfqQ07GJoA+O5idYJBruPXKeFv2Y3fCt20xF2933PBHt2TEwuVZ1S1G7FSrJ6eLny+5Cwc83FEPXRG4H9NeJrYB8rjl+4EfA+mQjpqpkbXJ6cucfbOWAuw+oatyduef8Jq2Gdc3OskltiNXbTFGO0pbHtkDusUoMb+Ddk1/ySnvnmsPnehbjRa+A2dvsTG3AiA05oepD9XcPEVPeFtaHD+/zbw0Xf7pjB4+GfI2bs6D9QYfEP</diagram></mxfile>