<mxfile userAgent="Mozilla/5.0 (Windows NT 10.0; Win64; x64) AppleWebKit/537.36 (KHTML, like Gecko) Chrome/61.0.3163.100 Safari/537.36" version="7.4.7" editor="www.draw.io" type="github"><diagram id="da5ba89c-7447-61ff-c7d7-abc8e196db4a" name="Page-1">5VjNcqM4EH4aHScFCIw4go1nDruXzVbt7lFjFMxGRi6Q42SefruFZIzBHk/Fcc3W5BLRakndX/+b0Pnm9XPDt+vfVSEkCbzildAFCQI/DGbwDylvHSUOw45QNlVhmXrCY/VNWKJnqbuqEO2AUSsldbUdEleqrsVKD2i8adR+yPak5PDVLS/FiPC44nJM/asq9LqjsiDu6V9EVa7dy/4s6Xa+8tVz2ahdbd8jAX0yf932hru7rKLtmhdqf0SiOaHzRindrTavcyERWwdbd255ZvcgdyNqfc2BwNql1W9Od1EAFPZTNXqtSlVzmffUzOgn8AYPvtZ6I2HpwxIebd7+RvpD5D7/sWz/Cq3frKX5Tisg9bf/ptTW3tHJg0KcVcmSWrVrVpbLqqF5UwrHlRzwBD8VaiNAGuBphOS6ehlez63DlAe+HjRYWNzOYBh9DIYDBA2g12L4VEk5V1I1RhrngTRrdaOexdGOZ/5gp+Dt2kiDx8Ept/iErOrnm1okvpNF7NsvXO7spSSPSZKQLCN5RLIFSSKSJyT1STY23tA0+3WlxeOWG732kO6G5rIviUaL18vwjPW2yTGyIuz7TBN4Nj+sj7JM6L0fGX82gsZ/gG+SzwibE5b0sMAiWZAUoFuSDLYYyRnJYpIuDZghyXy3leBxZI4QXuBMArtgM9yC25iPp1KgZO4UCDuTGv1ty2tYl7hGdniBwSPwAiNpOiWR2WIds0dYjKKlOck8t5UaGTNcoyBgc2oWKUmWyMwoeoF9H0AbiGDJRfVySjpmCxxuCSiYWL+ywmUkpUYmH1WeUACESwkLcQHMCTX35IYSGQWMuIAw83q4UNuQpAvcSuYG29Fbl1UaIv2DeAB5AMlJ2EAA6GFsNKKtvvGvhgFDaauqWhvnjTISLYCCSazt8hke4LIqa0w84gmvwqiqoCinlqwxwaEOq6ou/zTZ7lP4zhg8CjpKJ4KO3iDoXDf0QwXiJAmfrReDzP2xRdaPJ3I6u1NOd48PknqAoZ0GD74LxYWJnARzfeLZHAQx00VpuhjbQUroKcX38/wQ/0Pbhh+l5G1r1yu1qVaO6Wy1PVefy4YXFVjA7dWqFu/0b3sgYNaPXc3xRjXHDybcP7pFzWEXLBeYqgJZzRQKZirMca2G3J6l+FRPNNbF5AfMS5P8Z5gOIZH9qtYNw+9bdyq53cS6yYR1TRFGW8XYaWHpcpXv1ETtvtpIXo9b4v+PESzofjhGfbKPOwx/U7Db6/+AqZbXJaB08f546no6vJ1LLZqaa5Ehvu3ItgdNrjJ3NG3tnKSmCYNFlri2DALS+2Qys2vK7tBqn5n63pxBrrPRLSKDnomMq7Aa91d3xyq+I1ZhMIFVhFmemZkidVglBjccJUIsDLnJLt0CCsBEDbg7bP49fSykk7ghOGaUgG4IXWvpBiQDHc4p+U8A1D0djJ5vHz3bPh4G1hgHr8xMl+BQONQynEknqtev0mCcto/+7I79I2Vj3G82Pl36ue2Oo5Utq8eTFf2gX8vgs/99uesA+h/xaf4f</diagram></mxfile>