<mxfile userAgent="Mozilla/5.0 (Windows NT 10.0; Win64; x64) AppleWebKit/537.36 (KHTML, like Gecko) Chrome/61.0.3163.100 Safari/537.36" version="7.4.7" editor="www.draw.io" type="github"><diagram id="da5ba89c-7447-61ff-c7d7-abc8e196db4a" name="Page-1">jZLBboMwDIafxveSUArHraPbZScOO2fgkqiBoDQdsKdfaEwpqioNRSL+bMfJbwPfN8O7FZ38NBVqYJtqAP4GjEUxS/xvImMguzgOoLaqoqAFFOoXCW6IXlSF51WgM0Y71a1hadoWS7diwlrTr8OORq+rdqLGB1CUQj/SL1U5GWjKdgv/QFXLuXKUZMHzLcpTbc2lpXrA+PH6BXcj5rPooWcpKtPfIZ4D31tjXNg1wx71pO0sW8g7PPHe7m2xdf9JYCHhR+gLPR3yHWQvkMaQJ5CxaeVbSA+QRVdXDNmB7u7GWS9/qG+NN157qRwWnSgnT++nwzPpGu2tyG+pHFqHw9MrRzch/IChadDZ0YdQwpako9HiZPZLn6KUmLzrUUJM0GjUt4MXefyGFJrNpRNX39248/wP</diagram></mxfile>