<mxfile userAgent="Mozilla/5.0 (Windows NT 10.0; Win64; x64) AppleWebKit/537.36 (KHTML, like Gecko) Chrome/61.0.3163.100 Safari/537.36" version="7.4.7" editor="www.draw.io" type="github"><diagram id="da5ba89c-7447-61ff-c7d7-abc8e196db4a" name="Page-1">zVVNc5wwDP01vnb4zC7HwpL00J720Pbogta4MYgxJuz219eAvCwlyXSmmUx9QXqSJetJNizM6vOD5m31BUtQLPDKMwsPLAj8KLiznxG5zMguimZAaFmS0wIc5S8g0CO0lyV0K0eDqIxs12CBTQOFWWFcaxzWbidU66wtF7ABjgVXW/SrLE01o/tgt+CfQIrKZfbvktnygxePQmPfUD4WhKdpzeaau1hUaFfxEocbKMxZmGlEM0v1OQM1cutom/fdv2C9nltDY/5mA/WpMxdXOpSWCVJRmwoFNlzlC5pO5cEYwLNaZWplRd+KNqe+fBvxD7FTv5PbTzDmQo3mvUELLdE/I7YUYz7PeIgXKyKow14X5EXTZbgWQF7xlU07pYA12MNYFw2KG/m0js5pXMTVb6HMCsTa8wxS6ieuegrK8h1LEpamLI9ZemBJvCF5TeFQSQPHlk/VDPZGrWmlBKANnF8nZVsubQjdvNF9dOqwDHfgEVbdDHbk/TtB8TMERSzdTwTtRnb2GcsTlhzYx+C/Y8r335Eql+s9uDpJpTJUqKe97pUK085ofIQbizctaxGal9LS6GwNNuNzIBTvOsrZgpa2atBjXtkIgq+v3KgUWMuC5LdoWBz9MdrbhvnB2zTMqsvTPNlu/n9h/hs=</diagram></mxfile>