<mxfile userAgent="Mozilla/5.0 (Windows NT 10.0; Win64; x64) AppleWebKit/537.36 (KHTML, like Gecko) Chrome/61.0.3163.100 Safari/537.36" version="7.4.7" editor="www.draw.io" type="github"><diagram id="da5ba89c-7447-61ff-c7d7-abc8e196db4a" name="Page-1">7Vpbc6s2EP41ekwGEBfxCL60D+1Mp6czbR8VW8GcYPAAiePz67srJGNuzsWY4542LxErIa2+3f12JUzobPv6U853m1+ztUiIZaxfCZ0TC/4cCv9Qcqgknm1XgiiP15XIrAVf4m9CCQ0lfY7XomgMLLMsKeNdU7jK0lSsyoaM53m2bw57zJLmqjseiY7gy4onXemf8brcVFJmebX8ZxFHG72y6fpVzwNfPUV59pyq9YhFH+Vf1b3lei610WLD19n+REQXhM7yLCur1vZ1JhLEVsNWvbcc6D3qnYu0fM8LlrJLUR703sUaoFCPWV5usihLebKopaHcn8AZDHjalNsEmiY0YdH88BfK7x39+Lca9lWU5UFZmj+XGYjq2X/Jsp2ao9IHlRjckhIV2XO+UqPUNkqeR0KP8o94gp+KbCtAGxiTi4SX8Utzeq4cJjqOq0GDhsJtAEPnOhg2EJSAvhfDxzhJZlmS5VIb7YE0LMo8exInPYb8g541LzZSG3wdnHKHSyRx+jSqRbyJLKLWfuHJs5qULDzi+yQMycIh4Zz4Dln4JDBJ2DVe0zT7TVyKLzsu97UHumuaS60k8lK8noenu29Fjo5SYV8zjWUofticsIxtXI6M6XagMe/hmSxcwmaE+TUs0PDnJADoliSELkYWjIQeCZYSTJuEpu7yUQLY+hTn8ReE2bIBrzsIOLzrW6rBXOyC+ZmJbwUgCfU8oL6blOiBO55CO8I2Doc1GSwLazISBH06yi5WDTYI81DZYEFCQ3cFUusQ26gIeAGVjYD4SxzMKPqFWh9gbKigxOv4pS06HWZpJH3YoK88TSkXkoBKnUzccs8GQLlA4tZF0pEbkOoC5syo4cLd2iSYY5c/k9h21jq/pSbSH8QDxA1IWoEEIVE2oyUXRfyNP8gBGFy7LE5L6c5OSJw5SJDWiorh8AWexFGKVCQecSqMsxjSdKDEJVIe7mEVp9Efkv/u7JGishOU1OkJSjpCUFruJxJIi6QH80mD2a+bhE2vh/PZRJyvF2+QvoWBHlj3pg7MuYwjH3OBbyhGCmwVs8G8a4ckgZpTvJ0Hmvgfyzp8iBJeFKq9yrbxSg8azMZD+fsSt9a1OVMOq93c6Pi5afX4uTNG8mFnTGTJ9AJkJvMDk6nmNGkDpYcBLlULpRmR82DwUnK+iywI/HXbZoxyvo7BXrovzVIxjnVt+23r0mtZ1++xrsy9aCsPSy7MWDrhtU1U7ONtwtNubfzvMYIC3bS7qPcWdMdTYB/savrf4XjL0whQOju/1zc9bc7Ok1LkKS9FiPgWHdsed/Iuczv91l6QQNZe0MASqKrGICCNO03Bsg8rPxsDGvwBGBlLIhvrDdal4CuU4wMnw4O21fvMN0bQ0IGg+TCMDpbaoSwEYRzrFmOTw+hNCKNt9cDoYG5g8gASaBi7sAEnVQ1IGz2ZY3LYzCndz6a9uCE48twBoYlet9SnKQkdHmoWNwDUlA5Gh6tLQ1WXx9Oth6e0UB5FwaHwBMzwANuT8/4rZUm76DTdCatOyrq4j3a6OndbN+HJSyXj04MXneyyrXulJMs9T3KvzGUsVHcXeO12kvm/8/2bLpqbzkmZ2XVO90rOqedoE3Azl1d3QupyaIZH1ao08M2bRdF23AlRNAfZ2bqHFOfyLW44fSh2g1dfLh44Q30HFhh9JdXAZdj/rF49mxOyutOTTX80VteHg1NadwZsMjqtO32lYXW1LWMDQqX33FFz1Y0yk2NOyUyfudq96rdB8RqXxymgXc9wQelxgT+qV3/DLwEn3GK0uIU5zSkqFdRbtT06E7XTktWap4qtzjxBnvPDyTD1oWJQ3zuzVeEqfYfUao/XetVuVWnw6duZvqtWCF15s4r3q6b8jnejIeraU4Zo3xXM8bgr7w784OQjaPcDY/e7wvGz6I0C7LAJAda/jbkdDhwxHRv9sH+M/j7MNlaLHekbbNMab7Nx2cYzx7TwuzPZGU8Y0cJ03ATXMtmlCc1p/ypkrIR2oYs59sgu9pl6/wZdTN+4Nlzs0l+qDZjEbWVV80quQpvr0LdcpTXeNUZ2Ffpj5JteV7n05xTfx8LuRRaGx/oXsdXw+mfHdPEP</diagram></mxfile>