<mxfile userAgent="Mozilla/5.0 (Windows NT 10.0; Win64; x64) AppleWebKit/537.36 (KHTML, like Gecko) Chrome/61.0.3163.100 Safari/537.36" version="7.4.7" editor="www.draw.io" type="github"><diagram id="da5ba89c-7447-61ff-c7d7-abc8e196db4a" name="Page-1">7VhNc9MwEP01OsL42/LRThw4wKnMAEc1Vh2BYmVkpWn59ezK6yRu3MJMgR5KJzNdP6318d7TSgmLF9u7d1bsNh9NIzWLguaOxUsWRWESZfAPkfsByZNkAFqrGko6AVfqhyQwIHSvGtlPEp0x2qndFFybrpNrN8GEteYwTbsxejrqTrTyArhaC32JflaN2wwoj/IT/l6qdjOOHGbF0HIt1t9ba/Ydjcei+Mb/Dc1bMfZFC+03ojGHMyiuWbywxrgh2t4tpEZuR9qG91aPtB7nbWXnfucF0ql39+PSZQNM0KOxbmNa0wldn9DKL09iBwE8bdxWQxhCCGPa+y+Iv03Hx6+U9k06d09Ci70zAJ16/2DMjvoY5oOTeHRFBPVmb9eURe5ywraSstIjm+BSabYSJgMpVmrh1O20d0F2aY95J8ogINbmGaShb4XeU6eszllRsKpidcqqJStSVhesDFmVXrA95fKwUU5e7YRf1gG21pRfGklaJ++eZudy3bQRU5rC4eTqKCAvbs4cnQTPZyadYSZhFffM5EgLXyAzxZKV0YszE6bZv6MmjOa5qVmZs5pjUBWszlgZML663KNaQyWUv+ZlSuKx2OBDq0XfU7w2W7Uek5w13+XCaGP9YHHg/6DlRml9hlNdg56saBSwPLZ1ppPP1IReiEkSkihKiguJwmhGovRPSBQ/ZV/v3arEoFjh57VKFPKX1Giu+HJW1riBQBoIivK/WKf9NNauFxFr7jzIWJUxzjHgIStfrzRJ8ZL7KJu9xEChK2KUpqgZT7xGC8YLbOLpeFLlqBoe51AbQ1avWLXwgo43nuMBT03+WEMk9RuTsyKiACoJ5cCEMw3rqxp1C2HrPMcD1O9Ed8TwhFzhCTlU5rKcm5Jv4tV4nOZjiQjGptInVxjjTODSFvugxFoByTzGaxyND1xOpkDwtX2IQOJk+g+MDVZxDxwse/VDXPsENOHOqM55VdOKpUtA8OLcD3dofEFo1XYQa3mDXaH/FHyHKQl2eKlGvtaqaz/5G/ab5JluPXcjn3Fj/CfcmM+4MfKWi97CvAJyEMiC5oJPQA4qvUlhJ5XLV1tIonxa48f68E/qCH9COX80VwkrM19J/D49/6YEGxPO6Gh1Bnp1sSxA8srvXFB38ZpP8OTBlfgvqguPp98hfNvZjz1x/RM=</diagram></mxfile>