<mxfile userAgent="Mozilla/5.0 (Windows NT 10.0; Win64; x64) AppleWebKit/537.36 (KHTML, like Gecko) Chrome/61.0.3163.100 Safari/537.36" version="7.5.3" editor="www.draw.io" type="github"><diagram id="da5ba89c-7447-61ff-c7d7-abc8e196db4a" name="function">7Vzdc6M2EP9rNH26G76RHsEf14d2ptPrTNtHYhObHgYXyCXpX1+tkIxBgnAJBic4czOHFyGk/e2udlcrkLk4PH3JguP+13QbxsjQtk/IXCLD0C3Dof8B5bmkuJZVEnZZtOWNKsLX6L+QEzVOfYi2YV5rWKRpXETHOnGTJkm4KWq0IMvSx3qz+zSuv/UY7EKJ8HUTxDL1z2hb7EsqNtyK/nMY7fbizbpDyjt3webbLksfEv4+ZJj37K+8fQhEX3yi+T7Ypo9nJHOFzEWWpkV5dXhahDHwVrCtfG7dcvc07ixMij4PGByXvHgWcw+3lBX8Z5oV+3SXJkG8qqg+m18IPWj01744xPRSp5f0pdnzX0D/bIuff/Nm/4RF8cyRDh6KlJKq3n9J0yPvQ54Bn1SePmQbPkY+6iLIdqFoxRGA4Z89x6f9JUwPIR0NbZCFcVBE3+tIB1xgdqd2FdPoBeebmocYd/IwSZOeTKuxjHFwG+R79gw0zOl0Cw+ku+qV0dYRjI0/v220oJSz+31RyIss/RYu0jjN2IxMjf29BR93Knz4YL4H8QPvFK1cRAjyfbSykb9ExEYrgjwd+bYEZR23x31UhF+PAZvoIzV+dSxbmfM9zIrwqXPe/K7J5fhZWEQuXY+VHTI0bj32ZzbI0t7OKd2RWWU4cQGSGH2nl7uCTbIk5ccgOdFWDiIO8gnnqEd5vEb+AhGvYi29IOUtF3hPTPbUCmFLdHmXnXfoWchbQodkgbBTdcgb09nUhqAclo2wh8garTDCJoys+2FKrs20IQwUw6KOeBbm0X/BHWsAAnJMo6RgENg+speUAmqWlxoHDwRxtEvodRzeQ1cgGBFdeDxOLkAFYQ6bKNn9wfTxk0Up92lSCIuii9+8V2sYybOtmuQZtiR4ukrwzAEED5ObCW2YUGEvazYUT2VDxWhqRtRA2Kbq/Jn2rzFVXoKOgZbTfxrTPQxKXNoGbyljHMfUowtftqt15E9OE/zYxUGe8+tNeog2olEr++8plmd07p8NY7z1pvU2ZSUyFEpkD2G9cQdGBsMII5/aVAcQodD4bm0hxNQqe/C2isigBNNLG6+hAUC5AHt63VDusmAbURjFPa7IAyBsuT0QNi+FMFEgbCEfM7Bc8GPwolpmmxjlj9EhDhSm9N2h0HSSiAyC0kk6xV0qFPjbfqcBZZDsKNOq/oVzdda/q+rerPcexEWYJUER+sDuXIL6NLFe6Ntq8FfIc5mCrpj7RQ2thjBVUO2TMMvsHhUPaop95o5RK+1h9jC12LJZfqvLS3rDKVwNmb1K+IbQIbNFh15gIzWizLEFO0ktIVM33+R6B86sbBJHZ6M7IhstQ8FGG9YKut4AtwQbm9LHTFR5QXl2DWzTxxQ/y1TyDZhjMeaYTOpYwAI8ZKyDgGp1BYwaU8DMdo9T4x4n8y/BO6Ec0pkqOiBQVFGBeWvVEjgXN6XpiBqjOqK6LjP+LJwL47v08QcTih8nsLN4kuU8sHM5bYLATlcoyauweu94DMd7/uhvkAqqVNJoRA621vAWS4HgT73JU7QUeTwID1y2ODNnB5e5T53lPs9cw+tIgjZYZVlyElR3Lma95PnfrJfQFsHhc+tFtKmslxhN05uSXXUfssxwsYBcVOnnE/1qJd4WG4pjSLytK7goEkfUSDnBASac3OXH1jy7A9kkXyTcPVXE1JZ5v7lofH0Y1UVTbfXM2g+wTdmyYXMyy6aKE8s9NqZbVNXKILrV1l2pZXOMMS2b0ynUry5vkNfzvkIaPkXFqQt6XfXQT0iHlscWX7WRYDVNXO+iHJPkq0odNR05t9FPi89L7UHwfNaM76q2j7dhSvlw20ZlqEdVCVX5/te637reXREycw8Sy3aWGJPZWdWmGTWybIMMtsl0yCRdqzHFqrTO5QIj9ybW7WJNFGKtTybWql2OU0aZpeehModV1JSCDtsdrmij3M4vG5OrVQbXGlEZRHx2PZ5FLyk1FVJqDx6+v2oNb4ZDuHsNbzS3iTXoGu52p7B/EN/e3mGHHLwe38GDGDUiphrAt/qMNumXJx1X3hx7YHnrDr+vVd4sRdAs1p5Ly9sn8YiAxLmMoDRCoRfkpLEmOcOGFiJH9M6WHaWYDF7MODq62Bg4cBSb6bc62JPouKrt0snOEriqnTVRlQA3eu2zSRjPJOUtpYN0xb7exVLeWrdL95JyvVsFUhSSu5MVkrtdZT1mqwLxQp+2yHMuCmTpkypQt486y9VJkcx0B/d/eytX+wkA7bOFeM3cGgpXIa1jQa4HDkatoagfbrGjcHNVLtueULmE0Cihsxl0rNAfzCGGHT9/eQyKzX62aDlkQrTEu2+W8GQJsaIwCE+W/9b1t0VS7x2Fi28QO3Xtu2AxI1bVeAnL6PSqTuI0ODNLO7oPOLecfx9ScUrYKz1NdiQGEo6ne2cVTpiwM8s22wfRzuqZyo6lk8Qvn042oB8wJv2fGWQuJxfbhZ0d8KxtRHy2N+TAI9QR4I8vVOfKLj/xmS5qrfUSYyxqwlorFc1F5WEy2A8XJ1bw8ieW01hBVFaJUlNeWCPswZ46dKAhrAjEZwKwFMCNCrCqpkzUeVoc4P4VZnPFsFdF28UwVH3NRGBoixAPswpctnPvWTcMXz7GPWrxLWn3aAzwaDRVoXpHpSerVSo/uEBbEkXx2UxQ7VVFfzFU25dP6/SJjGaVDQPTK097urAwliukp6i0mimGyqqey5XFdwf2H78KXlRi1srYJquCF6NR6JR5OgTcPMQmVW/eVIn7DmMeAibtzqbJd0ptAKf8SkCz3pZ9b4awXCeNLSCYkOLSuaJqiQ/aTYJq94GKD5b4FIc1xMGNHz2socu2VPjcU6REu2uH5l2+rSycnDB93f1d1o/vh9gyHOZYVT/0Z/UF3jJjXX3m2Fz9Dw==</diagram><diagram name="tp-function" id="05369921-09f9-8c21-3544-0356cc474ba8">7VtZc9s2EP41mD4lw5vgI6kjfWhnOk1n2j7CEi0xoUiVhC07v767OMQLVJRYhxPZ4xmDS2AJ7LcXgDVxJ5unDxXbrn8vl2lOHGv5RNwpcRzbcwL4g5RnSQk9TxJWVbZUnRrCx+xLqoiWoj5ky7TudORlmfNs2yUuyqJIF7xDY1VV7rrd7su8+9UtW6UDwscFy4fUv7MlX0sqdcKG/muardb6y3YQyTd3bPF5VZUPhfoecdx78SNfb5jmpRZar9my3LVI7oy4k6osuWxtniZpjrLVYpPj5iNv9/Ou0oIfM8BR0+DPeunpEiShHsuKr8tVWbB81lATsbwUGVjwtOabHJo2NOGb1fM/SH/v68d/VbdPKefPCmj2wEsgNdx/K8ut4jFcgFpTXT5UCzVHpUycVatU9VLyx9m3hqlFf0jLTQqTgQ5VmjOePXZxZkpdVvt+jcigoaRmlqB7UIJFWRwpso7AhPyWrF6LMdixhsXyGFW74Spo8wynpsYvez2A0np/LAY1r8rP6aTMy0qsyLXEzwvQCa+FjprLI8sfFFMyC0kUkSQhM58kUxL5ZBaR2CaJP0CyC9tunfH045aJde7A8XWhHJXNY1rx9OngutVbV2nxs/aGVD7vGh/kWMpzrFv+x7NeLil/KCknyDnqYfYIzRUXa5SkesuKPW0WkCggSaQEGoOI5ySZkChuJAuNSL4KUfSRK0bNCPU0y7uqzTD2SDxFhtGE0KBhqDrDYjpTME7LJzQm0ZzMKKEuzuzwYCB3VtrTBYCQdwGv0jr7wu5EB9SPbZkVXCDgJ8SfAgWNrJb2hgNYnq0KaOfpPbJCvcgg5sSKzNEAcQ2LrFj9JazxnQeU+7Lg2p/Y+llx9U6jeL7XUTytDC29s016555A74I3/9nzn+HQf9Jr+c/Q4D8dQn0w5ffA3hJmPEX7QguHX0vYHUUDln4hng4BznNI5NKvu9Qu7PtcCR9WOatr1V6Um2yhO43K/h6AbNFVWnYav233Hbc7NCDHYED+CQyIHoDIERBRkoA7DRAQQCYJOyGQgkOO8WMNUSCJXhc6z7EDIjlBV/q6kVxVbJkBivqdMuITAOyFRwDsngngyACwRxIqsAoxgaGTJsD2Iap32SZnBi/6w4HQz46iIQbG7Gi/2TKBoL72J+wiWbECoTX8dVbV4h+a2Ltd7iznaVUwniYo7nqA9H5hR4Gvd8R99GckDoWBzkTmBX7WIhQM1HqnvbJ4B/oBnjgRmRg46ZieOseNjkZR5xZDqRpRO4Xl2I5BeD66NnCP0Ii18PrCEiYlG+D1DI7v0lILLyk106ZJRhRLBX0R4jFCQPCwhR8KUEqxjyoZz01+6FZCRT8XcC6ZC9jDPWw7m07zu3L3jUc5P09ebRsSa1eBc/nM2j688Tkeqh8djtOJXg39A/fhjUE6vdzNt3oBW+qDGvWyYG3aLkGGFop4I6I2ledOtjh3agXn13EA1ROV5w0PoOzgXL5rmJu8+a69sURD3+X5V/Ndpi2Jj+E/EYd2kIjSRB31UU80JngWIPPVyH61Cu/re5xLKPx+tu0j15sOCVoAHS2/WoTWs+louTzrFikwKLfcIozq/SvV8sC5pJYfviD77ivGoW8/VknTp4zvWUC74XCcK7YulLf0zjtcl3ZZyEkN8pYBo35QD3t8RvIfcAjsudVNXW+Mz7e371HTHZuVY55Vo1Xy+9+bijmHs4krqN2ocrW9nY6sJ1aub8Wyv4elh7HsdfcjbxzLwWDX/K2vqfl36IR7OL7e4l2T3v929sRXyyv1bIwnT444eTpiNzXA+EZOngaO3jbs3s518uR6L7KtH9Z+fIP9XK3axTUUceztxx21H3WWO5at3or9ePY17eetDmJgW6bz2qtVQrjjpRDWe4+oW5E5SWQphIeXS1h5NMerc3wlSs1u1bZ8/5q2NV4igRaC0In7dPSGFLfyyXTL+GJ9s2gF0TXRit48Yc8TeoadoudcyxPquogbS/U0CGc/9wl6u+nz3VfpJRkdIyQkAdugYyvu6i0ZqbJVNKxJBUb3TEkr+O+h1FW4scwzPVFt7bbetep9aSRqgn28KKBWqyRXMh5U6n69+tdBPujHjh9zkrXsE+wQiyExr/ZJlIjykgCHQB6ghk9M1VvnX/iNxrTRY9BLxDTtrI2GFhJZsUVtUSDv4zEGnf4iDjRmuCdrVKmvL6ITjUkiizst5HGrAA+2bxcFePzkylG7g2+5ObpVDI+6qTobhuOnJw5GQ8t0kX3g9k9UW8uCeOgZGS4kbhRV4y37uVD1Dx/6//yX6vq+snPN5F1r8+AfOuK/heLSgdkYAByPcf3LMud8MQ4em/9DlpuL5p+93dn/</diagram><diagram id="e385e576-ca63-0be9-d894-d514f8382326" name="component">7Vzdc5s4EP9r9JiM+RaP+Cv30M50rjdzd4/EKJgWIx/g2Olff5KQzIeEixPZTlo6bUcIsYj97a52VysDa7Y5POThdv0ZRygF5iQ6AGsOTNODLvmfdrxUHbbhVB1xnkRVl1F3fE1+IN454b27JEJFa2CJcVom23bnCmcZWpWtvjDP8b497Amn7bduwxhJHV9XYSr3/p1E5brqhaZX9/+Bkngt3my4fnXnMVx9j3O8y/j7gGk9sT/V7U0oaPEPLdZhhPeNLmsBrFmOcVm1NocZSilrBduq55Y9d4/zzlFWDnnA5NMoX8Sno4hwgl/ivFzjGGdhuqh7p+zzECUwIVfrcpOSpkGa5J35yz+0/94Rl//yYd9QWb5woMNdiUlXTf0TxltOQ/4A/k0F3uUrPkebi0SYx4iP4vyns288xj/6AeENIpMhA3KUhmXy3MY55OISH8fVLCMNzjU1Bz37JAtR+oj3Z3KvxbualV9QnpDpoZyPKcj3lwGVdtKR4QyJvmVCZ8vpRGLEKg2LIllVnXyIcQYyRZnj72iGU5yzz7Qm7A+584SzkhMwbH7dGLdc8nGvxdazbgUun8xzmO44UbDwgO+D6RQsHDCdA98BCx8EBpg6khy0od6vkxJ93YbsQ/fEbLbhfyKINJjGrcYptvey8xnlJTqc5BS/a3G1eRHmF1bX+9romRNuqtYNg2dP3s5bR+at6aYl/eRtmJF2TNtg4QLfBVOf8zsgCCzBdAb8oGY8afjVLY8i41vsqQWAtiD5mDcJBjYI5pSgPwNkqToS5IPJzFtTUE7LATAA/hIsIIAWnZn8pj5yHTEhWJVtWchRkfwIH9kAivQWJ1nJWO1MgTMnPVRRC65y9DJN4oy0U/RESVEBSMhqFvDukioxnf8qyeK/mEbfCUUVhspQKLJ+CTNdScAM40IC5iuU1wZTyJTXo5oLZ7XodFEp9skmDTPZZB+XbHoRU6PK2yu8oeaV2+ZeY9mj5xfQZt8aps1Hb0TFbf62P4mbFWYx4U5NX4DUoO+pyFtt6mFK1rAsLNGU8rWQID1+2CCUhfR0YV6AwKPKSRrUeBClnwC4JAPvyD9mH9g9IgjEGkyZMSF6HED28BzA+e3NuT9YAIR2yYAoAXc0aJdhvIrvDgiYHaf2cwkg08SpxVWS2u7lB+S7d02+mwq+O3QZgw5jr+B7V76ZuasahMkfks/GVQXcUjC68jjchlwvGdMJi23GYkt0QoYEA4C6LYu3sVsH864qpZ6CeWTN9ZiUMjMBKxfaYC50wwpr8KU1rKVeey21bdkzNtwLMU8kE8aQ8ueeaDN0NDjfmrGjy3G7fuxoqPxP5fI3pYEKbcxoqFOtnb7xkePKjvY4QqKvoT1wTMhoTciYpqxV8GYZGTGbllZVKQLmXRJlqnycXj17pyuMa11xhREhme68r6woQ4UZHZLySIK0awrDTP9Et0DyR7/Q1EsNWjfGtgRqgkQ1Kf5UDYhEqOtfeB06lbZJdIjtCF8aw3hmqH++nfQLn27frEz1rGqpqt7/2lgdjo6NXtPsKEzzzRweVUaXmGYSLZE5kQY0QLB8t/YXii3Kq/go7qgIWhXBUyiCczNFUAW/x3wAS9HQ3Qu261CpBs0leGJMlZ2c01wCzU6TvxMx2P+FggLPltPTl3N44HtzeIa5NaL4oSHXIq7U7Oqc61kYHc8CnvYsOsMd39bqWZinPYsz8R3stJ6Qg1fjKyKcS7uy3Z05qMeTdfzOdo8mT/Zt8ua6llZ5s0T9zgeTN0shb9515O1OPNKBRLegdAK0n8hJZ01y9QY8lqFTTK637KjERLs7dXV0oT3Riq57Gt3f0YsfJF6Owlt3blbA53ojirpQdLX7LoOryeSYa18kqvIvVgIEJ43qMdW+JN9Gd2j8FcjBQ8VLURtstgWhWIdbOm5ziGl19P1TiverNcH1frNLy+QuwqvdhrFWGae9otyoL54j748SVAfWXMguUOdl290NU0V0Z/CtmWZ052qI7oTxaID/hYgX+ZopPsyTMM5wgVSy4NA6H9/hQhEECln4oMh3Ib5oZO+K7X4B/kQuNTA84zLgu6dd8d/RfovNFLGxcm6UoFqftUcJg/E1X6fcvCdKns/T9xNlvE1ao114hV3wFHucF7MLivotDiVlQgs9978dFjfuqrrqgAyw7e2hvimgv7+/b8hERet9lnbrXeJdy22h6Rgymo4if2vpABNKYC6ipHwgmrFVL+zD62wUGv8xdft63p5ldkTBta/n7Yk6xs4+Y7CkUNM9FIMV9kt7KAoxOQqFzQpH5F25EfkO8o7QZpExU5StiEyyduBlT4DBHABYNWZsSXfpyRyq+x4IXFZZznag6S7aT/F+Pwb77P3QMzAU59oEhgpDrjyVc+qcyGAQ5WX5E46TTK2enaN2o3qeaZj9K2qnKwGbEF8qQo9h3pOH6TsrMqJ8HsqmJSdbLgbzmC7VWroi7GzrwDOH9wan2WU/my+WgcV9K3pEbvSbzlVZQ6x7/QdhRcGS7nOwYoN+1FhNGqso2ridxkI5GlqjMELKNVc+vjbq7XlLreVcz6OC5qi4WhVXUdYAtR8cGIxuf36ykWde5SgsUSvP1UlEn3X6Zcx1vdkCuApn+2K5Ljh621pNAFScmPBuZwL6fwOnoeEFYWGSxX37UIptLqnW/Jfawrqd6quSnZdTfUUoJoP9kOLHMP2MioL+pN1wEZHO5YwiokVEoKEofbD0iAi5rH8ZsKpXrH990Vr8Dw==</diagram><diagram id="2b856191-8888-340e-5a40-8b1c0c8d52f5" name="Page-3">7VxZk6M2EP41qjztFiDOR/CxeUiqUtlUJXlkbMZmFxsHM9f++nTrMAYEw8xgmFk8tbUFjRBSf92t7lbLhM52j1+y8LD9PV1HCTG09SOhc2IYjmvD/0h44gRTtzhhk8VrTtILwtf4RySImqDexevoWGqYp2mSx4cycZXu99EqL9HCLEsfys1u06T81UO4iWqEr6swqVP/jtf5llNdwynov0bxZiu/rNsef3ITrr5vsvRuL75HDHrL/vjjXSj7EhM9bsN1+nBGogtCZ1ma5vxq9ziLEmStZBt/b9nw9DTuLNrnXV4wxDDyJzn1aA2cELdplm/TTboPk0VBDdj0IuxAg7ttvkvgUodL+Gb29A/SP1vy9l/R7FuU508C6PAuT4FU9P5bmh5EH/UJiDkd07tsJcZoCpEIs00kWgn+4+jPXhOT/hKluwgGAw2yKAnz+L6McyjEZXNqV7AMLgTX1BykrRzcp/uOLCsxjPFvHR637B1seITJ5j6KdtEroy1jHJp4f11pAZSz510xOOZZ+j2apUmasRlRjf29AR1nLHTEWO7D5E50ShYO8TwSBGRhkWBOPIssPOLrJLBqSJZhe9jGefT1ELJ5PoDdK0PZyJv7KMujx9Z5i6dUSPGTtIYuv38obJChCcuxPbM/pvZ2Tll1Thl2kqMcxvdwucnZHDnpeAj3J9rCJp5NAk8w1AcWL0kwI55fcBYuPP7IQdZ7lL21IK4pu7zJzjv0TeLPsUNvRmAxOXUoGsNkSkNQDssirk+8JVm4xKU4svaXgVyaaUUWAMK8DHgWHeMf4Q1rgPJxSON9zhCwAmLNgYJKduT6hi+ESbzZw3US3WJXKBcxrDm+IOeogDiHVbzf/MW08ZMJlNt0n0t7ost70avZj+BZZknwpDCcyZ2ukjvag9zZV/tZsZ9O3X66Y9lPR2E/DeJaoMqfoXuNqfEc9Qs1HP5pTO9cVGBuF/x5HeAkAUcuet6klmE/+Up4s0nC41Fcr9JdvJKNGnl/C0Ce0YVb1o/d1quGm9YVyFAokNWDArktEBkMIpcEYE5tBASQCZzSEuiCQfbxYwWRIYlWFxovsQEiOUNT+r6R3GThOgYU5TOhxD0AbDodAKYXAthTAGySwGVYOejAuLNiga1CdHyId0mosKIfDoSqd+TVMVB6R6dgSwWC+NqfEEWG+w0wrehfelVn/Tuq7mm59zDJo2wf5lGA7D7WkD5NrBP4MiKuor8gvsMUdME8L7CzGnFBQbVP0iqzZyAfYIkD5omBkfZd9jIY7LpVfqOz63WGUzoZdfYq4etDhXT9VVwEG8pcWjSTYAiZugVU6B26sXWLODQXnSG5aCi4aOFKAasNMktysSp7zELxC2DZO+CaPqjwUSXbkDcm4w1lMscCFWQh4xwGUovx+TSoeKmCde7JaMLZZK4leibAIJ3poY3iBFqKvFuq1r+puChVH9QY0gfV67mT8yguSm7ShxemEH+eeE5XBHRUgDN8RKe3B9zdofrocPTHevHqH5j/KRTSqMQMllZxFLk8iLfe5iSqwnSIDBy2MDM/x+X5Tp3lO8+cwveR+KywyjTriU/dvpTtcq+2q1lZvLrtMq3RbJcqFFY66QFmlvFihjko7uF7+rsVeEvuHw4h8IYqpJQZI7BRdrjDCe9vjofG3LqNaaRAJtl9VazUlG2/+mdieRjQPzMU8e+0vQDJgJJhG80pk6MpqSTfVmOqBZrGw+dGU/dODZttDGnY2vfiX13NUF/Ouwpp9Bjnpy7guuih2+qr9S2QDa5qJbVKqVvugg+q5qrWOqr6cU6lnwaXFwxC+HTWTOykNo+3YkrFcJtGZahHVUgV//5rvW9ZZHB1IFV21lLY2dG2M1VVDujLsI0x3B7TMYv0Xo2pq0rpXMyY9pUn+CmlWpHSMe3RpFoV/p9yySwvj7U4rIaGyzlucziyjXITnzf23q0uOOaQutCeIhjBsejmPsjS2TMplVFIzy7FS1fwajDktq/gleaWZ/a7gnt94tvZOWyRg1fjKyOJS7uMVA3gWz1Gy+uWJB1W3myrX3mTlSIfTd6oQt4GyqZ/kq9ISOzLCEolEHpGTiprkt1vYEH1PsVkuGVHJSa954wHR9c1eka3PQU3xcpXqpAcOtpuA1XVbch6BHzQaY+thvFE8t21XJCu2NO7VL6btqdkntOtD6s/imQLHe3sDVUlW6T+0Eb9ERU+TXHnVPTH1MfUn+upjJpuqap4Rktk0uaDGdpnk4hauSVWq2JOx8RED56DWmIhPz5iB9+mqluWNaZuNR/YQA1B6Fh1P1pDF3f7gvkhzFfbyaJle2Oi1Z4amqIlNBVpJ7P3tFPnE77tuZSf1dWTIFx8a9guK98FqxjllJSG0e5UlyRoeEIWOroNBbfs/+5SeSbY534mOwWDycbTs7PaJtdjJ5QttgeinVUy8Y5r54afP4tsYD9ox7q/08tcTg62g7s66FdbxAvYvpCNr4AfIF6fqc6SXX7iE13TGislhljTpLFWKppD+Pkx3AqX51Tc+S8sobHAmKwQpaq8sEauj9vp2IGGfUwV4Fr4NijAzZkrQ0QHLykumyqGnYrZLoZh82koQ4QJ/KC9JnbtffOK4fMntwctuzWbM2AGejSaqkS9pciTlSnxn1iAlp6iKmEiqHaqn78YqnYjqubpRzGqFTYMTJ+f8XRwYeQrpO9cMWyr6LkYhgq+T6r+XdZgloL43muDOsPRnBOjp6O/1cNrtbrNqybxe2Wd6MU0SXUmS0JnCOgAHP7LANVKW/YLMx7LdEJogbFELSydKqqmrCsfA1XrbVm1D5b2lMc05JGNF9ZFSRBKttQcy5Za7VVD0y7cVpZM9n7KpjNUxsS9EF2hOfpQmgO3xQ/t8nx18WPGdPE/</diagram><diagram id="adf3c762-3009-495e-12c1-77959e10490f" name="data-flow">7V1Lk6M4Ev41XCaiHbyExBFX2T2H6YiO7Y3Y3SNlUzYztvFg6jW/fiUh8ZCEDbbAdhV1qMBCCEmZ+eVDKWE4D9v372m4X/9IltHGsM3lu+E8GrYNkYf/k4KPvMC1QF6wSuNlXmSVBb/ifyJWaLLSl3gZHWoVsyTZZPG+XrhIdrtokdXKwjRN3urVnpNN/a37cBVJBb8W4UYu/U+8zNZ5KbJhWf57FK/W/M2W5+d3nsLFX6s0edmx9xm280z/8tvbkLfFBnpYh8vkrVLkzAznIU2SLL/avj9EGzK1fNry5+YNd4t+p9Eua/OAzbqRffChR0s8E+xnkmbrZJXsws2sLJ3S4UWkARP/WmfbDb608CV+Z/rxX1I+Afzn/1i1P6Ms+2CEDl+yBBeVrf+RJHvWhjwANqZD8pIuWB9dxhJhuopYLcZwpPeVx9igv0fJNsKdwRXSaBNm8WudziFjl1VRr5wyfMFmTT2DztEZjDZPyVvHyatNXTmTP6M0xr2LUlbngIefBYTZccEu2UW8bB6TzrJ2lrzGYhMeDvEiL2RVrA6EOWRp8lf0kGySlA7TMekfvvOc7DLWgOWy35V68zmrdy5pHXAt2rLOvIabF9aoMYOG7xvTqTEDxvTR8IEx843AMqZA4oM6qd/WcRb92od0oG8YNevkf8YUqUwaA41j0944na9RmkXvR2eK3XUYan1w9EX577cS82yTIdW6gneuefncAmluf/sN/zZmyJjOyRzPPMNHRjAnM43wZENj5tIpdygRAgO5tA6+ZZIL9GgEM3KBSYEs8pRvGj6egAf6oG/480qb+OLBQCapFrjkWVLyaCC70jggdfLGfY+0YHsbPAPTpxRfrTJKg7yEsDxVR5xM3t8vSV7BQfaT43nVIvYsfhHmIzxYPGSEecrmreGpyxvkFV1SMXBIRcxqAaJPzOiU4LHOSe/IBCB6gciw8ISRXuPmXd59PI65McWDfmjT62e0iBaLhl4HRmCf02vcC9pNQmP37AnFgmGru0YFk1Cue9dwCSKcgIcXQMoP9BZ6YLfwmHHzyCEcyJjHlyQei11WF+s0OsT/hE+0AhHafRLvMio1YGqAR1xCMPfA0JP83MSrHb7eRM+kKSLLMbZLAlacETyeHjCMxLvVvyk4f+OYy3WOpcDkPsBCxgqowAqgASs8BQ7nVKH8iCGA0MknAhzIFs3hLd5uwp2sfQvji/xYEf3IrhfJlmhKpmYb9V4DZPcw177TDpgLu1I12+xt/8IGc7hb4dkp23dlYqpoyY0d3nq4webILsyiKZnXg0TSYmCtqAzVVJ4RgSSIMSOIgWUvMAnm2eY3qi4oouN7RHDdUkyZTD8SUb66YvZa0/+DE7cdvXUIFzpr2rHapAZQroBQrhccJpD4P1a29zftcMBp9xXTjufSo6obEFNm6qu4m2JdfoHn+C6n2RqSvbmeqk10brJ7FbaeM0twSu0+DCCsEFFKUAJMqYF50XTrmLwhmdSyFJOHFS6kXEpRAuWukEVdoQoGa/CJNChSWFekrit7OJbX1+QdD658xdBAI0WrIQCLWRm1GACby+FjALw3AlArtF/uekDiY+V+GJYO7H/ecXxAkB4IwYDS447SozOwxiPwValyrydVcvinEqcANDASHJWzG9UwyHUHlBHvqIycHb6XBaUtM0fvcVY0ga/LFloxKdTNj+zRnyTsUtJM9K8dB9WbyPvEnirpITUE0cSFJkDIdoDtuxyzuLWBb1duWrD+klwSpZdgXAk/KtVYyKh5MPWx2GwsTV0WquM+ChyXv/9cJ54PcoRtTbCNFLB9tQURSxUsKKK6Hom7k+D6jWKzZfImBgFnOT48SsIFksCDBjVJcK8lCbYqrFAEC2j8xg/4igvigQbI65h8vcmhcWufrFWxyv4n8hh81x9O4AqmuRlrqBVfKwCe+5ya7aCuloUlWBbouGUhVEemKVDvMsvCPh5O6Uje1gbtETY4m7za9beaII6aft2t3Ho7wBeWgTQZsheyG0vB0sZuxxN7bpXdLIWW5Lqqb377xh9hJPG8fhhFcN5O8ImgkaCrl02Oh6luVemo2IQb91fWOpdQ1zJdTy95ZSPsqxvxrfiLR3JqMKSdv1pbhsfjZCMVO1DR0a5MWlNRThB5O8SKHLI8N4gk93FHSrlmyZbYAXG/AiRxSD6XPP3brjPCYR3uSb3t+4okwE+eN8nbYo3pOtm+bLL42zJZvGzp1CrdtDPykJrcOfz+ZRyVfjVjsh4SwKTFVMQs8qpzx0OgVefO0+HcyZGnn5i98GimyftjHK52ySFS8QIgGUA+4Bl+gYIX7pTyIol7dewBMk8TH1o9EX8MpYnE5gstfNGlhZtQ08VXWmkp2OaED3qGqebIEblWCMFKlvFrN9Boagj3s9rWCC7dwQV4co5Tb+DiKHKc6lnoJfV4yjm58S3P2g5wBdfdv8v56JPJpCkBXWSKKyeO67UTgF+Xec+UqQkUMWBHBzFtiZizZZx9x5KxV1sH7RN5FBJ/n7I9nMnocM+ryCBSCHZfJqOjytzyyAIlmle2d0jrMAo2KZiCbhyZyu7kSHlxIcisQ7rPt8tUKM/j0doJr9q359FdXTbbvENUumeggMo+NAKPZq7ne6jMFvS+HcDuvKbanoYeEqNrQLF+bimg/Ng2lNZUlFPE/khW8U4tn8KmzFE+uyKznBjdm3jK27libEwto6cwbYjmNG1GGancjcqFThyCzGMmmNb8F1Us9nqnHowRGa3EVWQJXI+4rhxJWUfhMlKis7yVagTlbqDsgOF0r3s8R2qU267puaqkxKutkPH9HIpQViUkuUijMItqIREhZtlpJ8YYFrkYAZAjO8e9hUVcrYlNnx8HFi/pKx15++OpVIcYaU/pbE1vRTREBoUDns94t2paxFCskUjJzp9q/eN6YOCrdpD1BgaKfXgysb9vkqdw8yM6HMi5ee1ZRNoZMrKIFhaxTL7zr8ojTk88AuXcmA42I72Nr3l8s0l9TKB0ZuAyPKwL5L223mDHeJ3UGx79MypbIScI2Ua5Sm9NzOK+qBwFVluCCC1bZ2ux1Mea2oH9rPN3zen0PGE1wNG7N8CVQ4qvL9F7Qz4QoKcD0UMrkKk6Qy5f9afG7nRO1oY0IdQiTJe94VLBLG0ZtJnFNUCWJyzpWwoLl4e0qoAFvcsBiy8u63NyscwWv3P71tRl4LIaJUqZg6JUDWMvgx9fhp+rhbCArjjHfeugJoI2eW1E/BrY+mwecLUzQYOOERBHXIPUtPkE8B3uxWv0qjJw0bknra2tT2ZsaUcuYF8Nui7acjIygC4GuI09uI6Aao5uy1l1DiE0fJcd2Iu9d3by8pws9JSevGgRM6N3nyaLiJirp7an6ziKteSSC01hDQav7QHB4JVT3fyeUmU4WN0lEZ8QcIEqzpKfQD0oEV1LzJewhyOiKl1xJOI5RKxbaMr1VV9BRKiBiMPEyiwAq+q7CCmpDPcvrNeBImemJ3eksxsheiuepdeNkDdL7sNssa6s294CbtySBpfAHwwH/t5FIavWuGEjZ8SNFrgxXBijM25AATfYhrqm8xGAL9bXe94fUPkPqhPhMN75+T66OUklGdHnFPrAAdFHlSIwhk8vAxGm0PuPewrb8sVtdLrinq6woKM5EMGn64T7U92Zc4N+0C0hihSRUO2qVX5FRgek6EKQT7icduEhyUMBiy0tqDgTUG+k7QlyRXBDWDTRfhay8B4ehNMGUhe59630Yqn1qlxu3YtqVLgijUzdNwNDnhFVpE214zpZ99lCEN60W8lB5zQZ4QBx/h5t7Kv6xNbd6dil9+QBBQ+y7wJe12r3Zau9Nx0LdeW5fCU0OuPgnJry9QfCLsHPPxu7XOE0DgB7wi7BP4BIs+ptt1A5Yld77HLrnKE8nKM37OoxzeXzwtll2AX7SWlQfBVFE3YBq27Oe047/6MzdoF6h5Gr9yxp2G5pd8Su9tjl1TlDuYOuN+zqM0Or2DUAqkJunJu7dR3Ea7vJ7jRLqPCrtsHhavvqoLzn4A6F+qYSNwSDxIdDCnU733ikYmcqKr4B09dCFmeYYa3Ke1jK0rkbrdwWU9NDE7v18bNwoD0BUHB+JUu0bQAbNPlKmgPYnuD2+0CvF40u2hfT1nSBR2yXG9/m2Y/lokoo4WXDWy78DOa7zNm4KVUHheUm/vmRIXSdYlvqqOtuUNdxaetb1yGznvbsn7lWC0C9HeT2pOqEKJGvOWCMLrIF9YUTr5yR0HULaOO+5laKjucVX2UDqLACAfr53jIQzjLgZ4Bp41vV6cWjI3rGqSlmXTuDAR1RpPq+PTIC2wimzLIiH3plB03QzxiN5DtBPm848vlDHJN430bWRbmxSHHeKaflFfwh9VfNkc+Ph8m/ynz6u1FfPeNUElnFof+9iazqg9znfPzrq+OuuDPNAwMS8SKfVnlyz4i7Fdzl2Wk1/7Sfr1F3NatdIfLpOXrX4PnQa/hws4bYLaG6BAiKZbneAEH9KRdy0jjkR5CaFXjnZ7mNRDxFRL83IuKfaUK+hFZKKjkH70eyjEiN/wM=</diagram></mxfile>