<mxfile userAgent="Mozilla/5.0 (Windows NT 10.0; Win64; x64) AppleWebKit/537.36 (KHTML, like Gecko) Chrome/61.0.3163.100 Safari/537.36" version="7.5.3" editor="www.draw.io" type="github"><diagram id="da5ba89c-7447-61ff-c7d7-abc8e196db4a" name="function">7Vzdc6M2EP9rNH26G74E4hH8cX1oZzq9zrR9JDax6WFwMbkk/eurFRIYJAiXYHCCMzc3eBFC2t/uane1ApmLw9OXLDjuf023YYwMbfuEzCUyDIfY9H8gPBcES8cFYZdF24KkV4Sv0X8hJ2qc+hBtw1OtYZ6mcR4d68RNmiThJq/RgixLH+vN7tO4/tZjsAslwtdNEMvUP6Ntvi+oxHAq+s9htNuLN+u2W9y5Czbfdln6kPD3IcO8Z3/F7UMg+uITPe2Dbfp4RjJXyFxkaZoXV4enRRgDawXbiufWLXfLcWdhkvd5wLD4OPJnMfdwS1nBf6ZZvk93aRLEq4rqs/mF0INGf+3zQ0wvdXpJX5o9/wX0z1j8/Js3+yfM82eOdPCQp5RU9f5Lmh55H/IM+KRO6UO24WPko86DbBeKVhwBGP7Zc3zaX8L0ENLR0AZZGAd59L2OdMAFZle2q5hGLzjf1DwkpJOHSZr0ZFqNZYyD2+C0Z89AwxOdbu6BdFe9Mto6grHx57eNFpRydr8vCqc8S7+FizROMzYjU2N/b8HHmQofPpjvQfzAO0UrB7ku8n20wshfIhejlYs8HflYgrKO2+M+ysOvx4BN9JHavjqWrcz5HmZ5+NQ5b37X5HL8LCwil67Hyg4ZGrce+zMbZGlv55Ruy6wy7DgHSYy+08tdziZZkE7HIClpKxu5NvJdzlGP8niN/AVyvYq19MItbjnAe9dkT60QsUSXd9l5h56FvCV06C4QXVHKDnljOpvaEJTDwoh4yF2jFUHEhJF1P0zJtZk2hIFimNcRz8JT9F9wxxqAgBzTKMkZBNhHeEkpoGanQuPggSCOdgm9jsN76AoEI6ILj8fJOaggzGETJbs/mD5+sijlPk1yYVF08Zv3ag0jediqSZ6BJcHTVYJnDiB4xL2Z0IYJFfayZkPJVDZUjKZmRA1EMFXnz7R/janyEnQMtJz+05juEVDiwjZ4SxnjOKYeXfiyXa0jXzpN8GMXB6cTv96kh2gjGrWy/55ieUbn/tkwxltvWm9TViJDoUR4COtNOjAyGEYE+dSm2oAIhcZ3agshoVbZg7dVRAYlmF7aeA0NAMoF2NPrhnKXBduIwijucUUeAGHL6YGweSmEXQXCFvIJA8sBP4YsqmW2idHpMTrEgcKUvjsUmk6SK4OgdJLKuEuFAn/b7zSgDJIdZVrVv3Cuzvp3VN2b9d6DOA+zJMhDH9h9kqAuJ9YLfawGf4U8hynoirlf1NBqiFAF1T4Js8zuUfGgpthn7hi10h5hD1OLLZvlt7q8bm84hashs1cJ3xA6ZLbo0AtspEaUObZgJ6klZOrmm1zvwJmVTeLobHRGZKNlKNiIYa2g6w1wS7CxKX3MRBUXlGfXwDZ9TPGzTCXfgDkWY47JpI4FLMBDxjoIqFZXwKgxBcxs9zg17nEy/xK8E8ohnamiDQJFFRWYt1YtgXNxU5qOqDGqI6rrMuPPwrkwvksffzCh+HECO4snWc4DO4fTJgjsdIWSvAqr947HcLznj/4GqaBKJY1G5IC1hrdYCAR/6k2eoqXI40F44LDFmTk7pMh96iz3eeYaXkcStMEqy5KToLp9Meslz/9mvYS2CA6fWy9Xm8p6idE0vSnZVfchywwXC8hFFX6+q1+txGOxoTiGxGNdwUWROKJGyg4OMOHk7nRszbPbkE3yRcLdU0VMbZn3m4vG14dRXTTVVs+s/QBsypaNmJNZNlWcWOyxMd2iqlYE0a227kotm22MadnsTqF+dXmDvJ73FdLwKcrLLuh11UM/IR1aHlt81UaC1TRJvYtiTJKvKnXUdOScRj8tPi+1B8HzWTO+q9o+3oYp5cNtG5WhHlUlVMX7X+t+63p3RcjMPUgi21nXmMzOqjbNqJFlG2SwTaZDJulajSlRpXUuFxg5N7FuF2tXIdb6ZGKt2uUoM8osPQ+VOayiphB02O5wRBvldn7R2L1aZXCsEZVBxGfX41n0klJTIaV48PD9VWt4Mxwi3Wt4ozl2rUHXcKc7hf2D+Pb2Djvk4PX4Dh7EqBEx1QC+1WfEbr886bjyZuOB5a07/L5WebMUQbNYey4tb5/EIwIS+zKC0giFXpCTxppkDxtaiBzRO1t2lGIyeDHj6OgSY+DAUWym3+pgS9FxVNulk50lcFQ7a6IqAW702meTMJ5JyltKB+mKfb2Lpby1bpfuJeV6twqkKCR3Jiskd7rKesxWBeKFPm2R51wUyNInVaBuH3WWq5MimekM7v/2Vq72EwDaZwvxmrk1FK5CWseCXA8cjFpDUT/cYkfh5qpcGE+oXEJolNBhBh0r9AdzSGDHz18eg3yzny1atjshWuLdN0tYWkKiKAwik+W/df1tkdR7R+HiG8R2XfsuWMxIVDVewjLavaqTOA3OzNKO7gPOLfvfh1ScEvYKT5MdiYGEY3nvrMKJuOzMMmb7INpZPVPRsXSS+OXTyQb0A8ak/zODzKV0sR3Y2QHPGiPXZ3tDNjxCHQH++EJ1ruzyE5/potZaLzHGoiastVLRHFQcJoP9cHFihSx/YjmNFURllSg15YU1Ih7sqUMHGiKKQHwmAEsB3KgAq2rKRJ2nxQHuX2E2Vwx7VbRdDEPV10wEhliEeIRV4LKde8+6YfjyMe5Ri2/ddo/GAI9GUxWqd1R6slql4oMLtKWrKD6bCaq9qugvhmr78mmVn8hoVtkwML3itKcDC2OxQnqKSquZYqis6rlcWXx3YP/xq+BFJWatjG2yKngxGoVOmeUh4OYhNql686ZK3HcY8xCw2+5smnynFAM4xVcCmvW27HszLst10tgCggkpLp0rqpb4oN0kqHYfqPhgiU9xWEMc3PjRwxq6bEuFzz1FSrS7dmje5dvKwskJ09fd32X9+H4IluEwx6r6oT+rL/AWGevqK8fm6n8=</diagram><diagram name="tp-function" id="05369921-09f9-8c21-3544-0356cc474ba8">7Vzdk5s2EP9rNH1KBhCfj+CP9qGd6TSdafvI2ZxNg8HFXHyXv767+jAGBCZnjJ3YN5kMLJJA+9td7a5WJnSyef05D7fr37JllBBDW74SOiWG4bg2/I+EN04wdYsTVnm85CS9JHyKv0aCqAnqS7yMdpWGRZYlRbytEhdZmkaLokIL8zzbV5s9Z0n1rdtwFTUInxZh0qT+FS+LNae6hlPSf4ni1Vq+Wbc9/uQpXHxe5dlLKt5HDPrM/vjjTSjHEhPdrcNltj8i0RmhkzzLCn61eZ1ECbJWso33m7c8PXx3HqVFnw6G+IziTU49WgInxG2WF+tslaVhMiupAZtehANocLcuNglc6nAJ78zf/kb6R0ve/iOa/RsVxZsAOnwpMiCVo/+aZVsxBv8e/IjWGQnSLnvJF6KVKWQkzFeRaOUduAlCGmWbCD4GmuRREhbxl+rooRCX1aFdyTK4EFxTc5B2cjDN0p4sqzCM8W8Z7tasDzbcwdwKH0W7HJXR5jF+mui/rLUAytHzvhjsijz7HE2yJMvZjKjG/oZExxkJHfHqL2HyIgYlM4d4HgkCMrNIMCWeRWYe8XUSWA0kq7Dt13ERfdqGbFp7sHtVKMWboryIXru505y36ECFFXmT1tDl9/vSBhmasBzrI/tjaudzympyyrCTAuUw/gKXq4LNkZN22zA90GY28WwSeIKhPrB4ToIJ8fySs3Dh8UcOst6jrNeMuKYc8ik/HtA3iT/FAb0JgcXkMKBoDJOpfILysyzi+sSbk5lLXIpf1t0ZyJWZ1mQBUC2qgOfRLv4aPrEGKB/bLE4LhoAVEGsKFFSyHdc37BAm8SqF6yR6xqFQVGJYc3xBLlABcQ6LOF39ybTxgwmU5ywtpD3R5b0Y1RxG8CyzInhSGI7kTlfJHR1A7uyH/TxlP52m/XRHsp+Own4axLVAlT/C8BpT4ynqF2o4/NOY3rmowNwu+NMmwEkCjlx02qRWYT/4SnizSsLdTlwvsk28kI1aef8MQB7RhVs2jN3W64abNhXIUCiQNYACuR0QGQwilwRgTm0EBJAJnMoS6IJB9vFlJZEhiVYXGs+xASI5QVN620iu8nAZA2TymVDiAQA2nR4A0wsB7CkANkngMqwcdGDcSbnA1iHa7eNNEiqs6HcHQt078poYKL2jQ7ClAkG87Q+IIsN0BUwrx5de1dH4jmp4Wh09TIooT8MiCpDduwbSh4n1Al9GxHX0Z8R3mILOmOcFdlYjLiio9kFaZfYM5AMsccA8MTDSvss6g8FuWuXhnd2WEEw6GU32KuEbQoV0/V1cBBvKXFo0k2AImboFVOgdurFNizg2F50xuWgouGjhSgGrDTJLcrEue8xC8Qtg2Q1wTR9V+KiSbcgbk/GGMpljgQqykHEOA6nZ9fk0qnipgnXuyWjC2WSuJXomwCCd6aGN4gRairybq9a/e3FR6j6oMaYPqjdzJ8dRXJQ8ZftvTCH+wPGcrgjoKFWjO3hEp3cH3P2h+sHgOIP1ouvvmP8pFdKoxQyWVnMUOfyi13lOoipMh8jAYQsz83Ncnu/UWb7zyCm8jcRnjVWm2Ux86valbJf7sF3foCxe03aZ1li2SxUKK530ADPLeDHBHBT38D39ZgXekvuHYwi8oQopZcYIbJQdbnDC6dNu25pbtzGNFMgku6+Kldqy7Q//TCwPI/pnhiL+fXgBFcMmOVIxbGM5ZfLlFZXk22pMtUDTePjcaupu1LDZxpiGrXsv/t3VDM3lvK+QRq9xcRgCrssR3rn6amrmn+uq1lKrlLrVIfg3NFzVxkB1P86pjdPi8oJBCN+Omomd1PbvrZlS8bltX2Wov6qUKv7+93rfssjg4UD2srOWws6OtZ2pqnJAX4ZtjOH2mI5ZpFs1pq4qpXMxYzpUnuA+pFqR0jHtsaRaFf4fcsksL4+1OKyGhss5bnM4so1yE5839m5WFxxzTF3oThFcwbF4p/sga2mPpFQ/t1DyXSt4PRhyu1fwWnPLM4ddwb0h8e3tHHbIwXD48tBicJeRqgE812O0vH5J0nHlzbaGlTdZKfLdyxtVyNtlsukfZBcJiX0ZQakFQifkpLYm2cMGFlQfUkyuuOyoxOTcnPHo6LrGwOh2p+Aela9E7orWdkrH2m2gqroNWY+AD3rtsTUwvpN8dyMXpCv29C6V76bdKZlTuvXj6I8i2ULHOntDVckWqT+0VX9EhU9b3Hkv+mPq19Sfx6mM07qlquIZK5FJ2w9maB9NImrl5litijkdExM9eA5qjoX8+IgdfLtX3bKsa+pW+4EN1BCEjlX3ozV0cbcvmG7DYrG+W7Rs75podaeGHpaQAdK0hOa5aafeJ3y7cyl34+qZLUp07tawXVW+C1YxSjFSGka7V12SoOEJWRjoORTMsf97yeSZYJ/7mewUDCYbD8+Oaptcj51QttgeiHZUycQHbpwbPn0W2cBx0I717zPIXA4OtoO7OuhXW8QL2L6QjV3ADxDdJ6qzZJef+J2uaa2VEmOsaabRoWgO4efHcCtcnlNxpz+xhMYMY7JSlOrywhq5Pm6n4wAajnGvADfCt1EBbs9cGSI6+JbisnvFsFcx28UwbD8NZYgwgR+018SuvW8+MDx9cnvUsluzPQNmoEejqUrUO4o8WZkS/4kFaOkpqhLuBNVe9fMXQ9VuRdU8/ChGvcKGgenzM54OLox8hfSdB4ZdFT0Xw1DB9/uuf5dHripB/Lm1Qb3haM+J0cPR3/rhtUbd5kOT+L2yTvRimqQ6kyWhMwR0AA7/ZYB6pS37hRmPZTohtMBYohGW3iuqpqwrvwaq1nlZte8s7SmPacgjG+fWRUlUKrbUHMmWWt1VQ4/C7dMlk+eesukNlfHwQlQHnGoVyhfSHLgtf2iX56vLHzOms/8B</diagram><diagram id="e385e576-ca63-0be9-d894-d514f8382326" name="component">7Vzdc5s4EP9r9JiM+RaP+Cv30M50rjdzd4/EKJgWIx/g2Olff5KQzIeEixPZTlo6bUcIsYj97a52VysDa7Y5POThdv0ZRygF5iQ6AGsOTNODLvmfdrxUHbbhVB1xnkRVl1F3fE1+IN454b27JEJFa2CJcVom23bnCmcZWpWtvjDP8b497Amn7bduwxhJHV9XYSr3/p1E5brqhaZX9/+Bkngt3my4fnXnMVx9j3O8y/j7gGk9sT/V7U0oaPEPLdZhhPeNLmsBrFmOcVm1NocZSilrBduq55Y9d4/zzlFWDnnA5NMoX8Sno4hwgl/ivFzjGGdhuqh7p+zzECUwIVfrcpOSpkGa5J35yz+0/94Rl//yYd9QWb5woMNdiUlXTf0TxltOQ/4A/k0F3uUrPkebi0SYx4iP4vyns288xj/6AeENIpMhA3KUhmXy3MY55OISH8fVLCMNzjU1Bz37JAtR+oj3Z3KvxbualV9QnpDpoZyPKcj3lwGVdtKR4QyJvmVCZ8vpRGLEKg2LIllVnXyIcQYyRZnj72iGU5yzz7Qm7A+584SzkhMwbH7dGLdc8nGvxdazbgUun8xzmO44UbDwgO+D6RQsHDCdA98BCx8EBpg6khy0od6vkxJ93YbsQ/fEbLbhfyKINJjGrcYptvey8xnlJTqc5BS/a3G1eRHmF1bX+9romRNuqtYNg2dP3s5bR+at6aYl/eRtmJF2TNtg4QLfBVOf8zsgCCzBdAb8oGY8afjVLY8i41vsqQWAtiD5mDcJBjYI5pSgPwNkqToS5IPJzFtTUE7LATAA/hIsIIAWnZn8pj5yHTEhWJVtWchRkfwIH9kAivQWJ1nJWO1MgTMnPVRRC65y9DJN4oy0U/RESVEBSMhqFvDukioxnf8qyeK/mEbfCUUVhspQKLJ+CTNdScAM40IC5iuU1wZTyJTXo5oLZ7XodFEp9skmDTPZZB+XbHoRU6PK2yu8oeaV2+ZeY9mj5xfQZt8aps1Hb0TFbf62P4mbFWYx4U5NX4DUoO+pyFtt6mFK1rAsLNGU8rWQID1+2CCUhfR0YV6AwKPKSRrUeBClnwC4JAPvyD9mH9g9IgjEGkyZMSF6HED28BzA+e3NuT9YAIR2yYAoAXc0aJdhvIrvDgiYHaf2cwkg08SpxVWS2u7lB+S7d02+mwq+O3QZgw5jr+B7V76ZuasahMkfks/GVQXcUjC68jjchlwvGdMJi23GYkt0QoYEA4C6LYu3sVsH864qpZ6CeWTN9ZiUMjMBKxfaYC50wwpr8KU1rKVeey21bdkzNtwLMU8kE8aQ8ueeaDN0NDjfmrGjy3G7fuxoqPxP5fI3pYEKbcxoqFOtnb7xkePKjvY4QqKvoT1wTMhoTciYpqxV8GYZGTGbllZVKQLmXRJlqnycXj17pyuMa11xhREhme68r6woQ4UZHZLySIK0awrDTP9Et0DyR7/Q1EsNWjfGtgRqgkQ1Kf5UDYhEqOtfeB06lbZJdIjtCF8aw3hmqH++nfQLn27frEz1rGqpqt7/2lgdjo6NXtPsKEzzzRweVUaXmGYSLZE5kQY0QLB8t/YXii3Kq/go7qgIWhXBUyiCczNFUAW/x3wAS9HQ3Qu261CpBs0leGJMlZ2c01wCzU6TvxMx2P+FggLPltPTl3N44HtzeIa5NaL4oSHXIq7U7Oqc61kYHc8CnvYsOsMd39bqWZinPYsz8R3stJ6Qg1fjKyKcS7uy3Z05qMeTdfzOdo8mT/Zt8ua6llZ5s0T9zgeTN0shb9515O1OPNKBRLegdAK0n8hJZ01y9QY8lqFTTK637KjERLs7dXV0oT3Riq57Gt3f0YsfJF6Owlt3blbA53ojirpQdLX7LoOryeSYa18kqvIvVgIEJ43qMdW+JN9Gd2j8FcjBQ8VLURtstgWhWIdbOm5ziGl19P1TiverNcH1frNLy+QuwqvdhrFWGae9otyoL54j748SVAfWXMguUOdl290NU0V0Z/CtmWZ052qI7oTxaID/hYgX+ZopPsyTMM5wgVSy4NA6H9/hQhEECln4oMh3Ib5oZO+K7X4B/kQuNTA84zLgu6dd8d/RfovNFLGxcm6UoFqftUcJg/E1X6fcvCdKns/T9xNlvE1ao114hV3wFHucF7MLivotDiVlQgs9978dFjfuqrrqgAyw7e2hvimgv7+/b8hERet9lnbrXeJdy22h6Rgymo4if2vpABNKYC6ipHwgmrFVL+zD62wUGv8xdft63p5ldkTBta/n7Yk6xs4+Y7CkUNM9FIMV9kt7KAoxOQqFzQpH5F25EfkO8o7QZpExU5StiEyyduBlT4DBHABYNWZsSXfpyRyq+x4IXFZZznag6S7aT/F+Pwb77P3QMzAU59oEhgpDrjyVc+qcyGAQ5WX5E46TTK2enaN2o3qeaZj9K2qnKwGbEF8qQo9h3pOH6TsrMqJ8HsqmJSdbLgbzmC7VWroi7GzrwDOH9wan2WU/my+WgcV9K3pEbvSbzlVZQ6x7/QdhRcGS7nOwYoN+1FhNGqso2ridxkI5GlqjMELKNVc+vjbq7XlLreVcz6OC5qi4WhVXUdYAtR8cGIxuf36ykWde5SgsUSvP1UlEn3X6Zcx1vdkCuApn+2K5Ljh621pNAFScmPBuZwL6fwOnoeEFYWGSxX37UIptLqnW/Jfawrqd6quSnZdTfUUoJoP9kOLHMP2MioL+pN1wEZHO5YwiokVEoKEofbD0iAi5rH8ZsKpXrH990Vr8Dw==</diagram><diagram id="2b856191-8888-340e-5a40-8b1c0c8d52f5" name="Page-3">7VxZk6M2EP41qjztFiDOR/CxeUiqUtlUJXlkbMZmFxsHM9f++nTrMAYEw8xgmFk8tbUFjRBSf92t7lbLhM52j1+y8LD9PV1HCTG09SOhc2IYjmvD/0h44gRTtzhhk8VrTtILwtf4RySImqDexevoWGqYp2mSx4cycZXu99EqL9HCLEsfys1u06T81UO4iWqEr6swqVP/jtf5llNdwynov0bxZiu/rNsef3ITrr5vsvRuL75HDHrL/vjjXSj7EhM9bsN1+nBGogtCZ1ma5vxq9ziLEmStZBt/b9nw9DTuLNrnXV4wxDDyJzn1aA2cELdplm/TTboPk0VBDdj0IuxAg7ttvkvgUodL+Gb29A/SP1vy9l/R7FuU508C6PAuT4FU9P5bmh5EH/UJiDkd07tsJcZoCpEIs00kWgn+4+jPXhOT/hKluwgGAw2yKAnz+L6McyjEZXNqV7AMLgTX1BykrRzcp/uOLCsxjPFvHR637B1seITJ5j6KdtEroy1jHJp4f11pAZSz510xOOZZ+j2apUmasRlRjf29AR1nLHTEWO7D5E50ShYO8TwSBGRhkWBOPIssPOLrJLBqSJZhe9jGefT1ELJ5PoDdK0PZyJv7KMujx9Z5i6dUSPGTtIYuv38obJChCcuxPbM/pvZ2Tll1Thl2kqMcxvdwucnZHDnpeAj3J9rCJp5NAk8w1AcWL0kwI55fcBYuPP7IQdZ7lL21IK4pu7zJzjv0TeLPsUNvRmAxOXUoGsNkSkNQDssirk+8JVm4xKU4svaXgVyaaUUWAMK8DHgWHeMf4Q1rgPJxSON9zhCwAmLNgYJKduT6hi+ESbzZw3US3WJXKBcxrDm+IOeogDiHVbzf/MW08ZMJlNt0n0t7ost70avZj+BZZknwpDCcyZ2ukjvag9zZV/tZsZ9O3X66Y9lPR2E/DeJaoMqfoXuNqfEc9Qs1HP5pTO9cVGBuF/x5HeAkAUcuet6klmE/+Up4s0nC41Fcr9JdvJKNGnl/C0Ce0YVb1o/d1quGm9YVyFAokNWDArktEBkMIpcEYE5tBASQCZzSEuiCQfbxYwWRIYlWFxovsQEiOUNT+r6R3GThOgYU5TOhxD0AbDodAKYXAthTAGySwGVYOejAuLNiga1CdHyId0mosKIfDoSqd+TVMVB6R6dgSwWC+NqfEEWG+w0wrehfelVn/Tuq7mm59zDJo2wf5lGA7D7WkD5NrBP4MiKuor8gvsMUdME8L7CzGnFBQbVP0iqzZyAfYIkD5omBkfZd9jIY7LpVfqOz63WGUzoZdfYq4etDhXT9VVwEG8pcWjSTYAiZugVU6B26sXWLODQXnSG5aCi4aOFKAasNMktysSp7zELxC2DZO+CaPqjwUSXbkDcm4w1lMscCFWQh4xwGUovx+TSoeKmCde7JaMLZZK4leibAIJ3poY3iBFqKvFuq1r+puChVH9QY0gfV67mT8yguSm7ShxemEH+eeE5XBHRUgDN8RKe3B9zdofrocPTHevHqH5j/KRTSqMQMllZxFLk8iLfe5iSqwnSIDBy2MDM/x+X5Tp3lO8+cwveR+KywyjTriU/dvpTtcq+2q1lZvLrtMq3RbJcqFFY66QFmlvFihjko7uF7+rsVeEvuHw4h8IYqpJQZI7BRdrjDCe9vjofG3LqNaaRAJtl9VazUlG2/+mdieRjQPzMU8e+0vQDJgJJhG80pk6MpqSTfVmOqBZrGw+dGU/dODZttDGnY2vfiX13NUF/Ouwpp9Bjnpy7guuih2+qr9S2QDa5qJbVKqVvugg+q5qrWOqr6cU6lnwaXFwxC+HTWTOykNo+3YkrFcJtGZahHVUgV//5rvW9ZZHB1IFV21lLY2dG2M1VVDujLsI0x3B7TMYv0Xo2pq0rpXMyY9pUn+CmlWpHSMe3RpFoV/p9yySwvj7U4rIaGyzlucziyjXITnzf23q0uOOaQutCeIhjBsejmPsjS2TMplVFIzy7FS1fwajDktq/gleaWZ/a7gnt94tvZOWyRg1fjKyOJS7uMVA3gWz1Gy+uWJB1W3myrX3mTlSIfTd6oQt4GyqZ/kq9ISOzLCEolEHpGTiprkt1vYEH1PsVkuGVHJSa954wHR9c1eka3PQU3xcpXqpAcOtpuA1XVbch6BHzQaY+thvFE8t21XJCu2NO7VL6btqdkntOtD6s/imQLHe3sDVUlW6T+0Eb9ERU+TXHnVPTH1MfUn+upjJpuqap4Rktk0uaDGdpnk4hauSVWq2JOx8RED56DWmIhPz5iB9+mqluWNaZuNR/YQA1B6Fh1P1pDF3f7gvkhzFfbyaJle2Oi1Z4amqIlNBVpJ7P3tFPnE77tuZSf1dWTIFx8a9guK98FqxjllJSG0e5UlyRoeEIWOroNBbfs/+5SeSbY534mOwWDycbTs7PaJtdjJ5QttgeinVUy8Y5r54afP4tsYD9ox7q/08tcTg62g7s66FdbxAvYvpCNr4AfIF6fqc6SXX7iE13TGislhljTpLFWKppD+Pkx3AqX51Tc+S8sobHAmKwQpaq8sEauj9vp2IGGfUwV4Fr4NijAzZkrQ0QHLykumyqGnYrZLoZh82koQ4QJ/KC9JnbtffOK4fMntwctuzWbM2AGejSaqkS9pciTlSnxn1iAlp6iKmEiqHaqn78YqnYjqubpRzGqFTYMTJ+f8XRwYeQrpO9cMWyr6LkYhgq+T6r+XdZgloL43muDOsPRnBOjp6O/1cNrtbrNqybxe2Wd6MU0SXUmS0JnCOgAHP7LANVKW/YLMx7LdEJogbFELSydKqqmrCsfA1XrbVm1D5b2lMc05JGNF9ZFSRBKttQcy5Za7VVD0y7cVpZM9n7KpjNUxsS9EF2hOfpQmgO3xQ/t8nx18WPGdPE/</diagram><diagram id="adf3c762-3009-495e-12c1-77959e10490f" name="data-flow">7V1Lk6M4Ev41XCaiHbyExBFX2T2H6YiO7Y3Y3SNlUzYztvFg6jW/fiUh8ZCEDbbAdhV1qMBCCEmZ+eVDKWE4D9v372m4X/9IltHGsM3lu+E8GrYNkYf/k4KPvMC1QF6wSuNlXmSVBb/ifyJWaLLSl3gZHWoVsyTZZPG+XrhIdrtokdXKwjRN3urVnpNN/a37cBVJBb8W4UYu/U+8zNZ5KbJhWf57FK/W/M2W5+d3nsLFX6s0edmx9xm280z/8tvbkLfFBnpYh8vkrVLkzAznIU2SLL/avj9EGzK1fNry5+YNd4t+p9Eua/OAzbqRffChR0s8E+xnkmbrZJXsws2sLJ3S4UWkARP/WmfbDb608CV+Z/rxX1I+Afzn/1i1P6Ms+2CEDl+yBBeVrf+RJHvWhjwANqZD8pIuWB9dxhJhuopYLcZwpPeVx9igv0fJNsKdwRXSaBNm8WudziFjl1VRr5wyfMFmTT2DztEZjDZPyVvHyatNXTmTP6M0xr2LUlbngIefBYTZccEu2UW8bB6TzrJ2lrzGYhMeDvEiL2RVrA6EOWRp8lf0kGySlA7TMekfvvOc7DLWgOWy35V68zmrdy5pHXAt2rLOvIabF9aoMYOG7xvTqTEDxvTR8IEx843AMqZA4oM6qd/WcRb92od0oG8YNevkf8YUqUwaA41j0944na9RmkXvR2eK3XUYan1w9EX577cS82yTIdW6gneuefncAmluf/sN/zZmyJjOyRzPPMNHRjAnM43wZENj5tIpdygRAgO5tA6+ZZIL9GgEM3KBSYEs8pRvGj6egAf6oG/480qb+OLBQCapFrjkWVLyaCC70jggdfLGfY+0YHsbPAPTpxRfrTJKg7yEsDxVR5xM3t8vSV7BQfaT43nVIvYsfhHmIzxYPGSEecrmreGpyxvkFV1SMXBIRcxqAaJPzOiU4LHOSe/IBCB6gciw8ISRXuPmXd59PI65McWDfmjT62e0iBaLhl4HRmCf02vcC9pNQmP37AnFgmGru0YFk1Cue9dwCSKcgIcXQMoP9BZ6YLfwmHHzyCEcyJjHlyQei11WF+s0OsT/hE+0AhHafRLvMio1YGqAR1xCMPfA0JP83MSrHb7eRM+kKSLLMbZLAlacETyeHjCMxLvVvyk4f+OYy3WOpcDkPsBCxgqowAqgASs8BQ7nVKH8iCGA0MknAhzIFs3hLd5uwp2sfQvji/xYEf3IrhfJlmhKpmYb9V4DZPcw177TDpgLu1I12+xt/8IGc7hb4dkp23dlYqpoyY0d3nq4webILsyiKZnXg0TSYmCtqAzVVJ4RgSSIMSOIgWUvMAnm2eY3qi4oouN7RHDdUkyZTD8SUb66YvZa0/+DE7cdvXUIFzpr2rHapAZQroBQrhccJpD4P1a29zftcMBp9xXTjufSo6obEFNm6qu4m2JdfoHn+C6n2RqSvbmeqk10brJ7FbaeM0twSu0+DCCsEFFKUAJMqYF50XTrmLwhmdSyFJOHFS6kXEpRAuWukEVdoQoGa/CJNChSWFekrit7OJbX1+QdD658xdBAI0WrIQCLWRm1GACby+FjALw3AlArtF/uekDiY+V+GJYO7H/ecXxAkB4IwYDS447SozOwxiPwValyrydVcvinEqcANDASHJWzG9UwyHUHlBHvqIycHb6XBaUtM0fvcVY0ga/LFloxKdTNj+zRnyTsUtJM9K8dB9WbyPvEnirpITUE0cSFJkDIdoDtuxyzuLWBb1duWrD+klwSpZdgXAk/KtVYyKh5MPWx2GwsTV0WquM+ChyXv/9cJ54PcoRtTbCNFLB9tQURSxUsKKK6Hom7k+D6jWKzZfImBgFnOT48SsIFksCDBjVJcK8lCbYqrFAEC2j8xg/4igvigQbI65h8vcmhcWufrFWxyv4n8hh81x9O4AqmuRlrqBVfKwCe+5ya7aCuloUlWBbouGUhVEemKVDvMsvCPh5O6Uje1gbtETY4m7za9beaII6aft2t3Ho7wBeWgTQZsheyG0vB0sZuxxN7bpXdLIWW5Lqqb377xh9hJPG8fhhFcN5O8ImgkaCrl02Oh6luVemo2IQb91fWOpdQ1zJdTy95ZSPsqxvxrfiLR3JqMKSdv1pbhsfjZCMVO1DR0a5MWlNRThB5O8SKHLI8N4gk93FHSrlmyZbYAXG/AiRxSD6XPP3brjPCYR3uSb3t+4okwE+eN8nbYo3pOtm+bLL42zJZvGzp1CrdtDPykJrcOfz+ZRyVfjVjsh4SwKTFVMQs8qpzx0OgVefO0+HcyZGnn5i98GimyftjHK52ySFS8QIgGUA+4Bl+gYIX7pTyIol7dewBMk8TH1o9EX8MpYnE5gstfNGlhZtQ08VXWmkp2OaED3qGqebIEblWCMFKlvFrN9Boagj3s9rWCC7dwQV4co5Tb+DiKHKc6lnoJfV4yjm58S3P2g5wBdfdv8v56JPJpCkBXWSKKyeO67UTgF+Xec+UqQkUMWBHBzFtiZizZZx9x5KxV1sH7RN5FBJ/n7I9nMnocM+ryCBSCHZfJqOjytzyyAIlmle2d0jrMAo2KZiCbhyZyu7kSHlxIcisQ7rPt8tUKM/j0doJr9q359FdXTbbvENUumeggMo+NAKPZq7ne6jMFvS+HcDuvKbanoYeEqNrQLF+bimg/Ng2lNZUlFPE/khW8U4tn8KmzFE+uyKznBjdm3jK27libEwto6cwbYjmNG1GGancjcqFThyCzGMmmNb8F1Us9nqnHowRGa3EVWQJXI+4rhxJWUfhMlKis7yVagTlbqDsgOF0r3s8R2qU267puaqkxKutkPH9HIpQViUkuUijMItqIREhZtlpJ8YYFrkYAZAjO8e9hUVcrYlNnx8HFi/pKx15++OpVIcYaU/pbE1vRTREBoUDns94t2paxFCskUjJzp9q/eN6YOCrdpD1BgaKfXgysb9vkqdw8yM6HMi5ee1ZRNoZMrKIFhaxTL7zr8ojTk88AuXcmA42I72Nr3l8s0l9TKB0ZuAyPKwL5L223mDHeJ3UGx79MypbIScI2Ua5Sm9NzOK+qBwFVluCCC1bZ2ux1Mea2oH9rPN3zen0PGE1wNG7N8CVQ4qvL9F7Qz4QoKcD0UMrkKk6Qy5f9afG7nRO1oY0IdQiTJe94VLBLG0ZtJnFNUCWJyzpWwoLl4e0qoAFvcsBiy8u63NyscwWv3P71tRl4LIaJUqZg6JUDWMvgx9fhp+rhbCArjjHfeugJoI2eW1E/BrY+mwecLUzQYOOERBHXIPUtPkE8B3uxWv0qjJw0bknra2tT2ZsaUcuYF8Nui7acjIygC4GuI09uI6Aao5uy1l1DiE0fJcd2Iu9d3by8pws9JSevGgRM6N3nyaLiJirp7an6ziKteSSC01hDQav7QHB4JVT3fyeUmU4WN0lEZ8QcIEqzpKfQD0oEV1LzJewhyOiKl1xJOI5RKxbaMr1VV9BRKiBiMPEyiwAq+q7CCmpDPcvrNeBImemJ3eksxsheiuepdeNkDdL7sNssa6s294CbtySBpfAHwwH/t5FIavWuGEjZ8SNFrgxXBijM25AATfYhrqm8xGAL9bXe94fUPkPqhPhMN75+T66OUklGdHnFPrAAdFHlSIwhk8vAxGm0PuPewrb8sVtdLrinq6woKM5EMGn64T7U92Zc4N+0C0hihSRUO2qVX5FRgek6EKQT7icduEhyUMBiy0tqDgTUG+k7QlyRXBDWDTRfhay8B4ehNMGUhe59630Yqn1qlxu3YtqVLgijUzdNwNDnhFVpE214zpZ99lCEN60W8lB5zQZ4QBx/h5t7Kv6xNbd6dil9+QBBQ+y7wJe12r3Zau9Nx0LdeW5fCU0OuPgnJry9QfCLsHPPxu7XOE0DgB7wi7BP4BIs+ptt1A5Yld77HLrnKE8nKM37OoxzeXzwtll2AX7SWlQfBVFE3YBq27Oe047/6MzdoF6h5Gr9yxp2G5pd8Su9tjl1TlDuYOuN+zqM0Or2DUAqkJunJu7dR3Ea7vJ7jRLqPCrtsHhavvqoLzn4A6F+qYSNwSDxIdDCnU733ikYmcqKr4B09dCFmeYYa3Ke1jK0rkbrdwWU9NDE7v18bNwoD0BUHB+JUu0bQAbNPlKmgPYnuD2+0CvF40u2hfT1nSBR2yXG9/m2Y/lokoo4WXDWy78DOa7zNm4KVUHheUm/vmRIXSdYlvqqOtuUNdxaetb1yGznvbsn7lWC0C9HeT2pOqEKJGvOWCMLrIF9YUTr5yR0HULaOO+5laKjucVX2UDqLACAfr53jIQzjLgZ4Bp41vV6cWjI3rGqSlmXTuDAR1RpPq+PTIC2wimzLIiH3plB03QzxiN5DtBPm848vlDHJN430bWRbmxSHHeKaflFfwh9VfNkc+Ph8m/ynz6u1FfPeNUElnFof+9iazqg9znfPzrq+OuuDPNAwMS8SKfVnlyz4i7Fdzl2Wk1/7Sfr1F3NatdIfLpOXrX4PnQa/hws4bYLaG6BAiKZbneAEH9KRdy0jjkR5CaFXjnZ7mNRDxFRL83IuKfaUK+hFZKKjkH70eyjEiN/wM=</diagram></mxfile>