<mxfile userAgent="Mozilla/5.0 (Windows NT 10.0; Win64; x64) AppleWebKit/537.36 (KHTML, like Gecko) Chrome/61.0.3163.100 Safari/537.36" version="7.4.7" editor="www.draw.io" type="github"><diagram id="da5ba89c-7447-61ff-c7d7-abc8e196db4a" name="Page-1">7VhNb9s4EP01c9xCIvVBHSlZ7l72lAX2zNqMTFQWDZmJk/z6naEo27KVZBcNahSpYcCjNxQ/3psZkgZebZ++9mq3+cuudQssWj8BXwBjccIy/CHkeUDyJBmApjfr0OgE3JkXHcAooA9mrfeThs7a1pndFFzZrtMrN8FU39vDtNm9baej7lSjr4C7lWqv0X/M2m0GVLD8hP+pTbMZR46zYvB8U6vvTW8fujAeMH7vP4N7q8a+wkL3G7W2hzOI18Cr3lo3WNunSrfE7Ujb8N7yFe9x3r3u3H95IcjyqNqHsHSocygKKEuoUygXUKRQFyBjKNMwZfc80uQXqqmrCHh52Bin73ZqRd4DBgZiG7dt8SlGM4yke6efXp1tfOQAY0vbrXb9MzYJYZSGKRxOmrAoMLk50yMJmAph0Bx7OlGBRmBjnpl0hpkESuGZyYkWUREzxQIkux0z4QVehCUHppIs+nlUxWyeqxpkDrUgoyygzkBGIJZXXGFnmNf6fZ6mpB5Thx6aVu33wV7ZrVmNjVxvv+vKtrb3g/HIf9Bzb9r2DA9Zij31am2Q9dHX2U5/jEZxMtUoZdcaxWxGo/QjNOJvxbMP5lKSUSzp+1k1YsUtNZqrxgJkTRmE0qBRyN9iHcVKxlPFTcSa2yAyKDMQggwRg/y80mTRLfMou5Im/oLPtG9jtSs46VPUIBIvVAWiIJdIx/0qJ+lok8cCGUO9hLLyqo7noOO2H1x+cyMk9dkpoGDBENnYBmedtY5k2qkO7YZsvykuaVMcarGUc+N7lyjHHTQfi0I0uqRvXJJNw+K5jXtDUnXAxoLTSS6Mj+xNphDgtXm8hM6bsYFAXGbmN3N/NpTDHlKC5H5OGPJvsFT5BSQgF750VZ6c69ev5n1J4CsLQHiyhovMw1h2Fymm9+ZFffMNKEt21nTOh11aQrpARD04ux8uJ/SCak3Tod3qe+qKEsTgnUEG2NndQNrKdM3f9LD4I/nBdDpLF57MpAv/iHTJZyoZ8+nAvsSj7AtSgyTFbxSiWyYhIuTi01Y6ll9Uup9Z6MQbyvmzQ4nplvkq58vK+d0O6wgeItjyDPTqUlZi46UvNBnl6Wc+YvDsduoWbx3Z372C7g9m2ypPxK8qwvPFxem9y+z4/8D/YB0fT/+2eN/ZX1q8/hc=</diagram></mxfile>