<mxfile modified="2019-01-09T03:53:31.670Z" host="www.draw.io" agent="Mozilla/5.0 (Windows NT 10.0; Win64; x64) AppleWebKit/537.36 (KHTML, like Gecko) Chrome/71.0.3578.98 Safari/537.36" version="10.0.25" etag="Gm3QAkx0LoVSIFEYxJ_j" type="github"><diagram id="4YtLa3FjxnTh3QXPV6rc" name="小程序登录">7Vpbk5s2FP41mmkfNgPi/gheaNpp+7LtJNs3GRRDgxED8tqbX18dIQwYb0K2trGT5GEjjoSMzqfznYuEjMV690tFyvQPltAcYS3ZIeMeYaxblin+A8lzI3Et3AhWVZaoQZ3gIftElVBT0k2W0HowkDOW86wcCmNWFDTmAxmpKrYdDvvA8uGvlmRFR4KHmORj6bss4alaBXY6+VuardL2l3Xba3rWpB2sVlKnJGHbnsgIkbGoGONNa71b0ByU1+qlYiSOrbI2yo937/1/8pD+/faumSz6mlf2S6howU87NbbV2vhzqzCaCP2pR1bxlK1YQfKwkwYV2xQJhWk18ZTydS6aumjSXcbfg/iNpZ4e256CV8+9Lnh8VBP8Szl/VhuHbDgTou53f2esVHM0Xwqfd4DsF9SixtVsU8X0c7pQu5NUK/q5+dw99sJoKFtTsRbxXkVzwrOn4ccRtXtX+3EdQqKhQPoawJp5n0i+Ub+EQg95C+RqKHSRbyNXR6GDPA8FAQotFNwjz4KGGBP4KLShy48QtnOxyGBZidaK79Xb2wgdzKD9bZpx+lASqcKt4Ioh9OqzaMXp7hXwjNWpZjFa61P0Y6vHbWfLejsk7dlxO+7kAOjGWSymZy89E7lyi7EmWoz+AsaXMRn9LBynf9uIWXMiZo1JTtFVWdGOrxpRXZJiLxP05huSCwXPRcgXM2mbImPFr4loSakL7Ad8qAFbCqoUPOnpIPFD5PnAokGEXAcGux5y5aQNeY44s0wFcD7MjCOxDrFnuGgtSU03NRWjojil8ccyZQVtXxbCwRd34sHaXuRibT4uxrY14GJDG5OxEI7J2DwXGbdR3I/wRYUlE0x7Vss29HMANuRiPCTjAV5N561Bhr05MXOPhJyWpMZ7oE8/kITqIjdEgSO7IuTZfeK9hcBSd5w31tyxpf56xycifQ00D4i40mtZ4LIayTAb+EkB8/PYof1Gnsjeo+3iXQ67C0fKm+VslRWncmQzYn8AveEcSSq8iwJvjoB/nJChCbXwocYqWmefyFIOAOYrWVZw+bVWgKx7IQG+qxvqgxdInq0K0c7pB5gKdJ3FJPeVmAMXwk6Ls2L1lyTGO/OMyOzVrqDB3pEQ4wgy+GwRhnVSh3UDcYQ+OUeYtRBinCX0u9VIYjJohj0naPq0zG5KeAFezQRXB2maK7tG+VozWHTdkG+yjKtzTs4ItD+/A1dkWVfminTvEq5IvyZWm5ogzVtgxKctCd9CjDA5c8Wzupsjqev0QmJgSPcifIhwLAsUCk+yEK6mV07EASgVqnvFZr0UKZIa4/Vj92hULDxaKdzSOCV8mRVJf8LbLxqazpBGTXdMo4Z+SX/WEnRvV9CqKhggKp5AAIXN7zD7wu4hVu4IK+ei2derCyJ9RLHmiX/a/zOmbw9t+yDStGxnhPaxQPN81Xw8RruJ5f2FPNkRDV0ys96ez/hwxAOpgI9cU56Em1DsCuUhD5xyX2WIf3COYhvmSPGXLTwa+KQRzNFDbWeQTO8jnV7ntUQ32JsY3cx7E8SbxI1Hc2k/UgkzWJIs5wchHH+GJpx9NkYm8m3fUim0bxyNaORUDvSCmYbI60r+t5Nwm97QGq/hIMBwf9jjYc3q6m8ttJ95eFAWyesFHtxKcGXD92U+Ic2wua3ly64XrxfYZA3GUCzr8qV8BUcxW69ZAcHNuoa/tEhEK66eS/5i5HON9ug4Xy6AYe001igeu/ubsq93C9YI/wM=</diagram></mxfile>