<mxfile userAgent="Mozilla/5.0 (Windows NT 10.0; Win64; x64) AppleWebKit/537.36 (KHTML, like Gecko) Chrome/61.0.3163.100 Safari/537.36" version="7.4.7" editor="www.draw.io" type="github"><diagram id="da5ba89c-7447-61ff-c7d7-abc8e196db4a" name="Page-1">zZRNU4MwEIZ/Ta5O+SrlKBT1oKce1GOELUQDy6ShFH+9AZZSpq3jjOOMXEie3ezHywbmRMXhXvEqf8IUJLMX6YE5a2bblmsvzasj7UB81x1ApkRKThPYiE8guCBaixR2M0eNKLWo5jDBsoREzxhXCpu52xblPGvFMzgDm4TLc/osUp0PdGX7E38AkeVjZmsZDJY3nnxkCuuS8jHb2fbPYC74GIsa3eU8xeYEOTFzIoWoh1VxiEB22o6yDefurliPdSso9U8O0Hfa6XZsHVKjBG1R6RwzLLmMJxr27UEXYGF2uS6kWVpmaXKq9qXjN964fSW3d9C6pQ/Na40GTdEfESuKMdTTFXG1I0I7rFVCXjRdmqsMyMs7qmmmFLAAU4xxUSC5Fvt5dE7jkh39JsnMglS7rCCl3nNZU1AW+ywIWBiy2GPhmgXemchzCZtcaNhUvO+mMTdqLislAKXh8L0o5+3SAcejMuk+juPXTMNtjSw/GWx38XuBvAsCuSxc9QL5nTqriMUBC9bs1v53SlnW30llttNN720nv1Mn/gI=</diagram></mxfile>