<mxfile userAgent="Mozilla/5.0 (Windows NT 10.0; Win64; x64) AppleWebKit/537.36 (KHTML, like Gecko) Chrome/61.0.3163.100 Safari/537.36" version="7.4.7" editor="www.draw.io" type="github"><diagram id="da5ba89c-7447-61ff-c7d7-abc8e196db4a" name="Page-1">7VhLc5swEP41e2wHJB7iKDBuLz2lMz1TW8FMMfJgpU7667srJBvbxM00qdNOmvFMltWix/ftSwAv1vcf+mqz+qSXqgUWLO+Bz4CxMGIJ/iPNw6BJo2hQ1H2zdEYHxU3zQzll4LR3zVJtjwyN1q1pNsfKhe46tTBHuqrv9e7Y7Fa3x6tuqlqdKW4WVXuu/dIszWrQCpYe9B9VU6/8ymGSDSNfq8W3utd3nVsPGL+1f8PwuvJzuYNuV9VS70YqXgIveq3NIK3vC9USth624b35I6P7ffeqM095wdHyvWrv3NGhTCHLIM+hjCGfQRZDmYEMIY/dls2Dh8keVNFUAfB8t2qMutlUCxrdoWOgbmXWLT6FKLqVVG/U/aO7DfcYoG8pvVamf0AT50ax28LuwAkLHJKrER+R01XODer9TAcoUHBoPAIlm4AmgrwEmUIpSMgzKBOQAYj5GTQ4GTqr+jUsxxju/YEe6rbabp280Otm4Y1Mr7+pQre6t4vxwP7hyG3TtiO9cz2cqa+WDYLsxzrdqWdSso91h7WnyHv2iKOQTXAUvwRHfJoj4dxXFJBLErI5/d4qRyx7TY6mUowAWVIEITUoZPI/WXuyIl8qX4WseIKsBPIEhCBBhCDfLjVJ8JpxlJxRE77HZ6rXmO0yTvxkJYjIElWAyGhIxL5epUQdFXdMkCGUc8gLy6ov7ihkM5DMD9niRprYRqeAjDlBJN4Gd520hmjaVB3KNcm2KM6pKA65WMqp9e2QyH0FTX1SCPyQtMY5ybQsNiPcCpKyAxoLTu2JWx/RO9qCUy+b76eqsRkbAMRjJraY24ZHDjUkB8ntntDlL6BU2ANEIGc2dRUWnPPXz/Z9CuAjB0D10RlOIg992ZyEmNo2P6qv1oCiZKObzli3i3OIZ6ip7ozeDh03vVC1Td2h3KpbmooCpMFGWDq10ZsBtEXT1Z/pYfYuemY4jcKFRxPhwl8iXNKJTMZsOLD3oad9RmwQpfgLnHfLyHmEnL3ZTMfSk0x3zUQnLjBne4ccwy2xWc6mlfGFBfMINhFsPlJadikq0XhuE01CcfqWWwyevB672aWWPaXrJuVUn2VPKdrumnVbWSD+VRIeTi5Ov7rM7r8VPAf2qb7uwmU2eGczpC/EV7j3ZxfBmmi0/tjF32/vt7A6L9FXxyq5JlZTH0liyrYidpe7AavM4obxjdU1f8p17+qwhcETcRMvgdvUh4vYghNZcLhtn/fX5NQ2pqWzEdFfAJf4c26Gj4cvoHZs9JmZlz8B</diagram></mxfile>