<mxfile userAgent="Mozilla/5.0 (Windows NT 10.0; Win64; x64) AppleWebKit/537.36 (KHTML, like Gecko) Chrome/61.0.3163.100 Safari/537.36" version="7.4.8" editor="www.draw.io" type="github"><diagram id="da5ba89c-7447-61ff-c7d7-abc8e196db4a" name="function">7Vzdc6M2EP9rNH26G76RHsEf14d2ptPrTNtHYhObHgYXyCXpX1+tkIxBgnAJBic4czOHFyGk/e2udlcrkLk4PH3JguP+13QbxsjQtk/IXCLD0C3Dof8B5bmkuJZVEnZZtOWNKsLX6L+QEzVOfYi2YV5rWKRpXETHOnGTJkm4KWq0IMvSx3qz+zSuv/UY7EKJ8HUTxDL1z2hb7EsqNtyK/nMY7fbizbpDyjt3webbLksfEv4+ZJj37K+8fQhEX3yi+T7Ypo9nJHOFzEWWpkV5dXhahDHwVrCtfG7dcvc07ixMij4PGByXvHgWcw+3lBX8Z5oV+3SXJkG8qqg+m18IPWj01744xPRSp5f0pdnzX0D/bIuff/Nm/4RF8cyRDh6KlJKq3n9J0yPvQ54Bn1SePmQbPkY+6iLIdqFoxRGA4Z89x6f9JUwPIR0NbZCFcVBE3+tIB1xgdqd2FdPoBeebmocYd/IwSZOeTKuxjHFwG+R79gw0zOl0Cw+ku+qV0dYRjI0/v220oJSz+31RyIss/RYu0jjN2IxMjf29BR93Knz4YL4H8QPvFK1cRAjyfbSykb9ExEYrgjwd+bYEZR23x31UhF+PAZvoIzV+dSxbmfM9zIrwqXPe/K7J5fhZWEQuXY+VHTI0bj32ZzbI0t7OKd2RWWU4cQGSGH2nl7uCTbIk5ccgOdFWDiIO8gnnqEd5vEb+AhGvYi29IOUtF3hPTPbUCmFLdHmXnXfoWchbQodkgbBTdcgb09nUhqAclo2wh8garTDCJoys+2FKrs20IQwUw6KOeBbm0X/BHWsAAnJMo6RgENg+speUAmqWlxoHDwRxtEvodRzeQ1cgGBFdeDxOLkAFYQ6bKNn9wfTxk0Up92lSCIuii9+8V2sYybOtmuQZtiR4ukrwzAEED5ObCW2YUGEvazYUT2VDxWhqRtRA2Kbq/Jn2rzFVXoKOgZbTfxrTPQxKXNoGbyljHMfUowtftqt15E9OE/zYxUGe8+tNeog2olEr++8plmd07p8NY7z1pvU2ZSUyFEpkD2G9cQdGBsMII5/aVAcQodD4bm0hxNQqe/C2isigBNNLG6+hAUC5AHt63VDusmAbURjFPa7IAyBsuT0QNi+FMFEgbCEfM7Bc8GPwolpmmxjlj9EhDhSm9N2h0HSSiAyC0kk6xV0qFPjbfqcBZZDsKNOq/oVzdda/q+rerPcexEWYJUER+sDuXIL6NLFe6Ntq8FfIc5mCrpj7RQ2thjBVUO2TMMvsHhUPaop95o5RK+1h9jC12LJZfqvLS3rDKVwNmb1K+IbQIbNFh15gIzWizLEFO0ktIVM33+R6B86sbBJHZ6M7IhstQ8FGG9YKut4AtwQbm9LHTFR5QXl2DWzTxxQ/y1TyDZhjMeaYTOpYwAI8ZKyDgGp1BYwaU8DMdo9T4x4n8y/BO6Ec0pkqOiBQVFGBeWvVEjgXN6XpiBqjOqK6LjP+LJwL47v08QcTih8nsLN4kuU8sHM5bYLATlcoyauweu94DMd7/uhvkAqqVNJoRA621vAWS4HgT73JU7QUeTwID1y2ODNnB5e5T53lPs9cw+tIgjZYZVlyElR3Lma95PnfrJfQFsHhc+tFtKmslxhN05uSXXUfssxwsYBcVOnnE/1qJd4WG4pjSLytK7goEkfUSDnBASac3OXH1jy7A9kkXyTcPVXE1JZ5v7lofH0Y1UVTbfXM2g+wTdmyYXMyy6aKE8s9NqZbVNXKILrV1l2pZXOMMS2b0ynUry5vkNfzvkIaPkXFqQt6XfXQT0iHlscWX7WRYDVNXO+iHJPkq0odNR05t9FPi89L7UHwfNaM76q2j7dhSvlw20ZlqEdVCVX5/te637reXREycw8Sy3aWGJPZWdWmGTWybIMMtsl0yCRdqzHFqrTO5QIj9ybW7WJNFGKtTybWql2OU0aZpeehModV1JSCDtsdrmij3M4vG5OrVQbXGlEZRHx2PZ5FLyk1FVJqDx6+v2oNb4ZDuHsNbzS3iTXoGu52p7B/EN/e3mGHHLwe38GDGDUiphrAt/qMNumXJx1X3hx7YHnrDr+vVd4sRdAs1p5Ly9sn8YiAxLmMoDRCoRfkpLEmOcOGFiJH9M6WHaWYDF7MODq62Bg4cBSb6bc62JPouKrt0snOEriqnTVRlQA3eu2zSRjPJOUtpYN0xb7exVLeWrdL95JyvVsFUhSSu5MVkrtdZT1mqwLxQp+2yHMuCmTpkypQt486y9VJkcx0B/d/eytX+wkA7bOFeM3cGgpXIa1jQa4HDkatoagfbrGjcHNVLtueULmE0Cihsxl0rNAfzCGGHT9/eQyKzX62aDlkQrTEu2+W8GQJsaIwCE+W/9b1t0VS7x2Fi28QO3Xtu2AxI1bVeAnL6PSqTuI0ODNLO7oPOLecfx9ScUrYKz1NdiQGEo6ne2cVTpiwM8s22wfRzuqZyo6lk8Qvn042oB8wJv2fGWQuJxfbhZ0d8KxtRHy2N+TAI9QR4I8vVOfKLj/xmS5qrfUSYyxqwlorFc1F5WEy2A8XJ1bw8ieW01hBVFaJUlNeWCPswZ46dKAhrAjEZwKwFMCNCrCqpkzUeVoc4P4VZnPFsFdF28UwVH3NRGBoixAPswpctnPvWTcMXz7GPWrxLWn3aAzwaDRVoXpHpSerVSo/uEBbEkXx2UxQ7VVFfzFU25dP6/SJjGaVDQPTK097urAwliukp6i0mimGyqqey5XFdwf2H78KXlRi1srYJquCF6NR6JR5OgTcPMQmVW/eVIn7DmMeAibtzqbJd0ptAKf8SkCz3pZ9b4awXCeNLSCYkOLSuaJqiQ/aTYJq94GKD5b4FIc1xMGNHz2socu2VPjcU6REu2uH5l2+rSycnDB93f1d1o/vh9gyHOZYVT/0Z/UF3jJjXX3m2Fz9Dw==</diagram><diagram id="e385e576-ca63-0be9-d894-d514f8382326" name="component">7Vzdc5s4EP9r9JiM+RaP+Cv30M50rjdzd4/EKJgWIx/g2Olff5KQzIeEixPZTlo67VQIsYj97a52VysDa7Y5POThdv0ZRygF5iQ6AGsOTNOwTZf8R3teqh7PtquOOE8iPqju+Jr8QLxzwnt3SYSK1sAS47RMtu3OFc4ytCpbfWGe43172BNO22/dhjGSOr6uwlTu/TuJynXVC02v7v8DJfFavNlw/erOY7j6Hud4l/H3AdN6Yn+q25tQ0OIfWqzDCO8bXdYCWLMc47JqbQ4zlFLeCrZVzy177h7nnaOsHPKAyadRvohPRxHhBL/EebnGMc7CdFH3TtnnIUpgQq7W5SYlTYM0yTvzl39o/70jLv/lw76hsnzhQIe7EpOumvonjLechvwB/JsKvMtXfI5cmMowjxEfxflPZ994jH/0A8IbRCZDBuQoDcvkuY1zyMUlPo6rWUYanGtqDnr2SRai9BHvz+Rei3c1K7+gPCHTQzkfU5DvLwMq7aQjwxkSfcuEzpbTicSIVRoWRbKqOvkQ4wxkijLH39EMpzhnn2lN2B9y5wlnJSdg2Py6MW655ONei61n3QpcPpnnMN1xomDhAd8H0ylYOGA6B74DFj4IDDB1JDloQ71fJyX6ug3Zh+6J3WzD/0QQaTCNW41TbO9l5zPKS3Q4ySl+1+Jq8yLML6yu97XRMyfcVK0bBs+evJ23jsxb001L+snbMCPtmLbBwgW+C6Y+53dAEFiC6Qz4Qc140vCrWx5FxrfYUwsAbUHyMW8SDGwQzClBfwagWxPkg8nMW1NQTssBMAD+EiwggBadmfymPnIdMSFYlW1ZyFGR/Agf2QCK9BYnWclY7UyBMyc9VFELrnL0Mk3ijLRT9ERJUQFIyGoW8O6SKjGd/yrJ4r+YRt8JRRWGylAosn4JE45BQ8AM40IC5iuU1wZTyJTXo5oLZ7XodFEp9skmDTPZZB+XbHoRU6PK2yu8oeaV2+ZeY9mj5xfQZt8aps1Hb0TFbf62P4mbFWYx4U5NX4DUoO+pyFtt6mFK1rAsLNGU8rWQID1+2CCUhfR0YV6AwKPKSRrUeBClnwC4JAPvyD9mH9g9IgjEGkyZMSF6HED28BzA+e3NuT9YAIR2yYAoAXc0aJdhvIrvDgiYHaf2cwkg08SpxVWS2u7lB+S7d02+mwq+O3QZgw5jr+B7V76ZuasahMkfks/GVQXcUjC68jjchlwvGdMJi23GYkt0QoYEA4C6LYu3sVsH864qpZ6CeWTN9ZiUMjMBKxfaYC50wwpr8KU1rKVeey21bdkzNtwLMU8kE8aQ8ueeaDN0NDjfmrGjy3G7fuxoqPxP5fI3pYEKbcxoqFOtnb7xkePKjvY4QqKvoT1wTMhoTciYpqxV8GYZGTGbllZVKQLmXRJlqnycXj17pyuMa11xhREhme68r6woQ4UZHZLySIK0awrDTP9Et0DyR7/Q1EsNWjfGtgRqgkQ1Kf5UDYhEqOtfeB06lbZJdIjtCF8aw3hmqH++nfQLn27frEz1rGqpqt7/2lgdjo6NXtPsKEzzzRweVUaXmGYSLZE5kQY0QLB8t/YXGs4VfRR3VAStiuApFMG5mSKogt9jPoClaOjuBdt1qFSD5hI8MabKTs5pLoFmp8nfiRjs/0JBgWfL6enLOTzwvTk8w9waUfzQkGsRV2p2dc71LIyOZwFPexad4Y5va/UszNOexZn4DnZaT8jBq/EVEc6lXdnuzhzU48k6fme7R5Mn+zZ5c11Lq7xZon7ng8mbpZA37zrydice6UCiW1A6AdpP5KSzJrl6Ax7L0Ckm11t2VGKi3Z26OrrQnmhF1z2N7u/oxQ8SL0fhrTs3K+BzvRFFXSi62n2XwdVkcsy1LxJV+RcrAYKTRvWYal+Sb6M7NP4K5OCh4qWoDTbbglCswy0dtznEtDz6/inF+9Wa4Hq/2aVlchfh1W7DWKuM015RbtQXz5H3RwmqA2suZBeo87Lt7oapIroz+NZMM7pzNUR3wng0wP9CxIt8zRQf5kkYZ7hAKllwaJ2P73ChCAKFLHxQ5LsQXzSyd8V2vwB/IpcaGJ5xGfDd067472i/xWaK2Fg5N0pQrc/ao4TB+JqvU27eEyXP5+n7iTLeJq3RLrzCLniKPc6L2QVF/RaHkjKhhZ773w6LG3dVXXVABtj29lDfFNDf3983ZKKi9T5Lu/Uu8a7lttB0DBlNR5G/tXSACSUwF1FSPhDN2KoX9uF1NgqN/5i6fT1vzzI7ouDa1/P2RB1jZ58xWFKo6R6KwQr7pT0UhZgchcJmhSPyrtyIfAd5R2izyJgpylZEJlk78LInwGAOAKwaM7aku/RkDtV9DwQuqyxnO9B0F+2neL8fg332fugZGIpzbQJDhSFXnso5dU5kMIjysvwJx0mmVs/OUbtRPc80zP4VtdOVgE2ILxWhxzDvycP0nRUZUT4PZdOSky0Xg3lMl2otXRF2tnXgmcN7g9Pssp/NF8vA4r4VPSI3+k3nqqwh1r3+g7CiYEn3OVixQT9qrCaNVRRt3E5joRwNrVEYIeWaKx9fG/X2vKXWcq7nUUFzVFytiqsoa4DaDw4MRrc/P9nIM69yFJaolefqJKLPOv0y5rrebAFchbN9sVwXHL1trSYAKk5MeLczAf2/gdPQ8IKwMMnivn0oxTaXVGv+S21h3U71VcnOy6m+IhSTwX5I8WOYfkZFQX/SbriISOdyRhHRIiLQUJQ+WHpEhFzWvwxY1SvWP79oLf4H</diagram><diagram id="2b856191-8888-340e-5a40-8b1c0c8d52f5" name="Page-3">7VxZk6M2EP41qjztFiDOR/CxeUiqUtlUJXlkbMZmFxsHM9f++nTrMAYEw8xgmFk8tVULQjRSf92t7lbLhM52j1+y8LD9PV1HCTG09SOhc2IYumnY8B+2PPEWxzR5wyaL16JT0fA1/hGJRk203sXr6FjqmKdpkseHcuMq3e+jVV5qC7MsfSh3u02T8lcP4SaqNXxdhUm99e94nW95q2s4RfuvUbzZyi/rtsef3ISr75ssvduL7xGD3rI//ngXSlpiosdtuE4fzprogtBZlqY5v9o9zqIEeSvZxt9bNjw9jTuL9nmXFwwxjPxJTj1aAyfEbZrl23ST7sNkUbQGbHoREtDgbpvvErjU4RK+mT39g+2fLXn7r+j2LcrzJwF0eJen0FRQ/y1ND4JGfQJiTsf0LluJMQphysNsE4legv84+rPXxKS/ROkugsFAhyxKwjy+L+McCnHZnPoVLIMLwTU1B2krB/fpviPLSgxj/FuHxy17BzseYbK5j6JdUGVtyxiHJt5fV3pAy9nzrhgc8yz9Hs3SJM3YjKjG/t6AjjMWOmIs92FyJ4iShUM8jwQBWVgkmBPPIguP+DoJrBqSZdgetnEefT2EbJ4PYPjKUDby5j7K8uixdd7iKRVS/CStocvvHwobZGjCcmzP7I+pvZ1TVp1Thp3kKIfxPVxucjZH3nQ8hPtT28Imnk0CTzDUBxYvSTAjnl9wFi48/shB1nuUvbUgrilJ3mTnBH2T+HMk6M2IaxcERWeYTGkIymFZxPWJtyQLl7gUR9b+MjSXZlqRBYAwLwOeRcf4R3jDOqB8HNJ4nzMErIBYc2hBJTtyfcMXwiTe7OE6iW6RFMpFDGuOL5pzVECcwyreb/5i2vjJhJbbdJ9Le6LLe0HV7EfwLLMkeFIYzuROV8kd7UHu7Kv9rNhPp24/3bHsp6OwnwZxLVDlz0BeY2o8R/1CDYd/GtM7FxWY2wV/Xgc4ScCRi543qWXYT74S3myS8HgU16t0F69kp0be3wKQZ+3CLevHbutVw03rCmQoFMjqQYHcFogMBpFLAjCnNgICyAROaQl0wSD7+LGikSGJVhc6L7EDIjlDU/q+kdxk4ToGFOUzocQ9AGw6HQCmFwLYUwBsksBlWDnowLizYoGtQnR8iHdJqLCiHw6Eqnfk1TFQekenYEsFgvjanxBFhvsNMK2gL72qM/qOijwtUw+TPMr2YR4FyO5jDenTxDqBLyPiKvoL4jtMQRfM8wI7qxEXFFT7JK0yewbyAZY4YJ4YGGnfZS+Dwa5b5Tc6u15nOKWTUWevEr4+VEjXX8VFsKHMpUUzCYaQqVtAhd6hG1u3iENz0RmSi4aCixauFLDaILMkF6uyxywUvwCWvQOu6YMKH1WyDXljMt5QJnMsUEEWMs5hILUYn0+DipcqWOeejCacTeZaomcCDNKZHtooTqClyLulav2biotS9UGNIX1QvZ47OY/iouQmfXhhCvHnied0RUBHBTjDR3R6e8DdHaqPDkd/rBev/oH5n0IhjUrMYGkVR5HLg3jrbU6iKkyHyMBhCzPzc1ye79RZvvPMKXwfic8Kq0yznvjU7UvZLvdqu5qVxavbLtMazXapQmGlkx5gZhkvZpiD4h6+p79bgbfk/uEQAm+oQkqZMQIbZYc7nPD+5nhozK3bmEYKZJLdV8VKTdn2q38mlocB/TNDEf9O2wuQDCgZttGcMjmakkrybTWmWqBpPHxuNHXv1LDZxpCGrX0v/tXVDPXlvKuQRo9xfiIB1wWFbquv1rdANriqldQqpW6ZBB9UzVWtEar6cU6FToPLCwYhfDrrJnZSm8dbMaViuE2jMtSjKqSKf/+13rcsMrg6kCo7ayns7GjbmaoqB/Rl2MYYbo/pmEV6r8bUVaV0LmZM+8oT/JRSrUjpmPZoUq0K/0+5ZJaXx1ocVkPD5Ry3ORzZR7mJzzt771YXHHNIXWhPEYzgWHRzH2Tp7JmUyiikZ5fipSt4NRhy21fwSnfLM/tdwb0+8e3sHLbIwavxlZHEpV1GqgbwrR6j5XVLkg4rb7bVr7zJSpGPJm9UIW8DZdM/yVckJPZlBKUSCD0jJ5U1ye43sKB6n2Iy3LKjEpPec8aDo+saPaPbnoKbYuUrVUgOHW23garqNmQ9Aj7otMdWw3gi+e5aLkhX7OldKt9N21Myz+nWh9UfRbKFjnb2hqqSLVJ/aKP+iAqfprhzKvpj6mPqz/VURk23VFU8oyUyafPBDO2zSUSt3BKrVTGnY2KiB89BLbGQHx+xg29T1S3LGlO3mg9soIYgdKy6H62hi7t9wfwQ5qvtZNGyvTHRak8NTdESmoq0k9l72qnzCd/2XMrP6upJEC6+NWyXle+CVYxySkrDaHeqSxJteEIWCN2Gglv2f3epPBPscz+TnYLBZOPp2Vltk+uxE8oW2wPRziqZOOHaueHnzyIbSAftWPd3epnLycF2cFcH/WqLeAHbF7LxFfADxOsz1Vmyy098omtaY6XEEGuaNNZKRXMIPz+GW+HynIo7/4UlNBYYkxWiVJUX1sn1cTsdCWhIY6oA18K3QQFuzlwZIjp4SXHZVDHsVMx2MQybT0MZIkzgB+01sWvvm1cMnz+5PWjZrdmcATPQo9FUJeotRZ6sTIn/xAL09BRVCRNBtVP9/MVQtRtRNU8/ilGtsGFg+vyMp4MLI18hfeeKYVtFz8UwVPB9UvXvsgazFMT3XhvUGY7mnBg9Hf2tHl6r1W1eNYnfK+tEL6ZJqjNZEjpDQAfg8F8GqFbasl+Y8VimE0ILjCVqYelUUTVlXfkYqFpvy6p9sLSnPKYhj2y8sC5KglCypeZYttRqrxqaduG2smSy91M2naEyJu6F6ArN0YfSHLgtfmiX56uLXzOmi/8B</diagram><diagram id="adf3c762-3009-495e-12c1-77959e10490f" name="data-flow">7V1Lk6M4Ev41XCaiHbwE4oir7N7DdETHzkbs7pGyKZsZyngx9Zpfv5KQeEjCFrbAdjV16MZCCCkfX6ZSKWE4Dy8f3/Nov/2RrePUsM31h+E8GrZtubaH/sMln2WJ77plwSZP1rRSXfBH8ndMC01a+pqs40OrYpFlaZHs24WrbLeLV0WrLMrz7L1d7TlL22/dR5tYKPhjFaVi6b+TdbEtS6Ht1+X/iJPNlr3Z8oLyzlO0+muTZ687+j7Ddp7JX3n7JWJt0YEettE6e28UOQvDecizrCivXj4e4hTTlpGtfG7Zcbfqdx7vCpUHbNqN4pMNPV4jStCfWV5ss022i9JFXTonw4txAyb6tS1eUnRpoUv0zvzzP7h8BtjP/9Jqf8ZF8UkZHb0WGSqqW/89y/a0DXEAdEyH7DVf0T5SYSqifBPTWlTgcO8bj9FBf4+zlxh1BlXI4zQqkrc2nyMqLpuqXk0ydEGpJqegc5SCcfqUvfckXot0NSV/xnmCehfntM4BDb8IsbCjgl22i1nZMsGdpe2sWY1VGh0OyaospFWsHow5FHn2V/yQpVlOhumY5A/dec52BW3AcunvRr3lktY7l7UOuBZvaWfeovSVNmosfCMIjPncWABj/mgEwFgERmgZcyDIQZvV79ukiP/YR2Sg7wg22+x/RhxpEI2CxjGyd5LzLc6L+OMopehdh6LWJ0NfWP5+rzHPNilSbRt455qX0xYItP3tN/TbWEBjvsQ0XnhGAI1wiSkNEbF9Y+ESkjuECaEBXVIH3TLxBXw0wgW+QKyAFn4qMI0AEeCBPBgYwbLRJrp4MKCJq4UufhaXPBrQbjQOcJ2y8cDDLdheiigwf8rR1aYgPChLsMgTc8TY5P3vNSsrONB+cjyvWUSfRS9CcoQGi4YMkUzZrDVEurJBVtHFFUMHV0SiFkLyxIKQBI11iXuHCQDJBcTDQgTDvUbNu6z7aBxLY44G/aDS62e4ilerjl6HRmif02vUC9JNzGP3bIIixbDlXSOKiTnXv2uoBGJJQMMLfSIP5BZ8oLfQmFHz0MESSIUnEDQeqV3RVus8PiR/R0+kAlbafZbsCqI1YG6AR1SCMfdA0RP/TJPNDl2n8TNuCutygvySkBYXGI/nBwQjyW7zLwLO3xjmMptjSTB5CLAQscKXYAXQgBWeBIdLrhB5RBCA+RRgBQ5Fj+bwnryk0U60vpXzhX9ssH2k16vsBVtKamY77V4HZA9A68BRA+bKr5RRm77tn8hhjnYbRJ26fVdkpoyXzNlhrUcpckd2URHPMV0PAkurgSlx2ZdzeYEVEiPGAiMG0r3QxJhnm9+IuSCIju5hxXVrNaU6/YhV+eqG2VPm/ydjrhq/dSgXPIvsyGwSB6g0QLC0Cw5VSPQvMrb3R3Z/RLIHErIjWnrEdAPsyswDmXQTrCsvEI3vkszWmOLN7FSL0KXL7jXEekk9wTnx+xCA0EJIOEEYMCcO5kXk1kG8MYXUsiTEQwbXJ1JKUAKWUyGLTIUaGKxhTqTBkPptQ+q64gzH8oYi3vHgyq8YGujkaDMEYFEvoxUDoLQcPwbAesMBtcT6lVMPH8+xynkY0g40/7zj+ACnPb4PRtQed9IenYE1C4ha5V5Pq8TwTyNOAUhgJDyqZzdqYSBb6RhFR7yjOnJ2+F5UFFVhjj+SomoCXdctKAmpr1se6aM/cdil5hk/v3Yc2G6i7BN9quaH0JAPZ65vAghtB9iByzCLeRvoduOm5bdfUmqi8BKEK9FnoxoNGXUPpj0Wm46lq8tcddRHTuLK9587iWeDnGBbE2xDCWxfbUHEkgULqqiuh+PuOLh+o9hsmayJUcBZjA9PmnCBJrCgQUsT3Gtpgi0LK1TBAhK/CUK24gJZoMFndUy23uSQuHWA16po5eALzRgCNxhP4SqhuRlvSEmuJQDP5pya/aC+noXFeRbwuGfBVYemyXHvMs/CPh5O6cleZYf2iBiczV7t9lvOEEfOv/5ebrsdEHDLQJoc2QvFjaZgaRO344k9typulsRKMls1tLx9Y49QlnjeMILCTd5OyAlnkXxXr5gcD1PdqtGRiQlz7q9sdS7hrmW6nl72ik7Yr+7EK8kXi+S0YEi7fCl7hsfjZBMXe3DR0W5MlLkoJoi8HxJJDlmZG4ST+9hESrpmSZfYAZ5+hVCQkJKWLP3bbgvCYRvtcb2Xjw3OgJ89p9n7aov4Ont5TYvk2zpbvb4Q0kqnaWfkIXVN59D710lcz6upkA2QACYspvpiVpLFQqDNyZ2nY3InRp5+IvFCo5lnH49JtNllh1gmCwBnAAWAZfiFElm4U87zLB50Yg+geZr5vjUQ86dQGs9sttDCFl36ThPYrpqmfda++qK8h0IMpikpNy1ZJ2/99L2rIdTPZlsTLvTHBQAkIfahcMGRpCe1E8hr7rFscXzjW5lwHaIKrrv/EFPJZ7NZV+44LxRXzvnWa+JBwId6RG4CSfjW0cFMW2DmYp0U35Fm7OWGXT0HR6Lx96nb43l7Dps0Vck/Yt7hYN6eI0u68vDaIlw2dmYISygSMamEguz5mIszwYnz/BqO2Yb0gO10aXCehZK1M1625c4jG7Jsuu8Gm3TPgCHRfd8IPZJ0Xm5/MhX4fTuA3Xs5VJ2HHuQDYzK7bEmg/NgOEmUuitldv2ebZCfXT24/5aSffZFZzGkeTD3FnVgJcqbW8VOUdwRiuvaRTFzux+XKJo7B5imJS2vqiiyMer0DC6ZgilbmShb4r8dcV4ykbONoHUvRWdwFNYFyP1B2wHi21z2e3jTpbd/MWlk+4dUWt9hWDEkoqxGSXOVxVMStkAgXs+y1iWIKi1yMANARJ8eDhUVcrTlJXx8HVq/5Gxm5+slSsvOHtGdjKvNbEg0RQeGA6JnsNl2LGJI1EiFP+Uutf1wPDALZ5q/BwECyhU5k9vc0e4rSH/HhgI+8UxcRYVPHJCJaRMQy2aa9pow4A8mIL6a19PAZyW10zeKbXeZj5gvH/a2jw7ZC3mvbDXoC10m74ZE/o7GLcQahbdQL7NbMrO7zxpETtTWI4bqWIc52nLZDnmiHfP9Cs3NWOqbncasBjt60flcMKb69xh8dqTyAHOxDzpuApuz4t3LVnzi78yVeG9KEUKsoXw+GS5WwqApot4hrgCyPW9K3JB4uC2k1Acv3Lgcstrisb5KLdLb6Xfq3pi4Hl9aoUcocFaVaGHscfk6hTSCizdVCWEBXnOO+bVAXQ7tmbVj9OsT6bBlwtQtBh43hEIdfg9S0bwSwzenVa/SaMnDRkSXK3tYXc7a0IxewrwZdF+0WmQRAlwDcxvZZh0M1R7fnLDtC0DcCl561i2bv9NDkJV7oqWfyvEdMnd59nq1i7K6e2lmu4xTVWkoudIU1OLy2BziHV0x1CwZKlWFgdZdMfILABbI4S3l49KhMdC0+X8Iej4mydMWJiecwse2hSddXAwkTfQ1MHCdWZgG/ab6rkJLMcf/Kdr1vRAxIkmjK+cnYdp3f8mB7lt5phLjPcR8Vq21j3fYWcEOzBRdAQiIR6uAPxgN/76KQlTJu2NCZcOMc3OiMa4yOGz6HG9BuyplYP+Dr6z2qD8jmD7LD3BDeBeU+uiVOJZnQ5xT6+COijyxFYAqfagYRb6C4J7ejnt9Gpyvu6XILOpoDEZ5kG6Zk+tPcmXOD86BbQhQhIuGJEQlL+gEYHZCiC0G+4HLaqfONbwRYbGFBxZmBdiOqh79VwQ1u0UT7Mcbce1gQThtIXTS9V7KLtdVrSrl1L6ZRMhVRFWrtAuyzjKgqbUpN6kTbZ3NBeNNW0oPeaTLc2d/sPdrEV/Z1rLuzsWvvyQMSGaSf9Luu1x6IXvtgNtbXlefyK6HRqTNvehvfYBjs4ub5Z2OXy5/G4Q+EXdz8wIeaTa/aQuWEXerY5bYlQ3o4x2DYNWCay9eFM83YVR6/ph+7+NzPs/0uq+3Oe47a/KM3doF2h6Gr9xhoX21pd8Iudezy2pIh3UE3GHYNmaFV7RoATSU3zs3dug7iqW6y40TiPPziNjhcimnKUiD7oPTdKbXmxA2tDkngj6nUanPjiYu9uSj5fMtQC1lMYMb1Ku9hKUvnbrR6W0zLDs3sfp5oC7W1LKZLPjrCn2DGCZlqABt0zZU0B7A9btofAL2zaHjRvhhV18U/4rvc+DbPkTwXWUIJuDSSpIqSNGXkPnM2bsrU+dxyE/tyyBi2TrItdbJ192DrSvXTbuug2U57Ds5cqwWg3Q50BzJ1XJQo0Bwwhhf5gvrCiVfOSOi7BbRzX/N5ho4lGuvPnDy5AgGG+VQy4M4yYGeAaZNb2enF00S0v3V2zLZ1rjLYxjDOsk/TQyO0jXBOPSv8jVZ60AT5AtHEvhPsk6SvDcW+4KJpkuLxaPftZOnNjYWSA1BL5o4xH5J/kBwG7HiY8oPKpz/59KtnnAoqC0dUWdm3tM/5btevjrv8zrRqcXQMJsoiE/fCxFvSRIGJktwOTUxEP/MMf/io9nfxsVc/snWMa/wf</diagram></mxfile>