<mxfile userAgent="Mozilla/5.0 (Windows NT 10.0; Win64; x64) AppleWebKit/537.36 (KHTML, like Gecko) Chrome/61.0.3163.100 Safari/537.36" version="7.4.7" editor="www.draw.io" type="github"><diagram id="da5ba89c-7447-61ff-c7d7-abc8e196db4a" name="Page-1">7VbBjpswEP2auVaAITFHSNj20J5yaHt0wQF3DY6Ms0n69bVhCEGwu5W62q20RZEy8zyesd8bG4Bs6vNHzQ7VF1VwCYFXnIFsIQj8MFjZP4dcemQdhj1QalFg0AjsxC+OoIfoURS8nQQapaQRhymYq6bhuZlgTGt1mobtlZxWPbCSz4BdzuQc/SoKU/UoDdYj/omLshoq+6u4H/nB8vtSq2OD9SAg++7ph2s25MKNthUr1OkGIhmQjVbK9FZ93nDpuB1o6+fdPTJ6XbfmjfmTCahTay7D1nlhmUBXaVOpUjVMZiOadtvjLoFnvcrU0pq+NW1Nffnm8A/R4H7HsJ/cmAsKzY5GWWjM/lmpA+bo1+MW8eiOEGrVUecYhd1lmC45RkVXNm2XclVzuxgborlkRjxMszNsl/IaN1JmDWRtmUEs/cDkEZNCtoY4hjSFLIJ0C3E0I3lK4akShu8OrNvNyZ6oKa1YgGvDz0+TMt8uTiBDv+F5HNzT2NyBh1h109ih9/cERQsEhZDSjqC1Y4duIIsh3kIS/HNM+f4rUuUHy1xlkKwho85IY8hWkHhA7+ZHV0p7QfLneZqSer2DnFNK1rZo56oW+RBktLrnGyWV7ooRr3vsyF5IeYPjdWczaVYIy/ow1qiGv4xGPgmnGlEy08gPFjSKXkIj8lQ/d82cJs6I79zvvWoU0LfUaOlSppBk7gRZaawRJ//FuooVEvqGYi29IFaQroBSZ1AfkvcrTRS/3jmy7vjl2Y3dfN6T7Dc=</diagram></mxfile>