<mxfile userAgent="Mozilla/5.0 (Windows NT 10.0; Win64; x64) AppleWebKit/537.36 (KHTML, like Gecko) Chrome/61.0.3163.100 Safari/537.36" version="7.4.7" editor="www.draw.io" type="github"><diagram id="da5ba89c-7447-61ff-c7d7-abc8e196db4a" name="Page-1">7Vpbc6s2EP41ejwZrkY8go3bh3am03Smp4+KrWAajDygxPH59d0VkgEDzs2mac/JS8RqJa2+vSsh7nz7/FPJdptfxZrnxLHWz8RdEMexPWcGv5ByqCmB59WEtMzWmqkh3GbfuCZamvqYrXnVYZRC5DLbdYkrURR8JTs0VpZi32W7F3n31B1LeY9wu2J5n/pntpabmkqdoKH/zLN0Y062Z2E9c8dWD2kpHgt9HnHce/VTT2+Z2UtftNqwtdi3SG5C3HkphKxH2+c5zxFbA1u9bjkye5S75IV8zQJH66WSB3N3vgYo9Kco5UakomB50lBjdT+OO1jwtZHbHIY2DOHQ8vAV6Te++fxLs/3NpTxoTbNHKYDU7P6LEDu9Ry0PCjF6JU2qxGO50lz6GpKVKTdc4RFPsFMuthykAZ6S50xmT93tmTaY9MjXgAYDjdsIhv51MOwgqAB9LYb3WZ7PRS5KJY2xQDeuZCkeeGvGUj8ws2bVRkmDy8Eod3hEnhUPF9VIMJFG9NlPLH/Um5IkIGFI4pgkPokXJPRJEpLIJnFfeV3V7DeZ5Lc7pu61h3DXVZc+iZeSP5+Hp39vHRx9LcK+iTSOpePDphVlPOvjyNizHjT2DXyTZEbonNCwgQUG4YJEAN2SxDBFSUJJHJBoqcD0SGybqRApgG3o4j5hQqinBrDcR8BhbejoAZ3hFOxPbVwVASU2+4D4s1yiBe5YAeMUx8gOZ1I4Fs6kJIqGZFRTtGa2CA1Q2CghsWWmIiV1jGMUBKzAVYOIhEtkpi7ahT4fYOyIoMnr7OmU1GZzDJIhXDDUlqaFi0nkKplsvPLABUC4SOHWR9JXF1DiAubUauDC23okWuBUOFfY9s46f6Uu0m/EA8gdSE4cCVxCdr2l5FX2jd0pBnSuncgKqczZj4m/AAqGtaqOcLiA5VlaYCji97gV+lkGaTrSZIkhD++wyor0DxX/vngf9MqWG7r+gBu6F3BDUx+9KWWchOXRDNKJ5ddNu3YwEOXpRFHeHN4J8w66duTc2MYVF8pzQoz+oaVjUORpL40WfT3kOVSZ/OXI38X/WMjhR5qzqtLjldhmK8M0mn/HMnZasnUGGjBzhSj4B+1bL3CotmOThaxeFrKdAfP3L5GF6BnNOSrPQFRTiYKqnNPO3hDb4wiPaohKuxj8gHmpgv8MwyEEsu9Vu573snbda2k3HNCuSsKoqwBrL0xdJvOdqqjaZ9ucFf0i+b+jBA267fVRH6zsju3gEOx6+9+hz2VFCiid3T8Y2t7t7s5yycuCSR4jvlVPt8ebvErd/rC2ExKpIgwGWAvVZRk4pPVFRWZTlE1QfI/0gQejkNfp6BKe4Y54xquw6tdXk2MVTIiV5wxg5WOUp6qniAxWocINWwkPE0Oioks9gAQwkAMmh82e0sY8dxA3BEe1ElANoWktTYOkoMM+JfkEQE1pYO54+Wjp8vHYsAbYeMWquwSDwqaWYk86kL2+lwLjtHy0ZxPWjy7t436x9uncA9yErZVOq+3Oyp3s/az/SqQKt0DFXpWwaKyfI/Al7Rh7//UnNVP+do3TswaMc3atAPwe47zqczB/zuTX1rjZ4X2maVJz2zZrk/mAbeqlv+GLUCvMBF1NutaJhmq59KpGSS9v5PndjerL9DaKypIdWmz6xWpcYLd7jkP983Kd8LvUOs//IXbP6UgDg/p+7679reFiQ718YvpcqkChnjT12+Yc313qWje0P2/EGEpn14oYvj1aiTg3UM7N2BYvXNxVu9GX2xk+k8TmCTeyBtQw9pb7o4Kpv+0JKxh/oHL8v1Uwptttpwl/RCcXL2H8oTao/suM8g1wlbpHHI1VnzQy+QPN5PUi03v+TvHJa5nL1yjWcMp/c41ymoOcHyXKm0sU+Gz+e6Zmb/5FyU3+AQ==</diagram></mxfile>