<mxfile userAgent="Mozilla/5.0 (Windows NT 10.0; Win64; x64) AppleWebKit/537.36 (KHTML, like Gecko) Chrome/61.0.3163.100 Safari/537.36" version="7.4.7" editor="www.draw.io" type="github"><diagram id="da5ba89c-7447-61ff-c7d7-abc8e196db4a" name="Page-1">5VhRj6M2EP41frwVYAjmERLSPrQv3UptH33BS+g6OAJnk9yv74yxkxBgL9Vmo1YXrbRmPNjjb8bfzEDofHP4qeHb9a+qEJIEXnEgdEGCwA+DGfxDybGTxGHYCcqmKqzSWfBcfRNW6FnpripE21PUSkldbfvClaprsdI9GW8ate+rvSjZ33XLSzEQPK+4HEr/qAq97qQsiM/yn0VVrt3O/izpZr7y1WvZqF1t9yMBfTG/bnrD3Vr2oO2aF2p/IaI5ofNGKd2NNoe5kIitg617bzkxe7K7EbW+5YXA+qXVR3d2UQAU9lE1eq1KVXOZn6WZOZ/AFTx4WuuNhKEPQ9i0Of6J8qfIPf5l1f4WWh+tp/lOKxCdV/9Fqa1do7MHjZg8khW1atesrJY9huZNKZxWcsIT4lSojQBrQKcRkuvqrb88twFTnvTOoMHA4jaBYfQ5GPYQNIDeiuFLJeVcSdUYa1wE0qzVjXoVFzOe+cFMwdu1sQZfh6Dc4hayql/v6pH4QR6xe79xubOLkjwmSUKyjOQRyRYkiUiekNQn2dB5fdfs15UWz1tuzrUHuuu7y+4kGi0O78MzPLclx8iasD8zTeBZflhfsEzofRwZfzaAxn+CZ5LPCJsTlpxhgUGyIClAtyQZTDGSM5LFJF0aMEOS+W4qwddROUJ4QTMJ7IDNcApWYz6+lYIkc2+BsTOpMd62vIZxiWNUhx0YbAI7MJKmYxaZKdYpe4TFaFqak8xzU6mxMcMxGgI+p2aQkmSJyoxiFNj9AbSeCVZcVG/Xoku1wOGWwAETG1fWuIyk1Njk45FHDgDGpYSFOADlhJp1ciNx4ODZQpIucOVkbpAcrjw40jW2E2cDce94V1cAgln347wRbfWNfzUKeC22qqq1CcQoI9ECJEhIbcdN+AKXVVkjiYgXXApvSAUJNrVijWSFeK6quvzdMNeX8IP36eICUTpygegdLpCrbP4V2V8R6iT391j4cxOmH4/wM3sQP7vNewQd4DVNgyffXasFhjReGfjzLJ/AjehuXLoY+kFKqA/F9zm7j/+pBMOHUvK2teOV2lQrpzSZOadybdnwogIPuLla1eKD8W1fCJiNY5c/vEH+8IOR8I/ukT/YO54LTIYAzjKkz0y2uMy7wNNZiludhca7SG2gvDREPkOyA0b7Ub0bht/37hi53cW7yYh3TUJFX8VYNWFiclns2kXtvtpIXg/L2/+PEyzofjhEfbQmOzVyY7Db5X+DDpXXJaD07vrx2PK0vzqXWjQ11yJDfNuBb08nucnd0bi3c5KaggoGWeJKLLiQ3hfDzK7AekDZPNHBHZ1DbvPRPW4GnbgZN2E1rK8ejlX8QKyCYASrCFmemf4gdVglBjdsC0JMDLlhl24ACWAkBzysMzu4grHPxSG7EUZ2DxjpKIyIVWiwoibSlq73MUhiC5L/B3Drw5bcCNs9Olw6XVt6trY8daYx9rCZaSMh2rB7Zdh8jqS2H6X6uK4t/dkDi0vKhrjfrbd677vaA/sum3Mv2y76SZ/F4PH8IbkrD85f62n+Dw==</diagram></mxfile>