<mxfile userAgent="Mozilla/5.0 (Windows NT 10.0; Win64; x64) AppleWebKit/537.36 (KHTML, like Gecko) Chrome/61.0.3163.100 Safari/537.36" version="7.4.7" editor="www.draw.io" type="github"><diagram id="da5ba89c-7447-61ff-c7d7-abc8e196db4a" name="Page-1">7VxZk6M2EP41qjztFDfSI/hIHpKqVDZVSR4Zm7HJYnAws57ZXx+1DjBIYO8YM96xp7ZqsdDZX3eru9UC2ZPNy89FtF3/li/jFFnG8gXZU2RZpmN59D8oeeUlPjF4wapIlqJSXfA5+RaLQlntOVnGu0bFMs/TMtk2Cxd5lsWLslEWFUW+b1Z7ytPmqNtoFSsFnxdRqpb+lSzLNS/Fll+X/xInq7Uc2fQIf/MYLb6sivw5E+Mhy35if/z1JpJ9iYXu1tEy3x8U2TNkT4o8L/nT5mUSp0BbSTbebt7xtpp3EWflKQ0sR8yjfJVrj5eUFOJnXpTrfJVnUTqrS0O2vhh6MOivdblJ6aNJH+mgxevfUP7gyp//iGr/xmX5KpCOnsucFtW9/5rnW9EHnw9MonNJomiXPxcLUUsso4yKVSxrkYqelE/jfBPT2dA6RZxGZfK12X0kGGZV1auJRh8E3fQ0xLiXhlmenUi0BskYBZfRbs3aQMUdXV0ZAHfXvbKyeQJzE+2XrRq05OD9qSjsyiL/Ek/yNC/YimyD/Q2Kjz8SPmLsr1H6LDpFMx8RgsIQzVwUThFx0YygwEShq0DZxG2/Tsr48zZi69pT5dfEUowUF2X80k8edd2igS00yavUiIK79rUesgyhPdYHOsgxzqeU6amksry0BE5MvtLHVckWyYt22yirymYeIh4KiaBoQGk8R+EEkaAmLX0g/JUPtCc2azVD2JFdPhaHHQYOCqbQIZkg7NUdisp0NY0paKflIhwgMkczjLANM+tvTIsbK20xA4W1bCJexLvkW/TIKgCDbPMkKxkEbojcKS0BMdtxiYMGUZqsMvqcxk/QFfBKQjeeQBSXIIKwhkWSrf5k8vjJoSVPeVZKjWLK36JXZxjOc50G51muwnimjvHsARgPk7sKPaZCTV+jQ/FIOlQO3lCiFsIuFecH2r/BRHkKMgZSTv8ZTPYwCDHXDcFUxThNqUUXH9erTeQrowl+rNJotxPPi3yTLGSlTvI/USwPyoV9NozyNtva21aFyNIIkTuE9sY9GFkMI4xCqlM9QIRCE/qNjRBTrRzAaHUhgxJUL608hwoA5QT06XVDuSqiZUIxk++EIA+AsOOfgLB9KYSJBmEHhZiB5YMdgyf1NtvGaLdPNmmkUaU/HAptI4moIGiNpMrv0qEgRvuDOpRRtqJEq/uXxtVB/76ue7vZe5SWcZFFZRwCuXcK1NXCTkLf1YM/Q4HPBHTGzC+qaA2EqYAan6RaZu8oe1BVHDJzjGrpALPGVGOravkCJm+HLyZNDZW8WviGkCG7Q4aOkJEqUWbYgp6kmpCJW2gLuQNjVlWJo5PRH5GMjqUhowt7Bd1vgFqSjG3uYyqKP1CaXQPZzDHZz7G1dAPiOIw4NuM65rAADRnpwKGaXQGhxmQwu9viNITFyexLsE4ohUwmih4wFBVUIN5ctwXeipnSNkStUQ1R01QJf+DOxeljvv/OgOIHduwcEXU5dOx8Tw/v8I6dqRGSN2H1wfA4g/ai6e8QCqpF0mp5Dq7RshY5/qLVWZaio4njgXvgs82ZGTuYxz5NFvs8MA2vIwjaIpXjqEFQ07uY9lLXf9dendIiSX6ovYihR3dw7SUHb1tTqqkeQpQZHiYQi+J2PjGvluNdeaA4Bse7ZqepZT1QJeVFG1hw9rjbdsbZPYgmhTLgHug8pq7I+91EE/vDqCaa7qjnbgc0NJutajZsj6XZdH4iP2NjskVFjTvRnbruSjWbZ42p2bxepn5zeoO6n5/KpPFLUlZd0Oe6hzcy6Zn82GGrtgKsto2bXfApKLaq0lHbkPNb/XTYvFQfRK8H1cSpavd8W6pUTLdrVpZ+VjVT8fHfan6bZn9GyN2CbLIwVvUsscbSs7pDM6pk2QEZHJOZEEm6VmWKdWGdyzlG/p2tv4OtiYatO9Adnq11pxxVRJmF5yEzh2XUcEaH4w5f1tEe5/PK5GqFwXdGFAbpn12PZfE2LrU1XOqe676/aQ9vu0O4fw9vVXeJM+ge7veHsL8T35Otwx4+GBDfc50YPSK2HsBzbUaXnBYnHZffPHdgfut3v38YfnM0TrN7bia2HpFPsomExLsMo7RcoSN80tqTvGFdCxkj+tG3HS2bnJvMODq62BrYcZSH6fc82G7W8XXHpWPdJfB1J2syKwFenHTOpmB8IyFvJRxkas71LhbyNvpNumPC9XEESJNI7o+VSO73pfXYnQIkEn26PM9bESDHfFcB6rdR77tTJUgt4RrrJqLffQPAeHCQyJmbQ+IqhHUciPXAxag5JPXDK3YV7laFy3XfUbjkzqiFzmXQsUR/UIcYTvzC6TYqF+ubRcsj74iWHPuuCbs1IdYkBuGx4t+meZ4n9cFQGP6A2GtK3wWTGbEux0tqRu+k7CRRBndmaUdPkSCO999zLm8JB9zSZFdiIOBYvTvIcMKE3Vl22TmIcZDPxDtWbhIfv51sQT+gTE5vM8haKhPbh5MdsKxdREJ2NuRBE2oIiOYT3b2yyy/8Rje1znyJMTY13J0GaDz4iF8mg/NweWMFT39iMY0ZeGU1K7X5hVXCAZypQwcGwhpH/EYAVhy4UQHW5ZTJPE9HAHx6htmtYnhSRtvFMNR9zURi6EoXD7MMXHZyHzh3DI9f4x41+ZZ0WzQWWDSGLlG9J9OT5SrxDy7QmkSTfHYjqJ6URX8xVLu3T6f6REY7y4aBGfDbnj5sjHyHDDSZVjeKoTar53Jp8f2O/Q1mwRMR9G2ksY2VBS8H18iUXV0Cbl9iU7I376IkbIcxLwGTbmPTFielLoDDvxLQzrdl35shLNZJfQtwJhS/9FZRdeQH7d4F1f4LFR8s8Ckva8iLG2df1jBVXcqN8FFCov25Q/f07eOJk+OFr/u/y3qDdoirwmFfKOuH/qy/wMsj1vVnju3Z/w==</diagram><diagram id="e385e576-ca63-0be9-d894-d514f8382326" name="Page-2">7Vxbc5s4FP41ekzGXATiEd+yD+1MZ7szu/tIjILZYuQFXDv99SsJyVwkHDsBNmnptFMhhBDnO9/ROUeSgbXYnR6yYL/9TEKcAHMWnoC1BKZp2KZD/2M1z2WN683KiiiLQ9Goqvga/8CiUjY7xCHOGw0LQpIi3jcrNyRN8aZo1AVZRo7NZk8kab51H0RYqfi6CRK19s84LLZlLTLdqv43HEdb+WbD8co7j8HmW5SRQyreB0zrif8pb+8C2Zf40HwbhORYq7JWwFpkhBRlaXda4ITJVoqtfG7dcfc87gynxTUPmGIYxbP8dBxSSYhLkhVbEpE0SFZV7Zx/HmYdzOjVttgltGjQIn1n9vwXq7+H8vJv0ewfXBTPAujgUBBaVfX+iZC96KMcDxtE44tycsg2osoWChFkERYf6anfbZylSbUUkx2mg6FNMpwERfy92Xsg1CU6t6tERgtCanoJuvZFEeLkkRxvlF5DdpUov+AspsPDmWiTUwkUPtN2WpGSFMu6dcxGK/oJZYtNEuR5vCkrRRPjBmTyIiPf8IIkJOOfac34H3rniaSF6MCwxXWt3Xot2nVgq6D2ItyuNRK44t3fg+QgOgUrF3gemM/BCoL5EngQrDzgG2AOFT1oQn3cxgX+ug/4dx2p3WzC/0QRqQlNWI1LYhdjw1mBT5cFqkpKPGAJ4jxL84vK62Nl9MyZMFXbmsGzZ2+XLVRlazpJwT55H6S0HLEyWDnAc8DcE/L2KQJrMF8Az68ETwteectlyHgWf2oFkC27fMzqHfo28JesQ28BkFN1KBrTkTeGoB0WBMgH3hqsEEAWG5n6pq7uWmpC4SuaupDhPP4RPPIGDOk9idOCixrOAVzSGkbUXFCOXSZxlNJygp9YV0wnYjqb+aK6YCRm49/EafQHZ/SdJKo0VIaGyP1rmHQMagpmGAMpmKchrw3miJPXZcxFi0p12qjkx3iXBKlqss9TNruImFEV5Q3ZMfMqbHOnsezg+QBs9qzr2Hz2RnTSFm/7nbpZQRpR6VT9S5Bq/bu67q1m70FC57A0KPCcyTVXID1/2FUoS+1pw7wCvsvISQvMeFDSzwBa04Z39B+3D/weVQRqDebcmFAe+4g/vARo+S7NuadXAMkuFRAt4LAHdhnGq+QOgc/tOLOfa4A4E+eWoCSz3esPKHd3TLmbGrlDNo0hyMUr5d7Wb27uygIV8oeUszGqglsaQZceh1PT6zUXOhWxzUVsyUrEkeAAMLdl9TZx9yG8UbXU1QiPzrku11JuJlDpQhvcha5Z4R586R7mUrc5l9q26hkbzkDCk8mEKaRseaK3ho6GEGQ9dnSQHvfeY0dD539qp785C1RYYcFCnXLu9IyPHFe22AOlRo/BHjQlZIZNyJimyio0VkZGvrzBqjJFwL1LSqbSx+nk2TudYRxrxBlGhmR9531VolyrzPgUF+cuaLnqoUNJG3Z+drXwr1ZI8egXlnqpQGvH2JZETXZRDks8VQGidNT2L9xWPyW5lH6o7Qiea81EZqh7vK30ixhu16hM/agqrSrf/9pYHU2OzcCmGWpM81gOjy6jS00zjZboEGgBGcBfv1v7iww4oo/iTEQYlgiuhghwLCLogt9zPoCnaNjqBV91KKnBcgmubFNmJ5csl8Cy0/TvTDb2fqKgwLXV9PRwDg96bw7PNW6N3PpQU2IZVfbu6tzqWRgtzwJd9ixazaFn9+pZmJc9ixvxvdppvaAHr8RXxjfDu7LtlTnUjycLvdZyT0+e7Nv0zXGsXvXNkvt3PpS+WRp9O29pGlrf7uQjLUj6VpRWgPaCnrTmJKffgMcy+lSTsaYdnZrAdzLtvAVdZM96Rde5jO6v6MV3qNcL3jrUeOuwYzWrd2/dcScUB0PRMUdCEaox1zGPddu/+BYgNKvtHtOtS4pldMjiL18NHkpZyr3BZlMR8m2wZ+12p4htj75/Sshxs6W43u8OSRHfhWRz2HFJauO0V2w36orn6PvDGFeBtVCyAfZ52XZ7wVQT3RliaaYe3Tk9RHdQXWr7QtWLDn1OTss4iFKSY50uQLbPx4NCKXxfowsfFPk2xING9o5c7pfgz9StBoZrDAO+c9kV/xXtt1xMkQsrL0YJL62j6+Znd6z52XwduUVNGH+/je8XtvHW+5rswivsgqtZ4xzMLmj2bwkomRAa6Dn/Hoi8cVfuq/ZpA9ven6qbEvr7+/uaTpR9vc+t3f1O8Y7lNNCEhoom1ORvrT7ARAqYqzAuHigz9vqJ/fp9NhrGf0xuj+ftWWZLFRx7PG9P7mNsrTP6awY1W0Mx+MZ+ZQ1FoyZnpbD5xhF1VW5CvoU8lGyWGTPNthWZSe4deNUT4DD7AJWFBZ/SHXYyh3HfBb7Dd5bzFWi2ivYi3u/HYF9eD30bhvJcm8RQY8i1p3IunRO5GkR1Wv5EojjV07N11G6i542G2RuRnY4CbEx9qRA/BllHHqbrrMiE8m0om5aabBkM5ildOuzWFWl4GweeHb0+9H+aXfWzxWTpW8K3YkfkJr/pVsoact7rPgiLoMrYPs7BygX6ibFDMVazj2M0xiI1GtriIMTaOVc9vjbx9rap1oLjeVTInIg7LHE1Ox3QTK8P/RO3Oz9ZyzNvMhwUuJHnaiWibzr9MuW63mwBHI2zPViuC03e9rAmAGlOTLijmYDu38CpMTynIozTqGsdSrPMpew1/6mWsP4/6uuSncNRXxOKqWA/JOQxSD7jPGc/aXe9iijnciYV6UVFkKHZ+mD1oyL0svplwHK/YvXzi9bqPw==</diagram><diagram id="2b856191-8888-340e-5a40-8b1c0c8d52f5" name="Page-3">7VxZc6NGEP41U3naLWA4H0FH8pBUpbKpSvKIJSyRRUJBeG3vr0/3HELAIGObQ17k2qqFYWhm+uvu6e7pEaGz3dPPWXjY/pauo4QY2vqJ0DkxDN00bPgPW555i+NpvGGTxWvRqWj4En+PRKPs9hCvo2OpY56mSR4fyo2rdL+PVnmpLcyy9LHc7T5Nyl89hJuo1vBlFSb11r/idb7lra7hFO2/RPFmK7+s2x5/cheuvm6y9GEvvkcMes/++ONdKGmJiR634Tp9PGuiC0JnWZrm/Gr3NIsS5K1kG39v2fD0NO4s2udtXjDEMPJnOfVoDZwQt2mWb9NNug+TRdEasOlFSECDu22+S+BSh0v4Zvb8N7Z/tuTtP6Lbv1GePwugw4c8haaC+q9pehA0+HhwEKUZHdOHbCWaTCEQYbaJxCS9+rz1EzdBSqN0F8FgoEsWJWEefytTD4W4bE79CpbBheCamoP0Igf36b4ly0oMY/xbh8ctewc7HmG6uY+iXVBlbcsYhybeX1d6QMvZ87YYHPMs/RrN0iTN2Iyoxv7ejI4zHjpiNN/C5EEQJQuHeB4JArKwSDAnnkUWHvF1Elg1JMuwPW7jPPpyCNlMH8HwlaEUX4qyPHoiTdrYMG/xAhVy/CytocvvHwsbZGjCcmzP7I+pvZ9TVp1Thp3kKIfxN7jc5GyOvOl4CPentoVNPJsEnmCoDyxekmBGPL/gLFx4/JGDrPcoe2tBXFOSvMvOCfom8edI0JsR1y4Iis4wmdIQlMOyiOsTb0kWLnEpjuzyy9BcmmlFFgDVvAx4Fh3j7+Ed64DycUjjfc4QsAJizaEFlezI9Q1fCJN4s4frJLpHUigqMaw5vmjOUQFxDqt4v/mTaeMnE1ru030u7Yku7wVVsxvBs8yS4ElhOJM7XSV3tAO5s2/2s2Q/nbr9dMezn47CfhrEtUCVPwN5janxHPULNRz+aUzvXFRgbhf8eR3gJAFHLnrZpJZhP/lKeLNJwuNRXK/SXbySnRp5fw9AnrULt6wbu61XDTetK5ChUCCrAwVyL0BkMIhcEoA5tREQQCZwSkugCwbZx48VjQxJtLrQeYkdEMkZmtLrRnKThesYIJPPhBJ3ALDptACY9gSwpwDYJIHLsHLQgXFnxQJbhej4GO+SUGFFPxwIVe/Iq2Og9I5OwZYKBPG1PyCKDPcbYFpBX3pVZ/QdFXlaph4meZTtwzwKkN3HGtKnibUCX0bEVfQXxHeYgi6Y5wV2ViMuKKj2SVpl9gzkAyxxwDwxMNK+y14Gg123yt07u54aTulk1NmrhK8LFdL1N3ERbChzadFMgiFk6hZQoXfoxtYt4tBcdIbkoqHgooUrBaw2yCzJxarsMQvFL4BlV8A1fVDho0q2IW9MxhvKZI4FKshCxjkMpBbj82lQ8VIF69yT0YSzyVxL9EyAQTrTQxvFCbQUebdUrX9TcVGqPqgxpA+q13Mn51FclNylj69MIf4o8ZyuCOgobY1u5xGdfjngbg/Vx4ajS9aLV3/H/E+hkEYlZrC0iqPIJUK89T4nURWmQ2TgsIWZ+Tkuz3fqLN955hReR+KzwirTrCc+dbsv2+XebFeTsnh122VaI9ouVSisdNIDzCzjxQxzUNzD9/SrFXhL7h8OIfCGKqSUGSOwUXa4wwnv746Hxty6jWmkQCbZfVWs1JRtv/lnYnkY0D8zFPHvlL0AOf2SYRvRKZPjKakk31ZjqgWaxsPnRlN3pYbNNoY0bJf34t9czVBfztsKafQU5ycScF1QaLP6at0LZIOrWkmtUuqWSfBh1VzVGqGqH+dU6DS4vGAQwuezbmIntXm8FVMqhts0KkM9qkKq+Pff6n3LIoObA1m3s5bCzo64namqckBfhm2M4faYjlmkazWmriql05sx7SpP8ANKtSKlY9ojSrUq/D/lklleHmtxWA0Nl3Pc5nBkH+UmPu/sXa0uOOaQunA5RTCCY9HGfZCFs2dSKmOQzl2K167g1WDIvbyCV7pbntntCu51iW9r5/CCHLwRXxlH9O8yUjWA7/UYLa9dknRYebOtbuVNVop8LHmjCnkbLJv+Sb4iIbH7EZRKIPSCnFTWJLvbwILqXYrJUMuOSkx6yBkPjq5rdIzu5RTc9CpfqUJy6Ii7DVRVtyHrEfBBqz22GsYTyXfXckG6Yk+vr3w3vZySeUm3Pqj+KJItdMSzN1SVbJH6Qxv1R1T4NMWdU9EfUx9Tf26nMiq6pariGTGRSZsPZmifTSJq5ZZYrYo5HRMTPXgOaomF/PiIHXybqm5Z1pi61XxgAzUEoWPV/WgNXdztC+aHMF9tJ4uW7Y2J1uXU0PQsoalIO5k9pJ1an/C9nEv5MV09s70SvXdr2C4rX49VjHJSSsNot6pLEm14QhYI3YeCX/Z/D6k8E+xzP5OdgsFk4+nZWW2T67ETyhbbA9HOKpk44dq54ZfPIhtIB+1Y+3c6mcvJwXZwVwf9aot4AdsXsvEV8APE6zPVWbL+Jz7RNa2xUmKINU2aa6WiOYSfH8OtcHlOxZ3/xBIaC4zJClGqygvr5Pq4nY4ENKQxVYBr4dugADdnrgwRHbymuGyqGLYqZusNw+bTUIYIE/hBe03s2vvmDcOXT24PWnZrNmfADPRoNFWJ+oUiT1amxH9iAXp6iqqEiaDaqn6+N1TtRlTN049iVCtsGJg+P+Pp4MLIV0jfuWF4qaKnNwwVfJ9Q/buswSwF8T3UBrWGozknRk9Hf6uH12p1mzdN4vfKOtHeNEl1JktCZwjoABz+ywDVSlv2CzMey3RCaIGxRC0snSqqpqwrHwNV631ZtQ+W9pTHNOSRjVfVRUkISrbUHM+WWperhqZcuK0smezhlE1rqIxJeyG6QnP04TQHbosf2uX56uLXjOnifw==</diagram><diagram id="adf3c762-3009-495e-12c1-77959e10490f" name="Page-4">7Vxbk5s2FP41etwdg7iIR3xLH9qZTNOZto+srcU0GLmAY29/fSUhmYuEg71gexMyyUQIIcT5znd0dHRkAGfb46c02G1+I2scA3OyPgI4B6ZpWKZD/2M1b0WN602KijCN1qJRWfEl+g+LStlsH61xVmuYExLn0a5euSJJgld5rS5IU3KoN3slcf2tuyDESsWXVRCrtX9G63xT1CLTLet/wVG4kW82HK+48xKsvoYp2SfifcCEr/xPcXsbyL7Eh2abYE0OlSq4AHCWEpIXpe1xhmMmWym24rlly93TuFOc5F0eMMUw8jf56XhNJSEuSZpvSEiSIF6UtVP+eZh1MKFXm3wb06JBi/Sd6dtfrP7Zlpd/i2b/4Dx/E0AH+5zQqrL3XwnZiT6K8bBB1L4oI/t0JaosoRBBGmLxkY763cZJmlRLMdliOhjaJMVxkEff6r0HQl3CU7tSZLQgpKaXIDwrQRy/kMOFwquJrpTkZ5xGdHQ4FW0yKoDcZ8pOKxKSYFm3jNhgRT9r2WIVB1kWrYpK0cS4AJgsT8lXPCMxSflnwgn/Q++8kiQXHRiWuK60Wy5Fu+ughfb9sBXD+RbEe9EpWLjA88B0ChY2mM6BZ4OFB3wDTG1FD+pQHzZRjr/sAv6pB2o26/C/UkQqQhNG45zYxdhwmuMjaGN/i6TEA1BYrTdpfVFxfShtnjkRlmpTsXfW5P2ytVXZmk6cs0/eBQkth6wMFg7wHDD1hLx9isASTGfA80vB04JX3HIZMh7kTy0AsmSXL2m1Q98C/px16M0AcsoORWM68toQtMOyAfKBtwQLBBBkI1Pf1NZdQ00ofHldF1KcRf8FL7wBQ3pHoiTnoranwJ7TGkbUTFCOXcZRmNByjF9ZV0wnIjqZ+aI6ZyRm419FSfgHZ/STJKo0VIaGyP1rmDTUFQUzjIEUzNGQ1wJTxMnrMuaiWak6TVSyQ7SNg0Q12acZm12EzKiK8opsmXkVtrnVWLbwfAA2e7Abm0/OiE7a4m2/Uy8rSEIqnbJ/CVKlf1fXPaz3HsR0DkuCHE+ZXDMF0tOHdULZ1aO8AL7LuEkLzHZQzk8AWtKGT/QfNw/8HtUDagym3JZQGvuIPzwHaP6Q1tzR4y/JpeKhxdvugVzoKrHbwOdWnFnPJUCch1MoCMks9/IDit29odg9jdhtNochm0tXir2p3dzWFQUq4w8pZuOW6i3npJqgC3fDqaj1kguditjiIoayEnEkOADMZ1m8T9x9CO+WSmoYGuHRCdflWsqtBCr8Z4P7zxUb3IMj3cNE6tYnUstS3WLDGUp451fkP+N6Enx/3WgIH6O2cDQ74977wlGOp2GoNbPflK1SWGHG1jnF1OkZH3lR2WCPLUNjN2GPNbKnv2iMYaussu7JKk3MQMQHuHNJyVT4OK08e9AZxoG3nGGcsxy5OuarEqWrMuNjlJ+6oOWyhw5K6naWfWd9FI9+ZmGXErPm+hpK0GQXxajEUyUeSkcuerbciY2QCW3Ts6TNkt4GvV25abj1lxRcVF5C7UrwVmkmQkbtH9OIy4hvaRtyozkdY0Pjivdfu4iXHzma7V7MNtKY7TtG0Q1dsMBhKymEWAEZwF8+rG1Gcta5iW32RiL0RwQZMagRwbofEUxdVOEUK+DhG7atwbcjCmqwOIMr2xRxyzmLM7CwNf07kY29H2jB4Fpq3Howwp3U5mGcoQ56rbHvcsHZuxt0qWNhNBwLdN6xaDS3PatXx8I8H025EN7O/uwZNbgS3gGmbz0gzQ07dK2T2wS2sQvUkx/7PnVzHNivup1PBnlMdTM0s6ScqYbXtyf5SAOSvhWlsXb7jp40ZiSn3+WOeT5K9ZiTjk5NpGd/91nnPegia9IvuqoP9rP78B3US8ZxalZoAPXq7Biej5KNKHZGEQ4wl3RGUU0POWSRLiuMZwahSSWpTLdjKTbYbbb68pGiIYUsZcawWVeEbBPsWLvtMWRJ08+vMTmsNhTX5+0+zqOnNVntt1xC2lXaFVlIbas5+v51hMtltVCyAdK/LKu5lapZ28kAaHVt5/SxtlPjTp+petGhT8lxHgVhQjKs0wWb5f94tlAK39fowgdFvgnxoOt6R4Z1JfgTNQnBcI2BwB8jaU2w5TaL3HK5bJUgj2FU5+cB9l46p92rsbRO5BY16+jbZXw/k91b7Wu0C1fYBVez+zmUXYCa5CQBJRNCDT3n3z2RN56KdGufNrCs3bG8KaF/fn6u6ETR12NmfPc7xTvQqaFpGyqatiZ6C/sA01TAXKyj/BNlxk4/sXfPwNEw/mNy+3beHjQbquBYt/P2oC7lymE7i6jIyDR4vr+yg6JRk5NSWDylRF0Jjsg3kLclm2XETJPQIiPJvQOvO6XlsJ00VBRmfEp32IEdxn0X+A5POef7z2wP7bt4P47BPr8b+j4MzXoiiqsx5NrDOueOj3QGUU3t+pWEUaKnZ+ME3kjPCw2zd0N2qsewIupLrfFLkLbEYdoOkYwoX4byaUq8BcxjBlePiSu6KOo9j7i3nPaaAh8K14qdnBvdpksZa7iwzlj1eCyyVcL2cToWjvGxHgmrSdm4J2EtNTi2wcEaa2dc9VjbSNvLJlpo386fss4nrI28vSxVWpchesf9Snm6RhOdrESZVykOclyLcjXC0BedihkjXe+2AI7G1R4s0mWNPznU508O6X5zaIBs2s7oasJZqgnIqAijJGzbhdJscil55j/UBtb9qK8LdQ5H/fZfTaqA+CkmL0H8G84y9jN33VVEOZMzqkgvKoIMTeID7EdF6GX5a4FFtmL5k4xw8T8=</diagram></mxfile>