<mxfile userAgent="Mozilla/5.0 (Windows NT 10.0; Win64; x64) AppleWebKit/537.36 (KHTML, like Gecko) Chrome/61.0.3163.100 Safari/537.36" version="7.4.7" editor="www.draw.io" type="github"><diagram id="da5ba89c-7447-61ff-c7d7-abc8e196db4a" name="Page-1">7VlLc+I4EP41Ok7Kb8tHG8zMYfaUrdrdowYrRhNjUbYIYX79dssS2NgkmQkhu5WhqKLdauvxfepWtyD+bP34uWGb1R+y4BXxnOKR+HPieW7gRfCDmn2niYOgU5SNKIzRUXErfnCjdIx2KwreDgyVlJUSm6FyKeuaL9VAx5pG7oZmd7IajrphJR8pbpesGmv/EoVadVrqxUf9Fy7KlR3ZjZKu5Rtb3peN3NZmPOL5d/rTNa+Z7csstF2xQu56Kj8n/qyRUnXS+nHGK8TWwta9tzjTeph3w2v1khc8w0ur9nbtvAAozKNs1EqWsmZVftRmen0ce3DgaaXWFYguiDBos/8b9TehffzHmH3nSu0N02yrJKiOvX+VcmP66OaDkzi7JKNq5bZZGiuzDMWaklur5IAn7FMu1xxmAzYNr5gSD8Pumdkw5cHuCBoIBrczGIZvg+EAQQ3oSzG8E1U1k5Vs9GzsDvSzVjXynvdaHP2BloK1Kz0bfB025QaHqER9f1FG4isxYsZ+YNXWdErymCQJyTKShySbkyQkeUJSl2Rj8obU7FZC8dsN0+vaQbgb0mVG4o3ij0/DM163CY6hmcLuGGk8x8SHVS/KBM7rkXG9CWgCkuUkjUlOUcgSkkckdQhdjPd1VUEI5s/DMsTwEOXwoaxY2xp5KddiaY3Obs5z27lsWCEAZNtWy5q/kpLDCWawthTZeN3jyPUmOAovwZE/zRE125fOSJaikCzw+1E58pL35GgqxFCS5uhBQA0ISfqbrANZgU0A34WscIKsiGQRoRQF6pL041ITOe/pR9GIGvcGnjUtM0KT4zENQjInKVC3INlMUwcRMUbq8HCHAOnaJn2CoXGoXZCSxDMCjTTzIXIOb6WgyexbMNmoUsjOhtUglyjrs3CBZ2EXgtN0aka6iWb24IxtLHBsU6rnmKGME4EcxNdCikEBjKmPWYkZH0AbTMGoC/FwquqbeRa3JNJnuM5zzOQykvp6Ti4ueWIBMYYrGqAAxomv+8m1xoKDawtIOtfBbKaRHPc8WtIptmfWBurB8k58EXa3OnE63oof7Js2QL/ZSFErvRHDjIRz0GCC3Ha5Mr7AKlHWmNTyO+wKXUZAwZcatcLkGfFcirr8U2fSn4JXOljPgXx/woH8CziQrbR/qvg4SfDP1iKDquBtCzjXlNaDeoFO43rxesEOPjggPHTT1LtxrVvNcUujy8DXMfEEPKLzuHT+YQ+QUSJ2zfODPsGcTskyiFk66FN9WvTrQIjTkJt5i55Ss4uhDYwXOpBHGOw+cubmP8/uVHC7CLvJBLuHSijGKh4PJnuKnVLU7sS6YvX4uuX/Q8Lelhtj1CfvCA4Xi6+BfSpdfuKOwPmkI6RNdK5wnXLmZm9vgXkZVpe4T7HT+yWsxnnO1bGKronV1N1TiNGWhqZm7rBKNG6YngemeH6mir46bK7zQtzoJXCbug8KNTiBBsfXW2vRu4CIde6f/weAom+3weDx+EeJbuv9G+Xn/wI=</diagram></mxfile>