<mxfile userAgent="Mozilla/5.0 (Windows NT 10.0; Win64; x64) AppleWebKit/537.36 (KHTML, like Gecko) Chrome/61.0.3163.100 Safari/537.36" version="7.5.4" editor="www.draw.io" type="github"><diagram id="da5ba89c-7447-61ff-c7d7-abc8e196db4a" name="function">7Vzdc6M2EP9rNH26G76RHsEf14d2ptPrTNtHYhObOwwuJnFyf321QjIGCcIlGJzgzM0cXoSQ9re72l2tQOZs9/QlC/bb39N1GCNDWz8hc44MQ7cMh/4HlOeC4hKtIGyyaM0blYSv0Y+QE0Wzh2gdHioN8zSN82hfJa7SJAlXeYUWZFl6rDa7T+PqW/fBJpQIX1dBLFP/jtb5tqBiwy3pv4bRZiverDukuHMXrL5vsvQh4e9DhnnP/orbu0D0xSd62Abr9HhGMhfInGVpmhdXu6dZGANvBduK55YNd0/jzsIk7/KAYfFx5M9i7uGasoL/TLN8m27SJIgXJdVn8wuhB43+2ua7mF7q9JK+NHv+B+ifbfHzX97sW5jnzxzp4CFPKans/bc03fM+5BnwSR3Sh2zFx8hHnQfZJhStOAIw/LPn+LS/hOkupKOhDbIwDvLosYp0wAVmc2pXMo1ecL6peYhxKw+TNOnItArLGAfXwWHLnoGGBzrd3APpLntltGUEY+PPr2stKOXsflcUDnmWfg9naZxmbEamxv7ego87Fj58MI9B/MA7RQsXEYJ8Hy1s5M8RsdGCIE9Hvi1BWcXtuI3y8Os+YBM9UuNXxbKROY9hlodPrfPmd00ux8/CInLpOpZ2yNC49die2SBLezundEdmleHEOUhi9EgvNzmbZEE67IPkRFs4iDjIJ5yjHuXxEvkzRLyStfSCFLdc4D0x2VMLhC3R5V123qFnIW8OHZIZwk7ZIW9MZ1MZgnJYNsIeIku0wAibMLL2hym5MtOaMFAM8yriWXiIfgR3rAEIyD6NkpxBYPvInlMKqNmh0Dh4IIijTUKv4/AeugLBiOjC43FyDioIc1hFyeYvpo+fLEq5T5NcWBRd/Oa9Wv1Inm1VJM+wJcHTVYJn9iB4mNxMaM2ECntZsaF4LBsqRlMxogbCNlXnz7R/janyHHQMtJz+05juYVDiwjZ4cxnjOKYeXfiyXa0if3Ka4McmDg4Hfr1Kd9FKNGpk/z3F8ozO/bN+jLdet96mrESGQonsPqw3bsHIYBhh5FOb6gAiFBrfrSyEmFplD95WEhmUYHpp4yU0AChnYE+vG8pNFqwjCqO4xxW5B4QttwPC5qUQJgqELeRjBpYLfgyelctsHaPDMdrFgcKUvjsU6k4SkUFQOkmnuEuFAn/bnzSgDJINZVrZv3Cuzvp3Vd2b1d6DOA+zJMhDH9h9kKA+TawT+rYa/AXyXKagC+Z+UUOrIUwVVPskzDK7R8WDmmKfuWPUSnuYPUwttmyW3+ryks5wCldDZq8Svj50yGzQoRfYSI0oc2zBTlJLyNTNN7negTMrm8TB2egOyEbLULDRhrWCrjfALcHGuvQxE1VcUJ5dA9v0IcXPMpV8A+ZYjDkmkzoWsAAPGesgoFpcAaOGFDCz2ePUuMfJ/EvwTiiHdKaKDggUVVRg3lK1BE7FTak7osagjqiuy4w/C+fC+C49/mRC8eMEdhZPspwHdi6njRDY6QoleRVW7x2P/njPH/0DUkGlShq1yMHWat5iIRD8qTd5ipYijwfhgcsWZ+bs4CL3qbPc55lreB1J0BqrLEtOgurOxayXPP+b9RLaIjh8br3E5t7w1kuMpu5Nya66D1lmuJhBLqrw84l+tRJviw3FISTe1hVcFIkjaqScYAcTTu4O+8Y8uwPZJF8k3D1VxNSUeb+5aHx9GNRFU231TNoPsE3ZsmFzNMumihOLPTamW1TViiC60dZdqWVzjCEtm9Mq1K8ub5DX865CGj5F+akLel320E1I+5bHBl+1lmA1TVztohiT5KtKHdUdObfWT4PPS+1B8HzWjO+qNo+3Zkr5cJtGZahHVQpV8f7Xut+63l4RMnEPEst2lhij2VnVphk1smyDDLbJdMgkXasxxaq0zuUCI/cm1s1iTRRirY8m1qpdjlNGmaXnoTKHVdQUgg7bHa5oo9zOLxqTq1UG1xpQGUR8dj2eRScpNRVSavcevr9qDa+HQ7h9Da81t4nV6xrutqewfxLfzt5hixy8Ht/egxg1IqYawLf6jDbplicdVt4cu2d5aw+/r1XeLEXQLNaeS8vbJ/GIgMS5jKDUQqEX5KS2Jjn9hhYiR/TOlh2lmPRezDg4utjoOXAUm+m3OtiT6Liq7dLRzhK4qp01UZUANzrts0kYTyTlLaWDdMW+3sVS3lq7S/eScr1bBVIUkrujFZK7bWU9ZqMC8UKfpshzKgpk6aMqULuPOsnVSZHMdHv3fzsrV/MJAO2zhXjN3BIKVyGtY0GuBw5GLaGoH26xo3BTVS7bHlG5hNAoobMZdKzQH8whhh0/f74P8tV2smg5ZES0xLtvlvBkCbGiMAiPlv/W9bdFUu8dhYtvEDtV7btgMSNW1XgJy+h0qk7iNDgzSzu6Dzi3nP8eUnFK2Cs8TXYkBhKOp3tnFU6YsDPLNtsH0c7qmYqOpZPEL59ONqAfMCbdn+llLicX24WdHfCsbUR8tjfkwCPUEeCPz1Tnyi4/8Ykuao31EkMsasJaKxXNRcVhMtgPFydW8PwXltNYQFRWilJdXlgj7MGeOnSgIawIxCcCsBTADQqwqqZM1HlaHODuFWZTxbBTRdvFMFR9zURgaIsQD7MKXLZz71k3DF8+xj1o8S1p9mgM8Gg0VaF6S6Unq1UqPrhAWxJF8dlEUO1URX8xVJuXT+v0iYx6lQ0D0ytOe7qwMBYrpKeotJoohsqqnsuVxbcH9h+/Cl5UYlbK2EarghejUeiUeToEXD/EJlVv3lSJ+w5DHgImzc6myXdKbQCn+EpAvd6WfW+GsFwnjS0gmJDi0qmiaokP2o2CavuBig+W+BSHNcTBjZ89rKHLtlT43GOkRNtrh6Zdvq0snBwxfd3+XdaP74fYMhzmUFU/9Gf5Bd4iY11+5thc/A8=</diagram><diagram name="tp-function" id="05369921-09f9-8c21-3544-0356cc474ba8">7Vvfc6M2EP5r9JgOvwTSIzj29aGd6fQ60/aR2IpNDyMXK3HSv75aIYEB2efEGPsu57mbwCLJaD/tt7vSGvmT9cunMt2sfuULliPPWbwg/x558oN9+Qckr5Ukok4lWJbZohK5jeBz9h/TQtPsKVuwbauh4DwX2aYtnPOiYHPRkqVlyXftZo88b3/rJl2ynuDzPM370j+zhVhVUuJFjfxnli1X5pvdkFZPHtL5l2XJnwr9fcjzH9WnerxOzVh6ottVuuC7PZE/Rf6k5FxUV+uXCctBt0ZtVb/Zgaf1e5esEKd08PRriFczdbaQmtC3vBQrvuRFmk8baaKmx2AAR96txDqXl668lN9Zvv4F8p+wuf1bN/uHCfGqgU6fBJeiZvRfON/oMfoT0HPa8qdyrt8x0EsiLZdMt9L6h7ff66Yn/YnxNZMvIxuULE9F9tzGOdXLZVm3a1QmL7TW7Br0j2qw4MWJKmspTOlvkW5Xqg803MrJihiWdjOqks0yeDXdf9FpISV7z0/FYCtK/oVNeM5LNSPfUZ8z0ImuhY5+l+c0f9KDommEKEVJgqYYJfeIYjSlKHZRgntItmHbrTLBPm9SNc+dJL42lAd188xKwV6Ozls/9fUq1qwZkup211CQ52jiWO3RT+CcryjcV5QX5gKWYfYsL5dCTbESbTdpUcumIaIhSqjWZyw1PEPJBNG4Uay8oNWjCDRPfdVrikhghnwo9weMAxTfw4B0gkjYDKgby8m0XsH6WhiRGNEZmhJEfHiz452luDXTzlKQCIo23iXbZv+lD6oBLI8NzwqhEMAJwvdSAja2rcwNOqR5tizkdc4eYShYFpl0ObEWC7A/mMM8K5Z/KGO8C6TkkRfC0Ilr7vWowTDr7q52vK9mmfVWnmtbef4AKy/8QaAdAo36BEquRaCGgw7Aw/IHvjspOLhBMLqWBPd77UL1OQM0HF4Ltcji9kKgYMmEwMXyn6MYkgDVVgwe3/eRznMZcbOv+7426nVQCzfLPN1u9fWcr7O5aXQYFonxnlzHz8M4WLfjYf0+z3kWnsMD8ByxYEJQIj1dCAhIKJKoFZwQ6StjGL4RKujAIcrGM2gA0E3Ay10VOuI9+MpSOtAtMCOLgXxUEH0dOv9C0FELdAFKiMIkghCSTJoYpwvFdpet89Tixi5kJ8syXWSsoTLNnsPHpy7uY2ANUN0wOgyC/rbfZR6fFkuptGb8oB+GRJbhTQ5mRk9zwcoiFSwBdW97SNcTOwl8Exp10Z+iOFKGOFXBryRQBxFpiM6d/K8MUz2T60NSbKKCYcm+MVGdJRP36fZN6cYh9N8Se9CTF8DhuNAK+BBG53qHrE7G9Yf1Xid10igxirHiVg/FvkoEHBDCKDPITOCRi+I+e56DRE16h2lyACSiEZHAtnACgx8iSs+xQaK74hUvVhfSRVm81O3r2R11ydu2K0JQIqEW/qgCOAgHZKTggjO67QDugo6pE9e5YwZ2bn/j6H0p0veYy7qWvMjX4IyfF7nHNxu+6Wz2TXAMp3rd9TfY/WoMMopa9hh0tyir5aA7nRee2ZyTjMkj4+mniFR7va4KC/bCsQE2fYfwSW/frnNNxGvUayhon+7CC9Gdd3xH6N1nRn3OO9Um2Esm6iHkdTPCSTaBLRR1ITuRFJC+7jXQe8YHzaiTcPlO5zSv0/yuzpje28EYarMWqlc+6fW8gLTnX2l5CCv3+2n1R98lNl605VnxtTyreZu30vB3v2/V8YQ+tlD1pSJTPzjLam7QMo4Z8mlWg/tWE7hXsxrLsavVanSedyhm+Sh5Xu2Xr2JNP04qe9Y0UjrRxf2C+YRvzydIjJLqnMZBxBXZmuWZ1PuNObQrmmY347OlJJeyTLMaviM/d15KM5ZdhqOZpfHRlgIlWzUPHOXL1o+p1kj47xM3ZUFx5VTVLir1957tFSARqoqUMNQdSYtvaoSqgXulQ18vR/JgHErf0meQudTRRARn/hBEYEQTtU8fQhfYR666T2xnmZef+AflSz9s7+GMGsrg4+n0B9gHdfppgDl9GT8NMIVCLXI7Z1vyfdYwm5G+NWiUTq2Vai2IAczkrj5zPlIUQG2FH0FIBkDGVrVzwoGy5RiaQAM4vsPAufTKSdwYWx/dU7m6UGMUiqMDUdw3lrcNWtRoajBaVY3Xq0W1xIC91ExdTBFVJQoyHyNXro27od2SUXOy0LOC1d3aCiDCjh1V3eAAapbfA6jqf0JsWGPAlxIVyyZQTAkDUjOy4mfd3UIHH2QZdDNzU0g5yio4/vOobzrQPHsv2lYbYczmRg/o+0eAXYrpjDPcEWBoL46ioaqDDqD8KVGlUDSG3xXVRe3AGp4qUFO/PYrvG9L5wQiVoftj+oWhqqU+DCMMnpaexAjYCYZhhC6zvJsR5G3zw+iqefPrc3/6Pw==</diagram><diagram id="e385e576-ca63-0be9-d894-d514f8382326" name="component">7Vzdc5s4EP9r9JiM+RaP+Cv30M50rjdzd4/EKJgWIx/g2Olff5KQzIeEixPZTlo67VQIsYj97a52VysDa7Y5POThdv0ZRygF5iQ6AGsOTNOwTZf8R3teqh7Pn1QdcZ5EfFDd8TX5gXinGLZLIlS0BpYYp2WybXeucJahVdnqC/Mc79vDnnDafus2jJHU8XUVpnLv30lUrqteaHp1/x8oidfizYbrV3cew9X3OMe7jL8PmNYT+1Pd3oSCFv/QYh1GeN/oshbAmuUYl1Vrc5ihlPJWsK16btlz9zjvHGXlkAdMPo3yRXw6iggn+CXOyzWOcRami7p3yj4PUQITcrUuNylpGqRJ3pm//EP77x1x+S8f9g2V5QsHOtyVmHTV1D9hvOU05A/g31TgXb7ic7S5SIR5jPgozn86+8Zj/KMfEN4gMhkyIEdpWCbPbZxDLi7xcVzNMtLgXFNz0LNPshClj3h/JvdavKtZ+QXlCZkeyvmYgnx/GVBpJx0ZzpDoWyZ0tpxOJEas0rAoklXVyYcYZyBTlDn+jmY4xTn7TGvC/pA7TzgrOQHD5teNccslH/dabD3rVuDyyTyH6Y4TBQsP+D6YTsHCAdM58B2w8EFggKkjyUEb6v06KdHXbcg+dE/sZhv+J4JIg2ncapxiey87n1FeosNJTvG7FlebF2F+YXW9r42eOeGmat0wePbk7bx1ZN6ablrST96GGWnHtA0WLvBdMPU5vwOCwBJMZ8APasaThl/d8igyvsWeWgBoC5KPeZNgYINgTgn6MwDdmiAfTGbemoJyWg6AAfCXYAEBtOjM5Df1keuICcGqbMtCjorkR/jIBlCktzjJSsZqZwqcOemhilpwlaOXaRJnpJ2iJ0qKCkBCVrOAd5dUien8V0kW/8U0+k4oqjBUhkKR9UuYcAwaAmYYFxIwX6G8NphCprwe1Vw4q0Wni0qxTzZpmMkm+7hk04uYGlXeXuENNa/cNvcayx49v4A2+9YwbT56Iypu87f9SdysMIsJd2r6AqQGfU9F3mpTD1OyhmVhiaaUr4UE6fHDBqEspKcL8wIEHlVO0qDGgyj9BMAlGXhH/jH7wO4RQSDWYMqMCdHjALKH5wDOb2/O/cECILRLBkQJuKNBuwzjVXx3QMDsOLWfSwCZJk4trpLUdi8/IN+9a/LdVPDdocsYdBh7Bd+78s3MXdUgTP6QfDauKuCWgtGVx+E25HrJmE5YbDMWW6ITMiQYANRtWbyN3TqYd1Up9RTMI2uux6SUmQlYudAGc6EbVliDL61hLfXaa6lty56x4V6IeSKZMIaUP/dEm6GjwfnWjB1djtv1Y0dD5X8ql78pDVRoY0ZDnWrt9I2PHFd2tMcREn0N7YFjQkZrQsY0Za2CN8vIiNm0tKpKETDvkihT5eP06tk7XWFc64orjAjJdOd9ZUUZKszokJRHEqRdUxhm+ie6BZI/+oWmXmrQujG2JVATJKpJ8adqQCRCXf/C69CptE2iQ2xH+NIYxjND/fPtpF/4dPtmZapnVUtV9f7XxupwdGz0mmZHYZpv5vCoMrrENJNoicyJNKABguW7tb/QcK7oo7ijImhVBE+hCM7NFEEV/B7zASxFQ3cv2K5DpRo0l+CJMVV2ck5zCTQ7Tf5OxGD/FwoKPFtOT1/O4YHvzeEZ5taI4oeGXIu4UrOrc65nYXQ8C3jas+gMd3xbq2dhnvYszsR3sNN6Qg5eja+IcC7tynZ35qAeT9bxO9s9mjzZt8mb61pa5c0S9TsfTN4shbx515G3O/FIBxLdgtIJ0H4iJ501ydUb8FiGTjG53rKjEhPt7tTV0YX2RCu67ml0f0cvfpB4OQpv3blZAZ/rjSjqQtHV7rsMriaTY659kajKv1gJEJw0qsdU+5J8G92h8VcgBw8VL0VtsNkWhGIdbum4zSGm5dH3Tyner9YE1/vNLi2TuwivdhvGWmWc9opyo754jrw/SlAdWHMhu0Cdl213N0wV0Z3Bt2aa0Z2rIboTxqMB/hciXuRrpvgwT8I4wwVSyYJD63x8hwtFEChk4YMi34X4opG9K7b7BfgTudTA8IzLgO+edsV/R/stNlPExsq5UYJqfdYeJQzG13ydcvOeKHk+T99PlPE2aY124RV2wVPscV7MLijqtziUlAkt9Nz/dljcuKvqqgMywLa3h/qmgP7+/r4hExWt91narXeJdy23haZjyGg6ivytpQNMKIG5iJLygWjGVr2wD6+zUWj8x9Tt63l7ltkRBde+nrcn6hg7+4zBkkJN91AMVtgv7aEoxOQoFDYrHJF35UbkO8g7QptFxkxRtiIyydqBlz0BBnMAYNWYsSXdpSdzqO57IHBZZTnbgaa7aD/F+/0Y7LP3Q8/AUJxrExgqDLnyVM6pcyKDQZSX5U84TjK1enaO2o3qeaZh9q+ona4EbEJ8qQg9hnlPHqbvrMiI8nkom5acbLkYzGO6VGvpirCzrQPPHN4bnGaX/Wy+WAYW963oEbnRbzpXZQ2x7vUfhBUFS7rPwYoN+lFjNWmsomjjdhoL5WhojcIIKddc+fjaqLfnLbWWcz2PCpqj4mpVXEVZA9R+cGAwuv35yUaeeZWjsEStPFcnEX3W6Zcx1/VmC+AqnO2L5brg6G1rNQFQcWLCu50J6P8NnIaGF4SFSRb37UMptrmkWvNfagvrdqqvSnZeTvUVoZgM9kOKH8P0MyoK+pN2w0VEOpcziogWEYGGovTB0iMi5LL+ZcCqXrH++UVr8T8=</diagram><diagram id="2b856191-8888-340e-5a40-8b1c0c8d52f5" name="Page-3">7VxZk6M2EP41qjztFiDOR/CxeUiqUtlUJXlkbMZmFxsHM9f++nTrMAYEw8xgmFk8tVULQjRSf92t7lbLhM52j1+y8LD9PV1HCTG09SOhc2IYumnY8B+2PPEWx9N4wyaL16JT0fA1/hGJRtntLl5Hx1LHPE2TPD6UG1fpfh+t8lJbmGXpQ7nbbZqUv3oIN1Gt4esqTOqtf8frfMtbXcMp2n+N4s1Wflm3Pf7kJlx932Tp3V58jxj0lv3xx7tQ0hITPW7Ddfpw1kQXhM6yNM351e5xFiXIW8k2/t6y4elp3Fm0z7u8YIhh5E9y6tEaOCFu0yzfppt0HyaLojVg04uQgAZ323yXwKUOl/DN7OkfbP9sydt/RbdvUZ4/CaDDuzyFpoL6b2l6EDTqExBzOqZ32UqM0RQiEWabSPQS/MfRn70mJv0lSncRDAY6ZFES5vF9GedQiMvm1K9gGVwIrqk5SFs5uE/3HVlWYhjj3zo8btk72PEIk819FO2CKmtbxjg08f660gNazp53xeCYZ+n3aJYmacZmRDX29wZ0nLHQEWO5D5M7QZQsHOJ5JAjIwiLBnHgWWXjE10lg1ZAsw/awjfPo6yFk83wAw1eGspE391GWR4+t8xZPqZDiJ2kNXX7/UNggQxOWY3tmf0zt7Zyy6pwy7CRHOYzv4XKTsznypuMh3J/aFjbxbBJ4gqE+sHhJghnx/IKzcOHxRw6y3qPsrQVxTUnyJjsn6JvEnyNBb0ZcuyAoOsNkSkNQDssirk+8JVm4xKU4svaXobk004osAIR5GfAsOsY/whvWAeXjkMb7nCFgBcSaQwsq2ZHrG74QJvFmD9dJdIukUC5iWHN80ZyjAuIcVvF+8xfTxk8mtNym+1zaE13eC6pmP4JnmSXBk8JwJne6Su5oD3JnX+1nxX46dfvpjmU/HYX9NIhrgSp/BvIaU+M56hdqOPzTmN65qMDcLvjzOsBJAo5c9LxJLcN+8pXwZpOEx6O4XqW7eCU7NfL+FoA8axduWT92W68ablpXIEOhQFYPCuS2QGQwiFwSgDm1ERBAJnBKS6ALBtnHjxWNDEm0utB5iR0QyRma0veN5CYL1zGgKJ8JJe4BYNPpADC9EMCeAmCTBC7DykEHxp0VC2wVouNDvEtChRX9cCBUvSOvjoHSOzoFWyoQxNf+hCgy3G+AaQV96VWd0XdU5GmZepjkUbYP8yhAdh9rSJ8m1gl8GRFX0V8Q32EKumCeF9hZjbigoNonaZXZM5APsMQB88TASPsuexkMdt0qv9HZ9TrDKZ2MOnuV8PWhQrr+Ki6CDWUuLZpJMIRM3QIq9A7d2LpFHJqLzpBcNBRctHClgNUGmSW5WJU9ZqH4BbDsHXBNH1T4qJJtyBuT8YYymWOBCrKQcQ4DqcX4fBpUvFTBOvdkNOFsMtcSPRNgkM700EZxAi1F3i1V699UXJSqD2oM6YPq9dzJeRQXJTfpwwtTiD9PPKcrAjoqwBk+otPbA+7uUH10OPpjvXj1D8z/FAppVGIGS6s4ilwexFtvcxJVYTpEBg5bmJmf4/J8p87ynWdO4ftIfFZYZZr1xKduX8p2uVfb1awsXt12mdZotksVCiud9AAzy3gxwxwU9/A9/d0KvCX3D4cQeEMVUsqMEdgoO9zhhPc3x0Njbt3GNFIgk+y+KlZqyrZf/TOxPAzonxmK+HfaXoBkQMmwjeaUydGUVJJvqzHVAk3j4XOjqXunhs02hjRs7Xvxr65mqC/nXYU0eozzEwm4Lih0W321vgWywVWtpFYpdcsk+KBqrmqNUNWPcyp0GlxeMAjh01k3sZPaPN6KKRXDbRqVoR5VIVX8+6/1vmWRwdWBVNlZS2FnR9vOVFU5oC/DNsZwe0zHLNJ7NaauKqVzMWPaV57gp5RqRUrHtEeTalX4f8ols7w81uKwGhou57jN4cg+yk183tl7t7rgmEPqQnuKYATHopv7IEtnz6RURiE9uxQvXcGrwZDbvoJXulue2e8K7vWJb2fnsEUOXo2vjCQu7TJSNYBv9Rgtr1uSdFh5s61+5U1Winw0eaMKeRsom/5JviIhsS8jKJVA6Bk5qaxJdr+BBdX7FJPhlh2VmPSeMx4cXdfoGd32FNwUK1+pQnLoaLsNVFW3IesR8EGnPbYaxhPJd9dyQbpiT+9S+W7anpJ5Trc+rP4oki10tLM3VJVskfpDG/VHVPg0xZ1T0R9TH1N/rqcyarqlquIZLZFJmw9maJ9NImrlllitijkdExM9eA5qiYX8+IgdfJuqblnWmLrVfGADNQShY9X9aA1d3O0L5ocwX20ni5btjYlWe2poipbQVKSdzN7TTp1P+LbnUn5WV0+CcPGtYbusfBesYpRTUhpGu1NdkmjDE7JA6DYU3LL/u0vlmWCf+5nsFAwmG0/PzmqbXI+dULbYHoh2VsnECdfODT9/FtlAOmjHur/Ty1xODraDuzroV1vEC9i+kI2vgB8gXp+pzpJdfuITXdMaKyWGWNOksVYqmkP4+THcCpfnVNz5LyyhscCYrBClqrywTq6P2+lIQEMaUwW4Fr4NCnBz5soQ0cFLisumimGnYraLYdh8GsoQYQI/aK+JXXvfvGL4/MntQctuzeYMmIEejaYqUW8p8mRlSvwnFqCnp6hKmAiqnernL4aq3YiqefpRjGqFDQPT52c8HVwY+QrpO1cM2yp6Loahgu+Tqn+XNZilIL732qDOcDTnxOjp6G/18FqtbvOqSfxeWSd6MU1SncmS0BkCOgCH/zJAtdKW/cKMxzKdEFpgLFELS6eKqinrysdA1XpbVu2DpT3lMQ15ZOOFdVEShJItNceypVZ71dC0C7eVJZO9n7LpDJUxcS9EV2iOPpTmwG3xQ7s8X138mjFd/A8=</diagram><diagram id="adf3c762-3009-495e-12c1-77959e10490f" name="data-flow">7V1Lk6M4Ev41XCaiHbyExBFX2T2H6YiO7Y3Y3SNlUzYztvFg6jW/fiUh8ZCEDbbAdhV16MZCCEmZ+eVDKWE4D9v372m4X/9IltHGsM3lu+E8GrZtubaH/yMlH3kJ9M28YJXGS1apLPgV/xOxQl7tJV5Gh1rFLEk2WbyvFy6S3S5aZLWyME2Tt3q152RTf+s+XEVSwa9FuJFL/xMvs3VeimxYlv8exas1f7Pl+fmdp3Dx1ypNXnbsfYbtPNO//PY25G2xgR7W4TJ5qxQ5M8N5SJMky6+27w/Rhswtn7b8uXnD3aLfabTL2jxgs25kH3zo0RLPBPuZpNk6WSW7cDMrS6d0eBFpwMS/1tl2gy8tfInfmX78l5RPAP/5P1btzyjLPhihw5cswUVl638kyZ61IQ+AjemQvKQL1keXsUSYriJWizEc6X3lMTbo71GyjXBncIU02oRZ/Fqnc8jYZVXUK6cMX7BZU8+gc3QGo81T8tZx8mpTV87kzyiNce+ilNU54OFnAWF2XLBLdhEvm8eks6ydJa+x2ISHQ7zIC1kVqwNhDlma/BU9JJskpcN0TPqH7zwnu4w1YLnsd6XefM7qnUtaB1yLtqwzr+HmhTVqzKDh+8Z0asyAMX00fGDMfCOwjCmQ+KBO6rd1nEW/9iEd6BuGzTr5nzFFKpPGQOPYtDdO52uUZtH70Zlidx2GWh8cfVH++63EPNtkSLWu4J1rXj63QJrb337Dv40ZMqZzMsczz/CREczJTCM82dCYuXTKHUqEwEAurYNvmeQCPRrBjFxgUiCLPIWVjo8n4IE+6Bv+vNImvngwkEmqBS55lpQ8GsiuNA5Inbxx3yMt2N4Gz8D0KcVXq4zSIC8hLE/VESeT9/dLkldwkP3keF61iD2LX4T5CA8WDxlhnrJ5a3jq8gZ5RZdUDBxSEbNagOgTMzoleKxz0jsyAYheIDIsPGGk17h5l3cfj2NuTPGgH9r0+hktosWiodeBEdjn9Br3gnaT0Ng9e0KxYNjqrlHBJJTr3jVcgggn4OEFkPIDvYUe2C08Ztw8cggHMubxJYnHYpfVxTqNDvE/4ROtQIR2n8S7jEoNmBrgEZcQzD0w9CQ/N/Fqh6830TNpishyjO2SgBVnBI+nBwwj8W71bwrO3zjmcp1jKTC5D7CQsQIqsAJowApPgcM5VSg/YgggdPKJAAeyRXN4i7ebcCdr38L4Ij9WRD+y60WyJZqSqdlGvdcA2T3Mte+0A+bCrlTNNnvbv7DBHO5WeHbK9l2ZmCpacmOHtx5usDmyC7NoSub1IJG0GFgrKkM1lWdEIAlizAhiYNkLTIJ5tvmNqguK6PgeEVy3FFMm049ElK+umL3W9P/gxG1Hbx3Chc6adqw2qQGUKyCU6wWHCST+Fyvb+5t2OOC0+4ppx3PpUdUNiCkz9VXcTbEuv8BzfJfTbA3J3lxP1SY6N9m9ClvPmSU4pXYfBhBWiCglKAGm1MC8aLp1TN6QTGpZisnDChdSLqUogXJXyKKuUAWDNfhEGhQprCtS15U9HMvra/KOB1e+YmigkaLVEIDFrIxaDIDN5fAxAN4bAagV2i93PSDxsXI/DEsH9j/vOD4gSA+EYEDpcUfp0RlYs4AsVe71pEoO/1TiFIAGRoKjcnajGga57oAy4h2VkbPD97KgtGXm6D3OiibwddlCKyaFuvmRPfqThF1Kmon+teOgehN5n9hTJT2khiCauNAECNkOsH2XYxa3NvDtyk0L1l+SS6L0Eowr4UelGgsZNQ+mPhabjaWpy0J13EeB4/L3n+vE80GOsK0JtpECtq+2IGKpggVFVNcjcXcSXL9RbLZM3sQg4CzHh0dJuEASeNCgJgnutSTBVoUVimABjd/4AV9xQTzQAHkdk683OTRu7ZO1KlbZ/0Qeg+/6wwlcwTQ3Yw214msFwHOfU7Md1NWysATLAh23LITqyDQF6l1mWdjHwykdydvaoD3CBmeTV7v+VhPEUdOvu5Vbbwf4wjKQJkP2QnZjKVja2O14Ys+tspul0JJcV/XNb9/4I4wkntcPowjO2wk+ETQSdPWyyfEw1a0qHRWbcOP+ylrnEupapuvpJa9shH11I74Vf/FITg2GtPNXa8vweJxspGIHKjralUlrKsoJIm+HWJFDlucGkeQ+7kgp1yzZEjsg7leAJA7J55Knf9t1Rjiswz2pt31fkQz4yfMmeVusMV0n25dNFn9bJouXLZ1apZt2Rh5SkzuH37+Mo9KvZkzWQwKYtJiKmEVede54CLTq3Hk6nDs58vQTsxcezTR5f4zD1S45RCpeACQDyAc8wy9Q8MKdUl4kca+OPUDmaeJDqyfij6E0kdh8oYUvurRwE2q6+EorLQXbnPBBzzDVHDki1wohWMkyfu0GGk0N4X5W2xrBpTu4AE/OceoNXBxFjlM9C72kHk85Jze+5VnbAa7guvt3OR99Mpk0JaCLTHHlxHG9dgLw6zLvmTI1gSIG7Oggpi0Rc7aMs+9YMvZq66B9Io9C4u9TtoczGR3ueRUZRArB7stkdFSZWx5ZoETzyvYOaR1GwSYFU9CNI1PZnRwpLy4EmXVI9/l2mQrleTxaO+FV+/Y8uqvLZpt3iEr3DBRQ2YdG4NHM9XwPldmC3rcD2J3XVNvT0ENidA0o1s8tBZQf24bSmopyitgfySreqeVT2JQ5ymdXZJYTo3sTT3k7V4yNqWX0FKYN0ZymzSgjlbtRudCJQ5B5zATTmv+iisVe79SDMSKjlbiKLIHrEdeVIynrKFxGSnSWt1KNoNwNlB0wnO51j+dIjXLbNT1XlZR4tRUyvp9DEcqqhCQXaRRmUS0kIsQsO+3EGMMiFyMAcmTnuLewiKs1senz48DiJX2lI29/PJXqECPtKZ2t6a2IhsigcMDzGe9WTYsYijUSKdn5U61/XA8MfNUOst7AQLEPTyb2903yFG5+RIcDOTevPYtIO0NGFtHCIpbJd/5VecTpiUegnBvTwWakt/E1j282qY8JlM4MXIaHdYG819Yb7Bivk3rDo39GZSvkBCHbKFfprYlZ3BeVo8BqSxChZetsLZb6WFM7sJ91/q45nZ4nrAY4evcGuHJI8fUlem/IBwL0dCB6aAUyVWfI5av+1NidzsnakCaEWoTpsjdcKpilLYM2s7gGyPKEJX1LYeHykFYVsKB3OWDxxWV9Ti6W2eJ3bt+augxcVqNEKXNQlKph7GXw48vwc7UQFtAV57hvHdRE0CavjYhfA1ufzQOudiZo0DEC4ohrkJo2nwC+w714jV5VBi4696S1tfXJjC3tyAXsq0HXRVtORgbQxQC3sQfXEVDN0W05q84hhIbvsgN7sffOTl6ek4We0pMXLWJm9O7TZBERc/XU9nQdR7GWXHKhKazB4LU9IBi8cqqb31OqDAeruyTiEwIuUMVZ8hOoByWia4n5EvZwRFSlK45EPIeIdQtNub7qK4gINRBxmFiZBWBVfRchJZXh/oX1OlDkzPTkjnR2I0RvxbP0uhHyZsl9mC3WlXXbW8CNW9LgEviD4cDfuyhk1Ro3bOSMuNECN4YLY3TGDSjgBttQ13Q+AvDF+nrP+wMq/0F1IhzGOz/fRzcnqSQj+pxCHzgg+qhSBMbw6WUgwhR6/3FPYVu+uI1OV9zTFRZ0NAci+HSdcH+qO3Nu0A+6JUSRIhKqXbXKr8jogBRdCPIJl9MuPCR5KGCxpQUVZwLqjbQ9Qa4IbgiLJtrPQhbew4Nw2kDqIve+lV4stV6Vy617UY0KV6SRqftmYMgzooq0qXZcJ+s+WwjCm3YrOeicJiMcIM7fo419VZ/Yujsdu/SePKDgQfZdwOta7b5stfemY6GuPJevhEZnHJxTU77+QNgl+PlnY5crnMYBYE/YJfgHEGlWve0WKkfsao9dbp0zlIdz9IZdPaa5fF44uwy7YD8pDYqvomjCLmDVzXnPaed/dMYuUO8wcvWeJQ3bLe2O2NUeu7w6Zyh30PWGXX1maBW7BkBVyI1zc7eug3htN9mdZgkVftU2OFxtXx2U9xzcoVDfVOKGYJD4cEihbucbj1TsTEXFN2D6WsjiDDOsVXkPS1k6d6OV22Jqemhitz5+Fg60JwAKzq9kibYNYIMmX0lzANsT3H4f6PWi0UX7YtqaLvCI7XLj2zz7sVxUCSW8bHjLhZ/BfJc5Gzel6qCw3MQ/PzKErlNsSx113Q3qOi5tfes6ZNbTnv0z12oBqLeD3J5UnRAl8jUHjNFFtqC+cOKVMxK6bgFt3NfcStHxvOKrbAAVViBAP99bBsJZBvwMMG18qzq9eHREzzg1xaxrZzCgI4pU37dHRmAbwZRZVuRDr+ygCfoZo5F8J8jnDUc+f4hjEu/byLooNxYpzjvltLyCP6T+qjny+fEw+VeZT3836qtnnEoiqzj0vzeRVX2Q+5yPf3113BV3pnlgQCJe5NMqT+4ZcbeCuzw7reaf9vM16q5mtStEPj1H7xo8H3oNH27WELslVJcAQbEs1xsgqD/lQk4ah/wIUrMC7/wst5GIp4jo90ZE/DNNyJfQSkkl5+D9SJYRqfF/</diagram><diagram id="b9c3160d-a5ab-dbaa-db88-23d7f4491ebe" name="user-relationship">7ZpNl5owFIZ/TZbt4VtYAmK7aFezaLtMIQIdJJ4QR+2vb4BEQBDUcWTRsJnk5oZAnnDvO/cIdH9z+ELgNvmOI5QBTYkOQF8CTVMNzWJ/SsuxtiwcpTbEJI24U2N4Sf8ibhRuuzRCRceRYpzRdNs1hjjPUUg7NkgI3nfd1jjrrrqFMeoZXkKY9a0/0ogmtdXWFo39K0rjRKysWk498huGrzHBu5yvBzR9XV318AaKe/EXLRIY4X3LpAdA9wnGtG5tDj7Kyr0V21bPW10YPT03QTm9ZoLJH4MexaujiO0E72JCExzjHGZBY/Wq10PlDRTWS+gmY02VNdma5PiztH82RfcXd4tgkVRzSseCQkLdkhMz5DhHwrZKs4xPQHl05sEsrfE/iNIjPzlwRzEzNY/7DePtaS2CX5GPM0yqF9SV6mIja5xTfgPV4P2Wn1VdzF5vUbkvFzeZmwq8IyH30vixhSRG3Es/AWYfDsIbxPaHuRCUQZq+de8O+QmOT34NRdbgIIehWj2o/xuy6UP8MKjGk6Dypd9gtuM3BYEFHBM4TtmwA2DbbNydYL9PUopetrB6oz2L3t3zcIpHpW+cwaIYOgwh3qQhH+jBWq1sDouRF3Z+HmICoxQ1zLj5ti/xDRGKDuPY+kDEBJNHXp6ZDN7dN2FeFcE5aYV4S3k/Qn0AoQncJXAtECyAYwBnVSL8pEqIoxD1LsMT0zZE64MgGtdC1CTEUYizUlxI3XOv7mnnQ6efD4WEv+IgPDxH2lL43Ct8pqhe/3k/nKpznfLxZLwdjbemNZ/yEUFhKmt6UvpMUDSMGbOmiALTGKX4GcdozYqxT0eqnzvUj2oMJEpzvkSp6lL/PEL/DHK1ZuQ69D+nATwbeEYZfz0X2G7ZsH3gee1A7MswPBqGz6tBmvNMUWQOZ9MAOEHF1wGu0sJqlsQrqetLmXRbhchQnplerfu5St10W9HouWBl1egxummgwKDNWDZSZd3oMbppiOuMhSN1qHLExNEC2GbVUIBtDeqmpQzDo2H4vJb0VN2kXSgmTefXpdRNN5aXnppftQvlpWvASuF0W8HpI8GybvMLpmqs9TMxPfgH</diagram></mxfile>