<mxfile userAgent="Mozilla/5.0 (Windows NT 10.0; Win64; x64) AppleWebKit/537.36 (KHTML, like Gecko) Chrome/61.0.3163.100 Safari/537.36" version="7.4.8" editor="www.draw.io" type="github"><diagram id="da5ba89c-7447-61ff-c7d7-abc8e196db4a" name="function">7Vzdc6M2EP9rNH26G76RHsEf14d2ptPrTNtHYhObHgYXyCXpX1+tkIxBgnAJBic4czOHFyGk/e2udlcrkLk4PH3JguP+13QbxsjQtk/IXCLD0C3Dof8B5bmkuJZVEnZZtOWNKsLX6L+QEzVOfYi2YV5rWKRpXETHOnGTJkm4KWq0IMvSx3qz+zSuv/UY7EKJ8HUTxDL1z2hb7EsqNtyK/nMY7fbizbpDyjt3webbLksfEv4+ZJj37K+8fQhEX3yi+T7Ypo9nJHOFzEWWpkV5dXhahDHwVrCtfG7dcvc07ixMij4PGByXvHgWcw+3lBX8Z5oV+3SXJkG8qqg+m18IPWj01744xPRSp5f0pdnzX0D/bIuff/Nm/4RF8cyRDh6KlJKq3n9J0yPvQ54Bn1SePmQbPkY+6iLIdqFoxRGA4Z89x6f9JUwPIR0NbZCFcVBE3+tIB1xgdqd2FdPoBeebmocYd/IwSZOeTKuxjHFwG+R79gw0zOl0Cw+ku+qV0dYRjI0/v220oJSz+31RyIss/RYu0jjN2IxMjf29BR93Knz4YL4H8QPvFK1cRAjyfbSykb9ExEYrgjwd+bYEZR23x31UhF+PAZvoIzV+dSxbmfM9zIrwqXPe/K7J5fhZWEQuXY+VHTI0bj32ZzbI0t7OKd2RWWU4cQGSGH2nl7uCTbIk5ccgOdFWDiIO8gnnqEd5vEb+AhGvYi29IOUtF3hPTPbUCmFLdHmXnXfoWchbQodkgbBTdcgb09nUhqAclo2wh8garTDCJoys+2FKrs20IQwUw6KOeBbm0X/BHWsAAnJMo6RgENg+speUAmqWlxoHDwRxtEvodRzeQ1cgGBFdeDxOLkAFYQ6bKNn9wfTxk0Up92lSCIuii9+8V2sYybOtmuQZtiR4ukrwzAEED5ObCW2YUGEvazYUT2VDxWhqRtRA2Kbq/Jn2rzFVXoKOgZbTfxrTPQxKXNoGbyljHMfUowtftqt15E9OE/zYxUGe8+tNeog2olEr++8plmd07p8NY7z1pvU2ZSUyFEpkD2G9cQdGBsMII5/aVAcQodD4bm0hxNQqe/C2isigBNNLG6+hAUC5AHt63VDusmAbURjFPa7IAyBsuT0QNi+FMFEgbCEfM7Bc8GPwolpmmxjlj9EhDhSm9N2h0HSSiAyC0kk6xV0qFPjbfqcBZZDsKNOq/oVzdda/q+rerPcexEWYJUER+sDuXIL6NLFe6Ntq8FfIc5mCrpj7RQ2thjBVUO2TMMvsHhUPaop95o5RK+1h9jC12LJZfqvLS3rDKVwNmb1K+IbQIbNFh15gIzWizLEFO0ktIVM33+R6B86sbBJHZ6M7IhstQ8FGG9YKut4AtwQbm9LHTFR5QXl2DWzTxxQ/y1TyDZhjMeaYTOpYwAI8ZKyDgGp1BYwaU8DMdo9T4x4n8y/BO6Ec0pkqOiBQVFGBeWvVEjgXN6XpiBqjOqK6LjP+LJwL47v08QcTih8nsLN4kuU8sHM5bYLATlcoyauweu94DMd7/uhvkAqqVNJoRA621vAWS4HgT73JU7QUeTwID1y2ODNnB5e5T53lPs9cw+tIgjZYZVlyElR3Lma95PnfrJfQFsHhc+tFtKmslxhN05uSXXUfssxwsYBcVOnnE/1qJd4WG4pjSLytK7goEkfUSDnBASac3OXH1jy7A9kkXyTcPVXE1JZ5v7lofH0Y1UVTbfXM2g+wTdmyYXMyy6aKE8s9NqZbVNXKILrV1l2pZXOMMS2b0ynUry5vkNfzvkIaPkXFqQt6XfXQT0iHlscWX7WRYDVNXO+iHJPkq0odNR05t9FPi89L7UHwfNaM76q2j7dhSvlw20ZlqEdVCVX5/te637reXREycw8Sy3aWGJPZWdWmGTWybIMMtsl0yCRdqzHFqrTO5QIj9ybW7WJNFGKtTybWql2OU0aZpeehModV1JSCDtsdrmij3M4vG5OrVQbXGlEZRHx2PZ5FLyk1FVJqDx6+v2oNb4ZDuHsNbzS3iTXoGu52p7B/EN/e3mGHHLwe38GDGDUiphrAt/qMNumXJx1X3hx7YHnrDr+vVd4sRdAs1p5Ly9sn8YiAxLmMoDRCoRfkpLEmOcOGFiJH9M6WHaWYDF7MODq62Bg4cBSb6bc62JPouKrt0snOEriqnTVRlQA3eu2zSRjPJOUtpYN0xb7exVLeWrdL95JyvVsFUhSSu5MVkrtdZT1mqwLxQp+2yHMuCmTpkypQt486y9VJkcx0B/d/eytX+wkA7bOFeM3cGgpXIa1jQa4HDkatoagfbrGjcHNVLtueULmE0Cihsxl0rNAfzCGGHT9/eQyKzX62aDlkQrTEu2+W8GQJsaIwCE+W/9b1t0VS7x2Fi28QO3Xtu2AxI1bVeAnL6PSqTuI0ODNLO7oPOLecfx9ScUrYKz1NdiQGEo6ne2cVTpiwM8s22wfRzuqZyo6lk8Qvn042oB8wJv2fGWQuJxfbhZ0d8KxtRHy2N+TAI9QR4I8vVOfKLj/xmS5qrfUSYyxqwlorFc1F5WEy2A8XJ1bw8ieW01hBVFaJUlNeWCPswZ46dKAhrAjEZwKwFMCNCrCqpkzUeVoc4P4VZnPFsFdF28UwVH3NRGBoixAPswpctnPvWTcMXz7GPWrxLWn3aAzwaDRVoXpHpSerVSo/uEBbEkXx2UxQ7VVFfzFU25dP6/SJjGaVDQPTK097urAwliukp6i0mimGyqqey5XFdwf2H78KXlRi1srYJquCF6NR6JR5OgTcPMQmVW/eVIn7DmMeAibtzqbJd0ptAKf8SkCz3pZ9b4awXCeNLSCYkOLSuaJqiQ/aTYJq94GKD5b4FIc1xMGNHz2socu2VPjcU6REu2uH5l2+rSycnDB93f1d1o/vh9gyHOZYVT/0Z/UF3jJjXX3m2Fz9Dw==</diagram><diagram id="e385e576-ca63-0be9-d894-d514f8382326" name="component">7Vzdc5s4EP9r9JiM+RaP+Cv30M50rjdzd4/EKJgWIx/g2Olff5KQzIeEixPZTlo67VQIsYj97a52VysDa7Y5POThdv0ZRygF5iQ6AGsOTNOwTZf8R3teqh7PtquOOE8iPqju+Jr8QLxzwnt3SYSK1sAS47RMtu3OFc4ytCpbfWGe43172BNO22/dhjGSOr6uwlTu/TuJynXVC02v7v8DJfFavNlw/erOY7j6Hud4l/H3AdN6Yn+q25tQ0OIfWqzDCO8bXdYCWLMc47JqbQ4zlFLeCrZVzy177h7nnaOsHPKAyadRvohPRxHhBL/EebnGMc7CdFH3TtnnIUpgQq7W5SYlTYM0yTvzl39o/70jLv/lw76hsnzhQIe7EpOumvonjLechvwB/JsKvMtXfI5cmMowjxEfxflPZ994jH/0A8IbRCZDBuQoDcvkuY1zyMUlPo6rWUYanGtqDnr2SRai9BHvz+Rei3c1K7+gPCHTQzkfU5DvLwMq7aQjwxkSfcuEzpbTicSIVRoWRbKqOvkQ4wxkijLH39EMpzhnn2lN2B9y5wlnJSdg2Py6MW655ONei61n3QpcPpnnMN1xomDhAd8H0ylYOGA6B74DFj4IDDB1JDloQ71fJyX6ug3Zh+6J3WzD/0QQaTCNW41TbO9l5zPKS3Q4ySl+1+Jq8yLML6yu97XRMyfcVK0bBs+evJ23jsxb001L+snbMCPtmLbBwgW+C6Y+53dAEFiC6Qz4Qc140vCrWx5FxrfYUwsAbUHyMW8SDGwQzClBfwagWxPkg8nMW1NQTssBMAD+EiwggBadmfymPnIdMSFYlW1ZyFGR/Agf2QCK9BYnWclY7UyBMyc9VFELrnL0Mk3ijLRT9ERJUQFIyGoW8O6SKjGd/yrJ4r+YRt8JRRWGylAosn4JE45BQ8AM40IC5iuU1wZTyJTXo5oLZ7XodFEp9skmDTPZZB+XbHoRU6PK2yu8oeaV2+ZeY9mj5xfQZt8aps1Hb0TFbf62P4mbFWYx4U5NX4DUoO+pyFtt6mFK1rAsLNGU8rWQID1+2CCUhfR0YV6AwKPKSRrUeBClnwC4JAPvyD9mH9g9IgjEGkyZMSF6HED28BzA+e3NuT9YAIR2yYAoAXc0aJdhvIrvDgiYHaf2cwkg08SpxVWS2u7lB+S7d02+mwq+O3QZgw5jr+B7V76ZuasahMkfks/GVQXcUjC68jjchlwvGdMJi23GYkt0QoYEA4C6LYu3sVsH864qpZ6CeWTN9ZiUMjMBKxfaYC50wwpr8KU1rKVeey21bdkzNtwLMU8kE8aQ8ueeaDN0NDjfmrGjy3G7fuxoqPxP5fI3pYEKbcxoqFOtnb7xkePKjvY4QqKvoT1wTMhoTciYpqxV8GYZGTGbllZVKQLmXRJlqnycXj17pyuMa11xhREhme68r6woQ4UZHZLySIK0awrDTP9Et0DyR7/Q1EsNWjfGtgRqgkQ1Kf5UDYhEqOtfeB06lbZJdIjtCF8aw3hmqH++nfQLn27frEz1rGqpqt7/2lgdjo6NXtPsKEzzzRweVUaXmGYSLZE5kQY0QLB8t/YXGs4VfRR3VAStiuApFMG5mSKogt9jPoClaOjuBdt1qFSD5hI8MabKTs5pLoFmp8nfiRjs/0JBgWfL6enLOTzwvTk8w9waUfzQkGsRV2p2dc71LIyOZwFPexad4Y5va/UszNOexZn4DnZaT8jBq/EVEc6lXdnuzhzU48k6fme7R5Mn+zZ5c11Lq7xZon7ng8mbpZA37zrydice6UCiW1A6AdpP5KSzJrl6Ax7L0Ckm11t2VGKi3Z26OrrQnmhF1z2N7u/oxQ8SL0fhrTs3K+BzvRFFXSi62n2XwdVkcsy1LxJV+RcrAYKTRvWYal+Sb6M7NP4K5OCh4qWoDTbbglCswy0dtznEtDz6/inF+9Wa4Hq/2aVlchfh1W7DWKuM015RbtQXz5H3RwmqA2suZBeo87Lt7oapIroz+NZMM7pzNUR3wng0wP9CxIt8zRQf5kkYZ7hAKllwaJ2P73ChCAKFLHxQ5LsQXzSyd8V2vwB/IpcaGJ5xGfDd067472i/xWaK2Fg5N0pQrc/ao4TB+JqvU27eEyXP5+n7iTLeJq3RLrzCLniKPc6L2QVF/RaHkjKhhZ773w6LG3dVXXVABtj29lDfFNDf3983ZKKi9T5Lu/Uu8a7lttB0DBlNR5G/tXSACSUwF1FSPhDN2KoX9uF1NgqN/5i6fT1vzzI7ouDa1/P2RB1jZ58xWFKo6R6KwQr7pT0UhZgchcJmhSPyrtyIfAd5R2izyJgpylZEJlk78LInwGAOAKwaM7aku/RkDtV9DwQuqyxnO9B0F+2neL8fg332fugZGIpzbQJDhSFXnso5dU5kMIjysvwJx0mmVs/OUbtRPc80zP4VtdOVgE2ILxWhxzDvycP0nRUZUT4PZdOSky0Xg3lMl2otXRF2tnXgmcN7g9Pssp/NF8vA4r4VPSI3+k3nqqwh1r3+g7CiYEn3OVixQT9qrCaNVRRt3E5joRwNrVEYIeWaKx9fG/X2vKXWcq7nUUFzVFytiqsoa4DaDw4MRrc/P9nIM69yFJaolefqJKLPOv0y5rrebAFchbN9sVwXHL1trSYAKk5MeLczAf2/gdPQ8IKwMMnivn0oxTaXVGv+S21h3U71VcnOy6m+IhSTwX5I8WOYfkZFQX/SbriISOdyRhHRIiLQUJQ+WHpEhFzWvwxY1SvWP79oLf4H</diagram><diagram id="2b856191-8888-340e-5a40-8b1c0c8d52f5" name="Page-3">7VxZk6M2EP41qjztFiDOR/CxeUiqUtlUJXlkbMZmFxsHM9f++nTrMAYEw8xgmFk8tVULQjRSf92t7lbLhM52j1+y8LD9PV1HCTG09SOhc2IYumnY8B+2PPEWxzR5wyaL16JT0fA1/hGJRk203sXr6FjqmKdpkseHcuMq3e+jVV5qC7MsfSh3u02T8lcP4SaqNXxdhUm99e94nW95q2s4RfuvUbzZyi/rtsef3ISr75ssvduL7xGD3rI//ngXSlpiosdtuE4fzprogtBZlqY5v9o9zqIEeSvZxt9bNjw9jTuL9nmXFwwxjPxJTj1aAyfEbZrl23ST7sNkUbQGbHoREtDgbpvvErjU4RK+mT39g+2fLXn7r+j2LcrzJwF0eJen0FRQ/y1ND4JGfQJiTsf0LluJMQphysNsE4legv84+rPXxKS/ROkugsFAhyxKwjy+L+McCnHZnPoVLIMLwTU1B2krB/fpviPLSgxj/FuHxy17BzseYbK5j6JdUGVtyxiHJt5fV3pAy9nzrhgc8yz9Hs3SJM3YjKjG/t6AjjMWOmIs92FyJ4iShUM8jwQBWVgkmBPPIguP+DoJrBqSZdgetnEefT2EbJ4PYPjKUDby5j7K8uixdd7iKRVS/CStocvvHwobZGjCcmzP7I+pvZ1TVp1Thp3kKIfxPVxucjZH3nQ8hPtT28Imnk0CTzDUBxYvSTAjnl9wFi48/shB1nuUvbUgrilJ3mTnBH2T+HMk6M2IaxcERWeYTGkIymFZxPWJtyQLl7gUR9b+MjSXZlqRBYAwLwOeRcf4R3jDOqB8HNJ4nzMErIBYc2hBJTtyfcMXwiTe7OE6iW6RFMpFDGuOL5pzVECcwyreb/5i2vjJhJbbdJ9Le6LLe0HV7EfwLLMkeFIYzuROV8kd7UHu7Kv9rNhPp24/3bHsp6OwnwZxLVDlz0BeY2o8R/1CDYd/GtM7FxWY2wV/Xgc4ScCRi543qWXYT74S3myS8HgU16t0F69kp0be3wKQZ+3CLevHbutVw03rCmQoFMjqQYHcFogMBpFLAjCnNgICyAROaQl0wSD7+LGikSGJVhc6L7EDIjlDU/q+kdxk4ToGFOUzocQ9AGw6HQCmFwLYUwBsksBlWDnowLizYoGtQnR8iHdJqLCiHw6Eqnfk1TFQekenYEsFgvjanxBFhvsNMK2gL72qM/qOijwtUw+TPMr2YR4FyO5jDenTxDqBLyPiKvoL4jtMQRfM8wI7qxEXFFT7JK0yewbyAZY4YJ4YGGnfZS+Dwa5b5Tc6u15nOKWTUWevEr4+VEjXX8VFsKHMpUUzCYaQqVtAhd6hG1u3iENz0RmSi4aCixauFLDaILMkF6uyxywUvwCWvQOu6YMKH1WyDXljMt5QJnMsUEEWMs5hILUYn0+DipcqWOeejCacTeZaomcCDNKZHtooTqClyLulav2biotS9UGNIX1QvZ47OY/iouQmfXhhCvHnied0RUBHBTjDR3R6e8DdHaqPDkd/rBev/oH5n0IhjUrMYGkVR5HLg3jrbU6iKkyHyMBhCzPzc1ye79RZvvPMKXwfic8Kq0yznvjU7UvZLvdqu5qVxavbLtMazXapQmGlkx5gZhkvZpiD4h6+p79bgbfk/uEQAm+oQkqZMQIbZYc7nPD+5nhozK3bmEYKZJLdV8VKTdn2q38mlocB/TNDEf9O2wuQDCgZttGcMjmakkrybTWmWqBpPHxuNHXv1LDZxpCGrX0v/tXVDPXlvKuQRo9xfiIB1wWFbquv1rdANriqldQqpW6ZBB9UzVWtEar6cU6FToPLCwYhfDrrJnZSm8dbMaViuE2jMtSjKqSKf/+13rcsMrg6kCo7ayns7GjbmaoqB/Rl2MYYbo/pmEV6r8bUVaV0LmZM+8oT/JRSrUjpmPZoUq0K/0+5ZJaXx1ocVkPD5Ry3ORzZR7mJzzt771YXHHNIXWhPEYzgWHRzH2Tp7JmUyiikZ5fipSt4NRhy21fwSnfLM/tdwb0+8e3sHLbIwavxlZHEpV1GqgbwrR6j5XVLkg4rb7bVr7zJSpGPJm9UIW8DZdM/yVckJPZlBKUSCD0jJ5U1ye43sKB6n2Iy3LKjEpPec8aDo+saPaPbnoKbYuUrVUgOHW23garqNmQ9Aj7otMdWw3gi+e5aLkhX7OldKt9N21Myz+nWh9UfRbKFjnb2hqqSLVJ/aKP+iAqfprhzKvpj6mPqz/VURk23VFU8oyUyafPBDO2zSUSt3BKrVTGnY2KiB89BLbGQHx+xg29T1S3LGlO3mg9soIYgdKy6H62hi7t9wfwQ5qvtZNGyvTHRak8NTdESmoq0k9l72qnzCd/2XMrP6upJEC6+NWyXle+CVYxySkrDaHeqSxJteEIWCN2Gglv2f3epPBPscz+TnYLBZOPp2Vltk+uxE8oW2wPRziqZOOHaueHnzyIbSAftWPd3epnLycF2cFcH/WqLeAHbF7LxFfADxOsz1Vmyy098omtaY6XEEGuaNNZKRXMIPz+GW+HynIo7/4UlNBYYkxWiVJUX1sn1cTsdCWhIY6oA18K3QQFuzlwZIjp4SXHZVDHsVMx2MQybT0MZIkzgB+01sWvvm1cMnz+5PWjZrdmcATPQo9FUJeotRZ6sTIn/xAL09BRVCRNBtVP9/MVQtRtRNU8/ilGtsGFg+vyMp4MLI18hfeeKYVtFz8UwVPB9UvXvsgazFMT3XhvUGY7mnBg9Hf2tHl6r1W1eNYnfK+tEL6ZJqjNZEjpDQAfg8F8GqFbasl+Y8VimE0ILjCVqYelUUTVlXfkYqFpvy6p9sLSnPKYhj2y8sC5KglCypeZYttRqrxqaduG2smSy91M2naEyJu6F6ArN0YfSHLgtfmiX56uLXzOmi/8B</diagram><diagram id="adf3c762-3009-495e-12c1-77959e10490f" name="data-flow">7V1bc6s2EP41vHQmGe6IR0js04d25kxPZ9o+EqPYtBhcwLHTX9+VkMxFwsW2bCen5OEUCyGk/b5drVYrqllP6/2XItqsfs5jnGqmHu8161kzTcM2XfgPKXmvSzxfrwuWRRKzSk3Bt+QfzAp5tW0S47JTscrztEo23cJFnmV4UXXKoqLId91qr3nafesmWmKh4NsiSsXS35K4WtWlyPSa8h9xslzxNxuuX995iRZ/LYt8m7H3aab1Sv/q2+uIt8UGWq6iON+1iqyZZj0VeV7VV+v9E06JbLnY6ufmA3cP/S5wVo15wGTdqN750HEMkmA/86Ja5cs8i9JZUxrS4WHSgA6/VtU6hUsDLuGdxfvvpPzR4T//YNX+xFX1zoCOtlUORU3rP+X5hrUhDoCNqcy3xYL10WaUiIolZrUY4UjvW4+xQX/B+RpDZ6BCgdOoSt66OEeMLstDvUZkcMGkJpegdVSCOH3JdycKryO6RpJfcZFA73DB6pQw/CogZIeCLM8wL5snpLOsnZjXWKRRWSaLupBVMU4ApqyK/C/8lKd5QYdp6fQP7rzmWcUaMGz2u1VvPmf1zoXWcu6FLevMW5RuWaPazNN8XwtDbeZo4bPmO9rM1wJDCx2BB12od6ukwt82ER3oDsxmF/5XQKQlNGY0jol9UJxvuKjw/qik2F2LWa13bn1R/XvX2DxTZ5Zq1bJ3tn65bB1RtqabVmTImyiD6yW5/uEHqKPNkBbOidxnruYjLZgT6SMAwNNmNoXBosAEGrJpHbilkwv0rAUzcgHwIIM8BRORD0J5og/6mj9vtQkXTxrSSbXAJs+SkmcNma3GHVKnbtx3SQus0y8F7zKpDPyADkO3EXDFpO8KtcAiJcCVANFbM9p/6NicNEV6i+gFIn2A0ZFXQDs2fxe8dK6F0MMn+opAC8yjr4BHaJtEenarq4BMW8QCb4E8VZecBS6Tf6IXWoFQb5MnWUWxd0LNeYYSYjlKZgPIzzRZZnCd4lfSFGFkArNrwIorYlUIzoskW/5KTcwDtxzcchoSy3INyouM967EeFdiTQAXRK2JR0hLkPUJ5QJxXi53yTqNMnEOObgQ5MeSWHl2vcjXxN6zyWLQeg8YnivI2rfGmZeDdySTNnvbL+D2RdkSpNO0b4tgyrDkUzZvPUphUs2iCodErqUA6WFgo1D25CjPtMCjmjgjmgi6GehE8U39gRo4aoPgHvAATA/oNvAAWVSNqYFDz/efXtzR+L9zcMfh7ShQLnSW2MHQ02m8tsKott0WU0j4F6aHzyd274Zi9yViB1m6dP5yyOQb+jJ2U1tXX4CMP6WYjVvSm89THUHXjqfbovWc+S4h9VTAgLBCRJGgAITUJbpI3CqEd0uSGoZEeDDhepSl1Eqg2qE3qEPfssEKPHsFE6nXnUhtW/TTDfdawjseIvg/LnAHEW0vZA3mZXRWskyWt1/J8t70DLVk9gvpMscjC416MQLaASumT7zK7WmPw2N1N9Eee9IeleEhwxG1yr6fVkmCGM1i3aFhgOConn3QGca1bjnDuEd15OwgtKgoY8mM90l1aAKumxZGkdRTzUf26FcSdmkw66+vLQ4ab6LuE3uqwUNoyEOPtqc7CJmWY/o2t1nc24DbrZuG131JrYnCS8CuRO+taixkNDyY7lhMNpahLveqQx97jKvff+4ing9yMtuKzDaSmO27hfUNWbDgEC11SaSYhIM/qG1GfNa5iW32J0VQqQg8ZtBRBPteimDKogqHWAEN3/gB33VAPM7g8To63yCxaNjaJ5srrLL/HS0YPFuMW19N4Q6k+TDO0CheS+w7X3IqdoNOdSyMnmOBjjsWveqObyt1LMzj0ZQT4R3tzx6hwdnwKp++5YBYcvxOd3L7wPZ2gRT5sZfRzXUttXQ7np3yUelmSGZJPlddm28P/JEeJKqJ0lu7/QdPejOSq3a5Yx6PUn3USUdGE+7b33nWuQRdZOtq0RV9sP+7Dz+KXjyO07FCyuk12jE8HiWbUDwBRUv5XDIaRTE9ZFcmsiQymhlEktH4Okq6Y8k22B2y+gqQwJBaljyF2ewSoVxFG1JvvV+SLO7H1zTfLVaA6+N6m1bJQ5wvtmsqWukq7YwspKHVHLw/TnCzrGYku0L6l233t1IlazseAG2v7VwVazsx7vQV6AWjCfP9cxIts7zEMi44JP/HdxgpgkDChU+KfB/iq67rXR7W5eDrYhKC4RlXAn+KpPXB5tssfMvl1FUCPxnSnp+V772MPgcgxtJGKTcriZO30/R9qCHoZ7utyS6cYRc8ye7nteyCJUlOYlASIXTQc//e5vzGQ51uHUAF297sm5sc+sfHxxYn6rY+Zsa32inetdwOmo4houlIoreWCjBNAcxZnFRfQDM28ol9fAaOROM/p27fztuzzB4VXPt23p4lS7lyyc4imrNTGiTfX9hBGTpQQkhBD3mE4kpwQr6HvMO1mUfMJAktPJKsHHjZsTGXHiAy2SEjMqW7Ggqo7nta4NKU8/oEkD4C749jsE/eDT0BQ7ObiOJJDLlhSCz5seMjo0EUU7t+ypdJJlfP3pHAST1PNMz+DbVTPIaVgC8V45eoGIjDDB0imVA+DeXDlHgLmKcMLqWJK7Io6v3O3E+xFKXgSrb37weuLQZSVjiKsdQ6i0egJqN8mlG2nNvNvfbx5KZJb09Nq5VlE95tb4ufw5BEsloRyUWBowp3IiK9kOVJJyimqMjFFsCVuGVXi4rY0/dy1H4vR/bBHOWZl6PRlYQ+RBNQggiTbDm0YyHZEBFykr+rzY77qb4sLHY91R/+5E8LxC9p/hKlP+OyJN9oG08R4fzGRBElFEGST+QY1rUoIgZn3rZ4P5AT4dDvo9Bj+0iXffep3j6lbkM4J0F2RegvoiK+Guaxg1E8ItTq0j/ZTIPMF4veUUAHF3UD6Txhuc0GHhxos8FzL2cD36VT5ysYj/rhd+0u6Kr8BVajcRb0S5yFA4RjSRBH5YoOXXJq5sCocR6FL3oUdwsGOHdbMXYEem/f8WQ6KGeAfT8KXPQJBXobrvn+1hArxC+Wfs8E6KF4FiMc81YEuCh/fSLA1QhgXUiAs05WWD2HxLLUnpbgI+1/LMpm39SEJQb77OicxJ6b5UbftWTe46bIF5j4ff911FXFVx0bllzoUyrwHA/foeOeIxIXEsgXPUfTG2bMaJMhCUV+GhBfkGM7ssUgWuDF4mQQBcQkuA7ny/dSI6VbuNcCUZZANYF4OYjSLR81IMLP5uP1tfVt/g8B1uxf</diagram></mxfile>