<mxfile userAgent="Mozilla/5.0 (Windows NT 10.0; Win64; x64) AppleWebKit/537.36 (KHTML, like Gecko) Chrome/61.0.3163.100 Safari/537.36" version="7.4.7" editor="www.draw.io" type="github"><diagram id="da5ba89c-7447-61ff-c7d7-abc8e196db4a" name="Page-1">7VxZk6M2EP41qjztFDfSI/hIHpKqVDZVSR4Zm7HJYnAws57ZXx+1DjBIYO8YM96xp7ZqsdDZX3eru9UC2ZPNy89FtF3/li/jFFnG8gXZU2RZpmN59D8oeeUlPjF4wapIlqJSXfA5+RaLQlntOVnGu0bFMs/TMtk2Cxd5lsWLslEWFUW+b1Z7ytPmqNtoFSsFnxdRqpb+lSzLNS/Fll+X/xInq7Uc2fQIf/MYLb6sivw5E+Mhy35if/z1JpJ9iYXu1tEy3x8U2TNkT4o8L/nT5mUSp0BbSTbebt7xtpp3EWflKQ0sR8yjfJVrj5eUFOJnXpTrfJVnUTqrS0O2vhh6MOivdblJ6aNJH+mgxevfUP7gyp//iGr/xmX5KpCOnsucFtW9/5rnW9EHnw9MonNJomiXPxcLUUsso4yKVSxrkYqelE/jfBPT2dA6RZxGZfK12X0kGGZV1auJRh8E3fQ0xLiXhlmenUi0BskYBZfRbs3aQMUdXV0ZAHfXvbKyeQJzE+2XrRq05OD9qSjsyiL/Ek/yNC/YimyD/Q2Kjz8SPmLsr1H6LDpFMx8RgsIQzVwUThFx0YygwEShq0DZxG2/Tsr48zZi69pT5dfEUowUF2X80k8edd2igS00yavUiIK79rUesgyhPdYHOsgxzqeU6amksry0BE5MvtLHVckWyYt22yirymYeIh4KiaBoQGk8R+EEkaAmLX0g/JUPtCc2azVD2JFdPhaHHQYOCqbQIZkg7NUdisp0NY0paKflIhwgMkczjLANM+tvTIsbK20xA4W1bCJexLvkW/TIKgCDbPMkKxkEbojcKS0BMdtxiYMGUZqsMvqcxk/QFfBKQjeeQBSXIIKwhkWSrf5k8vjJoSVPeVZKjWLK36JXZxjOc50G51muwnimjvHsARgPk7sKPaZCTV+jQ/FIOlQO3lCiFsIuFecH2r/BRHkKMgZSTv8ZTPYwCDHXDcFUxThNqUUXH9erTeQrowl+rNJotxPPi3yTLGSlTvI/USwPyoV9NozyNtva21aFyNIIkTuE9sY9GFkMI4xCqlM9QIRCE/qNjRBTrRzAaHUhgxJUL608hwoA5QT06XVDuSqiZUIxk++EIA+AsOOfgLB9KYSJBmEHhZiB5YMdgyf1NtvGaLdPNmmkUaU/HAptI4moIGiNpMrv0qEgRvuDOpRRtqJEq/uXxtVB/76ue7vZe5SWcZFFZRwCuXcK1NXCTkLf1YM/Q4HPBHTGzC+qaA2EqYAan6RaZu8oe1BVHDJzjGrpALPGVGOravkCJm+HLyZNDZW8WviGkCG7Q4aOkJEqUWbYgp6kmpCJW2gLuQNjVlWJo5PRH5GMjqUhowt7Bd1vgFqSjG3uYyqKP1CaXQPZzDHZz7G1dAPiOIw4NuM65rAADRnpwKGaXQGhxmQwu9viNITFyexLsE4ohUwmih4wFBVUIN5ctwXeipnSNkStUQ1R01QJf+DOxeljvv/OgOIHduwcEXU5dOx8Tw/v8I6dqRGSN2H1wfA4g/ai6e8QCqpF0mp5Dq7RshY5/qLVWZaio4njgXvgs82ZGTuYxz5NFvs8MA2vIwjaIpXjqEFQ07uY9lLXf9dendIiSX6ovYihR3dw7SUHb1tTqqkeQpQZHiYQi+J2PjGvluNdeaA4Bse7ZqepZT1QJeVFG1hw9rjbdsbZPYgmhTLgHug8pq7I+91EE/vDqCaa7qjnbgc0NJutajZsj6XZdH4iP2NjskVFjTvRnbruSjWbZ42p2bxepn5zeoO6n5/KpPFLUlZd0Oe6hzcy6Zn82GGrtgKsto2bXfApKLaq0lHbkPNb/XTYvFQfRK8H1cSpavd8W6pUTLdrVpZ+VjVT8fHfan6bZn9GyN2CbLIwVvUsscbSs7pDM6pk2QEZHJOZEEm6VmWKdWGdyzlG/p2tv4OtiYatO9Adnq11pxxVRJmF5yEzh2XUcEaH4w5f1tEe5/PK5GqFwXdGFAbpn12PZfE2LrU1XOqe676/aQ9vu0O4fw9vVXeJM+ge7veHsL8T35Otwx4+GBDfc50YPSK2HsBzbUaXnBYnHZffPHdgfut3v38YfnM0TrN7bia2HpFPsomExLsMo7RcoSN80tqTvGFdCxkj+tG3HS2bnJvMODq62BrYcZSH6fc82G7W8XXHpWPdJfB1J2syKwFenHTOpmB8IyFvJRxkas71LhbyNvpNumPC9XEESJNI7o+VSO73pfXYnQIkEn26PM9bESDHfFcB6rdR77tTJUgt4RrrJqLffQPAeHCQyJmbQ+IqhHUciPXAxag5JPXDK3YV7laFy3XfUbjkzqiFzmXQsUR/UIcYTvzC6TYqF+ubRcsj74iWHPuuCbs1IdYkBuGx4t+meZ4n9cFQGP6A2GtK3wWTGbEux0tqRu+k7CRRBndmaUdPkSCO999zLm8JB9zSZFdiIOBYvTvIcMKE3Vl22TmIcZDPxDtWbhIfv51sQT+gTE5vM8haKhPbh5MdsKxdREJ2NuRBE2oIiOYT3b2yyy/8Rje1znyJMTY13J0GaDz4iF8mg/NweWMFT39iMY0ZeGU1K7X5hVXCAZypQwcGwhpH/EYAVhy4UQHW5ZTJPE9HAHx6htmtYnhSRtvFMNR9zURi6EoXD7MMXHZyHzh3DI9f4x41+ZZ0WzQWWDSGLlG9J9OT5SrxDy7QmkSTfHYjqJ6URX8xVLu3T6f6REY7y4aBGfDbnj5sjHyHDDSZVjeKoTar53Jp8f2O/Q1mwRMR9G2ksY2VBS8H18iUXV0Cbl9iU7I376IkbIcxLwGTbmPTFielLoDDvxLQzrdl35shLNZJfQtwJhS/9FZRdeQH7d4F1f4LFR8s8Ckva8iLG2df1jBVXcqN8FFCov25Q/f07eOJk+OFr/u/y3qDdoirwmFfKOuH/qy/wMsj1vVnju3Z/w==</diagram><diagram id="e385e576-ca63-0be9-d894-d514f8382326" name="Page-2">7Vxbc6M2FP41ekzGXATiEd+2D9uZnW5n2j4So2C6GLmA105/fSUhmYuEYydAnV0yuxMQ4iDOd+46BFiL3elTFuy3v5IQJ8CchSdgLYFpGrbp0F9s5KUccb1ZORBlcSgmVQNf43+xGJTTDnGI88bEgpCkiPfNwQ1JU7wpGmNBlpFjc9ozSZpP3QcRVga+boJEHf0jDottOYpMtxr/BcfRVj7ZcLzyylOw+RZl5JCK5wHTeuY/5eVdIGmJF823QUiOtSFrBaxFRkhRHu1OC5ww3kq2lfetO66e153htLjmBlMso3iRr45DyglxSrJiSyKSBsmqGp3z18OMwIyebYtdQg8Nekifmb38ycYfoTz9S0z7GxfFiwA6OBSEDlXUPxOyFzTK9bBFNN4oJ4dsI4ZsIRBBFmHxkp763saZm1RKMdlhuhg6JcNJUMTfm9QDIS7ReV7FMnoguKbnoGtfZCFOnsjxRu41eFex8gvOYro8nIk5OeVA4TNppwMpSbEcW8dstYJOKGdskiDP4005KKYYNyCTFxn5hhckIRl/TWvGf+iVZ5IWgoBhi/PavPVazOvAVkHtVbhdayRwxbO/B8lBEAUrF3gemM/BCoL5EngQrDzgG2AOFTloQn3cxgX+ug/4ex2p3WzC/0wRqTFNWI1LbBdrw1mBT5cZqnJK3GAJxXmR5heV58fK6JkzYaq2NYNnz97PW6jy1nSSgr3yPkjpccSOwcoBngPmnuC3TxFYg/kCeH7FeHrglZdchoxn8btWANmS5FNWJ+jbwF8ygt4CIKciKCbTlTeWoF0WBMgH3hqsEEAWW5n6pC5yLTGh8BVNWchwHv8bPPEJDOk9idOCsxrOAVzSEaaouVA5dprEUUqPE/zMSDGZiKk388VwwZSYrX8Tp9HvXKMfpKJKQ2VoFLl/CZOBQU3ADGMgAfM0ymuDOeLK6zLNRYtKdNqo5Md4lwSparLPLpudRMyoiuMN2THzKmxzp7Hs0PMBtNmzrtPmczSi47Z42m80zArSiHKnoi9BqtF3deStJvUgoT4sDQo8Z3zNFUjPL3YVylJ62jCvgO8y5aQHzHhQpZ8BtKYTH+h/bh/4NSoI1BrMuTGheuwjfvMSoOVdmnNPLwBSu1RAtIDDHrTLMN7Edwh8bseZ/VwDxDVxbgmVZLZ7/QH57o7Jd1PDd8jcGIKcvZLvbfnm5q48oEz+kHw2RhVwS8PoMuJwanK95kynLLY5iy05iDgSHAAWtqzex+4+mDeqlLoa5lGf63Ip5WYClSG0wUPomhXuIZbuwZe6TV9q22pkbDgDMU8WE6aUshWJ3po6GoKR9dzRQXrce88dDV38qXV/c5aosIMFS3VK3+kZHzmvbGkPlBI9hvagqSAzbEHGNFWtQmNVZOTDG1pVlgh4dEmVqYxxOvXsTj2MY43oYWRK1nfdV1WUa4UZn+LiTIIeVxQ6hLRh52dXM/9qgRS3fmGllwq0do5tSdQkiXJZ4q4KEIVQO75wW3RK5VLoUNsRvNSmicpQ93pb5Rex3K5VmfpVVVJVPv+tubqu5keVl8bTCLEDZAB/fbcaimZqPWU4L+ZMXmxYL+ZqvBgcy4vp0qNzxsiTeFbf5nXpUjVYtunKOWX9asmyTVa/pP9mcrL3A4WNrj2iwpno3lziNY5Pbo7XhFjmHb07w1t9j9HyPeiy72lNh57dr++5nFTfiO/VYc0FOXgjvjICHj7Yae/doH5iHei1NgR6inXeJ2+OY/Uqb5bs8PhQ8mZp5O3c9DK0vD3IW1qQ9C0orRD+FTlp+SSn35DYMvoUk7Hcjk5M4J24nfegi8x+0XUuo/szRvEd4vVKtA410Trs2O/oPVp33AnFwVB0zJFQhGrOdcxjXYMQbxJBs1p/kW7nSmy0QpZ/+WryUPJSdo+aTUHIt8GezdudItZA+/ickONmS3F93B2SIn4Iyeaw45zU5mlvaEjpyufo88MYV4m1ELIBOoFs221aZk2zmWGI4n09u3P6aDZTN2O+UPGiS5+T0zIOopTkWCcLkHWCeFAIhe9rZOGDIt+GeNDM3jFgMzh3oAq+awwDvnM5FP8Z7bcst8vS+6tZwms7rTr/7I7ln823KbcYCePvt+n7hUbPOq3JLtxuFyxdyW8wu6Dp8BFQMiY00HP+ORB54aHsvPXpBNven6qLEvrHx8eaTJS07rP5t18X71h2K/lS0YSa+q3VB5hIAXMVxsUnqhl7vWO/vhNDo/EfU7fHi/Ys2el9bgGxx4v2ZKdba5/RXzOo2R6KwVu/lT0UjZichcLmrQXqrtyEfAt5KLVZVsw0jQ2yktw78GokwGH2ASoPFtylO+zbDab7LvAd3nvMd6DZLtqreN+Pwb68H/o+DM2mIXcNXa6m6/XvA0TVLX8mUZzq1bP1MdaknjcaZm9E7XQUYGMaS4X4Kcg66jBdXxNMKN+GsmmpkdhgME/l0mFbV6ThbXwS6+jlof/vndU4WzhL3xKxFfuIaoqbblVZQ/q97k8lEVQ1to8vJeUG/aSxQ2mspo9jNI1Faja0xUGItT5X/cBp0tvbXK0Fx4uokDkp7rCKq+l0QDO9PPSvuN31yVqdeZPhoMCNOlerEH3T9xFTrevdFsDRBNuD1brQFG0PawJk0NXw3aOZgO6/klLT8JyyME6jrn0ozTaX0mv+Q21h/X+qryt29qX69LT6w2BlM1r119es1X8=</diagram><diagram id="2b856191-8888-340e-5a40-8b1c0c8d52f5" name="Page-3">7VxZc6NGEP41U3naLWA4H0FH8pBUpbKpSvKIJSyRRUJBeG3vr0/3HELAIGObQ17k2qqFYWhm+uvu6e7pEaGz3dPPWXjY/pauo4QY2vqJ0DkxDN00bPgPW555i+NpvGGTxWvRqWj4En+PRKPs9hCvo2OpY56mSR4fyo2rdL+PVnmpLcyy9LHc7T5Nyl89hJuo1vBlFSb11r/idb7lra7hFO2/RPFmK7+s2x5/cheuvm6y9GEvvkcMes/++ONdKGmJiR634Tp9PGuiC0JnWZrm/Gr3NIsS5K1kG39v2fD0NO4s2udtXjDEMPJnOfVoDZwQt2mWb9NNug+TRdEasOlFSECDu22+S+BSh0v4Zvb8N7Z/tuTtP6Lbv1GePwugw4c8haaC+q9pehA0+HhwEKUZHdOHbCWaTCEQYbaJxCS9+rz1EzdBSqN0F8FgoEsWJWEefytTD4W4bE79CpbBheCamoP0Igf36b4ly0oMY/xbh8ctewc7HmG6uY+iXVBlbcsYhybeX1d6QMvZ87YYHPMs/RrN0iTN2Iyoxv7ejI4zHjpiNN/C5EEQJQuHeB4JArKwSDAnnkUWHvF1Elg1JMuwPW7jPPpyCNlMH8HwlaEUX4qyPHoiTdrYMG/xAhVy/CytocvvHwsbZGjCcmzP7I+pvZ9TVp1Thp3kKIfxN7jc5GyOvOl4CPentoVNPJsEnmCoDyxekmBGPL/gLFx4/JGDrPcoe2tBXFOSvMvOCfom8edI0JsR1y4Iis4wmdIQlMOyiOsTb0kWLnEpjuzyy9BcmmlFFgDVvAx4Fh3j7+Ed64DycUjjfc4QsAJizaEFlezI9Q1fCJN4s4frJLpHUigqMaw5vmjOUQFxDqt4v/mTaeMnE1ru030u7Yku7wVVsxvBs8yS4ElhOJM7XSV3tAO5s2/2s2Q/nbr9dMezn47CfhrEtUCVPwN5janxHPULNRz+aUzvXFRgbhf8eR3gJAFHLnrZpJZhP/lKeLNJwuNRXK/SXbySnRp5fw9AnrULt6wbu61XDTetK5ChUCCrAwVyL0BkMIhcEoA5tREQQCZwSkugCwbZx48VjQxJtLrQeYkdEMkZmtLrRnKThesYIJPPhBJ3ALDptACY9gSwpwDYJIHLsHLQgXFnxQJbhej4GO+SUGFFPxwIVe/Iq2Og9I5OwZYKBPG1PyCKDPcbYFpBX3pVZ/QdFXlaph4meZTtwzwKkN3HGtKnibUCX0bEVfQXxHeYgi6Y5wV2ViMuKKj2SVpl9gzkAyxxwDwxMNK+y14Gg123yt07u54aTulk1NmrhK8LFdL1N3ERbChzadFMgiFk6hZQoXfoxtYt4tBcdIbkoqHgooUrBaw2yCzJxarsMQvFL4BlV8A1fVDho0q2IW9MxhvKZI4FKshCxjkMpBbj82lQ8VIF69yT0YSzyVxL9EyAQTrTQxvFCbQUebdUrX9TcVGqPqgxpA+q13Mn51FclNylj69MIf4o8ZyuCOgobY1u5xGdfjngbg/Vx4ajS9aLV3/H/E+hkEYlZrC0iqPIJUK89T4nURWmQ2TgsIWZ+Tkuz3fqLN955hReR+KzwirTrCc+dbsv2+XebFeTsnh122VaI9ouVSisdNIDzCzjxQxzUNzD9/SrFXhL7h8OIfCGKqSUGSOwUXa4wwnv746Hxty6jWmkQCbZfVWs1JRtv/lnYnkY0D8zFPHvlL0AOf2SYRvRKZPjKakk31ZjqgWaxsPnRlN3pYbNNoY0bJf34t9czVBfztsKafQU5ycScF1QaLP6at0LZIOrWkmtUuqWSfBh1VzVGqGqH+dU6DS4vGAQwuezbmIntXm8FVMqhts0KkM9qkKq+Pff6n3LIoObA1m3s5bCzo64namqckBfhm2M4faYjlmkazWmriql05sx7SpP8ANKtSKlY9ojSrUq/D/lklleHmtxWA0Nl3Pc5nBkH+UmPu/sXa0uOOaQunA5RTCCY9HGfZCFs2dSKmOQzl2K167g1WDIvbyCV7pbntntCu51iW9r5/CCHLwRXxlH9O8yUjWA7/UYLa9dknRYebOtbuVNVop8LHmjCnkbLJv+Sb4iIbH7EZRKIPSCnFTWJLvbwILqXYrJUMuOSkx6yBkPjq5rdIzu5RTc9CpfqUJy6Ii7DVRVtyHrEfBBqz22GsYTyXfXckG6Yk+vr3w3vZySeUm3Pqj+KJItdMSzN1SVbJH6Qxv1R1T4NMWdU9EfUx9Tf26nMiq6pariGTGRSZsPZmifTSJq5ZZYrYo5HRMTPXgOaomF/PiIHXybqm5Z1pi61XxgAzUEoWPV/WgNXdztC+aHMF9tJ4uW7Y2J1uXU0PQsoalIO5k9pJ1an/C9nEv5MV09s70SvXdr2C4rX49VjHJSSsNot6pLEm14QhYI3YeCX/Z/D6k8E+xzP5OdgsFk4+nZWW2T67ETyhbbA9HOKpk44dq54ZfPIhtIB+1Y+3c6mcvJwXZwVwf9aot4AdsXsvEV8APE6zPVWbL+Jz7RNa2xUmKINU2aa6WiOYSfH8OtcHlOxZ3/xBIaC4zJClGqygvr5Pq4nY4ENKQxVYBr4dugADdnrgwRHbymuGyqGLYqZusNw+bTUIYIE/hBe03s2vvmDcOXT24PWnZrNmfADPRoNFWJ+oUiT1amxH9iAXp6iqqEiaDaqn6+N1TtRlTN049iVCtsGJg+P+Pp4MLIV0jfuWF4qaKnNwwVfJ9Q/buswSwF8T3UBrWGozknRk9Hf6uH12p1mzdN4vfKOtHeNEl1JktCZwjoABz+ywDVSlv2CzMey3RCaIGxRC0snSqqpqwrHwNV631ZtQ+W9pTHNOSRjVfVRUkISrbUHM+WWperhqZcuK0smezhlE1rqIxJeyG6QnP04TQHbosf2uX56uLXjOnifw==</diagram></mxfile>