<mxfile userAgent="Mozilla/5.0 (Windows NT 10.0; Win64; x64) AppleWebKit/537.36 (KHTML, like Gecko) Chrome/61.0.3163.100 Safari/537.36" version="7.4.7" editor="www.draw.io" type="github"><diagram id="da5ba89c-7447-61ff-c7d7-abc8e196db4a" name="Page-1">7VxZk6M2EP41qjztFDfSI/hIHpKqVDZVSR4Zm7HJYnAws57ZXx+1DjBIYO8YM96xp7ZqsdDZX3eru9UC2ZPNy89FtF3/li/jFFnG8gXZU2RZpmN59D8oeeUlPjF4wapIlqJSXfA5+RaLQlntOVnGu0bFMs/TMtk2Cxd5lsWLslEWFUW+b1Z7ytPmqNtoFSsFnxdRqpb+lSzLNS/Fll+X/xInq7Uc2fQIf/MYLb6sivw5E+Mhy35if/z1JpJ9iYXu1tEy3x8U2TNkT4o8L/nT5mUSp0BbSTbebt7xtpp3EWflKQ0sR8yjfJVrj5eUFOJnXpTrfJVnUTqrS0O2vhh6MOivdblJ6aNJH+mgxevfUP7gyp//iGr/xmX5KpCOnsucFtW9/5rnW9EHnw9MonNJomiXPxcLUUsso4yKVSxrkYqelE/jfBPT2dA6RZxGZfK12X0kGGZV1auJRh8E3fQ0xLiXhlmenUi0BskYBZfRbs3aQMUdXV0ZAHfXvbKyeQJzE+2XrRq05OD9qSjsyiL/Ek/yNC/YimyD/Q2Kjz8SPmLsr1H6LDpFMx8RgsIQzVwUThFx0YygwEShq0DZxG2/Tsr48zZi69pT5dfEUowUF2X80k8edd2igS00yavUiIK79rUesgyhPdYHOsgxzqeU6amksry0BE5MvtLHVckWyYt22yirymYeIh4KiaBoQGk8R+EEkaAmLX0g/JUPtCc2azVD2JFdPhaHHQYOCqbQIZkg7NUdisp0NY0paKflIhwgMkczjLANM+tvTIsbK20xA4W1bCJexLvkW/TIKgCDbPMkKxkEbojcKS0BMdtxiYMGUZqsMvqcxk/QFfBKQjeeQBSXIIKwhkWSrf5k8vjJoSVPeVZKjWLK36JXZxjOc50G51muwnimjvHsARgPk7sKPaZCTV+jQ/FIOlQO3lCiFsIuFecH2r/BRHkKMgZSTv8ZTPYwCDHXDcFUxThNqUUXH9erTeQrowl+rNJotxPPi3yTLGSlTvI/USwPyoV9NozyNtva21aFyNIIkTuE9sY9GFkMI4xCqlM9QIRCE/qNjRBTrRzAaHUhgxJUL608hwoA5QT06XVDuSqiZUIxk++EIA+AsOOfgLB9KYSJBmEHhZiB5YMdgyf1NtvGaLdPNmmkUaU/HAptI4moIGiNpMrv0qEgRvuDOpRRtqJEq/uXxtVB/76ue7vZe5SWcZFFZRwCuXcK1NXCTkLf1YM/Q4HPBHTGzC+qaA2EqYAan6RaZu8oe1BVHDJzjGrpALPGVGOravkCJm+HLyZNDZW8WviGkCG7Q4aOkJEqUWbYgp6kmpCJW2gLuQNjVlWJo5PRH5GMjqUhowt7Bd1vgFqSjG3uYyqKP1CaXQPZzDHZz7G1dAPiOIw4NuM65rAADRnpwKGaXQGhxmQwu9viNITFyexLsE4ohUwmih4wFBVUIN5ctwXeipnSNkStUQ1R01QJf+DOxeljvv/OgOIHduwcEXU5dOx8Tw/v8I6dqRGSN2H1wfA4g/ai6e8QCqpF0mp5Dq7RshY5/qLVWZaio4njgXvgs82ZGTuYxz5NFvs8MA2vIwjaIpXjqEFQ07uY9lLXf9dendIiSX6ovYihR3dw7SUHb1tTqqkeQpQZHiYQi+J2PjGvluNdeaA4Bse7ZqepZT1QJeVFG1hw9rjbdsbZPYgmhTLgHug8pq7I+91EE/vDqCaa7qjnbgc0NJutajZsj6XZdH4iP2NjskVFjTvRnbruSjWbZ42p2bxepn5zeoO6n5/KpPFLUlZd0Oe6hzcy6Zn82GGrtgKsto2bXfApKLaq0lHbkPNb/XTYvFQfRK8H1cSpavd8W6pUTLdrVpZ+VjVT8fHfan6bZn9GyN2CbLIwVvUsscbSs7pDM6pk2QEZHJOZEEm6VmWKdWGdyzlG/p2tv4OtiYatO9Adnq11pxxVRJmF5yEzh2XUcEaH4w5f1tEe5/PK5GqFwXdGFAbpn12PZfE2LrU1XOqe676/aQ9vu0O4fw9vVXeJM+ge7veHsL8T35Otwx4+GBDfc50YPSK2HsBzbUaXnBYnHZffPHdgfut3v38YfnM0TrN7bia2HpFPsomExLsMo7RcoSN80tqTvGFdCxkj+tG3HS2bnJvMODq62BrYcZSH6fc82G7W8XXHpWPdJfB1J2syKwFenHTOpmB8IyFvJRxkas71LhbyNvpNumPC9XEESJNI7o+VSO73pfXYnQIkEn26PM9bESDHfFcB6rdR77tTJUgt4RrrJqLffQPAeHCQyJmbQ+IqhHUciPXAxag5JPXDK3YV7laFy3XfUbjkzqiFzmXQsUR/UIcYTvzC6TYqF+ubRcsj74iWHPuuCbs1IdYkBuGx4t+meZ4n9cFQGP6A2GtK3wWTGbEux0tqRu+k7CRRBndmaUdPkSCO999zLm8JB9zSZFdiIOBYvTvIcMKE3Vl22TmIcZDPxDtWbhIfv51sQT+gTE5vM8haKhPbh5MdsKxdREJ2NuRBE2oIiOYT3b2yyy/8Rje1znyJMTY13J0GaDz4iF8mg/NweWMFT39iMY0ZeGU1K7X5hVXCAZypQwcGwhpH/EYAVhy4UQHW5ZTJPE9HAHx6htmtYnhSRtvFMNR9zURi6EoXD7MMXHZyHzh3DI9f4x41+ZZ0WzQWWDSGLlG9J9OT5SrxDy7QmkSTfHYjqJ6URX8xVLu3T6f6REY7y4aBGfDbnj5sjHyHDDSZVjeKoTar53Jp8f2O/Q1mwRMR9G2ksY2VBS8H18iUXV0Cbl9iU7I376IkbIcxLwGTbmPTFielLoDDvxLQzrdl35shLNZJfQtwJhS/9FZRdeQH7d4F1f4LFR8s8Ckva8iLG2df1jBVXcqN8FFCov25Q/f07eOJk+OFr/u/y3qDdoirwmFfKOuH/qy/wMsj1vVnju3Z/w==</diagram><diagram id="e385e576-ca63-0be9-d894-d514f8382326" name="Page-2">7Vxtk5s2EP41+ng3BiEQH/Fb+iGZyTSdafuRs3WYFiMXcHyXX19JSOZFwmffAb1ryCQTEEKIffZZ7a4WA7jYP33KwsPuC92SBNiz7ROAS2DblmO77D/e8ly2eP6sbIiyeCs7VQ3f4h9ENqpux3hL8kbHgtKkiA/Nxg1NU7IpGm1hltFTs9sjTZpPPYQR0Rq+bcJEb/093ha7shXbXtX+C4mjnXqy5frllYdw83eU0WMqnwds+Cj+lJf3oRpLvmi+C7f0VGuCKwAXGaVFebR/WpCEy1aJrbxv3XH1PO+MpMU1N9hyGsWzenWyZZKQpzQrdjSiaZisqta5eD3CB5ixs12xT9ihxQ7ZM7PnP3j7PVKnf8puf5GieJZAh8eCsqZq9M+UHuQY5Xz4JBpvlNNjtpFNjlSIMIuIfElff2/rLE2mpYTuCZsM65KRJCzi783RQ6ku0blfJTJ2IKVmlqDnXBQhSR7o6UbpNWRXifIryWI2PZLJPjmTQBFwbWcNKU2JalvHfLZynK3qsUnCPI83ZaPsYt2ATF5k9G+yoAnNxGvCmfjDrjzStJADWI48r/Vbr2W/Dmw11F6E24MjgSuf/T1MjnJQsPKA74P5HKwQmC+Bj8DKB4EF5kjTgybUp11ckG+HULzXidnNJvyPDJGa0KTVuCR2OTeSFeTpskB1SckboCTOszK/uDw/VUbPnklTtasZPGf2dtkiXba2mxT8lQ9hyo4jfgxWLvBdMPelvAOGwBrMF8APKsGzA7+85HFkfCjuWgHsqCEfsvqAgQOCJR/QXwDsVgPKzmzmjSkYp4UADoC/BisMMOQz05/UNVxLTRh8RVMXMpLHP8IH0YEjfaBxWghRozlAS9bCiZpLyvHTJI5SdpyQRz4U14mYrWaBbC44ifn8N3Ea/SYYfaeIqgyVZSBy/xqmHIOaglnWQArmG8jrgDkW5PU4c/GiUp02Kvkp3idhqpvs85LNTyJuVOXxhu65eZW2udNYdvB8ADb78Do2n70Rk7Tl035lblaYRkw61fgKpNr4nml42Bw9TNgaloYFmXO55hqk5xe7CmWlPW2YVyDwODnZATcejPQzgNes4x37J+yDuMYUgVmDuTAmjMcBFjcvAV6+S3PumxVAsUsHxAg46oFdlvUquSMQCDvO7ecaYMHEOZSU5LZ7/QHl7o0pd9sgd8SXMYyEeJXc2/otzF15wIT8IeVsjarg0CDo0uNwa3q9FkJnInaEiKFqxAIJAQB3W1ZvE3cfwhtVSz2D8Nia6wktFWYCly60JVzomhXuwZfuYS31mmup4+ieseUOJDyVTJhCypYnemvoaElB1mNHF5tx7z12tEz+p3H5m/NAhR8seKhTrp2+9ZHjyhZ7kNLoMdiDp4TMsAkZ29ZZhcfKyKiHN1hVpgiEd8nIVPo4nTx7pyuMC0dcYVRI1nfeVyfKtcpMnuLiPAQ7rkboUNKGnZ9dLfyrFVLe+pWnXirQ2jE2VKipIcppybsqQLSB2v6F1xqnJJc2DrMd4XOtm8wMdc+3lX6R0+2alW2eVaVV5fNfG6vjybEZ2DQjg2key+ExZXSZaWbREpsCO8AWCNbv1v5iC43oo7gTEYYlgmcgAhqLCKbg95wPECkavnshdh1KavBcgqf6lNnJJc8l8Ow0+ztTnf3/UVDgOXp6ejiHB783h+cat0aVPtSUWEWVvbs6t3oWVsuzwJc9i1Z35Du9ehb2Zc/iRnyvdlov6MEr8VXxzfCubHtnDvfjySK/td3Tkyf7Nn1zXdirvkFVv/Oh9A0a9O1c0jS0vt2pW1qQ9K0orQDtBT1prUluvwEPtPpUk7GWHZOaoHey7LwFXezMekXXvYzuz+jFd6jXC946MnjrqGM3q3dv3fUmFAdD0bVHQhHpMdcpj03lX6IECM9q1WOmfUm5jY54/BXowUMpS1UbbDcVId+FB95v/xTx8uj7x4SeNjuG6/3+mBTx3ZZujnshSWOc9opyo654jj1/G5MqsJZKNkCdl+N4TctsKCW0LLk1U4/u3B6iO6RvtX1l6sWmPqdPyziMUpoTky4gXufjI6kUQWDQhQ+KfBviQSN7V+XOzlV+hlyaZw0DvnvZFf8Z7bfaTFEbKy9GCS/to5vWZ2+s9dl+Hbllyzb+fhvfL5Tx1sea7MLtdgGaUn6D2QVD/ZaEkguhgZ77z5GqC3dlXXXAOjjO4am6qKC/v7+v6UQ51vss7e53iXeh0wq+dDSRIX8L+wATa2CutnHxiTHjYF7Yr6+zMTD+Y3J7PG8Pqjr+c4GPM563p+oYW/uMwZpDzfdQLFHYr+2hGNTkrBSOKBzRd+Um5FvII8VmlTEzlK2oTHLvwOuegIA5ALg8WIgl3eVf5nDueyBwRWW52IHmu2gv4v1+DPbl/dC3YWg3DblnmWI105ccfYCoL8ufaRSnZnq2PrWb6HmjYfZHZKerARszX2pLHsKsIw/T9a3IhPJtKNtQ98QGg3lKlw5buqIMb+ODZ9esD/1/za772XKxDKD0rfgncpPfdCtlLbXudX8Ii5HO2D6+g1Ub9BNjh2KsoY5jNMZiPRrakXBLjGuu/vnaxNvbllqIxvOosD0Rd1jiGiod8MysD/0Ttzs/WcszbzISFqSR52olom/6+mXKdb3ZArgGZ3uwXBeevO1hTQA2fDHhjWYCun8Dp8bwnIkwTqOufSjDNpdWa/6/2sL676hvSnYOR31DKKaD/SmhD2HyheQ5/0m761VE+y5nUpFeVASr8L2uIrAfFWGn1S8DlvWK1c8vwtW/</diagram><diagram id="2b856191-8888-340e-5a40-8b1c0c8d52f5" name="Page-3">7VxZc6NGEP41U3naLWA4H0FH8pBUpbKpSvKIJSyRRUJBeG3vr0/3HELAIGObQ17k2qqFYWhm+uvu6e7pEaGz3dPPWXjY/pauo4QY2vqJ0DkxDN00bPgPW555i+NpvGGTxWvRqWj4En+PRKPs9hCvo2OpY56mSR4fyo2rdL+PVnmpLcyy9LHc7T5Nyl89hJuo1vBlFSb11r/idb7lra7hFO2/RPFmK7+s2x5/cheuvm6y9GEvvkcMes/++ONdKGmJiR634Tp9PGuiC0JnWZrm/Gr3NIsS5K1kG39v2fD0NO4s2udtXjDEMPJnOfVoDZwQt2mWb9NNug+TRdEasOlFSECDu22+S+BSh0v4Zvb8N7Z/tuTtP6Lbv1GePwugw4c8haaC+q9pehA0+HhwEKUZHdOHbCWaTCEQYbaJxCS9+rz1EzdBSqN0F8FgoEsWJWEefytTD4W4bE79CpbBheCamoP0Igf36b4ly0oMY/xbh8ctewc7HmG6uY+iXVBlbcsYhybeX1d6QMvZ87YYHPMs/RrN0iTN2Iyoxv7ejI4zHjpiNN/C5EEQJQuHeB4JArKwSDAnnkUWHvF1Elg1JMuwPW7jPPpyCNlMH8HwlaEUX4qyPHoiTdrYMG/xAhVy/CytocvvHwsbZGjCcmzP7I+pvZ9TVp1Thp3kKIfxN7jc5GyOvOl4CPentoVNPJsEnmCoDyxekmBGPL/gLFx4/JGDrPcoe2tBXFOSvMvOCfom8edI0JsR1y4Iis4wmdIQlMOyiOsTb0kWLnEpjuzyy9BcmmlFFgDVvAx4Fh3j7+Ed64DycUjjfc4QsAJizaEFlezI9Q1fCJN4s4frJLpHUigqMaw5vmjOUQFxDqt4v/mTaeMnE1ru030u7Yku7wVVsxvBs8yS4ElhOJM7XSV3tAO5s2/2s2Q/nbr9dMezn47CfhrEtUCVPwN5janxHPULNRz+aUzvXFRgbhf8eR3gJAFHLnrZpJZhP/lKeLNJwuNRXK/SXbySnRp5fw9AnrULt6wbu61XDTetK5ChUCCrAwVyL0BkMIhcEoA5tREQQCZwSkugCwbZx48VjQxJtLrQeYkdEMkZmtLrRnKThesYIJPPhBJ3ALDptACY9gSwpwDYJIHLsHLQgXFnxQJbhej4GO+SUGFFPxwIVe/Iq2Og9I5OwZYKBPG1PyCKDPcbYFpBX3pVZ/QdFXlaph4meZTtwzwKkN3HGtKnibUCX0bEVfQXxHeYgi6Y5wV2ViMuKKj2SVpl9gzkAyxxwDwxMNK+y14Gg123yt07u54aTulk1NmrhK8LFdL1N3ERbChzadFMgiFk6hZQoXfoxtYt4tBcdIbkoqHgooUrBaw2yCzJxarsMQvFL4BlV8A1fVDho0q2IW9MxhvKZI4FKshCxjkMpBbj82lQ8VIF69yT0YSzyVxL9EyAQTrTQxvFCbQUebdUrX9TcVGqPqgxpA+q13Mn51FclNylj69MIf4o8ZyuCOgobY1u5xGdfjngbg/Vx4ajS9aLV3/H/E+hkEYlZrC0iqPIJUK89T4nURWmQ2TgsIWZ+Tkuz3fqLN955hReR+KzwirTrCc+dbsv2+XebFeTsnh122VaI9ouVSisdNIDzCzjxQxzUNzD9/SrFXhL7h8OIfCGKqSUGSOwUXa4wwnv746Hxty6jWmkQCbZfVWs1JRtv/lnYnkY0D8zFPHvlL0AOf2SYRvRKZPjKakk31ZjqgWaxsPnRlN3pYbNNoY0bJf34t9czVBfztsKafQU5ycScF1QaLP6at0LZIOrWkmtUuqWSfBh1VzVGqGqH+dU6DS4vGAQwuezbmIntXm8FVMqhts0KkM9qkKq+Pff6n3LIoObA1m3s5bCzo64namqckBfhm2M4faYjlmkazWmriql05sx7SpP8ANKtSKlY9ojSrUq/D/lklleHmtxWA0Nl3Pc5nBkH+UmPu/sXa0uOOaQunA5RTCCY9HGfZCFs2dSKmOQzl2K167g1WDIvbyCV7pbntntCu51iW9r5/CCHLwRXxlH9O8yUjWA7/UYLa9dknRYebOtbuVNVop8LHmjCnkbLJv+Sb4iIbH7EZRKIPSCnFTWJLvbwILqXYrJUMuOSkx6yBkPjq5rdIzu5RTc9CpfqUJy6Ii7DVRVtyHrEfBBqz22GsYTyXfXckG6Yk+vr3w3vZySeUm3Pqj+KJItdMSzN1SVbJH6Qxv1R1T4NMWdU9EfUx9Tf26nMiq6pariGTGRSZsPZmifTSJq5ZZYrYo5HRMTPXgOaomF/PiIHXybqm5Z1pi61XxgAzUEoWPV/WgNXdztC+aHMF9tJ4uW7Y2J1uXU0PQsoalIO5k9pJ1an/C9nEv5MV09s70SvXdr2C4rX49VjHJSSsNot6pLEm14QhYI3YeCX/Z/D6k8E+xzP5OdgsFk4+nZWW2T67ETyhbbA9HOKpk44dq54ZfPIhtIB+1Y+3c6mcvJwXZwVwf9aot4AdsXsvEV8APE6zPVWbL+Jz7RNa2xUmKINU2aa6WiOYSfH8OtcHlOxZ3/xBIaC4zJClGqygvr5Pq4nY4ENKQxVYBr4dugADdnrgwRHbymuGyqGLYqZusNw+bTUIYIE/hBe03s2vvmDcOXT24PWnZrNmfADPRoNFWJ+oUiT1amxH9iAXp6iqqEiaDaqn6+N1TtRlTN049iVCtsGJg+P+Pp4MLIV0jfuWF4qaKnNwwVfJ9Q/buswSwF8T3UBrWGozknRk9Hf6uH12p1mzdN4vfKOtHeNEl1JktCZwjoABz+ywDVSlv2CzMey3RCaIGxRC0snSqqpqwrHwNV631ZtQ+W9pTHNOSRjVfVRUkISrbUHM+WWperhqZcuK0smezhlE1rqIxJeyG6QnP04TQHbosf2uX56uLXjOnifw==</diagram></mxfile>