<mxfile userAgent="Mozilla/5.0 (Windows NT 10.0; Win64; x64) AppleWebKit/537.36 (KHTML, like Gecko) Chrome/61.0.3163.100 Safari/537.36" version="7.4.8" editor="www.draw.io" type="github"><diagram id="da5ba89c-7447-61ff-c7d7-abc8e196db4a" name="function">7Vzdc6M2EP9rNH26G76RHsEf14d2ptPrTNtHYhObHgYXyCXpX1+tkIxBgnAJBic4czOHFyGk/e2udlcrkLk4PH3JguP+13QbxsjQtk/IXCLD0C3Dof8B5bmkuJZVEnZZtOWNKsLX6L+QEzVOfYi2YV5rWKRpXETHOnGTJkm4KWq0IMvSx3qz+zSuv/UY7EKJ8HUTxDL1z2hb7EsqNtyK/nMY7fbizbpDyjt3webbLksfEv4+ZJj37K+8fQhEX3yi+T7Ypo9nJHOFzEWWpkV5dXhahDHwVrCtfG7dcvc07ixMij4PGByXvHgWcw+3lBX8Z5oV+3SXJkG8qqg+m18IPWj01744xPRSp5f0pdnzX0D/bIuff/Nm/4RF8cyRDh6KlJKq3n9J0yPvQ54Bn1SePmQbPkY+6iLIdqFoxRGA4Z89x6f9JUwPIR0NbZCFcVBE3+tIB1xgdqd2FdPoBeebmocYd/IwSZOeTKuxjHFwG+R79gw0zOl0Cw+ku+qV0dYRjI0/v220oJSz+31RyIss/RYu0jjN2IxMjf29BR93Knz4YL4H8QPvFK1cRAjyfbSykb9ExEYrgjwd+bYEZR23x31UhF+PAZvoIzV+dSxbmfM9zIrwqXPe/K7J5fhZWEQuXY+VHTI0bj32ZzbI0t7OKd2RWWU4cQGSGH2nl7uCTbIk5ccgOdFWDiIO8gnnqEd5vEb+AhGvYi29IOUtF3hPTPbUCmFLdHmXnXfoWchbQodkgbBTdcgb09nUhqAclo2wh8garTDCJoys+2FKrs20IQwUw6KOeBbm0X/BHWsAAnJMo6RgENg+speUAmqWlxoHDwRxtEvodRzeQ1cgGBFdeDxOLkAFYQ6bKNn9wfTxk0Up92lSCIuii9+8V2sYybOtmuQZtiR4ukrwzAEED5ObCW2YUGEvazYUT2VDxWhqRtRA2Kbq/Jn2rzFVXoKOgZbTfxrTPQxKXNoGbyljHMfUowtftqt15E9OE/zYxUGe8+tNeog2olEr++8plmd07p8NY7z1pvU2ZSUyFEpkD2G9cQdGBsMII5/aVAcQodD4bm0hxNQqe/C2isigBNNLG6+hAUC5AHt63VDusmAbURjFPa7IAyBsuT0QNi+FMFEgbCEfM7Bc8GPwolpmmxjlj9EhDhSm9N2h0HSSiAyC0kk6xV0qFPjbfqcBZZDsKNOq/oVzdda/q+rerPcexEWYJUER+sDuXIL6NLFe6Ntq8FfIc5mCrpj7RQ2thjBVUO2TMMvsHhUPaop95o5RK+1h9jC12LJZfqvLS3rDKVwNmb1K+IbQIbNFh15gIzWizLEFO0ktIVM33+R6B86sbBJHZ6M7IhstQ8FGG9YKut4AtwQbm9LHTFR5QXl2DWzTxxQ/y1TyDZhjMeaYTOpYwAI8ZKyDgGp1BYwaU8DMdo9T4x4n8y/BO6Ec0pkqOiBQVFGBeWvVEjgXN6XpiBqjOqK6LjP+LJwL47v08QcTih8nsLN4kuU8sHM5bYLATlcoyauweu94DMd7/uhvkAqqVNJoRA621vAWS4HgT73JU7QUeTwID1y2ODNnB5e5T53lPs9cw+tIgjZYZVlyElR3Lma95PnfrJfQFsHhc+tFtKmslxhN05uSXXUfssxwsYBcVOnnE/1qJd4WG4pjSLytK7goEkfUSDnBASac3OXH1jy7A9kkXyTcPVXE1JZ5v7lofH0Y1UVTbfXM2g+wTdmyYXMyy6aKE8s9NqZbVNXKILrV1l2pZXOMMS2b0ynUry5vkNfzvkIaPkXFqQt6XfXQT0iHlscWX7WRYDVNXO+iHJPkq0odNR05t9FPi89L7UHwfNaM76q2j7dhSvlw20ZlqEdVCVX5/te637reXREycw8Sy3aWGJPZWdWmGTWybIMMtsl0yCRdqzHFqrTO5QIj9ybW7WJNFGKtTybWql2OU0aZpeehModV1JSCDtsdrmij3M4vG5OrVQbXGlEZRHx2PZ5FLyk1FVJqDx6+v2oNb4ZDuHsNbzS3iTXoGu52p7B/EN/e3mGHHLwe38GDGDUiphrAt/qMNumXJx1X3hx7YHnrDr+vVd4sRdAs1p5Ly9sn8YiAxLmMoDRCoRfkpLEmOcOGFiJH9M6WHaWYDF7MODq62Bg4cBSb6bc62JPouKrt0snOEriqnTVRlQA3eu2zSRjPJOUtpYN0xb7exVLeWrdL95JyvVsFUhSSu5MVkrtdZT1mqwLxQp+2yHMuCmTpkypQt486y9VJkcx0B/d/eytX+wkA7bOFeM3cGgpXIa1jQa4HDkatoagfbrGjcHNVLtueULmE0Cihsxl0rNAfzCGGHT9/eQyKzX62aDlkQrTEu2+W8GQJsaIwCE+W/9b1t0VS7x2Fi28QO3Xtu2AxI1bVeAnL6PSqTuI0ODNLO7oPOLecfx9ScUrYKz1NdiQGEo6ne2cVTpiwM8s22wfRzuqZyo6lk8Qvn042oB8wJv2fGWQuJxfbhZ0d8KxtRHy2N+TAI9QR4I8vVOfKLj/xmS5qrfUSYyxqwlorFc1F5WEy2A8XJ1bw8ieW01hBVFaJUlNeWCPswZ46dKAhrAjEZwKwFMCNCrCqpkzUeVoc4P4VZnPFsFdF28UwVH3NRGBoixAPswpctnPvWTcMXz7GPWrxLWn3aAzwaDRVoXpHpSerVSo/uEBbEkXx2UxQ7VVFfzFU25dP6/SJjGaVDQPTK097urAwliukp6i0mimGyqqey5XFdwf2H78KXlRi1srYJquCF6NR6JR5OgTcPMQmVW/eVIn7DmMeAibtzqbJd0ptAKf8SkCz3pZ9b4awXCeNLSCYkOLSuaJqiQ/aTYJq94GKD5b4FIc1xMGNHz2socu2VPjcU6REu2uH5l2+rSycnDB93f1d1o/vh9gyHOZYVT/0Z/UF3jJjXX3m2Fz9Dw==</diagram><diagram id="e385e576-ca63-0be9-d894-d514f8382326" name="component">7Vzdc5s4EP9r9JiM+RaP+Cv30M50rjdzd4/EKJgWIx/g2Olff5KQzIeEixPZTlo67VQIsYj97a52VysDa7Y5POThdv0ZRygF5iQ6AGsOTNOwTZf8R3teqh7PtquOOE8iPqju+Jr8QLxzwnt3SYSK1sAS47RMtu3OFc4ytCpbfWGe43172BNO22/dhjGSOr6uwlTu/TuJynXVC02v7v8DJfFavNlw/erOY7j6Hud4l/H3AdN6Yn+q25tQ0OIfWqzDCO8bXdYCWLMc47JqbQ4zlFLeCrZVzy177h7nnaOsHPKAyadRvohPRxHhBL/EebnGMc7CdFH3TtnnIUpgQq7W5SYlTYM0yTvzl39o/70jLv/lw76hsnzhQIe7EpOumvonjLechvwB/JsKvMtXfI5cmMowjxEfxflPZ994jH/0A8IbRCZDBuQoDcvkuY1zyMUlPo6rWUYanGtqDnr2SRai9BHvz+Rei3c1K7+gPCHTQzkfU5DvLwMq7aQjwxkSfcuEzpbTicSIVRoWRbKqOvkQ4wxkijLH39EMpzhnn2lN2B9y5wlnJSdg2Py6MW655ONei61n3QpcPpnnMN1xomDhAd8H0ylYOGA6B74DFj4IDDB1JDloQ71fJyX6ug3Zh+6J3WzD/0QQaTCNW41TbO9l5zPKS3Q4ySl+1+Jq8yLML6yu97XRMyfcVK0bBs+evJ23jsxb001L+snbMCPtmLbBwgW+C6Y+53dAEFiC6Qz4Qc140vCrWx5FxrfYUwsAbUHyMW8SDGwQzClBfwagWxPkg8nMW1NQTssBMAD+EiwggBadmfymPnIdMSFYlW1ZyFGR/Agf2QCK9BYnWclY7UyBMyc9VFELrnL0Mk3ijLRT9ERJUQFIyGoW8O6SKjGd/yrJ4r+YRt8JRRWGylAosn4JE45BQ8AM40IC5iuU1wZTyJTXo5oLZ7XodFEp9skmDTPZZB+XbHoRU6PK2yu8oeaV2+ZeY9mj5xfQZt8aps1Hb0TFbf62P4mbFWYx4U5NX4DUoO+pyFtt6mFK1rAsLNGU8rWQID1+2CCUhfR0YV6AwKPKSRrUeBClnwC4JAPvyD9mH9g9IgjEGkyZMSF6HED28BzA+e3NuT9YAIR2yYAoAXc0aJdhvIrvDgiYHaf2cwkg08SpxVWS2u7lB+S7d02+mwq+O3QZgw5jr+B7V76ZuasahMkfks/GVQXcUjC68jjchlwvGdMJi23GYkt0QoYEA4C6LYu3sVsH864qpZ6CeWTN9ZiUMjMBKxfaYC50wwpr8KU1rKVeey21bdkzNtwLMU8kE8aQ8ueeaDN0NDjfmrGjy3G7fuxoqPxP5fI3pYEKbcxoqFOtnb7xkePKjvY4QqKvoT1wTMhoTciYpqxV8GYZGTGbllZVKQLmXRJlqnycXj17pyuMa11xhREhme68r6woQ4UZHZLySIK0awrDTP9Et0DyR7/Q1EsNWjfGtgRqgkQ1Kf5UDYhEqOtfeB06lbZJdIjtCF8aw3hmqH++nfQLn27frEz1rGqpqt7/2lgdjo6NXtPsKEzzzRweVUaXmGYSLZE5kQY0QLB8t/YXGs4VfRR3VAStiuApFMG5mSKogt9jPoClaOjuBdt1qFSD5hI8MabKTs5pLoFmp8nfiRjs/0JBgWfL6enLOTzwvTk8w9waUfzQkGsRV2p2dc71LIyOZwFPexad4Y5va/UszNOexZn4DnZaT8jBq/EVEc6lXdnuzhzU48k6fme7R5Mn+zZ5c11Lq7xZon7ng8mbpZA37zrydice6UCiW1A6AdpP5KSzJrl6Ax7L0Ckm11t2VGKi3Z26OrrQnmhF1z2N7u/oxQ8SL0fhrTs3K+BzvRFFXSi62n2XwdVkcsy1LxJV+RcrAYKTRvWYal+Sb6M7NP4K5OCh4qWoDTbbglCswy0dtznEtDz6/inF+9Wa4Hq/2aVlchfh1W7DWKuM015RbtQXz5H3RwmqA2suZBeo87Lt7oapIroz+NZMM7pzNUR3wng0wP9CxIt8zRQf5kkYZ7hAKllwaJ2P73ChCAKFLHxQ5LsQXzSyd8V2vwB/IpcaGJ5xGfDd067472i/xWaK2Fg5N0pQrc/ao4TB+JqvU27eEyXP5+n7iTLeJq3RLrzCLniKPc6L2QVF/RaHkjKhhZ773w6LG3dVXXVABtj29lDfFNDf3983ZKKi9T5Lu/Uu8a7lttB0DBlNR5G/tXSACSUwF1FSPhDN2KoX9uF1NgqN/5i6fT1vzzI7ouDa1/P2RB1jZ58xWFKo6R6KwQr7pT0UhZgchcJmhSPyrtyIfAd5R2izyJgpylZEJlk78LInwGAOAKwaM7aku/RkDtV9DwQuqyxnO9B0F+2neL8fg332fugZGIpzbQJDhSFXnso5dU5kMIjysvwJx0mmVs/OUbtRPc80zP4VtdOVgE2ILxWhxzDvycP0nRUZUT4PZdOSky0Xg3lMl2otXRF2tnXgmcN7g9Pssp/NF8vA4r4VPSI3+k3nqqwh1r3+g7CiYEn3OVixQT9qrCaNVRRt3E5joRwNrVEYIeWaKx9fG/X2vKXWcq7nUUFzVFytiqsoa4DaDw4MRrc/P9nIM69yFJaolefqJKLPOv0y5rrebAFchbN9sVwXHL1trSYAKk5MeLczAf2/gdPQ8IKwMMnivn0oxTaXVGv+S21h3U71VcnOy6m+IhSTwX5I8WOYfkZFQX/SbriISOdyRhHRIiLQUJQ+WHpEhFzWvwxY1SvWP79oLf4H</diagram><diagram id="2b856191-8888-340e-5a40-8b1c0c8d52f5" name="Page-3">7VxZk6M2EP41qjztFiDOR/CxeUiqUtlUJXlkbMZmFxsHM9f++nTrMAYEw8xgmFk8tVULQjRSf92t7lbLhM52j1+y8LD9PV1HCTG09SOhc2IYumnY8B+2PPEWxzR5wyaL16JT0fA1/hGJRk203sXr6FjqmKdpkseHcuMq3e+jVV5qC7MsfSh3u02T8lcP4SaqNXxdhUm99e94nW95q2s4RfuvUbzZyi/rtsef3ISr75ssvduL7xGD3rI//ngXSlpiosdtuE4fzprogtBZlqY5v9o9zqIEeSvZxt9bNjw9jTuL9nmXFwwxjPxJTj1aAyfEbZrl23ST7sNkUbQGbHoREtDgbpvvErjU4RK+mT39g+2fLXn7r+j2LcrzJwF0eJen0FRQ/y1ND4JGfQJiTsf0LluJMQphysNsE4legv84+rPXxKS/ROkugsFAhyxKwjy+L+McCnHZnPoVLIMLwTU1B2krB/fpviPLSgxj/FuHxy17BzseYbK5j6JdUGVtyxiHJt5fV3pAy9nzrhgc8yz9Hs3SJM3YjKjG/t6AjjMWOmIs92FyJ4iShUM8jwQBWVgkmBPPIguP+DoJrBqSZdgetnEefT2EbJ4PYPjKUDby5j7K8uixdd7iKRVS/CStocvvHwobZGjCcmzP7I+pvZ1TVp1Thp3kKIfxPVxucjZH3nQ8hPtT28Imnk0CTzDUBxYvSTAjnl9wFi48/shB1nuUvbUgrilJ3mTnBH2T+HMk6M2IaxcERWeYTGkIymFZxPWJtyQLl7gUR9b+MjSXZlqRBYAwLwOeRcf4R3jDOqB8HNJ4nzMErIBYc2hBJTtyfcMXwiTe7OE6iW6RFMpFDGuOL5pzVECcwyreb/5i2vjJhJbbdJ9Le6LLe0HV7EfwLLMkeFIYzuROV8kd7UHu7Kv9rNhPp24/3bHsp6OwnwZxLVDlz0BeY2o8R/1CDYd/GtM7FxWY2wV/Xgc4ScCRi543qWXYT74S3myS8HgU16t0F69kp0be3wKQZ+3CLevHbutVw03rCmQoFMjqQYHcFogMBpFLAjCnNgICyAROaQl0wSD7+LGikSGJVhc6L7EDIjlDU/q+kdxk4ToGFOUzocQ9AGw6HQCmFwLYUwBsksBlWDnowLizYoGtQnR8iHdJqLCiHw6Eqnfk1TFQekenYEsFgvjanxBFhvsNMK2gL72qM/qOijwtUw+TPMr2YR4FyO5jDenTxDqBLyPiKvoL4jtMQRfM8wI7qxEXFFT7JK0yewbyAZY4YJ4YGGnfZS+Dwa5b5Tc6u15nOKWTUWevEr4+VEjXX8VFsKHMpUUzCYaQqVtAhd6hG1u3iENz0RmSi4aCixauFLDaILMkF6uyxywUvwCWvQOu6YMKH1WyDXljMt5QJnMsUEEWMs5hILUYn0+DipcqWOeejCacTeZaomcCDNKZHtooTqClyLulav2biotS9UGNIX1QvZ47OY/iouQmfXhhCvHnied0RUBHBTjDR3R6e8DdHaqPDkd/rBev/oH5n0IhjUrMYGkVR5HLg3jrbU6iKkyHyMBhCzPzc1ye79RZvvPMKXwfic8Kq0yznvjU7UvZLvdqu5qVxavbLtMazXapQmGlkx5gZhkvZpiD4h6+p79bgbfk/uEQAm+oQkqZMQIbZYc7nPD+5nhozK3bmEYKZJLdV8VKTdn2q38mlocB/TNDEf9O2wuQDCgZttGcMjmakkrybTWmWqBpPHxuNHXv1LDZxpCGrX0v/tXVDPXlvKuQRo9xfiIB1wWFbquv1rdANriqldQqpW6ZBB9UzVWtEar6cU6FToPLCwYhfDrrJnZSm8dbMaViuE2jMtSjKqSKf/+13rcsMrg6kCo7ayns7GjbmaoqB/Rl2MYYbo/pmEV6r8bUVaV0LmZM+8oT/JRSrUjpmPZoUq0K/0+5ZJaXx1ocVkPD5Ry3ORzZR7mJzzt771YXHHNIXWhPEYzgWHRzH2Tp7JmUyiikZ5fipSt4NRhy21fwSnfLM/tdwb0+8e3sHLbIwavxlZHEpV1GqgbwrR6j5XVLkg4rb7bVr7zJSpGPJm9UIW8DZdM/yVckJPZlBKUSCD0jJ5U1ye43sKB6n2Iy3LKjEpPec8aDo+saPaPbnoKbYuUrVUgOHW23garqNmQ9Aj7otMdWw3gi+e5aLkhX7OldKt9N21Myz+nWh9UfRbKFjnb2hqqSLVJ/aKP+iAqfprhzKvpj6mPqz/VURk23VFU8oyUyafPBDO2zSUSt3BKrVTGnY2KiB89BLbGQHx+xg29T1S3LGlO3mg9soIYgdKy6H62hi7t9wfwQ5qvtZNGyvTHRak8NTdESmoq0k9l72qnzCd/2XMrP6upJEC6+NWyXle+CVYxySkrDaHeqSxJteEIWCN2Gglv2f3epPBPscz+TnYLBZOPp2Vltk+uxE8oW2wPRziqZOOHaueHnzyIbSAftWPd3epnLycF2cFcH/WqLeAHbF7LxFfADxOsz1Vmyy098omtaY6XEEGuaNNZKRXMIPz+GW+HynIo7/4UlNBYYkxWiVJUX1sn1cTsdCWhIY6oA18K3QQFuzlwZIjp4SXHZVDHsVMx2MQybT0MZIkzgB+01sWvvm1cMnz+5PWjZrdmcATPQo9FUJeotRZ6sTIn/xAL09BRVCRNBtVP9/MVQtRtRNU8/ilGtsGFg+vyMp4MLI18hfeeKYVtFz8UwVPB9UvXvsgazFMT3XhvUGY7mnBg9Hf2tHl6r1W1eNYnfK+tEL6ZJqjNZEjpDQAfg8F8GqFbasl+Y8VimE0ILjCVqYelUUTVlXfkYqFpvy6p9sLSnPKYhj2y8sC5KglCypeZYttRqrxqaduG2smSy91M2naEyJu6F6ArN0YfSHLgtfmiX56uLXzOmi/8B</diagram><diagram id="adf3c762-3009-495e-12c1-77959e10490f" name="data-flow">7V1Lk6M4Ev41XCaiHbwkxBFX2b2H6YiOnY3Y3SNlUzYzlPFi6jW/fiUh8ZCEDbbAdjV16MZCCEmZ+eVDKWE4Dy8f37Nwv/2RrqPEsM31h+E8GrZtuTbE/5GSz6LEc92iYJPFa1apKvgj/jtihSYrfY3X0aFRMU/TJI/3zcJVuttFq7xRFmZZ+t6s9pwmzbfuw00kFfyxChO59N/xOt8Wpcj2qvJ/RPFmy99sQb+48xSu/tpk6euOvc+wnWf6V9x+CXlbbKCHbbhO32tFzsJwHrI0zYurl4+HKCFzy6eteG7Zcrfsdxbt8i4P2Kwb+ScferTGM8F+plm+TTfpLkwWVemcDi8iDZj41zZ/SfClhS/xO7PP/5DyGeA//8uq/Rnl+ScjdPiap7ioav33NN2zNuQBsDEd0tdsxfrImCkPs03EajGGI72vPcYG/T1KXyLcGVwhi5Iwj9+adA4Zu2zKetWU4Qs2a+oZdI7OYJQ8pe89J68xddVM/oyyGPcuylidAx5+HhBmxwW7dBfxsmVMOsvaWfMaqyQ8HOJVUciqWD0Ic8iz9K/oIU3SjA7TMekfvvOc7nLWgOWy37V6yyWrdy5pHXAt2rLOvIXJK2vUWHiG7xvzubEAxvzR8IGx8I3AMuZA4oMmqd+3cR79sQ/pQN8xbDbJ/4wpUps0BhrHpr11Ot+iLI8+js4Uu+sw1Prk6IuK3+8V5tkmQ6ptDe9c8/K5BdLc/vYb/m0skDFfkjleQMNHRrAkM43wZHvGwqVT7lAiBAZyaR18yyQX6NEIFuQCkwJZ5CnfNHw8AQ/0Qd/wl7U28cWDgUxSLXDJs6Tk0UB2rXFA6hSN+5C0YMMEz8D8KcNXm5zSoCghLE/VEScT/N9rWlRwkP3kQFgvYs/iF2E+woPFQ0aYp2zeGp66okFe0SUVA4dUxKwWIPrEgk4JHuuS9I5MAKIXiAwLTxjpNW7e5d3H41gaczzohy69fkaraLVq6XVgBPY5vca9oN0kNHbPnlAsGLa6a1QwCeX6dw2XIMIJeHiBR/mB3kIP7BYeM24eOYQDGfP4ksRjscubYp1Fh/jv8IlWIEK7T+NdTqUGzA3wiEsI5h4YepKfSbzZ4eskeiZNEVmOsV0SsOKc4PH8gGEk3m3+RcH5G8dcrnMsBSYPARYyVngKrAAasAIqcLigCuVHDAGETj4R4EC2aA7v8UsS7mTtWxpf5MeG6Ed2vUpfiKZkarZV77VA9gBz7TvdgLm0K1Wzzd72T2wwh7sNnp2qfVcmpoqW3NjhrYcJNkd2YR7NybweJJKWA+tEZU9N5QURSIIYC4IYWPYCk2CebX6j6oIiOr5HBNetxJTJ9CMR5asrZtiZ/p+cuN3orUO40FnTjtUmNYAKBYQKveAwgcT/YmV7f9PujTjtvmLa8VxCqroBMWXmvoq7KdYVF3iO73KarTHZm+upxkQXJjussfWSWYJzavdhAGGFiFKCEmBODcyLplvH5I3JpJalmDyscD3KpRQlUOEKWdQVqmGwBp9IgyL1morUdWUPx4JDTd7x4MqvGBpopWg9BGAxK6MRA2BzOX4MgPdGAGqF9itcD4/4WIUfhqUD+593HB8QpMfzwIjS407SozOwZgFZqtzrSZUc/qnFKQANjARH5exGNQziKx2jyAg8KiNnh+9lQenKzNFHnJdN4OuqhU5M6unmR/boTxJ2qWgm+teOg5pNFH1iT1X0kBry0Mz1TICQ7QDbdzlmcWsD367dtLzmSwpJlF6CcSX8rFVjIaP2wTTHYrOxtHVZqI77KHBc8f5znXg+yAm2NcE2UsD21RZELFWwoIzqQhJ3J8H1G8Vmy+RNjALOcnx4koQLJIEHDRqS4F5LEmxVWKEMFtD4jR/wFRfEAw0er2Py9SaHxq19slbFKvtfyGPwXX88gSuZ5masoU58rQB47nNqtoP6WhaWYFmg45aFUB2ZpkC9yywL+3g4pSd5Oxu0R9jgbPJq199qgjhq+vW3cpvtAF9YBtJkyF7IbiwFSxu7HU/suVV2sxRakuuqofntG3+EkQTCYRhFcN5O8ImgkTxXL5scD1PdqtJRsQk37q+sdS6hrmW6UC95ZSPsVzfiO/EXj+Q0YEg7f3W2DI/HySYq9qCio12ZdKainCDyfogVOWRFbhBJ7uOOlHLNki2xA+J+BUjikGIuefq33WSEwzbck3ovHxuSAT97TtL31RbTdfbymuTxt3W6en2hU6t0087IQ2pz5/D713FU+dWMyQZIAJMWUxGzyOvOHQ+B1p07qMO5kyNPPzF74dHM04/HONzs0kOk4gVAMoB8wDP8AgUv3CnlRRIP6tgDZJ4mvmcNRPwplCYSmy+08EWXDm5CQxdfaaWlZJsTPugZppojR+Q6IQQrWcdv/UCjrSHcz3pbE7j0BxcA5RynwcDFUeQ4NbPQK+rxlHNy41uRtR3gCq67/5Dz0WezWVsCusgUV04c12snAL8p89CUqQkUMWBHBzFtiZiLdZx/x5KxV1sH3RN5FBJ/n7I9nsnocM+rzCBSCPZQJqOjytyCZIESLWvbO6R1GAWblExBN47MZXdyory4EGQ2Id3n22VqlOfxaO2EV+3bg3RXl8027xCVDg0UUNn3jADSzPViD5XZgd63A9i911S70xAiMboGFOvnlgLKj21D6UxFOUXs93QT79TyKWzKnOSzLzLLidGDiae8nSvGxtQ6egqzlmhO22aUicr9qFzqxDHIPGWCac1/UcVir3fqwRSR0UpcRZbA9YjrypGUbRSuIyU6y1upJlDuB8oOGE/3usdzpCa57Zueq0pKvNoKGd/PoQhl1UKSqywK86gREhFilr12YkxhkYsRADmyczxYWMTVmtj09XFg9Zq90ZF3P55KdYiR9pTOzvRWRENkUDjg+Yx3m7ZFDMUaiZTs/KXWP64HBr5qB9lgYKDYhycT+3uSPoXJj+hwIOfmdWcRaWfIxCJaWMQy+c6/Oo84A/GIJ+fG9LAZ6W18zeObbepj5klnBq7Dw7ZE3mvrDXaM10m9AemfUdsKOUPINqpVemtmlvdF5Siw2hpEaF3xkKA7TushKOshz7tQ7ZyV0wmhsBrg6N0b4MohxbfX6KMlHwjQ04HooRXIVJ0hV6z6U2N3viRrQ5oQahVm68FwqWSWrgzazuIaIAsKS/qWwsLlIa06YHnwcsDii8v6nFwss+Xvwr41dRm4rEaFUuaoKNXA2OPwcwptfBltrhbCArriHPetg9oI2ua1EfFrYeuzecDVzgQtOkZAHHENUtPmE8B3uJev0avKwEXnnnS2tr6YsaUduYB9Nei6aMvJxAC6GOA29uA6Aqo5ui1n1TmEnuG77MBe7L2zk5eXZKGn8uRFi5gZvfssXUXEXD21PV3HUawVl1xoCmsweG0IBINXTnXzB0qV4WB1l0R8QsAFqjhLcQL1qER0LTFfwh6PiKp0xYmI5xCxaaEp11d9BRE9DUQcJ1ZmAa+uvsuQkspw/8p6vW9EDCiSaAr/ZGy9Lm55sKGl142QN0vuw3y1ra3b3gJuaNbgEkgoOKI7+IPxwB9eFLLqjBs2cibcOAc3WuMao+OGJ+AG21DXdj4C8MX6es/7Ayr/QXUiHMY7v9hHtySpJBP6nEIfb0T0UaUITOFTzSACB4p7CtvyxW10uuKerrCgozkQARXbMBXuT31nzg36QbeEKFJEQrWrVvkVGR2QogtBvuBy2qlDkm8EWGxpQcWZgWYjXU+QK4MbwqKJ9rOQhffwIJw2kLrIve+kFyutV+dy615Uo8IV6crU2hnY4xlRZdpUN66TdZ8tBOFNu5Mc9E6TEQ4Q5+/Rxr6qT2zdnY5dwycIFDzIvgt4Xavdl632wXSspyvP5VdCo1MH5/RWvv4w2CX4+WdjlyucxgG8gbBL8A88pFn1dluonLCrO3a5Tc5QHs4xGHYNmObydeFMM3Z5zjDYJeZ+nm13WU1zHjrd/I/e2AWaHUau3rOkvW5LuxN2dccu2OQM5Q66wbBryAytctcAqAu5cW7u1nUQr+smO4ElzsMvYYPDpZjWmQtUX6W+O6HWnLih1SDxvTGFuptvPFGxNxUV34AZaiGLM8y4VuU9LGXp3I1WbYtp6KGZ3c8SbaC2lsV0xZdLxBPMBCbrGsAGbb6S5gA2FNx+H+j1otFF+2K6mi7eEdvlxrd5jmS5qBJKwKWRpK4oyc9gvsucjZtSdZ6w3MQ/PzKGrlNsS5103T3oukL8tOs6ZDbTnv0z12oBaLaD3IFUnRAl8jUHjNFFtqC+cOKVMxL6bgFt3dd8nqLjicb6MydPrkCAYb63DISzDPgZYNr4VnV68eSI9tfOjtnUzmBERxSpvm+PjMA2gjmzrMiHXtlBE/QzRhP5TpAPjkc+f4xjEu/byNKbG4sUB6AWxB3DH1J/1Rz5/HiY4qvMp78b9atnnEoiqzj0fzCRVX2Q+5yPf/3quCvuTINgRCJe5NMqT+6ZcPcY7vJ0tYZ/CnSY533NaleIfEJH7xo8H2kDH27WELslVJcAQbEsNxggqD/lQk4a9/gRpGYN3vlZbhMRTxHRH4yI+GeWki+hVZJKzsH7ka4jUuP/</diagram></mxfile>